Thu Mar 13 17:52:20 2025: Running xcd server. This server was built by gradle.
Thu Mar 13 17:52:20 2025: Server was asked to start on port: '45433'
Thu Mar 13 17:52:20 2025: Server is using token UUID: 'feab3bc8-7460-4ab1-811e-10d96184d725'
Thu Mar 13 17:52:20 2025: SESSION_MGR: creating session with session uuid: '6d04a3e9-ade5-4ab9-8d63-1f78fcd2ec76' and name 'default'
Thu Mar 13 17:52:20 2025: Attempting to start server on port '45433'
Thu Mar 13 17:52:20 2025: XCD main fifo: created main fifo '/tmp/xcdmainfeab3bc8-7460-4ab1-811e-10d96184d725', fd read = 13
Thu Mar 13 17:52:20 2025: Running Dispatch Server
Thu Mar 13 17:52:20 2025: Version 2.2.0
Thu Mar 13 17:52:28 2025: Dispatch Server: Accepted socket connection from client
Thu Mar 13 17:52:28 2025: Starting Socket connection
Thu Mar 13 17:52:28 2025: EXCHANGE_TOKEN received, server token: feab3bc8-7460-4ab1-811e-10d96184d725, passed token: feab3bc8-7460-4ab1-811e-10d96184d725
Thu Mar 13 17:52:28 2025: SESSION_MGR: creating session with session uuid: '93dcc6c6-17c6-4839-800c-0e21a44b1fca' and name 'vitis_hls'
Thu Mar 13 17:52:28 2025: KERNEL_SVC: creating session with uuid: '93dcc6c6-17c6-4839-800c-0e21a44b1fca' and name 'vitis_hls'
Thu Mar 13 17:52:28 2025: GUIDANCE_SMGR: creating guidance session with uuid: '93dcc6c6-17c6-4839-800c-0e21a44b1fca' and name 'vitis_hls'
Thu Mar 13 17:52:36 2025: STOP_SERVER received, server token: feab3bc8-7460-4ab1-811e-10d96184d725, passed token: feab3bc8-7460-4ab1-811e-10d96184d725
Thu Mar 13 17:52:36 2025: Socket received request to stop server.
Thu Mar 13 17:52:36 2025: Dispatch Server: do_await_stop
Thu Mar 13 17:52:36 2025: Dispatch Server: stopping mainFifo_
Thu Mar 13 17:52:36 2025: XCD main fifo: Stopping
Thu Mar 13 17:52:36 2025: XCD main fifo: do_read error code: Operation canceled
Thu Mar 13 17:52:36 2025: XCD main fifo: bytes_transferred: 0
Thu Mar 13 17:52:36 2025: SERVER: destructor for server bound to port 45433
Thu Mar 13 17:52:36 2025: XCD main fifo: Good unlink of /tmp/xcdmainfeab3bc8-7460-4ab1-811e-10d96184d725
Thu Mar 13 17:52:36 2025: Server exiting with status 0.
Thu Mar 13 17:52:36 2025: Closing log file.
Thu Mar 13 17:53:50 2025: Running xcd server. This server was built by gradle.
Thu Mar 13 17:53:50 2025: Server was asked to start on port: '33503'
Thu Mar 13 17:53:50 2025: Server is using token UUID: 'a1c4f5b3-61f5-492f-ac0b-20f3fee9f07c'
Thu Mar 13 17:53:50 2025: SESSION_MGR: creating session with session uuid: '6d04a3e9-ade5-4ab9-8d63-1f78fcd2ec76' and name 'default'
Thu Mar 13 17:53:50 2025: Attempting to start server on port '33503'
Thu Mar 13 17:53:50 2025: XCD main fifo: created main fifo '/tmp/xcdmaina1c4f5b3-61f5-492f-ac0b-20f3fee9f07c', fd read = 13
Thu Mar 13 17:53:50 2025: Running Dispatch Server
Thu Mar 13 17:53:50 2025: Version 2.2.0
Thu Mar 13 17:53:59 2025: Dispatch Server: Accepted socket connection from client
Thu Mar 13 17:53:59 2025: Starting Socket connection
Thu Mar 13 17:53:59 2025: EXCHANGE_TOKEN received, server token: a1c4f5b3-61f5-492f-ac0b-20f3fee9f07c, passed token: a1c4f5b3-61f5-492f-ac0b-20f3fee9f07c
Thu Mar 13 17:53:59 2025: SESSION_MGR: creating session with session uuid: '27c28c7e-dc31-4a35-ba05-e7ac6ccfc410' and name 'vitis_hls'
Thu Mar 13 17:53:59 2025: KERNEL_SVC: creating session with uuid: '27c28c7e-dc31-4a35-ba05-e7ac6ccfc410' and name 'vitis_hls'
Thu Mar 13 17:53:59 2025: GUIDANCE_SMGR: creating guidance session with uuid: '27c28c7e-dc31-4a35-ba05-e7ac6ccfc410' and name 'vitis_hls'
Thu Mar 13 17:54:24 2025: STOP_SERVER received, server token: a1c4f5b3-61f5-492f-ac0b-20f3fee9f07c, passed token: a1c4f5b3-61f5-492f-ac0b-20f3fee9f07c
Thu Mar 13 17:54:24 2025: Socket received request to stop server.
Thu Mar 13 17:54:24 2025: Dispatch Server: do_await_stop
Thu Mar 13 17:54:24 2025: Dispatch Server: stopping mainFifo_
Thu Mar 13 17:54:24 2025: XCD main fifo: Stopping
Thu Mar 13 17:54:24 2025: XCD main fifo: do_read error code: Operation canceled
Thu Mar 13 17:54:24 2025: XCD main fifo: bytes_transferred: 0
Thu Mar 13 17:54:24 2025: SERVER: destructor for server bound to port 33503
Thu Mar 13 17:54:24 2025: XCD main fifo: Good unlink of /tmp/xcdmaina1c4f5b3-61f5-492f-ac0b-20f3fee9f07c
Thu Mar 13 17:54:24 2025: Server exiting with status 0.
Thu Mar 13 17:54:24 2025: Closing log file.
