Sun Mar 30 16:39:33 2025: Running xcd server. This server was built by gradle.
Sun Mar 30 16:39:33 2025: Server was asked to start on port: '37933'
Sun Mar 30 16:39:33 2025: Server is using token UUID: '81d5788e-39ac-4b22-ae67-fea529469e84'
Sun Mar 30 16:39:33 2025: SESSION_MGR: creating session with session uuid: '6d04a3e9-ade5-4ab9-8d63-1f78fcd2ec76' and name 'default'
Sun Mar 30 16:39:33 2025: Attempting to start server on port '37933'
Sun Mar 30 16:39:33 2025: XCD main fifo: created main fifo '/tmp/xcdmain81d5788e-39ac-4b22-ae67-fea529469e84', fd read = 13
Sun Mar 30 16:39:33 2025: Running Dispatch Server
Sun Mar 30 16:39:33 2025: Version 2.2.0
Sun Mar 30 16:39:41 2025: Dispatch Server: Accepted socket connection from client
Sun Mar 30 16:39:41 2025: Starting Socket connection
Sun Mar 30 16:39:41 2025: EXCHANGE_TOKEN received, server token: 81d5788e-39ac-4b22-ae67-fea529469e84, passed token: 81d5788e-39ac-4b22-ae67-fea529469e84
Sun Mar 30 16:39:41 2025: SESSION_MGR: creating session with session uuid: '66e46380-0697-4fde-a32e-18e1489407ff' and name 'vitis_hls'
Sun Mar 30 16:39:41 2025: KERNEL_SVC: creating session with uuid: '66e46380-0697-4fde-a32e-18e1489407ff' and name 'vitis_hls'
Sun Mar 30 16:39:41 2025: GUIDANCE_SMGR: creating guidance session with uuid: '66e46380-0697-4fde-a32e-18e1489407ff' and name 'vitis_hls'
Sun Mar 30 16:39:58 2025: STOP_SERVER received, server token: 81d5788e-39ac-4b22-ae67-fea529469e84, passed token: 81d5788e-39ac-4b22-ae67-fea529469e84
Sun Mar 30 16:39:58 2025: Socket received request to stop server.
Sun Mar 30 16:39:58 2025: Dispatch Server: do_await_stop
Sun Mar 30 16:39:58 2025: Dispatch Server: stopping mainFifo_
Sun Mar 30 16:39:58 2025: XCD main fifo: Stopping
Sun Mar 30 16:39:58 2025: XCD main fifo: do_read error code: Operation canceled
Sun Mar 30 16:39:58 2025: XCD main fifo: bytes_transferred: 0
Sun Mar 30 16:39:58 2025: SERVER: destructor for server bound to port 37933
Sun Mar 30 16:39:58 2025: XCD main fifo: Good unlink of /tmp/xcdmain81d5788e-39ac-4b22-ae67-fea529469e84
Sun Mar 30 16:39:58 2025: Server exiting with status 0.
Sun Mar 30 16:39:58 2025: Closing log file.
Sun Mar 30 16:40:41 2025: Running xcd server. This server was built by gradle.
Sun Mar 30 16:40:41 2025: Server was asked to start on port: '45947'
Sun Mar 30 16:40:41 2025: Server is using token UUID: '3ae876ee-bb98-442e-a66a-5967858fed4b'
Sun Mar 30 16:40:41 2025: SESSION_MGR: creating session with session uuid: '6d04a3e9-ade5-4ab9-8d63-1f78fcd2ec76' and name 'default'
Sun Mar 30 16:40:41 2025: Attempting to start server on port '45947'
Sun Mar 30 16:40:41 2025: XCD main fifo: created main fifo '/tmp/xcdmain3ae876ee-bb98-442e-a66a-5967858fed4b', fd read = 13
Sun Mar 30 16:40:41 2025: Running Dispatch Server
Sun Mar 30 16:40:41 2025: Version 2.2.0
Sun Mar 30 16:40:50 2025: Dispatch Server: Accepted socket connection from client
Sun Mar 30 16:40:50 2025: Starting Socket connection
Sun Mar 30 16:40:50 2025: EXCHANGE_TOKEN received, server token: 3ae876ee-bb98-442e-a66a-5967858fed4b, passed token: 3ae876ee-bb98-442e-a66a-5967858fed4b
Sun Mar 30 16:40:50 2025: SESSION_MGR: creating session with session uuid: 'ec1f49ac-f356-4f1e-a776-22fa51ae02d3' and name 'vitis_hls'
Sun Mar 30 16:40:50 2025: KERNEL_SVC: creating session with uuid: 'ec1f49ac-f356-4f1e-a776-22fa51ae02d3' and name 'vitis_hls'
Sun Mar 30 16:40:50 2025: GUIDANCE_SMGR: creating guidance session with uuid: 'ec1f49ac-f356-4f1e-a776-22fa51ae02d3' and name 'vitis_hls'
Sun Mar 30 16:41:27 2025: STOP_SERVER received, server token: 3ae876ee-bb98-442e-a66a-5967858fed4b, passed token: 3ae876ee-bb98-442e-a66a-5967858fed4b
Sun Mar 30 16:41:27 2025: Socket received request to stop server.
Sun Mar 30 16:41:27 2025: Dispatch Server: do_await_stop
Sun Mar 30 16:41:27 2025: Dispatch Server: stopping mainFifo_
Sun Mar 30 16:41:27 2025: XCD main fifo: Stopping
Sun Mar 30 16:41:27 2025: XCD main fifo: do_read error code: Operation canceled
Sun Mar 30 16:41:27 2025: XCD main fifo: bytes_transferred: 0
Sun Mar 30 16:41:27 2025: SERVER: destructor for server bound to port 45947
Sun Mar 30 16:41:27 2025: XCD main fifo: Good unlink of /tmp/xcdmain3ae876ee-bb98-442e-a66a-5967858fed4b
Sun Mar 30 16:41:27 2025: Server exiting with status 0.
Sun Mar 30 16:41:27 2025: Closing log file.
