

================================================================
== Vitis HLS Report for 'Conv2D_HW_Pipeline_VITIS_LOOP_65_9'
================================================================
* Date:           Mon Mar 31 13:44:31 2025

* Version:        2022.2 (Build 3670227 on Oct 13 2022)
* Project:        Vitis_Midterm
* Solution:       solution1 (Vivado IP Flow Target)
* Product family: zynq
* Target device:  xc7z020-clg400-1


================================================================
== Performance Estimates
================================================================
+ Timing: 
    * Summary: 
    +--------+----------+----------+------------+
    |  Clock |  Target  | Estimated| Uncertainty|
    +--------+----------+----------+------------+
    |ap_clk  |  10.00 ns|  7.300 ns|     2.70 ns|
    +--------+----------+----------+------------+

+ Latency: 
    * Summary: 
    +---------+---------+----------+----------+-----+-----+---------+
    |  Latency (cycles) |  Latency (absolute) |  Interval | Pipeline|
    |   min   |   max   |    min   |    max   | min | max |   Type  |
    +---------+---------+----------+----------+-----+-----+---------+
    |        ?|        ?|         ?|         ?|    ?|    ?|       no|
    +---------+---------+----------+----------+-----+-----+---------+

    + Detail: 
        * Instance: 
        N/A

        * Loop: 
        +---------------------------------------------------+---------+---------+----------+-----------+-----------+------+----------+
        |                                                   |  Latency (cycles) | Iteration|  Initiation Interval  | Trip |          |
        |                     Loop Name                     |   min   |   max   |  Latency |  achieved |   target  | Count| Pipelined|
        +---------------------------------------------------+---------+---------+----------+-----------+-----------+------+----------+
        |- VITIS_LOOP_61_7_VITIS_LOOP_63_8_VITIS_LOOP_65_9  |        ?|        ?|        21|          1|          1|     ?|       yes|
        +---------------------------------------------------+---------+---------+----------+-----------+-----------+------+----------+

============================================================
+ Verbose Summary: Synthesis Manager
============================================================
InlineROM: 1
ExposeGlobal: 0
============================================================
+ Verbose Summary: CDFG Model
============================================================
IsTopModel: 0
ResetActiveHigh: 1
IsCombinational: 0
IsDatapathOnly: 0
HasWiredReturn: 1
HasMFsm: 2
HasVarLatency: 1
IsPipeline: 0
IsRtlPipelined: 0
IsInstanceOverlapped: 0
IsDontTouch: 0
HasImplIP: 0
IsGatedGlobalClock: 0

+ Individual pipeline summary: 
  * Pipeline-0: initiation interval (II) = 1, depth = 22


============================================================
+ Verbose Summary: Schedule
============================================================
* Number of FSM states : 22
* Pipeline : 1
  Pipeline-0 : II = 1, D = 22, States = { 1 2 3 4 5 6 7 8 9 10 11 12 13 14 15 16 17 18 19 20 21 22 }
* Dataflow Pipeline: 0

* FSM state transitions: 
1 --> 2 
2 --> 3 
3 --> 4 
4 --> 5 
5 --> 6 
6 --> 7 
7 --> 8 
8 --> 9 
9 --> 10 
10 --> 11 
11 --> 12 
12 --> 13 
13 --> 14 
14 --> 15 
15 --> 16 
16 --> 17 
17 --> 18 
18 --> 19 
19 --> 20 
20 --> 21 
21 --> 22 
22 --> 

* FSM state operations: 

State 1 <SV = 0> <Delay = 1.58>
ST_1 : Operation 24 [1/1] (0.00ns)   --->   "%acc = alloca i32 1"   --->   Operation 24 'alloca' 'acc' <Predicate = true> <Delay = 0.00>
ST_1 : Operation 25 [1/1] (0.00ns)   --->   "%cx_V = alloca i32 1"   --->   Operation 25 'alloca' 'cx_V' <Predicate = true> <Delay = 0.00>
ST_1 : Operation 26 [1/1] (0.00ns)   --->   "%cy_V = alloca i32 1"   --->   Operation 26 'alloca' 'cy_V' <Predicate = true> <Delay = 0.00>
ST_1 : Operation 27 [1/1] (0.00ns)   --->   "%indvar_flatten53 = alloca i32 1"   --->   Operation 27 'alloca' 'indvar_flatten53' <Predicate = true> <Delay = 0.00>
ST_1 : Operation 28 [1/1] (0.00ns)   --->   "%iChannel_V = alloca i32 1"   --->   Operation 28 'alloca' 'iChannel_V' <Predicate = true> <Delay = 0.00>
ST_1 : Operation 29 [1/1] (0.00ns)   --->   "%indvar_flatten97 = alloca i32 1"   --->   Operation 29 'alloca' 'indvar_flatten97' <Predicate = true> <Delay = 0.00>
ST_1 : Operation 30 [1/1] (0.00ns)   --->   "%input_r_read = read i64 @_ssdm_op_Read.ap_auto.i64, i64 %input_r"   --->   Operation 30 'read' 'input_r_read' <Predicate = true> <Delay = 0.00>
ST_1 : Operation 31 [1/1] (0.00ns)   --->   "%x_V_cast18_read = read i32 @_ssdm_op_Read.ap_auto.i32, i32 %x_V_cast18"   --->   Operation 31 'read' 'x_V_cast18_read' <Predicate = true> <Delay = 0.00>
ST_1 : Operation 32 [1/1] (0.00ns)   --->   "%inputWidth_cast11_read = read i32 @_ssdm_op_Read.ap_auto.i32, i32 %inputWidth_cast11"   --->   Operation 32 'read' 'inputWidth_cast11_read' <Predicate = true> <Delay = 0.00>
ST_1 : Operation 33 [1/1] (0.00ns)   --->   "%icmp_ln1027_1_read = read i1 @_ssdm_op_Read.ap_auto.i1, i1 %icmp_ln1027_1"   --->   Operation 33 'read' 'icmp_ln1027_1_read' <Predicate = true> <Delay = 0.00>
ST_1 : Operation 34 [1/1] (0.00ns)   --->   "%tmp4_cast_mid175_read = read i32 @_ssdm_op_Read.ap_auto.i32, i32 %tmp4_cast_mid175"   --->   Operation 34 'read' 'tmp4_cast_mid175_read' <Predicate = true> <Delay = 0.00>
ST_1 : Operation 35 [1/1] (0.00ns)   --->   "%mul_ln17_read = read i64 @_ssdm_op_Read.ap_auto.i64, i64 %mul_ln17"   --->   Operation 35 'read' 'mul_ln17_read' <Predicate = true> <Delay = 0.00>
ST_1 : Operation 36 [1/1] (0.00ns)   --->   "%convWidth_read = read i32 @_ssdm_op_Read.ap_auto.i32, i32 %convWidth"   --->   Operation 36 'read' 'convWidth_read' <Predicate = true> <Delay = 0.00>
ST_1 : Operation 37 [1/1] (0.00ns)   --->   "%mul_ln17_1_read = read i96 @_ssdm_op_Read.ap_auto.i96, i96 %mul_ln17_1"   --->   Operation 37 'read' 'mul_ln17_1_read' <Predicate = true> <Delay = 0.00>
ST_1 : Operation 38 [1/1] (0.00ns)   --->   "%zext_ln1027_5_read = read i32 @_ssdm_op_Read.ap_auto.i32, i32 %zext_ln1027_5"   --->   Operation 38 'read' 'zext_ln1027_5_read' <Predicate = true> <Delay = 0.00>
ST_1 : Operation 39 [1/1] (0.00ns)   --->   "%inputHeight_cast10_read = read i32 @_ssdm_op_Read.ap_auto.i32, i32 %inputHeight_cast10"   --->   Operation 39 'read' 'inputHeight_cast10_read' <Predicate = true> <Delay = 0.00>
ST_1 : Operation 40 [1/1] (0.00ns)   --->   "%x_V_cast18_cast = zext i32 %x_V_cast18_read"   --->   Operation 40 'zext' 'x_V_cast18_cast' <Predicate = true> <Delay = 0.00>
ST_1 : Operation 41 [1/1] (0.00ns)   --->   "%inputWidth_cast11_cast = zext i32 %inputWidth_cast11_read"   --->   Operation 41 'zext' 'inputWidth_cast11_cast' <Predicate = true> <Delay = 0.00>
ST_1 : Operation 42 [1/1] (0.00ns)   --->   "%tmp4_cast_mid175_cast = zext i32 %tmp4_cast_mid175_read"   --->   Operation 42 'zext' 'tmp4_cast_mid175_cast' <Predicate = true> <Delay = 0.00>
ST_1 : Operation 43 [1/1] (0.00ns)   --->   "%zext_ln1027_5_cast = zext i32 %zext_ln1027_5_read"   --->   Operation 43 'zext' 'zext_ln1027_5_cast' <Predicate = true> <Delay = 0.00>
ST_1 : Operation 44 [1/1] (0.00ns)   --->   "%inputHeight_cast10_cast = zext i32 %inputHeight_cast10_read"   --->   Operation 44 'zext' 'inputHeight_cast10_cast' <Predicate = true> <Delay = 0.00>
ST_1 : Operation 45 [1/1] (0.00ns)   --->   "%specinterface_ln0 = specinterface void @_ssdm_op_SpecInterface, i32 %gmem, void @empty_6, i32 0, i32 0, void @empty_7, i32 0, i32 200000, void @empty_8, void @empty_21, void @empty_7, i32 16, i32 16, i32 16, i32 16, void @empty_7, void @empty_7, i32 4294967295, i32 0"   --->   Operation 45 'specinterface' 'specinterface_ln0' <Predicate = true> <Delay = 0.00>
ST_1 : Operation 46 [1/1] (1.58ns)   --->   "%store_ln0 = store i96 0, i96 %indvar_flatten97"   --->   Operation 46 'store' 'store_ln0' <Predicate = true> <Delay = 1.58>
ST_1 : Operation 47 [1/1] (1.58ns)   --->   "%store_ln0 = store i32 0, i32 %iChannel_V"   --->   Operation 47 'store' 'store_ln0' <Predicate = true> <Delay = 1.58>
ST_1 : Operation 48 [1/1] (1.58ns)   --->   "%store_ln0 = store i64 0, i64 %indvar_flatten53"   --->   Operation 48 'store' 'store_ln0' <Predicate = true> <Delay = 1.58>
ST_1 : Operation 49 [1/1] (1.58ns)   --->   "%store_ln0 = store i32 0, i32 %cy_V"   --->   Operation 49 'store' 'store_ln0' <Predicate = true> <Delay = 1.58>
ST_1 : Operation 50 [1/1] (1.58ns)   --->   "%store_ln0 = store i32 0, i32 %cx_V"   --->   Operation 50 'store' 'store_ln0' <Predicate = true> <Delay = 1.58>
ST_1 : Operation 51 [1/1] (1.58ns)   --->   "%store_ln0 = store i32 0, i32 %acc"   --->   Operation 51 'store' 'store_ln0' <Predicate = true> <Delay = 1.58>
ST_1 : Operation 52 [1/1] (1.58ns)   --->   "%br_ln0 = br void %for.inc82"   --->   Operation 52 'br' 'br_ln0' <Predicate = true> <Delay = 1.58>

State 2 <SV = 1> <Delay = 6.58>
ST_2 : Operation 53 [1/1] (0.00ns)   --->   "%indvar_flatten53_load = load i64 %indvar_flatten53"   --->   Operation 53 'load' 'indvar_flatten53_load' <Predicate = true> <Delay = 0.00>
ST_2 : Operation 54 [1/1] (0.00ns)   --->   "%iChannel_V_1 = load i32 %iChannel_V"   --->   Operation 54 'load' 'iChannel_V_1' <Predicate = true> <Delay = 0.00>
ST_2 : Operation 55 [1/1] (0.00ns)   --->   "%indvar_flatten97_load = load i96 %indvar_flatten97"   --->   Operation 55 'load' 'indvar_flatten97_load' <Predicate = true> <Delay = 0.00>
ST_2 : Operation 56 [1/1] (3.12ns)   --->   "%icmp_ln1027 = icmp_eq  i96 %indvar_flatten97_load, i96 %mul_ln17_1_read"   --->   Operation 56 'icmp' 'icmp_ln1027' <Predicate = true> <Delay = 3.12> <CoreInst = "Cmp">   --->   Core 9 'Cmp' <Latency = 0> <II = 1> <Delay = 3.12> <FuncUnit> <Opcode : 'icmp'> <InPorts = 2> <OutPorts = 1>
ST_2 : Operation 57 [1/1] (4.43ns)   --->   "%add_ln1027 = add i96 %indvar_flatten97_load, i96 1"   --->   Operation 57 'add' 'add_ln1027' <Predicate = true> <Delay = 4.43> <CoreInst = "Adder">   --->   Core 1 'Adder' <Latency = 0> <II = 1> <Delay = 4.43> <FuncUnit> <Opcode : 'add' 'sub'> <InPorts = 2> <OutPorts = 1>
ST_2 : Operation 58 [1/1] (0.00ns)   --->   "%br_ln1027 = br i1 %icmp_ln1027, void %for.inc88.loopexit, void %for.end90.loopexit.exitStub"   --->   Operation 58 'br' 'br_ln1027' <Predicate = true> <Delay = 0.00>
ST_2 : Operation 59 [1/1] (2.55ns)   --->   "%add_ln840 = add i32 %iChannel_V_1, i32 1"   --->   Operation 59 'add' 'add_ln840' <Predicate = (!icmp_ln1027)> <Delay = 2.55> <CoreInst = "Adder">   --->   Core 1 'Adder' <Latency = 0> <II = 1> <Delay = 2.55> <FuncUnit> <Opcode : 'add' 'sub'> <InPorts = 2> <OutPorts = 1>
ST_2 : Operation 60 [1/1] (2.77ns)   --->   "%icmp_ln1027_2 = icmp_eq  i64 %indvar_flatten53_load, i64 %mul_ln17_read"   --->   Operation 60 'icmp' 'icmp_ln1027_2' <Predicate = (!icmp_ln1027)> <Delay = 2.77> <CoreInst = "Cmp">   --->   Core 9 'Cmp' <Latency = 0> <II = 1> <Delay = 2.77> <FuncUnit> <Opcode : 'icmp'> <InPorts = 2> <OutPorts = 1>
ST_2 : Operation 61 [1/1] (0.69ns)   --->   "%select_ln1027_1 = select i1 %icmp_ln1027_2, i32 %add_ln840, i32 %iChannel_V_1"   --->   Operation 61 'select' 'select_ln1027_1' <Predicate = (!icmp_ln1027)> <Delay = 0.69> <CoreInst = "Sel">   --->   Core 73 'Sel' <Latency = 0> <II = 1> <Delay = 0.69> <FuncUnit> <Opcode : 'select'> <InPorts = 3> <OutPorts = 1>
ST_2 : Operation 62 [1/1] (3.52ns)   --->   "%add_ln1027_3 = add i64 %indvar_flatten53_load, i64 1"   --->   Operation 62 'add' 'add_ln1027_3' <Predicate = (!icmp_ln1027)> <Delay = 3.52> <CoreInst = "Adder">   --->   Core 1 'Adder' <Latency = 0> <II = 1> <Delay = 3.52> <FuncUnit> <Opcode : 'add' 'sub'> <InPorts = 2> <OutPorts = 1>
ST_2 : Operation 63 [1/1] (1.48ns)   --->   "%select_ln1027_8 = select i1 %icmp_ln1027_2, i64 1, i64 %add_ln1027_3"   --->   Operation 63 'select' 'select_ln1027_8' <Predicate = (!icmp_ln1027)> <Delay = 1.48> <CoreInst = "Sel">   --->   Core 73 'Sel' <Latency = 0> <II = 1> <Delay = 1.48> <FuncUnit> <Opcode : 'select'> <InPorts = 3> <OutPorts = 1>
ST_2 : Operation 64 [1/1] (1.58ns)   --->   "%store_ln65 = store i96 %add_ln1027, i96 %indvar_flatten97" [HLS_Optimized/conv2d.cpp:65]   --->   Operation 64 'store' 'store_ln65' <Predicate = (!icmp_ln1027)> <Delay = 1.58>
ST_2 : Operation 65 [1/1] (1.58ns)   --->   "%store_ln65 = store i32 %select_ln1027_1, i32 %iChannel_V" [HLS_Optimized/conv2d.cpp:65]   --->   Operation 65 'store' 'store_ln65' <Predicate = (!icmp_ln1027)> <Delay = 1.58>
ST_2 : Operation 66 [1/1] (1.58ns)   --->   "%store_ln65 = store i64 %select_ln1027_8, i64 %indvar_flatten53" [HLS_Optimized/conv2d.cpp:65]   --->   Operation 66 'store' 'store_ln65' <Predicate = (!icmp_ln1027)> <Delay = 1.58>
ST_2 : Operation 67 [1/1] (0.00ns)   --->   "%br_ln65 = br void %for.inc82" [HLS_Optimized/conv2d.cpp:65]   --->   Operation 67 'br' 'br_ln65' <Predicate = (!icmp_ln1027)> <Delay = 0.00>

State 3 <SV = 2> <Delay = 6.91>
ST_3 : Operation 68 [1/1] (0.00ns)   --->   "%iChannel_V_1_cast19 = zext i32 %iChannel_V_1"   --->   Operation 68 'zext' 'iChannel_V_1_cast19' <Predicate = true> <Delay = 0.00>
ST_3 : Operation 69 [2/2] (6.91ns)   --->   "%empty = mul i62 %iChannel_V_1_cast19, i62 %inputHeight_cast10_cast"   --->   Operation 69 'mul' 'empty' <Predicate = true> <Delay = 6.91> <CoreInst = "Multiplier">   --->   Core 3 'Multiplier' <Latency = 1> <II = 1> <Delay = 6.91> <FuncUnit> <Opcode : 'mul'> <InPorts = 2> <OutPorts = 1>
ST_3 : Operation 70 [1/1] (0.00ns)   --->   "%iChannel_V_1_cast19_mid1 = zext i32 %add_ln840"   --->   Operation 70 'zext' 'iChannel_V_1_cast19_mid1' <Predicate = (!icmp_ln1027)> <Delay = 0.00>
ST_3 : Operation 71 [2/2] (6.91ns)   --->   "%p_mid167 = mul i62 %iChannel_V_1_cast19_mid1, i62 %inputHeight_cast10_cast"   --->   Operation 71 'mul' 'p_mid167' <Predicate = (!icmp_ln1027)> <Delay = 6.91> <CoreInst = "Multiplier">   --->   Core 3 'Multiplier' <Latency = 1> <II = 1> <Delay = 6.91> <FuncUnit> <Opcode : 'mul'> <InPorts = 2> <OutPorts = 1>

State 4 <SV = 3> <Delay = 6.99>
ST_4 : Operation 72 [1/1] (0.00ns)   --->   "%first_iter_2 = phi i1 1, void %newFuncRoot, i1 0, void %for.inc82.split"   --->   Operation 72 'phi' 'first_iter_2' <Predicate = true> <Delay = 0.00>
ST_4 : Operation 73 [1/1] (0.00ns)   --->   "%cy_V_1 = load i32 %cy_V"   --->   Operation 73 'load' 'cy_V_1' <Predicate = true> <Delay = 0.00>
ST_4 : Operation 74 [1/2] (6.91ns)   --->   "%empty = mul i62 %iChannel_V_1_cast19, i62 %inputHeight_cast10_cast"   --->   Operation 74 'mul' 'empty' <Predicate = true> <Delay = 6.91> <CoreInst = "Multiplier">   --->   Core 3 'Multiplier' <Latency = 1> <II = 1> <Delay = 6.91> <FuncUnit> <Opcode : 'mul'> <InPorts = 2> <OutPorts = 1>
ST_4 : Operation 75 [1/1] (0.00ns)   --->   "%cy_V_1_cast = zext i32 %cy_V_1"   --->   Operation 75 'zext' 'cy_V_1_cast' <Predicate = (!icmp_ln1027_2)> <Delay = 0.00>
ST_4 : Operation 76 [1/1] (2.55ns)   --->   "%tmp4 = add i33 %cy_V_1_cast, i33 %zext_ln1027_5_cast"   --->   Operation 76 'add' 'tmp4' <Predicate = (!icmp_ln1027_2)> <Delay = 2.55> <CoreInst = "Adder">   --->   Core 1 'Adder' <Latency = 0> <II = 1> <Delay = 2.55> <FuncUnit> <Opcode : 'add' 'sub'> <InPorts = 2> <OutPorts = 1>
ST_4 : Operation 77 [1/1] (0.00ns)   --->   "%cx_V_load = load i32 %cx_V"   --->   Operation 77 'load' 'cx_V_load' <Predicate = (!icmp_ln1027)> <Delay = 0.00>
ST_4 : Operation 78 [1/1] (0.69ns)   --->   "%select_ln1027 = select i1 %icmp_ln1027_2, i32 0, i32 %cy_V_1"   --->   Operation 78 'select' 'select_ln1027' <Predicate = (!icmp_ln1027)> <Delay = 0.69> <CoreInst = "Sel">   --->   Core 73 'Sel' <Latency = 0> <II = 1> <Delay = 0.69> <FuncUnit> <Opcode : 'select'> <InPorts = 3> <OutPorts = 1>
ST_4 : Operation 79 [1/1] (0.00ns) (grouped into LUT with out node or_ln1027_1)   --->   "%or_ln1027 = or i1 %icmp_ln1027_2, i1 %first_iter_2"   --->   Operation 79 'or' 'or_ln1027' <Predicate = (!icmp_ln1027)> <Delay = 0.00> <CoreInst = "LogicGate">   --->   Core 74 'LogicGate' <Latency = 0> <II = 1> <Delay = 0.97> <FuncUnit> <Opcode : 'and' 'or' 'xor'> <InPorts = 2> <OutPorts = 1>
ST_4 : Operation 80 [1/1] (0.00ns)   --->   "%zext_ln68 = zext i32 %select_ln1027_1" [HLS_Optimized/conv2d.cpp:68]   --->   Operation 80 'zext' 'zext_ln68' <Predicate = (!icmp_ln1027)> <Delay = 0.00>
ST_4 : Operation 81 [1/1] (0.00ns)   --->   "%tmp_5 = bitconcatenate i34 @_ssdm_op_BitConcatenate.i34.i32.i2, i32 %select_ln1027_1, i2 0" [HLS_Optimized/conv2d.cpp:68]   --->   Operation 81 'bitconcatenate' 'tmp_5' <Predicate = (!icmp_ln1027)> <Delay = 0.00>
ST_4 : Operation 82 [1/1] (0.00ns)   --->   "%zext_ln68_1 = zext i34 %tmp_5" [HLS_Optimized/conv2d.cpp:68]   --->   Operation 82 'zext' 'zext_ln68_1' <Predicate = (!icmp_ln1027)> <Delay = 0.00>
ST_4 : Operation 83 [1/1] (2.63ns)   --->   "%sub_ln68 = sub i35 %zext_ln68_1, i35 %zext_ln68" [HLS_Optimized/conv2d.cpp:68]   --->   Operation 83 'sub' 'sub_ln68' <Predicate = (!icmp_ln1027)> <Delay = 2.63> <CoreInst = "Adder">   --->   Core 1 'Adder' <Latency = 0> <II = 1> <Delay = 2.63> <FuncUnit> <Opcode : 'add' 'sub'> <InPorts = 2> <OutPorts = 1>
ST_4 : Operation 84 [1/1] (0.00ns)   --->   "%sub_ln68_cast = sext i35 %sub_ln68" [HLS_Optimized/conv2d.cpp:68]   --->   Operation 84 'sext' 'sub_ln68_cast' <Predicate = (!icmp_ln1027)> <Delay = 0.00>
ST_4 : Operation 85 [1/2] (6.91ns)   --->   "%p_mid167 = mul i62 %iChannel_V_1_cast19_mid1, i62 %inputHeight_cast10_cast"   --->   Operation 85 'mul' 'p_mid167' <Predicate = (!icmp_ln1027)> <Delay = 6.91> <CoreInst = "Multiplier">   --->   Core 3 'Multiplier' <Latency = 1> <II = 1> <Delay = 6.91> <FuncUnit> <Opcode : 'mul'> <InPorts = 2> <OutPorts = 1>
ST_4 : Operation 86 [1/1] (2.47ns)   --->   "%icmp_ln1027_3 = icmp_eq  i32 %cx_V_load, i32 %convWidth_read"   --->   Operation 86 'icmp' 'icmp_ln1027_3' <Predicate = (!icmp_ln1027 & !icmp_ln1027_2)> <Delay = 2.47> <CoreInst = "Cmp">   --->   Core 9 'Cmp' <Latency = 0> <II = 1> <Delay = 2.47> <FuncUnit> <Opcode : 'icmp'> <InPorts = 2> <OutPorts = 1>
ST_4 : Operation 87 [1/1] (0.99ns)   --->   "%select_ln1027_4 = select i1 %icmp_ln1027_2, i1 %icmp_ln1027_1_read, i1 %icmp_ln1027_3"   --->   Operation 87 'select' 'select_ln1027_4' <Predicate = (!icmp_ln1027)> <Delay = 0.99> <CoreInst = "Sel">   --->   Core 73 'Sel' <Latency = 0> <II = 1> <Delay = 0.99> <FuncUnit> <Opcode : 'select'> <InPorts = 3> <OutPorts = 1>
ST_4 : Operation 88 [1/1] (2.55ns)   --->   "%add_ln840_1 = add i32 %select_ln1027, i32 1"   --->   Operation 88 'add' 'add_ln840_1' <Predicate = (!icmp_ln1027)> <Delay = 2.55> <CoreInst = "Adder">   --->   Core 1 'Adder' <Latency = 0> <II = 1> <Delay = 2.55> <FuncUnit> <Opcode : 'add' 'sub'> <InPorts = 2> <OutPorts = 1>
ST_4 : Operation 89 [1/1] (0.97ns) (out node of the LUT)   --->   "%or_ln1027_1 = or i1 %select_ln1027_4, i1 %or_ln1027"   --->   Operation 89 'or' 'or_ln1027_1' <Predicate = (!icmp_ln1027)> <Delay = 0.97> <CoreInst = "LogicGate">   --->   Core 74 'LogicGate' <Latency = 0> <II = 1> <Delay = 0.97> <FuncUnit> <Opcode : 'and' 'or' 'xor'> <InPorts = 2> <OutPorts = 1>
ST_4 : Operation 90 [1/1] (0.00ns) (grouped into LUT with out node select_ln1027_5)   --->   "%or_ln1027_2 = or i1 %select_ln1027_4, i1 %icmp_ln1027_2"   --->   Operation 90 'or' 'or_ln1027_2' <Predicate = (!icmp_ln1027)> <Delay = 0.00> <CoreInst = "LogicGate">   --->   Core 74 'LogicGate' <Latency = 0> <II = 1> <Delay = 0.97> <FuncUnit> <Opcode : 'and' 'or' 'xor'> <InPorts = 2> <OutPorts = 1>
ST_4 : Operation 91 [1/1] (0.97ns) (out node of the LUT)   --->   "%select_ln1027_5 = select i1 %or_ln1027_2, i32 0, i32 %cx_V_load"   --->   Operation 91 'select' 'select_ln1027_5' <Predicate = (!icmp_ln1027)> <Delay = 0.97> <CoreInst = "Sel">   --->   Core 73 'Sel' <Latency = 0> <II = 1> <Delay = 0.69> <FuncUnit> <Opcode : 'select'> <InPorts = 3> <OutPorts = 1>
ST_4 : Operation 92 [1/1] (0.69ns)   --->   "%select_ln1027_6 = select i1 %select_ln1027_4, i32 %add_ln840_1, i32 %select_ln1027"   --->   Operation 92 'select' 'select_ln1027_6' <Predicate = (!icmp_ln1027)> <Delay = 0.69> <CoreInst = "Sel">   --->   Core 73 'Sel' <Latency = 0> <II = 1> <Delay = 0.69> <FuncUnit> <Opcode : 'select'> <InPorts = 3> <OutPorts = 1>
ST_4 : Operation 93 [1/1] (0.00ns)   --->   "%zext_ln68_2 = zext i32 %select_ln1027_6" [HLS_Optimized/conv2d.cpp:68]   --->   Operation 93 'zext' 'zext_ln68_2' <Predicate = (!icmp_ln1027)> <Delay = 0.00>
ST_4 : Operation 94 [1/1] (2.67ns)   --->   "%add_ln68 = add i36 %sub_ln68_cast, i36 %zext_ln68_2" [HLS_Optimized/conv2d.cpp:68]   --->   Operation 94 'add' 'add_ln68' <Predicate = (!icmp_ln1027)> <Delay = 2.67> <CoreInst = "Adder">   --->   Core 1 'Adder' <Latency = 0> <II = 1> <Delay = 2.67> <FuncUnit> <Opcode : 'add' 'sub'> <InPorts = 2> <OutPorts = 1>
ST_4 : Operation 95 [1/1] (0.00ns)   --->   "%trunc_ln68 = trunc i36 %add_ln68" [HLS_Optimized/conv2d.cpp:68]   --->   Operation 95 'trunc' 'trunc_ln68' <Predicate = (!icmp_ln1027)> <Delay = 0.00>
ST_4 : Operation 96 [1/1] (0.00ns)   --->   "%trunc_ln68_1 = trunc i36 %add_ln68" [HLS_Optimized/conv2d.cpp:68]   --->   Operation 96 'trunc' 'trunc_ln68_1' <Predicate = (!icmp_ln1027)> <Delay = 0.00>
ST_4 : Operation 97 [1/1] (0.00ns)   --->   "%cy_V_1_cast_mid1 = zext i32 %add_ln840_1"   --->   Operation 97 'zext' 'cy_V_1_cast_mid1' <Predicate = (!icmp_ln1027)> <Delay = 0.00>
ST_4 : Operation 98 [1/1] (2.55ns)   --->   "%tmp4_mid1 = add i33 %cy_V_1_cast_mid1, i33 %zext_ln1027_5_cast"   --->   Operation 98 'add' 'tmp4_mid1' <Predicate = (!icmp_ln1027)> <Delay = 2.55> <CoreInst = "Adder">   --->   Core 1 'Adder' <Latency = 0> <II = 1> <Delay = 2.55> <FuncUnit> <Opcode : 'add' 'sub'> <InPorts = 2> <OutPorts = 1>
ST_4 : Operation 99 [1/1] (0.00ns)   --->   "%trunc_ln68_2 = trunc i32 %select_ln1027_5" [HLS_Optimized/conv2d.cpp:68]   --->   Operation 99 'trunc' 'trunc_ln68_2' <Predicate = (!icmp_ln1027)> <Delay = 0.00>
ST_4 : Operation 100 [1/1] (0.00ns)   --->   "%br_ln65 = br i1 %or_ln1027_1, void %for.inc82.split, void %for.first.iter.for.inc82" [HLS_Optimized/conv2d.cpp:65]   --->   Operation 100 'br' 'br_ln65' <Predicate = (!icmp_ln1027)> <Delay = 0.00>
ST_4 : Operation 101 [1/1] (2.55ns)   --->   "%add_ln840_2 = add i32 %select_ln1027_5, i32 1"   --->   Operation 101 'add' 'add_ln840_2' <Predicate = (!icmp_ln1027)> <Delay = 2.55> <CoreInst = "Adder">   --->   Core 1 'Adder' <Latency = 0> <II = 1> <Delay = 2.55> <FuncUnit> <Opcode : 'add' 'sub'> <InPorts = 2> <OutPorts = 1>
ST_4 : Operation 102 [1/1] (1.58ns)   --->   "%store_ln65 = store i32 %select_ln1027_6, i32 %cy_V" [HLS_Optimized/conv2d.cpp:65]   --->   Operation 102 'store' 'store_ln65' <Predicate = (!icmp_ln1027)> <Delay = 1.58>

State 5 <SV = 4> <Delay = 4.81>
ST_5 : Operation 103 [1/1] (0.00ns)   --->   "%specbitsmap_ln0 = specbitsmap void @_ssdm_op_SpecBitsMap, i32 %gmem"   --->   Operation 103 'specbitsmap' 'specbitsmap_ln0' <Predicate = true> <Delay = 0.00>
ST_5 : Operation 104 [1/1] (0.00ns)   --->   "%tmp4_cast = zext i33 %tmp4"   --->   Operation 104 'zext' 'tmp4_cast' <Predicate = (!icmp_ln1027_2 & !select_ln1027_4)> <Delay = 0.00>
ST_5 : Operation 105 [1/1] (3.46ns)   --->   "%empty_44 = add i62 %tmp4_cast, i62 %empty"   --->   Operation 105 'add' 'empty_44' <Predicate = (!icmp_ln1027_2 & !select_ln1027_4)> <Delay = 3.46> <CoreInst = "Adder">   --->   Core 1 'Adder' <Latency = 0> <II = 1> <Delay = 3.46> <FuncUnit> <Opcode : 'add' 'sub'> <InPorts = 2> <OutPorts = 1>
ST_5 : Operation 106 [1/1] (0.00ns)   --->   "%specpipeline_ln0 = specpipeline void @_ssdm_op_SpecPipeline, i32 4294967295, i32 0, i32 1, i32 0, void @p_str"   --->   Operation 106 'specpipeline' 'specpipeline_ln0' <Predicate = true> <Delay = 0.00>
ST_5 : Operation 107 [1/1] (0.00ns) (grouped into LUT with out node p_mid143)   --->   "%select_ln1027_2 = select i1 %icmp_ln1027_2, i62 %p_mid167, i62 %empty"   --->   Operation 107 'select' 'select_ln1027_2' <Predicate = (!icmp_ln1027 & select_ln1027_4)> <Delay = 0.00> <CoreInst = "Sel">   --->   Core 73 'Sel' <Latency = 0> <II = 1> <Delay = 1.34> <FuncUnit> <Opcode : 'select'> <InPorts = 3> <OutPorts = 1>
ST_5 : Operation 108 [1/1] (3.46ns)   --->   "%p_mid177 = add i62 %tmp4_cast_mid175_cast, i62 %p_mid167"   --->   Operation 108 'add' 'p_mid177' <Predicate = (!icmp_ln1027 & icmp_ln1027_2 & !select_ln1027_4)> <Delay = 3.46> <CoreInst = "Adder">   --->   Core 1 'Adder' <Latency = 0> <II = 1> <Delay = 3.46> <FuncUnit> <Opcode : 'add' 'sub'> <InPorts = 2> <OutPorts = 1>
ST_5 : Operation 109 [1/1] (0.00ns) (grouped into LUT with out node select_ln1027_7)   --->   "%select_ln1027_3 = select i1 %icmp_ln1027_2, i62 %p_mid177, i62 %empty_44"   --->   Operation 109 'select' 'select_ln1027_3' <Predicate = (!icmp_ln1027 & !select_ln1027_4)> <Delay = 0.00> <CoreInst = "Sel">   --->   Core 73 'Sel' <Latency = 0> <II = 1> <Delay = 1.34> <FuncUnit> <Opcode : 'select'> <InPorts = 3> <OutPorts = 1>
ST_5 : Operation 110 [1/1] (0.00ns)   --->   "%p_shl1 = bitconcatenate i12 @_ssdm_op_BitConcatenate.i12.i10.i2, i10 %trunc_ln68_1, i2 0" [HLS_Optimized/conv2d.cpp:68]   --->   Operation 110 'bitconcatenate' 'p_shl1' <Predicate = (!icmp_ln1027)> <Delay = 0.00>
ST_5 : Operation 111 [1/1] (0.00ns) (grouped into TernaryAdder)   --->   "%sub_ln68_1 = sub i12 %p_shl1, i12 %trunc_ln68" [HLS_Optimized/conv2d.cpp:68]   --->   Operation 111 'sub' 'sub_ln68_1' <Predicate = (!icmp_ln1027)> <Delay = 0.00> <CoreInst = "TAddSub">   --->   Core 10 'TAddSub' <Latency = 0> <II = 1> <Delay = 1.89> <IPBlock> <Opcode : 'add' 'sub'> <InPorts = 3> <OutPorts = 1> <Sync> <CReg>
ST_5 : Operation 112 [1/1] (0.00ns) (grouped into LUT with out node p_mid143)   --->   "%tmp4_cast_mid1 = zext i33 %tmp4_mid1"   --->   Operation 112 'zext' 'tmp4_cast_mid1' <Predicate = (!icmp_ln1027 & select_ln1027_4)> <Delay = 0.00>
ST_5 : Operation 113 [1/1] (3.46ns) (out node of the LUT)   --->   "%p_mid143 = add i62 %tmp4_cast_mid1, i62 %select_ln1027_2"   --->   Operation 113 'add' 'p_mid143' <Predicate = (!icmp_ln1027 & select_ln1027_4)> <Delay = 3.46> <CoreInst = "Adder">   --->   Core 1 'Adder' <Latency = 0> <II = 1> <Delay = 3.46> <FuncUnit> <Opcode : 'add' 'sub'> <InPorts = 2> <OutPorts = 1>
ST_5 : Operation 114 [1/1] (1.34ns) (out node of the LUT)   --->   "%select_ln1027_7 = select i1 %select_ln1027_4, i62 %p_mid143, i62 %select_ln1027_3"   --->   Operation 114 'select' 'select_ln1027_7' <Predicate = (!icmp_ln1027)> <Delay = 1.34> <CoreInst = "Sel">   --->   Core 73 'Sel' <Latency = 0> <II = 1> <Delay = 1.34> <FuncUnit> <Opcode : 'select'> <InPorts = 3> <OutPorts = 1>
ST_5 : Operation 115 [1/1] (3.78ns) (root node of TernaryAdder)   --->   "%add_ln68_1 = add i12 %sub_ln68_1, i12 %trunc_ln68_2" [HLS_Optimized/conv2d.cpp:68]   --->   Operation 115 'add' 'add_ln68_1' <Predicate = (!icmp_ln1027)> <Delay = 3.78> <CoreInst = "TAddSub">   --->   Core 10 'TAddSub' <Latency = 0> <II = 1> <Delay = 1.89> <IPBlock> <Opcode : 'add' 'sub'> <InPorts = 3> <OutPorts = 1> <Sync> <CReg>
ST_5 : Operation 116 [1/1] (1.58ns)   --->   "%store_ln65 = store i32 %add_ln840_2, i32 %cx_V" [HLS_Optimized/conv2d.cpp:65]   --->   Operation 116 'store' 'store_ln65' <Predicate = (!icmp_ln1027)> <Delay = 1.58>

State 6 <SV = 5> <Delay = 6.85>
ST_6 : Operation 117 [5/5] (6.85ns)   --->   "%mul_ln1027 = mul i62 %select_ln1027_7, i62 %inputWidth_cast11_cast"   --->   Operation 117 'mul' 'mul_ln1027' <Predicate = true> <Delay = 6.85> <CoreInst = "Multiplier">   --->   Core 3 'Multiplier' <Latency = 4> <II = 1> <Delay = 6.85> <FuncUnit> <Opcode : 'mul'> <InPorts = 2> <OutPorts = 1>

State 7 <SV = 6> <Delay = 6.85>
ST_7 : Operation 118 [4/5] (6.85ns)   --->   "%mul_ln1027 = mul i62 %select_ln1027_7, i62 %inputWidth_cast11_cast"   --->   Operation 118 'mul' 'mul_ln1027' <Predicate = true> <Delay = 6.85> <CoreInst = "Multiplier">   --->   Core 3 'Multiplier' <Latency = 4> <II = 1> <Delay = 6.85> <FuncUnit> <Opcode : 'mul'> <InPorts = 2> <OutPorts = 1>

State 8 <SV = 7> <Delay = 6.85>
ST_8 : Operation 119 [3/5] (6.85ns)   --->   "%mul_ln1027 = mul i62 %select_ln1027_7, i62 %inputWidth_cast11_cast"   --->   Operation 119 'mul' 'mul_ln1027' <Predicate = true> <Delay = 6.85> <CoreInst = "Multiplier">   --->   Core 3 'Multiplier' <Latency = 4> <II = 1> <Delay = 6.85> <FuncUnit> <Opcode : 'mul'> <InPorts = 2> <OutPorts = 1>

State 9 <SV = 8> <Delay = 6.85>
ST_9 : Operation 120 [2/5] (6.85ns)   --->   "%mul_ln1027 = mul i62 %select_ln1027_7, i62 %inputWidth_cast11_cast"   --->   Operation 120 'mul' 'mul_ln1027' <Predicate = true> <Delay = 6.85> <CoreInst = "Multiplier">   --->   Core 3 'Multiplier' <Latency = 4> <II = 1> <Delay = 6.85> <FuncUnit> <Opcode : 'mul'> <InPorts = 2> <OutPorts = 1>

State 10 <SV = 9> <Delay = 6.85>
ST_10 : Operation 121 [1/5] (6.85ns)   --->   "%mul_ln1027 = mul i62 %select_ln1027_7, i62 %inputWidth_cast11_cast"   --->   Operation 121 'mul' 'mul_ln1027' <Predicate = true> <Delay = 6.85> <CoreInst = "Multiplier">   --->   Core 3 'Multiplier' <Latency = 4> <II = 1> <Delay = 6.85> <FuncUnit> <Opcode : 'mul'> <InPorts = 2> <OutPorts = 1>

State 11 <SV = 10> <Delay = 6.98>
ST_11 : Operation 122 [1/1] (3.46ns)   --->   "%add_ln1027_1 = add i62 %mul_ln1027, i62 %x_V_cast18_cast"   --->   Operation 122 'add' 'add_ln1027_1' <Predicate = true> <Delay = 3.46> <CoreInst = "Adder">   --->   Core 1 'Adder' <Latency = 0> <II = 1> <Delay = 3.46> <FuncUnit> <Opcode : 'add' 'sub'> <InPorts = 2> <OutPorts = 1>
ST_11 : Operation 123 [1/1] (0.00ns)   --->   "%sext_ln65_mid2_v_v_v_v = bitconcatenate i64 @_ssdm_op_BitConcatenate.i64.i62.i2, i62 %add_ln1027_1, i2 0"   --->   Operation 123 'bitconcatenate' 'sext_ln65_mid2_v_v_v_v' <Predicate = true> <Delay = 0.00>
ST_11 : Operation 124 [1/1] (3.52ns)   --->   "%add_ln1027_2 = add i64 %sext_ln65_mid2_v_v_v_v, i64 %input_r_read"   --->   Operation 124 'add' 'add_ln1027_2' <Predicate = true> <Delay = 3.52> <CoreInst = "Adder">   --->   Core 1 'Adder' <Latency = 0> <II = 1> <Delay = 3.52> <FuncUnit> <Opcode : 'add' 'sub'> <InPorts = 2> <OutPorts = 1>
ST_11 : Operation 125 [1/1] (0.00ns)   --->   "%sext_ln65_mid2_v = partselect i62 @_ssdm_op_PartSelect.i62.i64.i32.i32, i64 %add_ln1027_2, i32 2, i32 63"   --->   Operation 125 'partselect' 'sext_ln65_mid2_v' <Predicate = true> <Delay = 0.00>

State 12 <SV = 11> <Delay = 7.30>
ST_12 : Operation 126 [1/1] (0.00ns)   --->   "%specloopname_ln0 = specloopname void @_ssdm_op_SpecLoopName, void @VITIS_LOOP_61_7_VITIS_LOOP_63_8_VITIS_LOOP_65_9_str"   --->   Operation 126 'specloopname' 'specloopname_ln0' <Predicate = true> <Delay = 0.00>
ST_12 : Operation 127 [1/1] (0.00ns)   --->   "%specpipeline_ln0 = specpipeline void @_ssdm_op_SpecPipeline, i32 4294967295, i32 0, i32 1, i32 0, void @p_str"   --->   Operation 127 'specpipeline' 'specpipeline_ln0' <Predicate = true> <Delay = 0.00>
ST_12 : Operation 128 [1/1] (0.00ns)   --->   "%specloopname_ln0 = specloopname void @_ssdm_op_SpecLoopName, void @VITIS_LOOP_63_8_VITIS_LOOP_65_9_str"   --->   Operation 128 'specloopname' 'specloopname_ln0' <Predicate = true> <Delay = 0.00>
ST_12 : Operation 129 [1/1] (0.00ns)   --->   "%sext_ln1027 = sext i62 %sext_ln65_mid2_v"   --->   Operation 129 'sext' 'sext_ln1027' <Predicate = true> <Delay = 0.00>
ST_12 : Operation 130 [1/1] (0.00ns)   --->   "%specpipeline_ln0 = specpipeline void @_ssdm_op_SpecPipeline, i32 4294967295, i32 0, i32 1, i32 0, void @p_str"   --->   Operation 130 'specpipeline' 'specpipeline_ln0' <Predicate = true> <Delay = 0.00>
ST_12 : Operation 131 [1/1] (0.00ns)   --->   "%zext_ln68_3 = zext i12 %add_ln68_1" [HLS_Optimized/conv2d.cpp:68]   --->   Operation 131 'zext' 'zext_ln68_3' <Predicate = true> <Delay = 0.00>
ST_12 : Operation 132 [1/1] (0.00ns)   --->   "%coeff_cache_addr = getelementptr i32 %coeff_cache, i64 0, i64 %zext_ln68_3" [HLS_Optimized/conv2d.cpp:68]   --->   Operation 132 'getelementptr' 'coeff_cache_addr' <Predicate = true> <Delay = 0.00>
ST_12 : Operation 133 [1/1] (0.00ns)   --->   "%gmem_addr = getelementptr i32 %gmem, i64 %sext_ln1027" [HLS_Optimized/conv2d.cpp:65]   --->   Operation 133 'getelementptr' 'gmem_addr' <Predicate = (or_ln1027_1)> <Delay = 0.00>
ST_12 : Operation 134 [7/7] (7.30ns)   --->   "%empty_45 = readreq i1 @_ssdm_op_ReadReq.m_axi.p1i32, i32 %gmem_addr, i32 %convWidth_read" [HLS_Optimized/conv2d.cpp:65]   --->   Operation 134 'readreq' 'empty_45' <Predicate = (or_ln1027_1)> <Delay = 7.30> <CoreInst = "m_axi">   --->   Core 113 'm_axi' <Latency = 0> <II = 1> <Delay = 1.00> <Adapter> <Opcode : 'read' 'write' 'readreq' 'writereq' 'writeresp'>
ST_12 : Operation 135 [1/1] (0.00ns)   --->   "%gmem_addr_1 = getelementptr i32 %gmem, i64 %sext_ln1027" [HLS_Optimized/conv2d.cpp:65]   --->   Operation 135 'getelementptr' 'gmem_addr_1' <Predicate = (!icmp_ln1027)> <Delay = 0.00>

State 13 <SV = 12> <Delay = 7.30>
ST_13 : Operation 136 [6/7] (7.30ns)   --->   "%empty_45 = readreq i1 @_ssdm_op_ReadReq.m_axi.p1i32, i32 %gmem_addr, i32 %convWidth_read" [HLS_Optimized/conv2d.cpp:65]   --->   Operation 136 'readreq' 'empty_45' <Predicate = (or_ln1027_1)> <Delay = 7.30> <CoreInst = "m_axi">   --->   Core 113 'm_axi' <Latency = 0> <II = 1> <Delay = 1.00> <Adapter> <Opcode : 'read' 'write' 'readreq' 'writereq' 'writeresp'>

State 14 <SV = 13> <Delay = 7.30>
ST_14 : Operation 137 [5/7] (7.30ns)   --->   "%empty_45 = readreq i1 @_ssdm_op_ReadReq.m_axi.p1i32, i32 %gmem_addr, i32 %convWidth_read" [HLS_Optimized/conv2d.cpp:65]   --->   Operation 137 'readreq' 'empty_45' <Predicate = (or_ln1027_1)> <Delay = 7.30> <CoreInst = "m_axi">   --->   Core 113 'm_axi' <Latency = 0> <II = 1> <Delay = 1.00> <Adapter> <Opcode : 'read' 'write' 'readreq' 'writereq' 'writeresp'>

State 15 <SV = 14> <Delay = 7.30>
ST_15 : Operation 138 [4/7] (7.30ns)   --->   "%empty_45 = readreq i1 @_ssdm_op_ReadReq.m_axi.p1i32, i32 %gmem_addr, i32 %convWidth_read" [HLS_Optimized/conv2d.cpp:65]   --->   Operation 138 'readreq' 'empty_45' <Predicate = (or_ln1027_1)> <Delay = 7.30> <CoreInst = "m_axi">   --->   Core 113 'm_axi' <Latency = 0> <II = 1> <Delay = 1.00> <Adapter> <Opcode : 'read' 'write' 'readreq' 'writereq' 'writeresp'>

State 16 <SV = 15> <Delay = 7.30>
ST_16 : Operation 139 [3/7] (7.30ns)   --->   "%empty_45 = readreq i1 @_ssdm_op_ReadReq.m_axi.p1i32, i32 %gmem_addr, i32 %convWidth_read" [HLS_Optimized/conv2d.cpp:65]   --->   Operation 139 'readreq' 'empty_45' <Predicate = (or_ln1027_1)> <Delay = 7.30> <CoreInst = "m_axi">   --->   Core 113 'm_axi' <Latency = 0> <II = 1> <Delay = 1.00> <Adapter> <Opcode : 'read' 'write' 'readreq' 'writereq' 'writeresp'>

State 17 <SV = 16> <Delay = 7.30>
ST_17 : Operation 140 [2/7] (7.30ns)   --->   "%empty_45 = readreq i1 @_ssdm_op_ReadReq.m_axi.p1i32, i32 %gmem_addr, i32 %convWidth_read" [HLS_Optimized/conv2d.cpp:65]   --->   Operation 140 'readreq' 'empty_45' <Predicate = (or_ln1027_1)> <Delay = 7.30> <CoreInst = "m_axi">   --->   Core 113 'm_axi' <Latency = 0> <II = 1> <Delay = 1.00> <Adapter> <Opcode : 'read' 'write' 'readreq' 'writereq' 'writeresp'>

State 18 <SV = 17> <Delay = 7.30>
ST_18 : Operation 141 [1/7] (7.30ns)   --->   "%empty_45 = readreq i1 @_ssdm_op_ReadReq.m_axi.p1i32, i32 %gmem_addr, i32 %convWidth_read" [HLS_Optimized/conv2d.cpp:65]   --->   Operation 141 'readreq' 'empty_45' <Predicate = (or_ln1027_1)> <Delay = 7.30> <CoreInst = "m_axi">   --->   Core 113 'm_axi' <Latency = 0> <II = 1> <Delay = 1.00> <Adapter> <Opcode : 'read' 'write' 'readreq' 'writereq' 'writeresp'>
ST_18 : Operation 142 [1/1] (0.00ns)   --->   "%br_ln65 = br void %for.inc82.split" [HLS_Optimized/conv2d.cpp:65]   --->   Operation 142 'br' 'br_ln65' <Predicate = (or_ln1027_1)> <Delay = 0.00>
ST_18 : Operation 143 [2/2] (3.25ns)   --->   "%filterValue = load i12 %coeff_cache_addr" [HLS_Optimized/conv2d.cpp:68]   --->   Operation 143 'load' 'filterValue' <Predicate = (!icmp_ln1027)> <Delay = 3.25> <CoreInst = "RAM">   --->   Core 82 'RAM' <Latency = 1> <II = 1> <Delay = 3.25> <Storage> <Opcode : 'load' 'store'> <Ports = 2> <Width = 32> <Depth = 2304> <RAM>

State 19 <SV = 18> <Delay = 7.30>
ST_19 : Operation 144 [1/2] (3.25ns)   --->   "%filterValue = load i12 %coeff_cache_addr" [HLS_Optimized/conv2d.cpp:68]   --->   Operation 144 'load' 'filterValue' <Predicate = (!icmp_ln1027)> <Delay = 3.25> <CoreInst = "RAM">   --->   Core 82 'RAM' <Latency = 1> <II = 1> <Delay = 3.25> <Storage> <Opcode : 'load' 'store'> <Ports = 2> <Width = 32> <Depth = 2304> <RAM>
ST_19 : Operation 145 [1/1] (7.30ns)   --->   "%pixelValue = read i32 @_ssdm_op_Read.m_axi.p1i32, i32 %gmem_addr_1" [HLS_Optimized/conv2d.cpp:69]   --->   Operation 145 'read' 'pixelValue' <Predicate = (!icmp_ln1027)> <Delay = 7.30> <CoreInst = "m_axi">   --->   Core 113 'm_axi' <Latency = 0> <II = 1> <Delay = 1.00> <Adapter> <Opcode : 'read' 'write' 'readreq' 'writereq' 'writeresp'>

State 20 <SV = 19> <Delay = 6.91>
ST_20 : Operation 146 [1/1] (0.00ns)   --->   "%sext_ln11 = sext i32 %filterValue" [HLS_Optimized/conv2d.cpp:11]   --->   Operation 146 'sext' 'sext_ln11' <Predicate = (!icmp_ln1027)> <Delay = 0.00>
ST_20 : Operation 147 [1/1] (0.00ns)   --->   "%sext_ln11_1 = sext i32 %pixelValue" [HLS_Optimized/conv2d.cpp:11]   --->   Operation 147 'sext' 'sext_ln11_1' <Predicate = (!icmp_ln1027)> <Delay = 0.00>
ST_20 : Operation 148 [2/2] (6.91ns)   --->   "%res = mul i52 %sext_ln11_1, i52 %sext_ln11" [HLS_Optimized/conv2d.cpp:11]   --->   Operation 148 'mul' 'res' <Predicate = (!icmp_ln1027)> <Delay = 6.91> <CoreInst = "Multiplier">   --->   Core 3 'Multiplier' <Latency = 1> <II = 1> <Delay = 6.91> <FuncUnit> <Opcode : 'mul'> <InPorts = 2> <OutPorts = 1>

State 21 <SV = 20> <Delay = 6.91>
ST_21 : Operation 149 [1/2] (6.91ns)   --->   "%res = mul i52 %sext_ln11_1, i52 %sext_ln11" [HLS_Optimized/conv2d.cpp:11]   --->   Operation 149 'mul' 'res' <Predicate = (!icmp_ln1027)> <Delay = 6.91> <CoreInst = "Multiplier">   --->   Core 3 'Multiplier' <Latency = 1> <II = 1> <Delay = 6.91> <FuncUnit> <Opcode : 'mul'> <InPorts = 2> <OutPorts = 1>
ST_21 : Operation 150 [1/1] (0.00ns)   --->   "%trunc_ln2 = partselect i32 @_ssdm_op_PartSelect.i32.i52.i32.i32, i52 %res, i32 20, i32 51" [HLS_Optimized/conv2d.cpp:13]   --->   Operation 150 'partselect' 'trunc_ln2' <Predicate = (!icmp_ln1027)> <Delay = 0.00>
ST_21 : Operation 155 [1/1] (0.00ns)   --->   "%acc_load = load i32 %acc"   --->   Operation 155 'load' 'acc_load' <Predicate = (icmp_ln1027)> <Delay = 0.00>
ST_21 : Operation 156 [1/1] (0.00ns)   --->   "%write_ln0 = write void @_ssdm_op_Write.ap_auto.i32P0A, i32 %acc_2_out, i32 %acc_load"   --->   Operation 156 'write' 'write_ln0' <Predicate = (icmp_ln1027)> <Delay = 0.00>
ST_21 : Operation 157 [1/1] (0.00ns)   --->   "%ret_ln0 = ret"   --->   Operation 157 'ret' 'ret_ln0' <Predicate = (icmp_ln1027)> <Delay = 0.00>

State 22 <SV = 21> <Delay = 4.14>
ST_22 : Operation 151 [1/1] (0.00ns)   --->   "%acc_load_1 = load i32 %acc" [HLS_Optimized/conv2d.cpp:70]   --->   Operation 151 'load' 'acc_load_1' <Predicate = (!icmp_ln1027)> <Delay = 0.00>
ST_22 : Operation 152 [1/1] (0.00ns)   --->   "%specloopname_ln65 = specloopname void @_ssdm_op_SpecLoopName, void @empty_19" [HLS_Optimized/conv2d.cpp:65]   --->   Operation 152 'specloopname' 'specloopname_ln65' <Predicate = (!icmp_ln1027)> <Delay = 0.00>
ST_22 : Operation 153 [1/1] (2.55ns)   --->   "%acc_1 = add i32 %trunc_ln2, i32 %acc_load_1" [HLS_Optimized/conv2d.cpp:70]   --->   Operation 153 'add' 'acc_1' <Predicate = (!icmp_ln1027)> <Delay = 2.55> <CoreInst = "Adder">   --->   Core 1 'Adder' <Latency = 0> <II = 1> <Delay = 2.55> <FuncUnit> <Opcode : 'add' 'sub'> <InPorts = 2> <OutPorts = 1>
ST_22 : Operation 154 [1/1] (1.58ns)   --->   "%store_ln65 = store i32 %acc_1, i32 %acc" [HLS_Optimized/conv2d.cpp:65]   --->   Operation 154 'store' 'store_ln65' <Predicate = (!icmp_ln1027)> <Delay = 1.58>


============================================================
+ Verbose Summary: Timing violations
============================================================
Target clock period: 10ns, clock uncertainty: 2.7ns.

 <State 1>: 1.59ns
The critical path consists of the following:
	'alloca' operation ('indvar_flatten97') [19]  (0 ns)
	'store' operation ('store_ln0') of constant 0 on local variable 'indvar_flatten97' [36]  (1.59 ns)

 <State 2>: 6.59ns
The critical path consists of the following:
	'load' operation ('indvar_flatten53_load') on local variable 'indvar_flatten53' [46]  (0 ns)
	'add' operation ('add_ln1027_3') [126]  (3.52 ns)
	'select' operation ('select_ln1027_8') [127]  (1.48 ns)
	'store' operation ('store_ln65', HLS_Optimized/conv2d.cpp:65) of variable 'select_ln1027_8' on local variable 'indvar_flatten53' [130]  (1.59 ns)

 <State 3>: 6.91ns
The critical path consists of the following:
	'mul' operation ('empty') [51]  (6.91 ns)

 <State 4>: 7ns
The critical path consists of the following:
	'load' operation ('cx_V_load') on local variable 'cx.V' [61]  (0 ns)
	'icmp' operation ('icmp_ln1027_3') [79]  (2.47 ns)
	'select' operation ('select_ln1027_4') [80]  (0.993 ns)
	'or' operation ('or_ln1027_2') [84]  (0 ns)
	'select' operation ('select_ln1027_5') [85]  (0.978 ns)
	'add' operation ('add_ln840_2') [125]  (2.55 ns)

 <State 5>: 4.82ns
The critical path consists of the following:
	'add' operation ('empty_44') [55]  (3.47 ns)
	'select' operation ('select_ln1027_3') [77]  (0 ns)
	'select' operation ('select_ln1027_7') [97]  (1.35 ns)

 <State 6>: 6.86ns
The critical path consists of the following:
	'mul' operation ('mul_ln1027') [98]  (6.86 ns)

 <State 7>: 6.86ns
The critical path consists of the following:
	'mul' operation ('mul_ln1027') [98]  (6.86 ns)

 <State 8>: 6.86ns
The critical path consists of the following:
	'mul' operation ('mul_ln1027') [98]  (6.86 ns)

 <State 9>: 6.86ns
The critical path consists of the following:
	'mul' operation ('mul_ln1027') [98]  (6.86 ns)

 <State 10>: 6.86ns
The critical path consists of the following:
	'mul' operation ('mul_ln1027') [98]  (6.86 ns)

 <State 11>: 6.99ns
The critical path consists of the following:
	'add' operation ('add_ln1027_1') [99]  (3.47 ns)
	'add' operation ('add_ln1027_2') [101]  (3.52 ns)

 <State 12>: 7.3ns
The critical path consists of the following:
	'getelementptr' operation ('gmem_addr', HLS_Optimized/conv2d.cpp:65) [111]  (0 ns)
	bus request operation ('empty_45', HLS_Optimized/conv2d.cpp:65) on port 'gmem' (HLS_Optimized/conv2d.cpp:65) [112]  (7.3 ns)

 <State 13>: 7.3ns
The critical path consists of the following:
	bus request operation ('empty_45', HLS_Optimized/conv2d.cpp:65) on port 'gmem' (HLS_Optimized/conv2d.cpp:65) [112]  (7.3 ns)

 <State 14>: 7.3ns
The critical path consists of the following:
	bus request operation ('empty_45', HLS_Optimized/conv2d.cpp:65) on port 'gmem' (HLS_Optimized/conv2d.cpp:65) [112]  (7.3 ns)

 <State 15>: 7.3ns
The critical path consists of the following:
	bus request operation ('empty_45', HLS_Optimized/conv2d.cpp:65) on port 'gmem' (HLS_Optimized/conv2d.cpp:65) [112]  (7.3 ns)

 <State 16>: 7.3ns
The critical path consists of the following:
	bus request operation ('empty_45', HLS_Optimized/conv2d.cpp:65) on port 'gmem' (HLS_Optimized/conv2d.cpp:65) [112]  (7.3 ns)

 <State 17>: 7.3ns
The critical path consists of the following:
	bus request operation ('empty_45', HLS_Optimized/conv2d.cpp:65) on port 'gmem' (HLS_Optimized/conv2d.cpp:65) [112]  (7.3 ns)

 <State 18>: 7.3ns
The critical path consists of the following:
	bus request operation ('empty_45', HLS_Optimized/conv2d.cpp:65) on port 'gmem' (HLS_Optimized/conv2d.cpp:65) [112]  (7.3 ns)

 <State 19>: 7.3ns
The critical path consists of the following:
	bus read operation ('pixelValue', HLS_Optimized/conv2d.cpp:69) on port 'gmem' (HLS_Optimized/conv2d.cpp:69) [119]  (7.3 ns)

 <State 20>: 6.91ns
The critical path consists of the following:
	'mul' operation ('res', HLS_Optimized/conv2d.cpp:11) [122]  (6.91 ns)

 <State 21>: 6.91ns
The critical path consists of the following:
	'mul' operation ('res', HLS_Optimized/conv2d.cpp:11) [122]  (6.91 ns)

 <State 22>: 4.14ns
The critical path consists of the following:
	'load' operation ('acc_load_1', HLS_Optimized/conv2d.cpp:70) on local variable 'acc' [115]  (0 ns)
	'add' operation ('acc', HLS_Optimized/conv2d.cpp:70) [124]  (2.55 ns)
	'store' operation ('store_ln65', HLS_Optimized/conv2d.cpp:65) of variable 'acc', HLS_Optimized/conv2d.cpp:70 on local variable 'acc' [133]  (1.59 ns)


============================================================
+ Verbose Summary: Binding
============================================================
N/A
* FSMD analyzer results:
  - Output states:
 - Input state : 
  - Chain level:
	State 1
	State 2
	State 3
	State 4
	State 5
	State 6
	State 7
	State 8
	State 9
	State 10
	State 11
	State 12
	State 13
	State 14
	State 15
	State 16
	State 17
	State 18
	State 19
	State 20
	State 21
	State 22


============================================================
+ Verbose Summary: Datapath Resource usage 
============================================================
N/A
