

================================================================
== Vitis HLS Report for 'Conv2D_HW_Pipeline_VITIS_LOOP_68_8'
================================================================
* Date:           Tue Apr  1 19:50:27 2025

* Version:        2022.2 (Build 3670227 on Oct 13 2022)
* Project:        Vitis_Midterm
* Solution:       solution1 (Vivado IP Flow Target)
* Product family: zynq
* Target device:  xc7z020-clg400-1


================================================================
== Performance Estimates
================================================================
+ Timing: 
    * Summary: 
    +--------+----------+----------+------------+
    |  Clock |  Target  | Estimated| Uncertainty|
    +--------+----------+----------+------------+
    |ap_clk  |  10.00 ns|  8.584 ns|     2.70 ns|
    +--------+----------+----------+------------+

+ Latency: 
    * Summary: 
    +---------+---------+----------+----------+-----+-----+---------+
    |  Latency (cycles) |  Latency (absolute) |  Interval | Pipeline|
    |   min   |   max   |    min   |    max   | min | max |   Type  |
    +---------+---------+----------+----------+-----+-----+---------+
    |        ?|        ?|         ?|         ?|    ?|    ?|       no|
    +---------+---------+----------+----------+-----+-----+---------+

    + Detail: 
        * Instance: 
        N/A

        * Loop: 
        +---------------------------------------------------+---------+---------+----------+-----------+-----------+------+----------+
        |                                                   |  Latency (cycles) | Iteration|  Initiation Interval  | Trip |          |
        |                     Loop Name                     |   min   |   max   |  Latency |  achieved |   target  | Count| Pipelined|
        +---------------------------------------------------+---------+---------+----------+-----------+-----------+------+----------+
        |- VITIS_LOOP_63_6_VITIS_LOOP_66_7_VITIS_LOOP_68_8  |        ?|        ?|        16|          1|          1|     ?|       yes|
        +---------------------------------------------------+---------+---------+----------+-----------+-----------+------+----------+

============================================================
+ Verbose Summary: Synthesis Manager
============================================================
InlineROM: 1
ExposeGlobal: 0
============================================================
+ Verbose Summary: CDFG Model
============================================================
IsTopModel: 0
ResetActiveHigh: 1
IsCombinational: 0
IsDatapathOnly: 0
HasWiredReturn: 1
HasMFsm: 2
HasVarLatency: 1
IsPipeline: 0
IsRtlPipelined: 0
IsInstanceOverlapped: 0
IsDontTouch: 0
HasImplIP: 0
IsGatedGlobalClock: 0

+ Individual pipeline summary: 
  * Pipeline-0: initiation interval (II) = 1, depth = 17


============================================================
+ Verbose Summary: Schedule
============================================================
* Number of FSM states : 17
* Pipeline : 1
  Pipeline-0 : II = 1, D = 17, States = { 1 2 3 4 5 6 7 8 9 10 11 12 13 14 15 16 17 }
* Dataflow Pipeline: 0

* FSM state transitions: 
1 --> 2 
2 --> 3 
3 --> 4 
4 --> 5 
5 --> 6 
6 --> 7 
7 --> 8 
8 --> 9 
9 --> 10 
10 --> 11 
11 --> 12 
12 --> 13 
13 --> 14 
14 --> 15 
15 --> 16 
16 --> 17 
17 --> 

* FSM state operations: 

State 1 <SV = 0> <Delay = 1.58>
ST_1 : Operation 19 [1/1] (0.00ns)   --->   "%x = alloca i32 1"   --->   Operation 19 'alloca' 'x' <Predicate = true> <Delay = 0.00>
ST_1 : Operation 20 [1/1] (0.00ns)   --->   "%iChannel_1 = alloca i32 1"   --->   Operation 20 'alloca' 'iChannel_1' <Predicate = true> <Delay = 0.00>
ST_1 : Operation 21 [1/1] (0.00ns)   --->   "%indvar_flatten64 = alloca i32 1"   --->   Operation 21 'alloca' 'indvar_flatten64' <Predicate = true> <Delay = 0.00>
ST_1 : Operation 22 [1/1] (0.00ns)   --->   "%cy_1 = alloca i32 1"   --->   Operation 22 'alloca' 'cy_1' <Predicate = true> <Delay = 0.00>
ST_1 : Operation 23 [1/1] (0.00ns)   --->   "%indvar_flatten103 = alloca i32 1"   --->   Operation 23 'alloca' 'indvar_flatten103' <Predicate = true> <Delay = 0.00>
ST_1 : Operation 24 [1/1] (0.00ns)   --->   "%specinterface_ln0 = specinterface void @_ssdm_op_SpecInterface, i32 %gmem, void @empty_23, i32 0, i32 0, void @empty_17, i32 0, i32 200000, void @empty_21, void @empty_16, void @empty_17, i32 16, i32 16, i32 16, i32 16, void @empty_17, void @empty_17, i32 4294967295, i32 0"   --->   Operation 24 'specinterface' 'specinterface_ln0' <Predicate = true> <Delay = 0.00>
ST_1 : Operation 25 [1/1] (0.00ns)   --->   "%input_r_read = read i64 @_ssdm_op_Read.ap_auto.i64, i64 %input_r"   --->   Operation 25 'read' 'input_r_read' <Predicate = true> <Delay = 0.00>
ST_1 : Operation 26 [1/1] (0.00ns)   --->   "%icmp_ln68_1_read = read i1 @_ssdm_op_Read.ap_auto.i1, i1 %icmp_ln68_1"   --->   Operation 26 'read' 'icmp_ln68_1_read' <Predicate = true> <Delay = 0.00>
ST_1 : Operation 27 [1/1] (0.00ns)   --->   "%mul_ln17_2_read = read i64 @_ssdm_op_Read.ap_auto.i64, i64 %mul_ln17_2"   --->   Operation 27 'read' 'mul_ln17_2_read' <Predicate = true> <Delay = 0.00>
ST_1 : Operation 28 [1/1] (0.00ns)   --->   "%mul_ln17_3_read = read i96 @_ssdm_op_Read.ap_auto.i96, i96 %mul_ln17_3"   --->   Operation 28 'read' 'mul_ln17_3_read' <Predicate = true> <Delay = 0.00>
ST_1 : Operation 29 [1/1] (0.00ns)   --->   "%trunc_ln_read = read i12 @_ssdm_op_Read.ap_auto.i12, i12 %trunc_ln"   --->   Operation 29 'read' 'trunc_ln_read' <Predicate = true> <Delay = 0.00>
ST_1 : Operation 30 [1/1] (0.00ns)   --->   "%inputHeight_read = read i32 @_ssdm_op_Read.ap_auto.i32, i32 %inputHeight"   --->   Operation 30 'read' 'inputHeight_read' <Predicate = true> <Delay = 0.00>
ST_1 : Operation 31 [1/1] (0.00ns)   --->   "%inputWidth_read = read i32 @_ssdm_op_Read.ap_auto.i32, i32 %inputWidth"   --->   Operation 31 'read' 'inputWidth_read' <Predicate = true> <Delay = 0.00>
ST_1 : Operation 32 [1/1] (0.00ns)   --->   "%y_read = read i32 @_ssdm_op_Read.ap_auto.i32, i32 %y"   --->   Operation 32 'read' 'y_read' <Predicate = true> <Delay = 0.00>
ST_1 : Operation 33 [1/1] (1.58ns)   --->   "%store_ln0 = store i96 0, i96 %indvar_flatten103"   --->   Operation 33 'store' 'store_ln0' <Predicate = true> <Delay = 1.58>
ST_1 : Operation 34 [1/1] (1.58ns)   --->   "%store_ln0 = store i32 0, i32 %cy_1"   --->   Operation 34 'store' 'store_ln0' <Predicate = true> <Delay = 1.58>
ST_1 : Operation 35 [1/1] (1.58ns)   --->   "%store_ln0 = store i64 0, i64 %indvar_flatten64"   --->   Operation 35 'store' 'store_ln0' <Predicate = true> <Delay = 1.58>
ST_1 : Operation 36 [1/1] (1.58ns)   --->   "%store_ln0 = store i32 0, i32 %iChannel_1"   --->   Operation 36 'store' 'store_ln0' <Predicate = true> <Delay = 1.58>
ST_1 : Operation 37 [1/1] (1.58ns)   --->   "%store_ln0 = store i32 0, i32 %x"   --->   Operation 37 'store' 'store_ln0' <Predicate = true> <Delay = 1.58>
ST_1 : Operation 38 [1/1] (1.58ns)   --->   "%br_ln0 = br void %for.inc68"   --->   Operation 38 'br' 'br_ln0' <Predicate = true> <Delay = 1.58>

State 2 <SV = 1> <Delay = 6.58>
ST_2 : Operation 39 [1/1] (0.00ns)   --->   "%indvar_flatten64_load = load i64 %indvar_flatten64" [HLS_Optimized/conv2d.cpp:66]   --->   Operation 39 'load' 'indvar_flatten64_load' <Predicate = true> <Delay = 0.00>
ST_2 : Operation 40 [1/1] (0.00ns)   --->   "%indvar_flatten103_load = load i96 %indvar_flatten103" [HLS_Optimized/conv2d.cpp:63]   --->   Operation 40 'load' 'indvar_flatten103_load' <Predicate = true> <Delay = 0.00>
ST_2 : Operation 41 [1/1] (3.12ns)   --->   "%icmp_ln63 = icmp_eq  i96 %indvar_flatten103_load, i96 %mul_ln17_3_read" [HLS_Optimized/conv2d.cpp:63]   --->   Operation 41 'icmp' 'icmp_ln63' <Predicate = true> <Delay = 3.12> <CoreInst = "Cmp">   --->   Core 9 'Cmp' <Latency = 0> <II = 1> <Delay = 3.12> <FuncUnit> <Opcode : 'icmp'> <InPorts = 2> <OutPorts = 1>
ST_2 : Operation 42 [1/1] (4.43ns)   --->   "%add_ln63_3 = add i96 %indvar_flatten103_load, i96 1" [HLS_Optimized/conv2d.cpp:63]   --->   Operation 42 'add' 'add_ln63_3' <Predicate = true> <Delay = 4.43> <CoreInst = "Adder">   --->   Core 1 'Adder' <Latency = 0> <II = 1> <Delay = 4.43> <FuncUnit> <Opcode : 'add' 'sub'> <InPorts = 2> <OutPorts = 1>
ST_2 : Operation 43 [1/1] (0.00ns)   --->   "%br_ln63 = br i1 %icmp_ln63, void %for.inc74.loopexit, void %VITIS_LOOP_76_9.loopexit.exitStub" [HLS_Optimized/conv2d.cpp:63]   --->   Operation 43 'br' 'br_ln63' <Predicate = true> <Delay = 0.00>
ST_2 : Operation 44 [1/1] (2.77ns)   --->   "%icmp_ln66 = icmp_eq  i64 %indvar_flatten64_load, i64 %mul_ln17_2_read" [HLS_Optimized/conv2d.cpp:66]   --->   Operation 44 'icmp' 'icmp_ln66' <Predicate = (!icmp_ln63)> <Delay = 2.77> <CoreInst = "Cmp">   --->   Core 9 'Cmp' <Latency = 0> <II = 1> <Delay = 2.77> <FuncUnit> <Opcode : 'icmp'> <InPorts = 2> <OutPorts = 1>
ST_2 : Operation 45 [1/1] (3.52ns)   --->   "%add_ln66_4 = add i64 %indvar_flatten64_load, i64 1" [HLS_Optimized/conv2d.cpp:66]   --->   Operation 45 'add' 'add_ln66_4' <Predicate = (!icmp_ln63)> <Delay = 3.52> <CoreInst = "Adder">   --->   Core 1 'Adder' <Latency = 0> <II = 1> <Delay = 3.52> <FuncUnit> <Opcode : 'add' 'sub'> <InPorts = 2> <OutPorts = 1>
ST_2 : Operation 46 [1/1] (1.48ns)   --->   "%select_ln66_4 = select i1 %icmp_ln66, i64 1, i64 %add_ln66_4" [HLS_Optimized/conv2d.cpp:66]   --->   Operation 46 'select' 'select_ln66_4' <Predicate = (!icmp_ln63)> <Delay = 1.48> <CoreInst = "Sel">   --->   Core 73 'Sel' <Latency = 0> <II = 1> <Delay = 1.48> <FuncUnit> <Opcode : 'select'> <InPorts = 3> <OutPorts = 1>
ST_2 : Operation 47 [1/1] (1.58ns)   --->   "%store_ln68 = store i96 %add_ln63_3, i96 %indvar_flatten103" [HLS_Optimized/conv2d.cpp:68]   --->   Operation 47 'store' 'store_ln68' <Predicate = (!icmp_ln63)> <Delay = 1.58>
ST_2 : Operation 48 [1/1] (1.58ns)   --->   "%store_ln68 = store i64 %select_ln66_4, i64 %indvar_flatten64" [HLS_Optimized/conv2d.cpp:68]   --->   Operation 48 'store' 'store_ln68' <Predicate = (!icmp_ln63)> <Delay = 1.58>
ST_2 : Operation 49 [1/1] (0.00ns)   --->   "%br_ln68 = br void %for.inc68" [HLS_Optimized/conv2d.cpp:68]   --->   Operation 49 'br' 'br_ln68' <Predicate = (!icmp_ln63)> <Delay = 0.00>

State 3 <SV = 2> <Delay = 8.58>
ST_3 : Operation 50 [1/1] (0.00ns)   --->   "%first_iter_1 = phi i1 1, void %newFuncRoot, i1 0, void %arrayidx678.exit"   --->   Operation 50 'phi' 'first_iter_1' <Predicate = true> <Delay = 0.00>
ST_3 : Operation 51 [1/1] (0.00ns)   --->   "%iChannel = load i32 %iChannel_1" [HLS_Optimized/conv2d.cpp:66]   --->   Operation 51 'load' 'iChannel' <Predicate = true> <Delay = 0.00>
ST_3 : Operation 52 [1/1] (0.00ns)   --->   "%trunc_ln66 = trunc i32 %iChannel" [HLS_Optimized/conv2d.cpp:66]   --->   Operation 52 'trunc' 'trunc_ln66' <Predicate = (!icmp_ln66)> <Delay = 0.00>
ST_3 : Operation 53 [1/1] (0.00ns)   --->   "%x_load = load i32 %x" [HLS_Optimized/conv2d.cpp:68]   --->   Operation 53 'load' 'x_load' <Predicate = (!icmp_ln63)> <Delay = 0.00>
ST_3 : Operation 54 [1/1] (0.69ns)   --->   "%select_ln63 = select i1 %icmp_ln66, i32 0, i32 %iChannel" [HLS_Optimized/conv2d.cpp:63]   --->   Operation 54 'select' 'select_ln63' <Predicate = (!icmp_ln63)> <Delay = 0.69> <CoreInst = "Sel">   --->   Core 73 'Sel' <Latency = 0> <II = 1> <Delay = 0.69> <FuncUnit> <Opcode : 'select'> <InPorts = 3> <OutPorts = 1>
ST_3 : Operation 55 [1/1] (0.00ns) (grouped into LUT with out node or_ln66)   --->   "%or_ln63 = or i1 %icmp_ln66, i1 %first_iter_1" [HLS_Optimized/conv2d.cpp:63]   --->   Operation 55 'or' 'or_ln63' <Predicate = (!icmp_ln63)> <Delay = 0.00> <CoreInst = "LogicGate">   --->   Core 74 'LogicGate' <Latency = 0> <II = 1> <Delay = 0.97> <FuncUnit> <Opcode : 'and' 'or' 'xor'> <InPorts = 2> <OutPorts = 1>
ST_3 : Operation 56 [1/1] (2.47ns)   --->   "%icmp_ln68 = icmp_eq  i32 %x_load, i32 %inputWidth_read" [HLS_Optimized/conv2d.cpp:68]   --->   Operation 56 'icmp' 'icmp_ln68' <Predicate = (!icmp_ln63 & !icmp_ln66)> <Delay = 2.47> <CoreInst = "Cmp">   --->   Core 9 'Cmp' <Latency = 0> <II = 1> <Delay = 2.47> <FuncUnit> <Opcode : 'icmp'> <InPorts = 2> <OutPorts = 1>
ST_3 : Operation 57 [1/1] (0.99ns)   --->   "%select_ln63_4 = select i1 %icmp_ln66, i1 %icmp_ln68_1_read, i1 %icmp_ln68" [HLS_Optimized/conv2d.cpp:63]   --->   Operation 57 'select' 'select_ln63_4' <Predicate = (!icmp_ln63)> <Delay = 0.99> <CoreInst = "Sel">   --->   Core 73 'Sel' <Latency = 0> <II = 1> <Delay = 0.99> <FuncUnit> <Opcode : 'select'> <InPorts = 3> <OutPorts = 1>
ST_3 : Operation 58 [1/1] (2.55ns)   --->   "%add_ln66_1 = add i32 %select_ln63, i32 1" [HLS_Optimized/conv2d.cpp:66]   --->   Operation 58 'add' 'add_ln66_1' <Predicate = (!icmp_ln63)> <Delay = 2.55> <CoreInst = "Adder">   --->   Core 1 'Adder' <Latency = 0> <II = 1> <Delay = 2.55> <FuncUnit> <Opcode : 'add' 'sub'> <InPorts = 2> <OutPorts = 1>
ST_3 : Operation 59 [1/1] (0.97ns) (out node of the LUT)   --->   "%or_ln66 = or i1 %select_ln63_4, i1 %or_ln63" [HLS_Optimized/conv2d.cpp:66]   --->   Operation 59 'or' 'or_ln66' <Predicate = (!icmp_ln63)> <Delay = 0.97> <CoreInst = "LogicGate">   --->   Core 74 'LogicGate' <Latency = 0> <II = 1> <Delay = 0.97> <FuncUnit> <Opcode : 'and' 'or' 'xor'> <InPorts = 2> <OutPorts = 1>
ST_3 : Operation 60 [1/1] (0.00ns) (grouped into LUT with out node select_ln66)   --->   "%or_ln66_1 = or i1 %select_ln63_4, i1 %icmp_ln66" [HLS_Optimized/conv2d.cpp:66]   --->   Operation 60 'or' 'or_ln66_1' <Predicate = (!icmp_ln63)> <Delay = 0.00> <CoreInst = "LogicGate">   --->   Core 74 'LogicGate' <Latency = 0> <II = 1> <Delay = 0.97> <FuncUnit> <Opcode : 'and' 'or' 'xor'> <InPorts = 2> <OutPorts = 1>
ST_3 : Operation 61 [1/1] (0.97ns) (out node of the LUT)   --->   "%select_ln66 = select i1 %or_ln66_1, i32 0, i32 %x_load" [HLS_Optimized/conv2d.cpp:66]   --->   Operation 61 'select' 'select_ln66' <Predicate = (!icmp_ln63)> <Delay = 0.97> <CoreInst = "Sel">   --->   Core 73 'Sel' <Latency = 0> <II = 1> <Delay = 0.69> <FuncUnit> <Opcode : 'select'> <InPorts = 3> <OutPorts = 1>
ST_3 : Operation 62 [1/1] (0.00ns)   --->   "%trunc_ln66_1 = trunc i32 %add_ln66_1" [HLS_Optimized/conv2d.cpp:66]   --->   Operation 62 'trunc' 'trunc_ln66_1' <Predicate = (!icmp_ln63)> <Delay = 0.00>
ST_3 : Operation 63 [1/1] (0.69ns)   --->   "%select_ln66_3 = select i1 %select_ln63_4, i32 %add_ln66_1, i32 %select_ln63" [HLS_Optimized/conv2d.cpp:66]   --->   Operation 63 'select' 'select_ln66_3' <Predicate = (!icmp_ln63)> <Delay = 0.69> <CoreInst = "Sel">   --->   Core 73 'Sel' <Latency = 0> <II = 1> <Delay = 0.69> <FuncUnit> <Opcode : 'select'> <InPorts = 3> <OutPorts = 1>
ST_3 : Operation 64 [1/1] (0.00ns)   --->   "%br_ln68 = br i1 %or_ln66, void %for.inc68.split, void %for.first.iter.for.inc68" [HLS_Optimized/conv2d.cpp:68]   --->   Operation 64 'br' 'br_ln68' <Predicate = (!icmp_ln63)> <Delay = 0.00>
ST_3 : Operation 65 [1/1] (0.00ns)   --->   "%trunc_ln70 = trunc i32 %select_ln66" [HLS_Optimized/conv2d.cpp:70]   --->   Operation 65 'trunc' 'trunc_ln70' <Predicate = (!icmp_ln63)> <Delay = 0.00>
ST_3 : Operation 66 [1/1] (2.55ns)   --->   "%add_ln68 = add i32 %select_ln66, i32 1" [HLS_Optimized/conv2d.cpp:68]   --->   Operation 66 'add' 'add_ln68' <Predicate = (!icmp_ln63)> <Delay = 2.55> <CoreInst = "Adder">   --->   Core 1 'Adder' <Latency = 0> <II = 1> <Delay = 2.55> <FuncUnit> <Opcode : 'add' 'sub'> <InPorts = 2> <OutPorts = 1>
ST_3 : Operation 67 [1/1] (1.58ns)   --->   "%store_ln68 = store i32 %select_ln66_3, i32 %iChannel_1" [HLS_Optimized/conv2d.cpp:68]   --->   Operation 67 'store' 'store_ln68' <Predicate = (!icmp_ln63)> <Delay = 1.58>
ST_3 : Operation 68 [1/1] (1.58ns)   --->   "%store_ln68 = store i32 %add_ln68, i32 %x" [HLS_Optimized/conv2d.cpp:68]   --->   Operation 68 'store' 'store_ln68' <Predicate = (!icmp_ln63)> <Delay = 1.58>

State 4 <SV = 3> <Delay = 6.91>
ST_4 : Operation 69 [2/2] (6.91ns)   --->   "%mul_ln66_1 = mul i32 %iChannel, i32 %inputWidth_read" [HLS_Optimized/conv2d.cpp:66]   --->   Operation 69 'mul' 'mul_ln66_1' <Predicate = (!icmp_ln66 & !select_ln63_4)> <Delay = 6.91> <CoreInst = "Multiplier">   --->   Core 3 'Multiplier' <Latency = 1> <II = 1> <Delay = 6.91> <FuncUnit> <Opcode : 'mul'> <InPorts = 2> <OutPorts = 1>
ST_4 : Operation 70 [4/4] (2.15ns) (root node of the DSP)   --->   "%mul_ln68 = mul i12 %trunc_ln66, i12 %trunc_ln_read" [HLS_Optimized/conv2d.cpp:68]   --->   Operation 70 'mul' 'mul_ln68' <Predicate = (!icmp_ln66 & !select_ln63_4)> <Delay = 2.15> <CoreInst = "DSP48">   --->   Core 119 'DSP48' <Latency = 3> <II = 1> <Delay = 2.15> <IPBlock> <Opcode : 'mul' 'add' 'sub' 'select'> <InPorts = 0> <OutPorts = 1> <Sync> <CReg>
ST_4 : Operation 71 [2/2] (6.91ns)   --->   "%mul_ln66_2 = mul i32 %add_ln66_1, i32 %inputWidth_read" [HLS_Optimized/conv2d.cpp:66]   --->   Operation 71 'mul' 'mul_ln66_2' <Predicate = (!icmp_ln63 & select_ln63_4)> <Delay = 6.91> <CoreInst = "Multiplier">   --->   Core 3 'Multiplier' <Latency = 1> <II = 1> <Delay = 6.91> <FuncUnit> <Opcode : 'mul'> <InPorts = 2> <OutPorts = 1>
ST_4 : Operation 72 [4/4] (2.15ns) (root node of the DSP)   --->   "%mul_ln68_1 = mul i12 %trunc_ln66_1, i12 %trunc_ln_read" [HLS_Optimized/conv2d.cpp:68]   --->   Operation 72 'mul' 'mul_ln68_1' <Predicate = (!icmp_ln63 & select_ln63_4)> <Delay = 2.15> <CoreInst = "DSP48">   --->   Core 119 'DSP48' <Latency = 3> <II = 1> <Delay = 2.15> <IPBlock> <Opcode : 'mul' 'add' 'sub' 'select'> <InPorts = 0> <OutPorts = 1> <Sync> <CReg>

State 5 <SV = 4> <Delay = 6.91>
ST_5 : Operation 73 [1/1] (0.00ns)   --->   "%cy = load i32 %cy_1" [HLS_Optimized/conv2d.cpp:63]   --->   Operation 73 'load' 'cy' <Predicate = true> <Delay = 0.00>
ST_5 : Operation 74 [1/1] (2.55ns)   --->   "%add_ln63 = add i32 %cy, i32 %y_read" [HLS_Optimized/conv2d.cpp:63]   --->   Operation 74 'add' 'add_ln63' <Predicate = true> <Delay = 2.55> <CoreInst = "Adder">   --->   Core 1 'Adder' <Latency = 0> <II = 1> <Delay = 2.55> <FuncUnit> <Opcode : 'add' 'sub'> <InPorts = 2> <OutPorts = 1>
ST_5 : Operation 75 [1/2] (6.91ns)   --->   "%mul_ln66_1 = mul i32 %iChannel, i32 %inputWidth_read" [HLS_Optimized/conv2d.cpp:66]   --->   Operation 75 'mul' 'mul_ln66_1' <Predicate = (!icmp_ln66 & !select_ln63_4)> <Delay = 6.91> <CoreInst = "Multiplier">   --->   Core 3 'Multiplier' <Latency = 1> <II = 1> <Delay = 6.91> <FuncUnit> <Opcode : 'mul'> <InPorts = 2> <OutPorts = 1>
ST_5 : Operation 76 [3/4] (2.15ns) (root node of the DSP)   --->   "%mul_ln68 = mul i12 %trunc_ln66, i12 %trunc_ln_read" [HLS_Optimized/conv2d.cpp:68]   --->   Operation 76 'mul' 'mul_ln68' <Predicate = (!icmp_ln66 & !select_ln63_4)> <Delay = 2.15> <CoreInst = "DSP48">   --->   Core 119 'DSP48' <Latency = 3> <II = 1> <Delay = 2.15> <IPBlock> <Opcode : 'mul' 'add' 'sub' 'select'> <InPorts = 0> <OutPorts = 1> <Sync> <CReg>
ST_5 : Operation 77 [1/1] (2.55ns)   --->   "%add_ln63_1 = add i32 %cy, i32 1" [HLS_Optimized/conv2d.cpp:63]   --->   Operation 77 'add' 'add_ln63_1' <Predicate = (!icmp_ln63)> <Delay = 2.55> <CoreInst = "Adder">   --->   Core 1 'Adder' <Latency = 0> <II = 1> <Delay = 2.55> <FuncUnit> <Opcode : 'add' 'sub'> <InPorts = 2> <OutPorts = 1>
ST_5 : Operation 78 [1/1] (2.55ns)   --->   "%add_ln63_2 = add i32 %add_ln63_1, i32 %y_read" [HLS_Optimized/conv2d.cpp:63]   --->   Operation 78 'add' 'add_ln63_2' <Predicate = (!icmp_ln63)> <Delay = 2.55> <CoreInst = "Adder">   --->   Core 1 'Adder' <Latency = 0> <II = 1> <Delay = 2.55> <FuncUnit> <Opcode : 'add' 'sub'> <InPorts = 2> <OutPorts = 1>
ST_5 : Operation 79 [1/1] (0.69ns)   --->   "%select_ln63_1 = select i1 %icmp_ln66, i32 %add_ln63_1, i32 %cy" [HLS_Optimized/conv2d.cpp:63]   --->   Operation 79 'select' 'select_ln63_1' <Predicate = (!icmp_ln63)> <Delay = 0.69> <CoreInst = "Sel">   --->   Core 73 'Sel' <Latency = 0> <II = 1> <Delay = 0.69> <FuncUnit> <Opcode : 'select'> <InPorts = 3> <OutPorts = 1>
ST_5 : Operation 80 [1/1] (0.00ns)   --->   "%trunc_ln63 = trunc i32 %select_ln63_1" [HLS_Optimized/conv2d.cpp:63]   --->   Operation 80 'trunc' 'trunc_ln63' <Predicate = (!icmp_ln63)> <Delay = 0.00>
ST_5 : Operation 81 [1/2] (6.91ns)   --->   "%mul_ln66_2 = mul i32 %add_ln66_1, i32 %inputWidth_read" [HLS_Optimized/conv2d.cpp:66]   --->   Operation 81 'mul' 'mul_ln66_2' <Predicate = (!icmp_ln63 & select_ln63_4)> <Delay = 6.91> <CoreInst = "Multiplier">   --->   Core 3 'Multiplier' <Latency = 1> <II = 1> <Delay = 6.91> <FuncUnit> <Opcode : 'mul'> <InPorts = 2> <OutPorts = 1>
ST_5 : Operation 82 [3/4] (2.15ns) (root node of the DSP)   --->   "%mul_ln68_1 = mul i12 %trunc_ln66_1, i12 %trunc_ln_read" [HLS_Optimized/conv2d.cpp:68]   --->   Operation 82 'mul' 'mul_ln68_1' <Predicate = (!icmp_ln63 & select_ln63_4)> <Delay = 2.15> <CoreInst = "DSP48">   --->   Core 119 'DSP48' <Latency = 3> <II = 1> <Delay = 2.15> <IPBlock> <Opcode : 'mul' 'add' 'sub' 'select'> <InPorts = 0> <OutPorts = 1> <Sync> <CReg>
ST_5 : Operation 83 [1/1] (0.95ns)   --->   "%switch_ln70 = switch i2 %trunc_ln63, void %arrayidx678.case.2, i2 0, void %arrayidx678.case.0, i2 1, void %arrayidx678.case.1" [HLS_Optimized/conv2d.cpp:70]   --->   Operation 83 'switch' 'switch_ln70' <Predicate = (!icmp_ln63)> <Delay = 0.95>
ST_5 : Operation 84 [1/1] (1.58ns)   --->   "%store_ln68 = store i32 %select_ln63_1, i32 %cy_1" [HLS_Optimized/conv2d.cpp:68]   --->   Operation 84 'store' 'store_ln68' <Predicate = (!icmp_ln63)> <Delay = 1.58>

State 6 <SV = 5> <Delay = 6.91>
ST_6 : Operation 85 [2/2] (6.91ns)   --->   "%mul_ln63 = mul i32 %add_ln63, i32 %inputWidth_read" [HLS_Optimized/conv2d.cpp:63]   --->   Operation 85 'mul' 'mul_ln63' <Predicate = true> <Delay = 6.91> <CoreInst = "Multiplier">   --->   Core 3 'Multiplier' <Latency = 1> <II = 1> <Delay = 6.91> <FuncUnit> <Opcode : 'mul'> <InPorts = 2> <OutPorts = 1>
ST_6 : Operation 86 [2/2] (6.91ns)   --->   "%mul_ln66 = mul i32 %mul_ln66_1, i32 %inputHeight_read" [HLS_Optimized/conv2d.cpp:66]   --->   Operation 86 'mul' 'mul_ln66' <Predicate = (!icmp_ln66 & !select_ln63_4)> <Delay = 6.91> <CoreInst = "Multiplier">   --->   Core 3 'Multiplier' <Latency = 1> <II = 1> <Delay = 6.91> <FuncUnit> <Opcode : 'mul'> <InPorts = 2> <OutPorts = 1>
ST_6 : Operation 87 [2/4] (2.15ns) (root node of the DSP)   --->   "%mul_ln68 = mul i12 %trunc_ln66, i12 %trunc_ln_read" [HLS_Optimized/conv2d.cpp:68]   --->   Operation 87 'mul' 'mul_ln68' <Predicate = (!icmp_ln66 & !select_ln63_4)> <Delay = 2.15> <CoreInst = "DSP48">   --->   Core 119 'DSP48' <Latency = 3> <II = 1> <Delay = 2.15> <IPBlock> <Opcode : 'mul' 'add' 'sub' 'select'> <InPorts = 0> <OutPorts = 1> <Sync> <CReg>
ST_6 : Operation 88 [2/2] (6.91ns)   --->   "%mul_ln63_1 = mul i32 %add_ln63_2, i32 %inputWidth_read" [HLS_Optimized/conv2d.cpp:63]   --->   Operation 88 'mul' 'mul_ln63_1' <Predicate = (!icmp_ln63)> <Delay = 6.91> <CoreInst = "Multiplier">   --->   Core 3 'Multiplier' <Latency = 1> <II = 1> <Delay = 6.91> <FuncUnit> <Opcode : 'mul'> <InPorts = 2> <OutPorts = 1>
ST_6 : Operation 89 [2/2] (6.91ns)   --->   "%mul_ln66_3 = mul i32 %mul_ln66_2, i32 %inputHeight_read" [HLS_Optimized/conv2d.cpp:66]   --->   Operation 89 'mul' 'mul_ln66_3' <Predicate = (!icmp_ln63 & select_ln63_4)> <Delay = 6.91> <CoreInst = "Multiplier">   --->   Core 3 'Multiplier' <Latency = 1> <II = 1> <Delay = 6.91> <FuncUnit> <Opcode : 'mul'> <InPorts = 2> <OutPorts = 1>
ST_6 : Operation 90 [2/4] (2.15ns) (root node of the DSP)   --->   "%mul_ln68_1 = mul i12 %trunc_ln66_1, i12 %trunc_ln_read" [HLS_Optimized/conv2d.cpp:68]   --->   Operation 90 'mul' 'mul_ln68_1' <Predicate = (!icmp_ln63 & select_ln63_4)> <Delay = 2.15> <CoreInst = "DSP48">   --->   Core 119 'DSP48' <Latency = 3> <II = 1> <Delay = 2.15> <IPBlock> <Opcode : 'mul' 'add' 'sub' 'select'> <InPorts = 0> <OutPorts = 1> <Sync> <CReg>

State 7 <SV = 6> <Delay = 6.91>
ST_7 : Operation 91 [1/2] (6.91ns)   --->   "%mul_ln63 = mul i32 %add_ln63, i32 %inputWidth_read" [HLS_Optimized/conv2d.cpp:63]   --->   Operation 91 'mul' 'mul_ln63' <Predicate = true> <Delay = 6.91> <CoreInst = "Multiplier">   --->   Core 3 'Multiplier' <Latency = 1> <II = 1> <Delay = 6.91> <FuncUnit> <Opcode : 'mul'> <InPorts = 2> <OutPorts = 1>
ST_7 : Operation 92 [1/2] (6.91ns)   --->   "%mul_ln66 = mul i32 %mul_ln66_1, i32 %inputHeight_read" [HLS_Optimized/conv2d.cpp:66]   --->   Operation 92 'mul' 'mul_ln66' <Predicate = (!icmp_ln66 & !select_ln63_4)> <Delay = 6.91> <CoreInst = "Multiplier">   --->   Core 3 'Multiplier' <Latency = 1> <II = 1> <Delay = 6.91> <FuncUnit> <Opcode : 'mul'> <InPorts = 2> <OutPorts = 1>
ST_7 : Operation 93 [1/4] (0.00ns) (root node of the DSP)   --->   "%mul_ln68 = mul i12 %trunc_ln66, i12 %trunc_ln_read" [HLS_Optimized/conv2d.cpp:68]   --->   Operation 93 'mul' 'mul_ln68' <Predicate = (!icmp_ln66 & !select_ln63_4)> <Delay = 0.00> <CoreInst = "DSP48">   --->   Core 119 'DSP48' <Latency = 3> <II = 1> <Delay = 2.15> <IPBlock> <Opcode : 'mul' 'add' 'sub' 'select'> <InPorts = 0> <OutPorts = 1> <Sync> <CReg>
ST_7 : Operation 94 [1/2] (6.91ns)   --->   "%mul_ln63_1 = mul i32 %add_ln63_2, i32 %inputWidth_read" [HLS_Optimized/conv2d.cpp:63]   --->   Operation 94 'mul' 'mul_ln63_1' <Predicate = (!icmp_ln63)> <Delay = 6.91> <CoreInst = "Multiplier">   --->   Core 3 'Multiplier' <Latency = 1> <II = 1> <Delay = 6.91> <FuncUnit> <Opcode : 'mul'> <InPorts = 2> <OutPorts = 1>
ST_7 : Operation 95 [1/1] (0.00ns) (grouped into LUT with out node select_ln66_1)   --->   "%select_ln63_3 = select i1 %icmp_ln66, i12 0, i12 %mul_ln68" [HLS_Optimized/conv2d.cpp:63]   --->   Operation 95 'select' 'select_ln63_3' <Predicate = (!icmp_ln63 & !select_ln63_4)> <Delay = 0.00> <CoreInst = "Sel">   --->   Core 73 'Sel' <Latency = 0> <II = 1> <Delay = 0.69> <FuncUnit> <Opcode : 'select'> <InPorts = 3> <OutPorts = 1>
ST_7 : Operation 96 [1/2] (6.91ns)   --->   "%mul_ln66_3 = mul i32 %mul_ln66_2, i32 %inputHeight_read" [HLS_Optimized/conv2d.cpp:66]   --->   Operation 96 'mul' 'mul_ln66_3' <Predicate = (!icmp_ln63 & select_ln63_4)> <Delay = 6.91> <CoreInst = "Multiplier">   --->   Core 3 'Multiplier' <Latency = 1> <II = 1> <Delay = 6.91> <FuncUnit> <Opcode : 'mul'> <InPorts = 2> <OutPorts = 1>
ST_7 : Operation 97 [1/4] (0.00ns) (root node of the DSP)   --->   "%mul_ln68_1 = mul i12 %trunc_ln66_1, i12 %trunc_ln_read" [HLS_Optimized/conv2d.cpp:68]   --->   Operation 97 'mul' 'mul_ln68_1' <Predicate = (!icmp_ln63 & select_ln63_4)> <Delay = 0.00> <CoreInst = "DSP48">   --->   Core 119 'DSP48' <Latency = 3> <II = 1> <Delay = 2.15> <IPBlock> <Opcode : 'mul' 'add' 'sub' 'select'> <InPorts = 0> <OutPorts = 1> <Sync> <CReg>
ST_7 : Operation 98 [1/1] (0.69ns) (out node of the LUT)   --->   "%select_ln66_1 = select i1 %select_ln63_4, i12 %mul_ln68_1, i12 %select_ln63_3" [HLS_Optimized/conv2d.cpp:66]   --->   Operation 98 'select' 'select_ln66_1' <Predicate = (!icmp_ln63)> <Delay = 0.69> <CoreInst = "Sel">   --->   Core 73 'Sel' <Latency = 0> <II = 1> <Delay = 0.69> <FuncUnit> <Opcode : 'select'> <InPorts = 3> <OutPorts = 1>
ST_7 : Operation 99 [1/1] (1.54ns)   --->   "%add_ln70 = add i12 %trunc_ln70, i12 %select_ln66_1" [HLS_Optimized/conv2d.cpp:70]   --->   Operation 99 'add' 'add_ln70' <Predicate = (!icmp_ln63)> <Delay = 1.54> <CoreInst = "Adder">   --->   Core 1 'Adder' <Latency = 0> <II = 1> <Delay = 1.54> <FuncUnit> <Opcode : 'add' 'sub'> <InPorts = 2> <OutPorts = 1>

State 8 <SV = 7> <Delay = 6.07>
ST_8 : Operation 100 [1/1] (0.00ns)   --->   "%specbitsmap_ln0 = specbitsmap void @_ssdm_op_SpecBitsMap, i32 %gmem"   --->   Operation 100 'specbitsmap' 'specbitsmap_ln0' <Predicate = true> <Delay = 0.00>
ST_8 : Operation 101 [1/1] (0.00ns)   --->   "%zext_ln66 = zext i32 %mul_ln63" [HLS_Optimized/conv2d.cpp:66]   --->   Operation 101 'zext' 'zext_ln66' <Predicate = (!icmp_ln66 & !select_ln63_4)> <Delay = 0.00>
ST_8 : Operation 102 [1/1] (0.00ns)   --->   "%zext_ln66_1 = zext i32 %mul_ln66" [HLS_Optimized/conv2d.cpp:66]   --->   Operation 102 'zext' 'zext_ln66_1' <Predicate = (!icmp_ln66 & !select_ln63_4)> <Delay = 0.00>
ST_8 : Operation 103 [1/1] (2.55ns)   --->   "%add_ln66 = add i33 %zext_ln66_1, i33 %zext_ln66" [HLS_Optimized/conv2d.cpp:66]   --->   Operation 103 'add' 'add_ln66' <Predicate = (!icmp_ln66 & !select_ln63_4)> <Delay = 2.55> <CoreInst = "Adder">   --->   Core 1 'Adder' <Latency = 0> <II = 1> <Delay = 2.55> <FuncUnit> <Opcode : 'add' 'sub'> <InPorts = 2> <OutPorts = 1>
ST_8 : Operation 104 [1/1] (0.00ns) (grouped into LUT with out node add_ln66_2)   --->   "%select_ln63_2 = select i1 %icmp_ln66, i32 %mul_ln63_1, i32 %mul_ln63" [HLS_Optimized/conv2d.cpp:63]   --->   Operation 104 'select' 'select_ln63_2' <Predicate = (!icmp_ln63 & select_ln63_4)> <Delay = 0.00> <CoreInst = "Sel">   --->   Core 73 'Sel' <Latency = 0> <II = 1> <Delay = 0.69> <FuncUnit> <Opcode : 'select'> <InPorts = 3> <OutPorts = 1>
ST_8 : Operation 105 [1/1] (0.00ns) (grouped into LUT with out node add_ln66_2)   --->   "%zext_ln63 = zext i32 %select_ln63_2" [HLS_Optimized/conv2d.cpp:63]   --->   Operation 105 'zext' 'zext_ln63' <Predicate = (!icmp_ln63 & select_ln63_4)> <Delay = 0.00>
ST_8 : Operation 106 [1/1] (0.00ns) (grouped into LUT with out node add_ln66_2)   --->   "%zext_ln66_2 = zext i32 %mul_ln66_3" [HLS_Optimized/conv2d.cpp:66]   --->   Operation 106 'zext' 'zext_ln66_2' <Predicate = (!icmp_ln63 & select_ln63_4)> <Delay = 0.00>
ST_8 : Operation 107 [1/1] (2.55ns) (out node of the LUT)   --->   "%add_ln66_2 = add i33 %zext_ln66_2, i33 %zext_ln63" [HLS_Optimized/conv2d.cpp:66]   --->   Operation 107 'add' 'add_ln66_2' <Predicate = (!icmp_ln63 & select_ln63_4)> <Delay = 2.55> <CoreInst = "Adder">   --->   Core 1 'Adder' <Latency = 0> <II = 1> <Delay = 2.55> <FuncUnit> <Opcode : 'add' 'sub'> <InPorts = 2> <OutPorts = 1>
ST_8 : Operation 108 [1/1] (0.00ns) (grouped into LUT with out node add_ln66_3)   --->   "%zext_ln66_3 = zext i32 %mul_ln63_1" [HLS_Optimized/conv2d.cpp:66]   --->   Operation 108 'zext' 'zext_ln66_3' <Predicate = (!icmp_ln63 & icmp_ln66 & !select_ln63_4)> <Delay = 0.00>
ST_8 : Operation 109 [1/1] (0.00ns) (grouped into LUT with out node add_ln66_3)   --->   "%select_ln63_5 = select i1 %icmp_ln66, i33 %zext_ln66_3, i33 %add_ln66" [HLS_Optimized/conv2d.cpp:63]   --->   Operation 109 'select' 'select_ln63_5' <Predicate = (!icmp_ln63 & !select_ln63_4)> <Delay = 0.00> <CoreInst = "Sel">   --->   Core 73 'Sel' <Latency = 0> <II = 1> <Delay = 0.80> <FuncUnit> <Opcode : 'select'> <InPorts = 3> <OutPorts = 1>
ST_8 : Operation 110 [1/1] (0.00ns) (grouped into LUT with out node add_ln66_3)   --->   "%select_ln66_2 = select i1 %select_ln63_4, i33 %add_ln66_2, i33 %select_ln63_5" [HLS_Optimized/conv2d.cpp:66]   --->   Operation 110 'select' 'select_ln66_2' <Predicate = (!icmp_ln63)> <Delay = 0.00> <CoreInst = "Sel">   --->   Core 73 'Sel' <Latency = 0> <II = 1> <Delay = 0.80> <FuncUnit> <Opcode : 'select'> <InPorts = 3> <OutPorts = 1>
ST_8 : Operation 111 [1/1] (0.00ns) (grouped into LUT with out node add_ln66_3)   --->   "%sext_ln68_mid2_v_v_v_v_v = bitconcatenate i35 @_ssdm_op_BitConcatenate.i35.i33.i2, i33 %select_ln66_2, i2 0" [HLS_Optimized/conv2d.cpp:66]   --->   Operation 111 'bitconcatenate' 'sext_ln68_mid2_v_v_v_v_v' <Predicate = (!icmp_ln63)> <Delay = 0.00>
ST_8 : Operation 112 [1/1] (0.00ns) (grouped into LUT with out node add_ln66_3)   --->   "%zext_ln66_4 = zext i35 %sext_ln68_mid2_v_v_v_v_v" [HLS_Optimized/conv2d.cpp:66]   --->   Operation 112 'zext' 'zext_ln66_4' <Predicate = (!icmp_ln63)> <Delay = 0.00>
ST_8 : Operation 113 [1/1] (3.52ns) (out node of the LUT)   --->   "%add_ln66_3 = add i64 %zext_ln66_4, i64 %input_r_read" [HLS_Optimized/conv2d.cpp:66]   --->   Operation 113 'add' 'add_ln66_3' <Predicate = (!icmp_ln63)> <Delay = 3.52> <CoreInst = "Adder">   --->   Core 1 'Adder' <Latency = 0> <II = 1> <Delay = 3.52> <FuncUnit> <Opcode : 'add' 'sub'> <InPorts = 2> <OutPorts = 1>
ST_8 : Operation 114 [1/1] (0.00ns)   --->   "%sext_ln68_mid2_v = partselect i62 @_ssdm_op_PartSelect.i62.i64.i32.i32, i64 %add_ln66_3, i32 2, i32 63" [HLS_Optimized/conv2d.cpp:66]   --->   Operation 114 'partselect' 'sext_ln68_mid2_v' <Predicate = (!icmp_ln63)> <Delay = 0.00>

State 9 <SV = 8> <Delay = 7.30>
ST_9 : Operation 115 [1/1] (0.00ns)   --->   "%specloopname_ln0 = specloopname void @_ssdm_op_SpecLoopName, void @VITIS_LOOP_63_6_VITIS_LOOP_66_7_VITIS_LOOP_68_8_str"   --->   Operation 115 'specloopname' 'specloopname_ln0' <Predicate = true> <Delay = 0.00>
ST_9 : Operation 116 [1/1] (0.00ns)   --->   "%specloopname_ln0 = specloopname void @_ssdm_op_SpecLoopName, void @VITIS_LOOP_66_7_VITIS_LOOP_68_8_str"   --->   Operation 116 'specloopname' 'specloopname_ln0' <Predicate = true> <Delay = 0.00>
ST_9 : Operation 117 [1/1] (0.00ns)   --->   "%sext_ln66 = sext i62 %sext_ln68_mid2_v" [HLS_Optimized/conv2d.cpp:66]   --->   Operation 117 'sext' 'sext_ln66' <Predicate = true> <Delay = 0.00>
ST_9 : Operation 118 [1/1] (0.00ns)   --->   "%gmem_addr = getelementptr i32 %gmem, i64 %sext_ln66" [HLS_Optimized/conv2d.cpp:68]   --->   Operation 118 'getelementptr' 'gmem_addr' <Predicate = (or_ln66)> <Delay = 0.00>
ST_9 : Operation 119 [7/7] (7.30ns)   --->   "%empty = readreq i1 @_ssdm_op_ReadReq.m_axi.p1i32, i32 %gmem_addr, i32 %inputWidth_read" [HLS_Optimized/conv2d.cpp:68]   --->   Operation 119 'readreq' 'empty' <Predicate = (or_ln66)> <Delay = 7.30> <CoreInst = "m_axi">   --->   Core 113 'm_axi' <Latency = 0> <II = 1> <Delay = 1.00> <Adapter> <Opcode : 'read' 'write' 'readreq' 'writereq' 'writeresp'>
ST_9 : Operation 120 [1/1] (0.00ns)   --->   "%gmem_addr_1 = getelementptr i32 %gmem, i64 %sext_ln66" [HLS_Optimized/conv2d.cpp:68]   --->   Operation 120 'getelementptr' 'gmem_addr_1' <Predicate = true> <Delay = 0.00>

State 10 <SV = 9> <Delay = 7.30>
ST_10 : Operation 121 [6/7] (7.30ns)   --->   "%empty = readreq i1 @_ssdm_op_ReadReq.m_axi.p1i32, i32 %gmem_addr, i32 %inputWidth_read" [HLS_Optimized/conv2d.cpp:68]   --->   Operation 121 'readreq' 'empty' <Predicate = (or_ln66)> <Delay = 7.30> <CoreInst = "m_axi">   --->   Core 113 'm_axi' <Latency = 0> <II = 1> <Delay = 1.00> <Adapter> <Opcode : 'read' 'write' 'readreq' 'writereq' 'writeresp'>

State 11 <SV = 10> <Delay = 7.30>
ST_11 : Operation 122 [5/7] (7.30ns)   --->   "%empty = readreq i1 @_ssdm_op_ReadReq.m_axi.p1i32, i32 %gmem_addr, i32 %inputWidth_read" [HLS_Optimized/conv2d.cpp:68]   --->   Operation 122 'readreq' 'empty' <Predicate = (or_ln66)> <Delay = 7.30> <CoreInst = "m_axi">   --->   Core 113 'm_axi' <Latency = 0> <II = 1> <Delay = 1.00> <Adapter> <Opcode : 'read' 'write' 'readreq' 'writereq' 'writeresp'>

State 12 <SV = 11> <Delay = 7.30>
ST_12 : Operation 123 [4/7] (7.30ns)   --->   "%empty = readreq i1 @_ssdm_op_ReadReq.m_axi.p1i32, i32 %gmem_addr, i32 %inputWidth_read" [HLS_Optimized/conv2d.cpp:68]   --->   Operation 123 'readreq' 'empty' <Predicate = (or_ln66)> <Delay = 7.30> <CoreInst = "m_axi">   --->   Core 113 'm_axi' <Latency = 0> <II = 1> <Delay = 1.00> <Adapter> <Opcode : 'read' 'write' 'readreq' 'writereq' 'writeresp'>

State 13 <SV = 12> <Delay = 7.30>
ST_13 : Operation 124 [3/7] (7.30ns)   --->   "%empty = readreq i1 @_ssdm_op_ReadReq.m_axi.p1i32, i32 %gmem_addr, i32 %inputWidth_read" [HLS_Optimized/conv2d.cpp:68]   --->   Operation 124 'readreq' 'empty' <Predicate = (or_ln66)> <Delay = 7.30> <CoreInst = "m_axi">   --->   Core 113 'm_axi' <Latency = 0> <II = 1> <Delay = 1.00> <Adapter> <Opcode : 'read' 'write' 'readreq' 'writereq' 'writeresp'>

State 14 <SV = 13> <Delay = 7.30>
ST_14 : Operation 125 [2/7] (7.30ns)   --->   "%empty = readreq i1 @_ssdm_op_ReadReq.m_axi.p1i32, i32 %gmem_addr, i32 %inputWidth_read" [HLS_Optimized/conv2d.cpp:68]   --->   Operation 125 'readreq' 'empty' <Predicate = (or_ln66)> <Delay = 7.30> <CoreInst = "m_axi">   --->   Core 113 'm_axi' <Latency = 0> <II = 1> <Delay = 1.00> <Adapter> <Opcode : 'read' 'write' 'readreq' 'writereq' 'writeresp'>

State 15 <SV = 14> <Delay = 7.30>
ST_15 : Operation 126 [1/7] (7.30ns)   --->   "%empty = readreq i1 @_ssdm_op_ReadReq.m_axi.p1i32, i32 %gmem_addr, i32 %inputWidth_read" [HLS_Optimized/conv2d.cpp:68]   --->   Operation 126 'readreq' 'empty' <Predicate = (or_ln66)> <Delay = 7.30> <CoreInst = "m_axi">   --->   Core 113 'm_axi' <Latency = 0> <II = 1> <Delay = 1.00> <Adapter> <Opcode : 'read' 'write' 'readreq' 'writereq' 'writeresp'>
ST_15 : Operation 127 [1/1] (0.00ns)   --->   "%br_ln68 = br void %for.inc68.split" [HLS_Optimized/conv2d.cpp:68]   --->   Operation 127 'br' 'br_ln68' <Predicate = (or_ln66)> <Delay = 0.00>

State 16 <SV = 15> <Delay = 7.30>
ST_16 : Operation 128 [1/1] (7.30ns)   --->   "%gmem_addr_1_read = read i32 @_ssdm_op_Read.m_axi.p1i32, i32 %gmem_addr_1" [HLS_Optimized/conv2d.cpp:70]   --->   Operation 128 'read' 'gmem_addr_1_read' <Predicate = true> <Delay = 7.30> <CoreInst = "m_axi">   --->   Core 113 'm_axi' <Latency = 0> <II = 1> <Delay = 1.00> <Adapter> <Opcode : 'read' 'write' 'readreq' 'writereq' 'writeresp'>
ST_16 : Operation 141 [1/1] (0.00ns)   --->   "%ret_ln0 = ret"   --->   Operation 141 'ret' 'ret_ln0' <Predicate = (icmp_ln63)> <Delay = 0.00>

State 17 <SV = 16> <Delay = 3.25>
ST_17 : Operation 129 [1/1] (0.00ns)   --->   "%specpipeline_ln69 = specpipeline void @_ssdm_op_SpecPipeline, i32 1, i32 0, i32 0, i32 0, void @empty_17" [HLS_Optimized/conv2d.cpp:69]   --->   Operation 129 'specpipeline' 'specpipeline_ln69' <Predicate = true> <Delay = 0.00>
ST_17 : Operation 130 [1/1] (0.00ns)   --->   "%specloopname_ln68 = specloopname void @_ssdm_op_SpecLoopName, void @empty_20" [HLS_Optimized/conv2d.cpp:68]   --->   Operation 130 'specloopname' 'specloopname_ln68' <Predicate = true> <Delay = 0.00>
ST_17 : Operation 131 [1/1] (0.00ns)   --->   "%zext_ln70 = zext i12 %add_ln70" [HLS_Optimized/conv2d.cpp:70]   --->   Operation 131 'zext' 'zext_ln70' <Predicate = true> <Delay = 0.00>
ST_17 : Operation 132 [1/1] (0.00ns)   --->   "%row_buffer_addr = getelementptr i32 %row_buffer, i64 0, i64 %zext_ln70" [HLS_Optimized/conv2d.cpp:70]   --->   Operation 132 'getelementptr' 'row_buffer_addr' <Predicate = true> <Delay = 0.00>
ST_17 : Operation 133 [1/1] (0.00ns)   --->   "%row_buffer_1_addr = getelementptr i32 %row_buffer_1, i64 0, i64 %zext_ln70" [HLS_Optimized/conv2d.cpp:70]   --->   Operation 133 'getelementptr' 'row_buffer_1_addr' <Predicate = true> <Delay = 0.00>
ST_17 : Operation 134 [1/1] (0.00ns)   --->   "%row_buffer_2_addr = getelementptr i32 %row_buffer_2, i64 0, i64 %zext_ln70" [HLS_Optimized/conv2d.cpp:70]   --->   Operation 134 'getelementptr' 'row_buffer_2_addr' <Predicate = true> <Delay = 0.00>
ST_17 : Operation 135 [1/1] (3.25ns)   --->   "%store_ln70 = store i32 %gmem_addr_1_read, i12 %row_buffer_1_addr" [HLS_Optimized/conv2d.cpp:70]   --->   Operation 135 'store' 'store_ln70' <Predicate = (trunc_ln63 == 1)> <Delay = 3.25> <CoreInst = "RAM">   --->   Core 82 'RAM' <Latency = 1> <II = 1> <Delay = 3.25> <Storage> <Opcode : 'load' 'store'> <Ports = 2> <Width = 32> <Depth = 4064> <RAM>
ST_17 : Operation 136 [1/1] (0.00ns)   --->   "%br_ln70 = br void %arrayidx678.exit" [HLS_Optimized/conv2d.cpp:70]   --->   Operation 136 'br' 'br_ln70' <Predicate = (trunc_ln63 == 1)> <Delay = 0.00>
ST_17 : Operation 137 [1/1] (3.25ns)   --->   "%store_ln70 = store i32 %gmem_addr_1_read, i12 %row_buffer_addr" [HLS_Optimized/conv2d.cpp:70]   --->   Operation 137 'store' 'store_ln70' <Predicate = (trunc_ln63 == 0)> <Delay = 3.25> <CoreInst = "RAM">   --->   Core 82 'RAM' <Latency = 1> <II = 1> <Delay = 3.25> <Storage> <Opcode : 'load' 'store'> <Ports = 2> <Width = 32> <Depth = 4064> <RAM>
ST_17 : Operation 138 [1/1] (0.00ns)   --->   "%br_ln70 = br void %arrayidx678.exit" [HLS_Optimized/conv2d.cpp:70]   --->   Operation 138 'br' 'br_ln70' <Predicate = (trunc_ln63 == 0)> <Delay = 0.00>
ST_17 : Operation 139 [1/1] (3.25ns)   --->   "%store_ln70 = store i32 %gmem_addr_1_read, i12 %row_buffer_2_addr" [HLS_Optimized/conv2d.cpp:70]   --->   Operation 139 'store' 'store_ln70' <Predicate = (trunc_ln63 != 0 & trunc_ln63 != 1)> <Delay = 3.25> <CoreInst = "RAM">   --->   Core 82 'RAM' <Latency = 1> <II = 1> <Delay = 3.25> <Storage> <Opcode : 'load' 'store'> <Ports = 2> <Width = 32> <Depth = 4064> <RAM>
ST_17 : Operation 140 [1/1] (0.00ns)   --->   "%br_ln70 = br void %arrayidx678.exit" [HLS_Optimized/conv2d.cpp:70]   --->   Operation 140 'br' 'br_ln70' <Predicate = (trunc_ln63 != 0 & trunc_ln63 != 1)> <Delay = 0.00>


============================================================
+ Verbose Summary: Timing violations
============================================================
Target clock period: 10ns, clock uncertainty: 2.7ns.

 <State 1>: 1.59ns
The critical path consists of the following:
	'alloca' operation ('indvar_flatten103') [17]  (0 ns)
	'store' operation ('store_ln0') of constant 0 on local variable 'indvar_flatten103' [27]  (1.59 ns)

 <State 2>: 6.59ns
The critical path consists of the following:
	'load' operation ('indvar_flatten64_load', HLS_Optimized/conv2d.cpp:66) on local variable 'indvar_flatten64' [36]  (0 ns)
	'add' operation ('add_ln66_4', HLS_Optimized/conv2d.cpp:66) [117]  (3.52 ns)
	'select' operation ('select_ln66_4', HLS_Optimized/conv2d.cpp:66) [118]  (1.48 ns)
	'store' operation ('store_ln68', HLS_Optimized/conv2d.cpp:68) of variable 'select_ln66_4', HLS_Optimized/conv2d.cpp:66 on local variable 'indvar_flatten64' [121]  (1.59 ns)

 <State 3>: 8.58ns
The critical path consists of the following:
	'load' operation ('x_load', HLS_Optimized/conv2d.cpp:68) on local variable 'x' [53]  (0 ns)
	'icmp' operation ('icmp_ln68', HLS_Optimized/conv2d.cpp:68) [66]  (2.47 ns)
	'select' operation ('select_ln63_4', HLS_Optimized/conv2d.cpp:63) [67]  (0.993 ns)
	'or' operation ('or_ln66_1', HLS_Optimized/conv2d.cpp:66) [71]  (0 ns)
	'select' operation ('select_ln66', HLS_Optimized/conv2d.cpp:66) [72]  (0.978 ns)
	'add' operation ('add_ln68', HLS_Optimized/conv2d.cpp:68) [116]  (2.55 ns)
	'store' operation ('store_ln68', HLS_Optimized/conv2d.cpp:68) of variable 'add_ln68', HLS_Optimized/conv2d.cpp:68 on local variable 'x' [123]  (1.59 ns)

 <State 4>: 6.91ns
The critical path consists of the following:
	'mul' operation ('mul_ln66_1', HLS_Optimized/conv2d.cpp:66) [44]  (6.91 ns)

 <State 5>: 6.91ns
The critical path consists of the following:
	'mul' operation ('mul_ln66_1', HLS_Optimized/conv2d.cpp:66) [44]  (6.91 ns)

 <State 6>: 6.91ns
The critical path consists of the following:
	'mul' operation ('mul_ln63_1', HLS_Optimized/conv2d.cpp:63) [60]  (6.91 ns)

 <State 7>: 6.91ns
The critical path consists of the following:
	'mul' operation ('mul_ln63', HLS_Optimized/conv2d.cpp:63) [41]  (6.91 ns)

 <State 8>: 6.07ns
The critical path consists of the following:
	'add' operation ('add_ln66', HLS_Optimized/conv2d.cpp:66) [47]  (2.55 ns)
	'select' operation ('select_ln63_5', HLS_Optimized/conv2d.cpp:63) [81]  (0 ns)
	'select' operation ('select_ln66_2', HLS_Optimized/conv2d.cpp:66) [82]  (0 ns)
	'add' operation ('add_ln66_3', HLS_Optimized/conv2d.cpp:66) [85]  (3.52 ns)

 <State 9>: 7.3ns
The critical path consists of the following:
	'getelementptr' operation ('gmem_addr', HLS_Optimized/conv2d.cpp:68) [91]  (0 ns)
	bus request operation ('empty', HLS_Optimized/conv2d.cpp:68) on port 'gmem' (HLS_Optimized/conv2d.cpp:68) [92]  (7.3 ns)

 <State 10>: 7.3ns
The critical path consists of the following:
	bus request operation ('empty', HLS_Optimized/conv2d.cpp:68) on port 'gmem' (HLS_Optimized/conv2d.cpp:68) [92]  (7.3 ns)

 <State 11>: 7.3ns
The critical path consists of the following:
	bus request operation ('empty', HLS_Optimized/conv2d.cpp:68) on port 'gmem' (HLS_Optimized/conv2d.cpp:68) [92]  (7.3 ns)

 <State 12>: 7.3ns
The critical path consists of the following:
	bus request operation ('empty', HLS_Optimized/conv2d.cpp:68) on port 'gmem' (HLS_Optimized/conv2d.cpp:68) [92]  (7.3 ns)

 <State 13>: 7.3ns
The critical path consists of the following:
	bus request operation ('empty', HLS_Optimized/conv2d.cpp:68) on port 'gmem' (HLS_Optimized/conv2d.cpp:68) [92]  (7.3 ns)

 <State 14>: 7.3ns
The critical path consists of the following:
	bus request operation ('empty', HLS_Optimized/conv2d.cpp:68) on port 'gmem' (HLS_Optimized/conv2d.cpp:68) [92]  (7.3 ns)

 <State 15>: 7.3ns
The critical path consists of the following:
	bus request operation ('empty', HLS_Optimized/conv2d.cpp:68) on port 'gmem' (HLS_Optimized/conv2d.cpp:68) [92]  (7.3 ns)

 <State 16>: 7.3ns
The critical path consists of the following:
	bus read operation ('gmem_addr_1_read', HLS_Optimized/conv2d.cpp:70) on port 'gmem' (HLS_Optimized/conv2d.cpp:70) [98]  (7.3 ns)

 <State 17>: 3.25ns
The critical path consists of the following:
	'getelementptr' operation ('row_buffer_1_addr', HLS_Optimized/conv2d.cpp:70) [103]  (0 ns)
	'store' operation ('store_ln70', HLS_Optimized/conv2d.cpp:70) of variable 'gmem_addr_1_read', HLS_Optimized/conv2d.cpp:70 on array 'row_buffer_1' [107]  (3.25 ns)


============================================================
+ Verbose Summary: Binding
============================================================
N/A
* FSMD analyzer results:
  - Output states:
 - Input state : 
  - Chain level:
	State 1
	State 2
	State 3
	State 4
	State 5
	State 6
	State 7
	State 8
	State 9
	State 10
	State 11
	State 12
	State 13
	State 14
	State 15
	State 16
	State 17


============================================================
+ Verbose Summary: Datapath Resource usage 
============================================================
N/A
