

================================================================
== Vitis HLS Report for 'Conv2D_HW_Pipeline_VITIS_LOOP_51_5'
================================================================
* Date:           Tue Apr  1 22:29:16 2025

* Version:        2022.2 (Build 3670227 on Oct 13 2022)
* Project:        Vitis_Midterm
* Solution:       solution1 (Vivado IP Flow Target)
* Product family: zynq
* Target device:  xc7z020-clg400-1


================================================================
== Performance Estimates
================================================================
+ Timing: 
    * Summary: 
    +--------+----------+----------+------------+
    |  Clock |  Target  | Estimated| Uncertainty|
    +--------+----------+----------+------------+
    |ap_clk  |  10.00 ns|  7.300 ns|     2.70 ns|
    +--------+----------+----------+------------+

+ Latency: 
    * Summary: 
    +---------+---------+----------+----------+-----+-----+---------+
    |  Latency (cycles) |  Latency (absolute) |  Interval | Pipeline|
    |   min   |   max   |    min   |    max   | min | max |   Type  |
    +---------+---------+----------+----------+-----+-----+---------+
    |        ?|        ?|         ?|         ?|    ?|    ?|       no|
    +---------+---------+----------+----------+-----+-----+---------+

    + Detail: 
        * Instance: 
        N/A

        * Loop: 
        +---------------------------------------------------+---------+---------+----------+-----------+-----------+------+----------+
        |                                                   |  Latency (cycles) | Iteration|  Initiation Interval  | Trip |          |
        |                     Loop Name                     |   min   |   max   |  Latency |  achieved |   target  | Count| Pipelined|
        +---------------------------------------------------+---------+---------+----------+-----------+-----------+------+----------+
        |- VITIS_LOOP_49_3_VITIS_LOOP_50_4_VITIS_LOOP_51_5  |        ?|        ?|        15|          1|          1|     ?|       yes|
        +---------------------------------------------------+---------+---------+----------+-----------+-----------+------+----------+

============================================================
+ Verbose Summary: Synthesis Manager
============================================================
InlineROM: 1
ExposeGlobal: 0
============================================================
+ Verbose Summary: CDFG Model
============================================================
IsTopModel: 0
ResetActiveHigh: 1
IsCombinational: 0
IsDatapathOnly: 0
HasWiredReturn: 1
HasMFsm: 2
HasVarLatency: 1
IsPipeline: 0
IsRtlPipelined: 0
IsInstanceOverlapped: 0
IsDontTouch: 0
HasImplIP: 0
IsGatedGlobalClock: 0

+ Individual pipeline summary: 
  * Pipeline-0: initiation interval (II) = 1, depth = 16


============================================================
+ Verbose Summary: Schedule
============================================================
* Number of FSM states : 16
* Pipeline : 1
  Pipeline-0 : II = 1, D = 16, States = { 1 2 3 4 5 6 7 8 9 10 11 12 13 14 15 16 }
* Dataflow Pipeline: 0

* FSM state transitions: 
1 --> 2 
2 --> 3 
3 --> 4 
4 --> 5 
5 --> 6 
6 --> 7 
7 --> 8 
8 --> 9 
9 --> 10 
10 --> 11 
11 --> 12 
12 --> 13 
13 --> 14 
14 --> 15 
15 --> 16 
16 --> 

* FSM state operations: 

State 1 <SV = 0> <Delay = 1.58>
ST_1 : Operation 18 [1/1] (0.00ns)   --->   "%cx = alloca i32 1"   --->   Operation 18 'alloca' 'cx' <Predicate = true> <Delay = 0.00>
ST_1 : Operation 19 [1/1] (0.00ns)   --->   "%cy_1 = alloca i32 1"   --->   Operation 19 'alloca' 'cy_1' <Predicate = true> <Delay = 0.00>
ST_1 : Operation 20 [1/1] (0.00ns)   --->   "%indvar_flatten = alloca i32 1"   --->   Operation 20 'alloca' 'indvar_flatten' <Predicate = true> <Delay = 0.00>
ST_1 : Operation 21 [1/1] (0.00ns)   --->   "%iChannel = alloca i32 1"   --->   Operation 21 'alloca' 'iChannel' <Predicate = true> <Delay = 0.00>
ST_1 : Operation 22 [1/1] (0.00ns)   --->   "%indvar_flatten56 = alloca i32 1"   --->   Operation 22 'alloca' 'indvar_flatten56' <Predicate = true> <Delay = 0.00>
ST_1 : Operation 23 [1/1] (0.00ns)   --->   "%coeffs_read = read i64 @_ssdm_op_Read.ap_auto.i64, i64 %coeffs"   --->   Operation 23 'read' 'coeffs_read' <Predicate = true> <Delay = 0.00>
ST_1 : Operation 24 [1/1] (0.00ns)   --->   "%icmp_ln51_1_read = read i1 @_ssdm_op_Read.ap_auto.i1, i1 %icmp_ln51_1"   --->   Operation 24 'read' 'icmp_ln51_1_read' <Predicate = true> <Delay = 0.00>
ST_1 : Operation 25 [1/1] (0.00ns)   --->   "%tmp_cast_mid136_read = read i32 @_ssdm_op_Read.ap_auto.i32, i32 %tmp_cast_mid136"   --->   Operation 25 'read' 'tmp_cast_mid136_read' <Predicate = true> <Delay = 0.00>
ST_1 : Operation 26 [1/1] (0.00ns)   --->   "%tmp_1 = read i11 @_ssdm_op_Read.ap_auto.i11, i11 %empty"   --->   Operation 26 'read' 'tmp_1' <Predicate = true> <Delay = 0.00>
ST_1 : Operation 27 [1/1] (0.00ns)   --->   "%mul_ln19_read = read i64 @_ssdm_op_Read.ap_auto.i64, i64 %mul_ln19"   --->   Operation 27 'read' 'mul_ln19_read' <Predicate = true> <Delay = 0.00>
ST_1 : Operation 28 [1/1] (0.00ns)   --->   "%mul_ln19_1_read = read i96 @_ssdm_op_Read.ap_auto.i96, i96 %mul_ln19_1"   --->   Operation 28 'read' 'mul_ln19_1_read' <Predicate = true> <Delay = 0.00>
ST_1 : Operation 29 [1/1] (0.00ns)   --->   "%zext_ln49_read = read i32 @_ssdm_op_Read.ap_auto.i32, i32 %zext_ln49"   --->   Operation 29 'read' 'zext_ln49_read' <Predicate = true> <Delay = 0.00>
ST_1 : Operation 30 [1/1] (0.00ns)   --->   "%convWidth_read = read i32 @_ssdm_op_Read.ap_auto.i32, i32 %convWidth"   --->   Operation 30 'read' 'convWidth_read' <Predicate = true> <Delay = 0.00>
ST_1 : Operation 31 [1/1] (0.00ns)   --->   "%mul_ln40_read = read i32 @_ssdm_op_Read.ap_auto.i32, i32 %mul_ln40"   --->   Operation 31 'read' 'mul_ln40_read' <Predicate = true> <Delay = 0.00>
ST_1 : Operation 32 [1/1] (0.00ns)   --->   "%zext_ln49_cast = zext i32 %zext_ln49_read"   --->   Operation 32 'zext' 'zext_ln49_cast' <Predicate = true> <Delay = 0.00>
ST_1 : Operation 33 [1/1] (0.00ns)   --->   "%tmp_cast_mid136_cast = zext i32 %tmp_cast_mid136_read"   --->   Operation 33 'zext' 'tmp_cast_mid136_cast' <Predicate = true> <Delay = 0.00>
ST_1 : Operation 34 [1/1] (0.00ns)   --->   "%p_cast1 = zext i11 %tmp_1"   --->   Operation 34 'zext' 'p_cast1' <Predicate = true> <Delay = 0.00>
ST_1 : Operation 35 [1/1] (0.00ns)   --->   "%specinterface_ln0 = specinterface void @_ssdm_op_SpecInterface, i32 %gmem, void @empty_10, i32 0, i32 0, void @empty_7, i32 0, i32 200000, void @empty_24, void @empty_25, void @empty_7, i32 16, i32 16, i32 16, i32 16, void @empty_7, void @empty_7, i32 4294967295, i32 0"   --->   Operation 35 'specinterface' 'specinterface_ln0' <Predicate = true> <Delay = 0.00>
ST_1 : Operation 36 [1/1] (1.58ns)   --->   "%store_ln0 = store i96 0, i96 %indvar_flatten56"   --->   Operation 36 'store' 'store_ln0' <Predicate = true> <Delay = 1.58>
ST_1 : Operation 37 [1/1] (1.58ns)   --->   "%store_ln0 = store i32 0, i32 %iChannel"   --->   Operation 37 'store' 'store_ln0' <Predicate = true> <Delay = 1.58>
ST_1 : Operation 38 [1/1] (1.58ns)   --->   "%store_ln0 = store i64 0, i64 %indvar_flatten"   --->   Operation 38 'store' 'store_ln0' <Predicate = true> <Delay = 1.58>
ST_1 : Operation 39 [1/1] (1.58ns)   --->   "%store_ln0 = store i32 0, i32 %cy_1"   --->   Operation 39 'store' 'store_ln0' <Predicate = true> <Delay = 1.58>
ST_1 : Operation 40 [1/1] (1.58ns)   --->   "%store_ln0 = store i32 0, i32 %cx"   --->   Operation 40 'store' 'store_ln0' <Predicate = true> <Delay = 1.58>
ST_1 : Operation 41 [1/1] (1.58ns)   --->   "%br_ln0 = br void %for.inc"   --->   Operation 41 'br' 'br_ln0' <Predicate = true> <Delay = 1.58>

State 2 <SV = 1> <Delay = 6.58>
ST_2 : Operation 42 [1/1] (0.00ns)   --->   "%first_iter_0 = phi i1 1, void %newFuncRoot, i1 0, void %arrayidx3415.exit"   --->   Operation 42 'phi' 'first_iter_0' <Predicate = true> <Delay = 0.00>
ST_2 : Operation 43 [1/1] (0.00ns)   --->   "%indvar_flatten_load = load i64 %indvar_flatten" [HLS_Optimized/conv2d.cpp:50]   --->   Operation 43 'load' 'indvar_flatten_load' <Predicate = true> <Delay = 0.00>
ST_2 : Operation 44 [1/1] (0.00ns)   --->   "%indvar_flatten56_load = load i96 %indvar_flatten56" [HLS_Optimized/conv2d.cpp:49]   --->   Operation 44 'load' 'indvar_flatten56_load' <Predicate = true> <Delay = 0.00>
ST_2 : Operation 45 [1/1] (3.12ns)   --->   "%icmp_ln49 = icmp_eq  i96 %indvar_flatten56_load, i96 %mul_ln19_1_read" [HLS_Optimized/conv2d.cpp:49]   --->   Operation 45 'icmp' 'icmp_ln49' <Predicate = true> <Delay = 3.12> <CoreInst = "Cmp">   --->   Core 9 'Cmp' <Latency = 0> <II = 1> <Delay = 3.12> <FuncUnit> <Opcode : 'icmp'> <InPorts = 2> <OutPorts = 1>
ST_2 : Operation 46 [1/1] (4.43ns)   --->   "%add_ln49_1 = add i96 %indvar_flatten56_load, i96 1" [HLS_Optimized/conv2d.cpp:49]   --->   Operation 46 'add' 'add_ln49_1' <Predicate = true> <Delay = 4.43> <CoreInst = "Adder">   --->   Core 1 'Adder' <Latency = 0> <II = 1> <Delay = 4.43> <FuncUnit> <Opcode : 'add' 'sub'> <InPorts = 2> <OutPorts = 1>
ST_2 : Operation 47 [1/1] (0.00ns)   --->   "%br_ln49 = br i1 %icmp_ln49, void %for.inc38.loopexit, void %for.inc41.critedge.loopexit.exitStub" [HLS_Optimized/conv2d.cpp:49]   --->   Operation 47 'br' 'br_ln49' <Predicate = true> <Delay = 0.00>
ST_2 : Operation 48 [1/1] (0.00ns)   --->   "%cx_load = load i32 %cx" [HLS_Optimized/conv2d.cpp:51]   --->   Operation 48 'load' 'cx_load' <Predicate = (!icmp_ln49)> <Delay = 0.00>
ST_2 : Operation 49 [1/1] (2.77ns)   --->   "%icmp_ln50 = icmp_eq  i64 %indvar_flatten_load, i64 %mul_ln19_read" [HLS_Optimized/conv2d.cpp:50]   --->   Operation 49 'icmp' 'icmp_ln50' <Predicate = (!icmp_ln49)> <Delay = 2.77> <CoreInst = "Cmp">   --->   Core 9 'Cmp' <Latency = 0> <II = 1> <Delay = 2.77> <FuncUnit> <Opcode : 'icmp'> <InPorts = 2> <OutPorts = 1>
ST_2 : Operation 50 [1/1] (0.00ns) (grouped into LUT with out node or_ln50)   --->   "%or_ln49 = or i1 %icmp_ln50, i1 %first_iter_0" [HLS_Optimized/conv2d.cpp:49]   --->   Operation 50 'or' 'or_ln49' <Predicate = (!icmp_ln49)> <Delay = 0.00> <CoreInst = "LogicGate">   --->   Core 74 'LogicGate' <Latency = 0> <II = 1> <Delay = 0.97> <FuncUnit> <Opcode : 'and' 'or' 'xor'> <InPorts = 2> <OutPorts = 1>
ST_2 : Operation 51 [1/1] (2.47ns)   --->   "%icmp_ln51 = icmp_eq  i32 %cx_load, i32 %convWidth_read" [HLS_Optimized/conv2d.cpp:51]   --->   Operation 51 'icmp' 'icmp_ln51' <Predicate = (!icmp_ln49)> <Delay = 2.47> <CoreInst = "Cmp">   --->   Core 9 'Cmp' <Latency = 0> <II = 1> <Delay = 2.47> <FuncUnit> <Opcode : 'icmp'> <InPorts = 2> <OutPorts = 1>
ST_2 : Operation 52 [1/1] (0.99ns)   --->   "%select_ln49_4 = select i1 %icmp_ln50, i1 %icmp_ln51_1_read, i1 %icmp_ln51" [HLS_Optimized/conv2d.cpp:49]   --->   Operation 52 'select' 'select_ln49_4' <Predicate = (!icmp_ln49)> <Delay = 0.99> <CoreInst = "Sel">   --->   Core 73 'Sel' <Latency = 0> <II = 1> <Delay = 0.99> <FuncUnit> <Opcode : 'select'> <InPorts = 3> <OutPorts = 1>
ST_2 : Operation 53 [1/1] (0.97ns) (out node of the LUT)   --->   "%or_ln50 = or i1 %select_ln49_4, i1 %or_ln49" [HLS_Optimized/conv2d.cpp:50]   --->   Operation 53 'or' 'or_ln50' <Predicate = (!icmp_ln49)> <Delay = 0.97> <CoreInst = "LogicGate">   --->   Core 74 'LogicGate' <Latency = 0> <II = 1> <Delay = 0.97> <FuncUnit> <Opcode : 'and' 'or' 'xor'> <InPorts = 2> <OutPorts = 1>
ST_2 : Operation 54 [1/1] (0.00ns) (grouped into LUT with out node select_ln50)   --->   "%or_ln50_1 = or i1 %select_ln49_4, i1 %icmp_ln50" [HLS_Optimized/conv2d.cpp:50]   --->   Operation 54 'or' 'or_ln50_1' <Predicate = (!icmp_ln49)> <Delay = 0.00> <CoreInst = "LogicGate">   --->   Core 74 'LogicGate' <Latency = 0> <II = 1> <Delay = 0.97> <FuncUnit> <Opcode : 'and' 'or' 'xor'> <InPorts = 2> <OutPorts = 1>
ST_2 : Operation 55 [1/1] (0.97ns) (out node of the LUT)   --->   "%select_ln50 = select i1 %or_ln50_1, i32 0, i32 %cx_load" [HLS_Optimized/conv2d.cpp:50]   --->   Operation 55 'select' 'select_ln50' <Predicate = (!icmp_ln49)> <Delay = 0.97> <CoreInst = "Sel">   --->   Core 73 'Sel' <Latency = 0> <II = 1> <Delay = 0.69> <FuncUnit> <Opcode : 'select'> <InPorts = 3> <OutPorts = 1>
ST_2 : Operation 56 [1/1] (0.00ns)   --->   "%br_ln51 = br i1 %or_ln50, void %for.inc.split, void %for.first.iter.for.inc" [HLS_Optimized/conv2d.cpp:51]   --->   Operation 56 'br' 'br_ln51' <Predicate = (!icmp_ln49)> <Delay = 0.00>
ST_2 : Operation 57 [1/1] (3.52ns)   --->   "%add_ln50_2 = add i64 %indvar_flatten_load, i64 1" [HLS_Optimized/conv2d.cpp:50]   --->   Operation 57 'add' 'add_ln50_2' <Predicate = (!icmp_ln49)> <Delay = 3.52> <CoreInst = "Adder">   --->   Core 1 'Adder' <Latency = 0> <II = 1> <Delay = 3.52> <FuncUnit> <Opcode : 'add' 'sub'> <InPorts = 2> <OutPorts = 1>
ST_2 : Operation 58 [1/1] (1.48ns)   --->   "%select_ln50_4 = select i1 %icmp_ln50, i64 1, i64 %add_ln50_2" [HLS_Optimized/conv2d.cpp:50]   --->   Operation 58 'select' 'select_ln50_4' <Predicate = (!icmp_ln49)> <Delay = 1.48> <CoreInst = "Sel">   --->   Core 73 'Sel' <Latency = 0> <II = 1> <Delay = 1.48> <FuncUnit> <Opcode : 'select'> <InPorts = 3> <OutPorts = 1>
ST_2 : Operation 59 [1/1] (1.58ns)   --->   "%store_ln51 = store i96 %add_ln49_1, i96 %indvar_flatten56" [HLS_Optimized/conv2d.cpp:51]   --->   Operation 59 'store' 'store_ln51' <Predicate = (!icmp_ln49)> <Delay = 1.58>
ST_2 : Operation 60 [1/1] (1.58ns)   --->   "%store_ln51 = store i64 %select_ln50_4, i64 %indvar_flatten" [HLS_Optimized/conv2d.cpp:51]   --->   Operation 60 'store' 'store_ln51' <Predicate = (!icmp_ln49)> <Delay = 1.58>
ST_2 : Operation 61 [1/1] (0.00ns)   --->   "%br_ln51 = br void %for.inc" [HLS_Optimized/conv2d.cpp:51]   --->   Operation 61 'br' 'br_ln51' <Predicate = (!icmp_ln49)> <Delay = 0.00>

State 3 <SV = 2> <Delay = 6.91>
ST_3 : Operation 62 [1/1] (0.00ns)   --->   "%cy = load i32 %cy_1" [HLS_Optimized/conv2d.cpp:50]   --->   Operation 62 'load' 'cy' <Predicate = true> <Delay = 0.00>
ST_3 : Operation 63 [1/1] (0.00ns)   --->   "%iChannel_2 = load i32 %iChannel" [HLS_Optimized/conv2d.cpp:49]   --->   Operation 63 'load' 'iChannel_2' <Predicate = true> <Delay = 0.00>
ST_3 : Operation 64 [2/2] (6.91ns)   --->   "%empty_68 = mul i32 %iChannel_2, i32 %mul_ln40_read" [HLS_Optimized/conv2d.cpp:49]   --->   Operation 64 'mul' 'empty_68' <Predicate = true> <Delay = 6.91> <CoreInst = "Multiplier">   --->   Core 3 'Multiplier' <Latency = 1> <II = 1> <Delay = 6.91> <FuncUnit> <Opcode : 'mul'> <InPorts = 2> <OutPorts = 1>
ST_3 : Operation 65 [1/1] (0.00ns)   --->   "%trunc_ln50 = trunc i32 %cy" [HLS_Optimized/conv2d.cpp:50]   --->   Operation 65 'trunc' 'trunc_ln50' <Predicate = (!icmp_ln50 & !select_ln49_4)> <Delay = 0.00>
ST_3 : Operation 66 [1/1] (2.55ns)   --->   "%add_ln49 = add i32 %iChannel_2, i32 1" [HLS_Optimized/conv2d.cpp:49]   --->   Operation 66 'add' 'add_ln49' <Predicate = (!icmp_ln49)> <Delay = 2.55> <CoreInst = "Adder">   --->   Core 1 'Adder' <Latency = 0> <II = 1> <Delay = 2.55> <FuncUnit> <Opcode : 'add' 'sub'> <InPorts = 2> <OutPorts = 1>
ST_3 : Operation 67 [1/1] (0.69ns)   --->   "%select_ln49 = select i1 %icmp_ln50, i32 0, i32 %cy" [HLS_Optimized/conv2d.cpp:49]   --->   Operation 67 'select' 'select_ln49' <Predicate = (!icmp_ln49)> <Delay = 0.69> <CoreInst = "Sel">   --->   Core 73 'Sel' <Latency = 0> <II = 1> <Delay = 0.69> <FuncUnit> <Opcode : 'select'> <InPorts = 3> <OutPorts = 1>
ST_3 : Operation 68 [1/1] (0.69ns)   --->   "%select_ln49_1 = select i1 %icmp_ln50, i32 %add_ln49, i32 %iChannel_2" [HLS_Optimized/conv2d.cpp:49]   --->   Operation 68 'select' 'select_ln49_1' <Predicate = (!icmp_ln49)> <Delay = 0.69> <CoreInst = "Sel">   --->   Core 73 'Sel' <Latency = 0> <II = 1> <Delay = 0.69> <FuncUnit> <Opcode : 'select'> <InPorts = 3> <OutPorts = 1>
ST_3 : Operation 69 [1/1] (0.00ns) (grouped into LUT with out node select_ln50_1)   --->   "%select_ln49_3 = select i1 %icmp_ln50, i12 0, i12 %trunc_ln50" [HLS_Optimized/conv2d.cpp:49]   --->   Operation 69 'select' 'select_ln49_3' <Predicate = (!icmp_ln49 & !select_ln49_4)> <Delay = 0.00> <CoreInst = "Sel">   --->   Core 73 'Sel' <Latency = 0> <II = 1> <Delay = 0.69> <FuncUnit> <Opcode : 'select'> <InPorts = 3> <OutPorts = 1>
ST_3 : Operation 70 [1/1] (2.55ns)   --->   "%add_ln50 = add i32 %select_ln49, i32 1" [HLS_Optimized/conv2d.cpp:50]   --->   Operation 70 'add' 'add_ln50' <Predicate = (!icmp_ln49)> <Delay = 2.55> <CoreInst = "Adder">   --->   Core 1 'Adder' <Latency = 0> <II = 1> <Delay = 2.55> <FuncUnit> <Opcode : 'add' 'sub'> <InPorts = 2> <OutPorts = 1>
ST_3 : Operation 71 [1/1] (0.00ns) (grouped into LUT with out node select_ln50_1)   --->   "%trunc_ln50_1 = trunc i32 %add_ln50" [HLS_Optimized/conv2d.cpp:50]   --->   Operation 71 'trunc' 'trunc_ln50_1' <Predicate = (!icmp_ln49 & select_ln49_4)> <Delay = 0.00>
ST_3 : Operation 72 [1/1] (0.69ns) (out node of the LUT)   --->   "%select_ln50_1 = select i1 %select_ln49_4, i12 %trunc_ln50_1, i12 %select_ln49_3" [HLS_Optimized/conv2d.cpp:50]   --->   Operation 72 'select' 'select_ln50_1' <Predicate = (!icmp_ln49)> <Delay = 0.69> <CoreInst = "Sel">   --->   Core 73 'Sel' <Latency = 0> <II = 1> <Delay = 0.69> <FuncUnit> <Opcode : 'select'> <InPorts = 3> <OutPorts = 1>
ST_3 : Operation 73 [1/1] (0.69ns)   --->   "%select_ln50_3 = select i1 %select_ln49_4, i32 %add_ln50, i32 %select_ln49" [HLS_Optimized/conv2d.cpp:50]   --->   Operation 73 'select' 'select_ln50_3' <Predicate = (!icmp_ln49)> <Delay = 0.69> <CoreInst = "Sel">   --->   Core 73 'Sel' <Latency = 0> <II = 1> <Delay = 0.69> <FuncUnit> <Opcode : 'select'> <InPorts = 3> <OutPorts = 1>
ST_3 : Operation 74 [1/1] (2.55ns)   --->   "%add_ln51 = add i32 %select_ln50, i32 1" [HLS_Optimized/conv2d.cpp:51]   --->   Operation 74 'add' 'add_ln51' <Predicate = (!icmp_ln49)> <Delay = 2.55> <CoreInst = "Adder">   --->   Core 1 'Adder' <Latency = 0> <II = 1> <Delay = 2.55> <FuncUnit> <Opcode : 'add' 'sub'> <InPorts = 2> <OutPorts = 1>
ST_3 : Operation 75 [1/1] (1.58ns)   --->   "%store_ln51 = store i32 %select_ln49_1, i32 %iChannel" [HLS_Optimized/conv2d.cpp:51]   --->   Operation 75 'store' 'store_ln51' <Predicate = (!icmp_ln49)> <Delay = 1.58>
ST_3 : Operation 76 [1/1] (1.58ns)   --->   "%store_ln51 = store i32 %select_ln50_3, i32 %cy_1" [HLS_Optimized/conv2d.cpp:51]   --->   Operation 76 'store' 'store_ln51' <Predicate = (!icmp_ln49)> <Delay = 1.58>
ST_3 : Operation 77 [1/1] (1.58ns)   --->   "%store_ln51 = store i32 %add_ln51, i32 %cx" [HLS_Optimized/conv2d.cpp:51]   --->   Operation 77 'store' 'store_ln51' <Predicate = (!icmp_ln49)> <Delay = 1.58>

State 4 <SV = 3> <Delay = 6.91>
ST_4 : Operation 78 [1/2] (6.91ns)   --->   "%empty_68 = mul i32 %iChannel_2, i32 %mul_ln40_read" [HLS_Optimized/conv2d.cpp:49]   --->   Operation 78 'mul' 'empty_68' <Predicate = true> <Delay = 6.91> <CoreInst = "Multiplier">   --->   Core 3 'Multiplier' <Latency = 1> <II = 1> <Delay = 6.91> <FuncUnit> <Opcode : 'mul'> <InPorts = 2> <OutPorts = 1>
ST_4 : Operation 79 [2/2] (6.91ns)   --->   "%empty_69 = mul i32 %cy, i32 %convWidth_read" [HLS_Optimized/conv2d.cpp:50]   --->   Operation 79 'mul' 'empty_69' <Predicate = (!icmp_ln50 & !select_ln49_4)> <Delay = 6.91> <CoreInst = "Multiplier">   --->   Core 3 'Multiplier' <Latency = 1> <II = 1> <Delay = 6.91> <FuncUnit> <Opcode : 'mul'> <InPorts = 2> <OutPorts = 1>
ST_4 : Operation 80 [1/1] (0.00ns)   --->   "%select_ln49_1_cast = zext i32 %select_ln49_1" [HLS_Optimized/conv2d.cpp:49]   --->   Operation 80 'zext' 'select_ln49_1_cast' <Predicate = (!icmp_ln49)> <Delay = 0.00>
ST_4 : Operation 81 [1/1] (2.55ns)   --->   "%empty_72 = add i33 %p_cast1, i33 %select_ln49_1_cast" [HLS_Optimized/conv2d.cpp:49]   --->   Operation 81 'add' 'empty_72' <Predicate = (!icmp_ln49)> <Delay = 2.55> <CoreInst = "Adder">   --->   Core 1 'Adder' <Latency = 0> <II = 1> <Delay = 2.55> <FuncUnit> <Opcode : 'add' 'sub'> <InPorts = 2> <OutPorts = 1>
ST_4 : Operation 82 [1/1] (0.00ns)   --->   "%empty_73 = trunc i33 %empty_72" [HLS_Optimized/conv2d.cpp:49]   --->   Operation 82 'trunc' 'empty_73' <Predicate = (!icmp_ln49)> <Delay = 0.00>
ST_4 : Operation 83 [1/1] (0.00ns)   --->   "%empty_74 = trunc i33 %empty_72" [HLS_Optimized/conv2d.cpp:49]   --->   Operation 83 'trunc' 'empty_74' <Predicate = (!icmp_ln49)> <Delay = 0.00>
ST_4 : Operation 84 [1/1] (0.00ns)   --->   "%p_shl = bitconcatenate i12 @_ssdm_op_BitConcatenate.i12.i10.i2, i10 %empty_74, i2 0" [HLS_Optimized/conv2d.cpp:49]   --->   Operation 84 'bitconcatenate' 'p_shl' <Predicate = (!icmp_ln49)> <Delay = 0.00>
ST_4 : Operation 85 [1/1] (0.00ns) (grouped into TernaryAdder)   --->   "%empty_75 = sub i12 %p_shl, i12 %empty_73" [HLS_Optimized/conv2d.cpp:49]   --->   Operation 85 'sub' 'empty_75' <Predicate = (!icmp_ln49)> <Delay = 0.00> <CoreInst = "TAddSub">   --->   Core 10 'TAddSub' <Latency = 0> <II = 1> <Delay = 1.89> <IPBlock> <Opcode : 'add' 'sub'> <InPorts = 3> <OutPorts = 1> <Sync> <CReg>
ST_4 : Operation 86 [2/2] (6.91ns)   --->   "%p_mid126 = mul i32 %add_ln49, i32 %mul_ln40_read" [HLS_Optimized/conv2d.cpp:49]   --->   Operation 86 'mul' 'p_mid126' <Predicate = (!icmp_ln49)> <Delay = 6.91> <CoreInst = "Multiplier">   --->   Core 3 'Multiplier' <Latency = 1> <II = 1> <Delay = 6.91> <FuncUnit> <Opcode : 'mul'> <InPorts = 2> <OutPorts = 1>
ST_4 : Operation 87 [1/1] (3.78ns) (root node of TernaryAdder)   --->   "%empty_76 = add i12 %empty_75, i12 %select_ln50_1" [HLS_Optimized/conv2d.cpp:49]   --->   Operation 87 'add' 'empty_76' <Predicate = (!icmp_ln49)> <Delay = 3.78> <CoreInst = "TAddSub">   --->   Core 10 'TAddSub' <Latency = 0> <II = 1> <Delay = 1.89> <IPBlock> <Opcode : 'add' 'sub'> <InPorts = 3> <OutPorts = 1> <Sync> <CReg>
ST_4 : Operation 88 [2/2] (6.91ns)   --->   "%p_mid1 = mul i32 %add_ln50, i32 %convWidth_read" [HLS_Optimized/conv2d.cpp:50]   --->   Operation 88 'mul' 'p_mid1' <Predicate = (!icmp_ln49 & select_ln49_4)> <Delay = 6.91> <CoreInst = "Multiplier">   --->   Core 3 'Multiplier' <Latency = 1> <II = 1> <Delay = 6.91> <FuncUnit> <Opcode : 'mul'> <InPorts = 2> <OutPorts = 1>

State 5 <SV = 4> <Delay = 6.91>
ST_5 : Operation 89 [1/2] (6.91ns)   --->   "%empty_69 = mul i32 %cy, i32 %convWidth_read" [HLS_Optimized/conv2d.cpp:50]   --->   Operation 89 'mul' 'empty_69' <Predicate = (!icmp_ln50 & !select_ln49_4)> <Delay = 6.91> <CoreInst = "Multiplier">   --->   Core 3 'Multiplier' <Latency = 1> <II = 1> <Delay = 6.91> <FuncUnit> <Opcode : 'mul'> <InPorts = 2> <OutPorts = 1>
ST_5 : Operation 90 [1/2] (6.91ns)   --->   "%p_mid126 = mul i32 %add_ln49, i32 %mul_ln40_read" [HLS_Optimized/conv2d.cpp:49]   --->   Operation 90 'mul' 'p_mid126' <Predicate = (!icmp_ln49)> <Delay = 6.91> <CoreInst = "Multiplier">   --->   Core 3 'Multiplier' <Latency = 1> <II = 1> <Delay = 6.91> <FuncUnit> <Opcode : 'mul'> <InPorts = 2> <OutPorts = 1>
ST_5 : Operation 91 [1/2] (6.91ns)   --->   "%p_mid1 = mul i32 %add_ln50, i32 %convWidth_read" [HLS_Optimized/conv2d.cpp:50]   --->   Operation 91 'mul' 'p_mid1' <Predicate = (!icmp_ln49 & select_ln49_4)> <Delay = 6.91> <CoreInst = "Multiplier">   --->   Core 3 'Multiplier' <Latency = 1> <II = 1> <Delay = 6.91> <FuncUnit> <Opcode : 'mul'> <InPorts = 2> <OutPorts = 1>

State 6 <SV = 5> <Delay = 5.14>
ST_6 : Operation 92 [1/1] (0.00ns)   --->   "%specbitsmap_ln0 = specbitsmap void @_ssdm_op_SpecBitsMap, i32 %gmem"   --->   Operation 92 'specbitsmap' 'specbitsmap_ln0' <Predicate = true> <Delay = 0.00>
ST_6 : Operation 93 [1/1] (0.00ns)   --->   "%zext_ln50 = zext i32 %empty_68" [HLS_Optimized/conv2d.cpp:50]   --->   Operation 93 'zext' 'zext_ln50' <Predicate = (!icmp_ln50 & !select_ln49_4)> <Delay = 0.00>
ST_6 : Operation 94 [1/1] (0.00ns)   --->   "%p_cast = zext i32 %empty_69" [HLS_Optimized/conv2d.cpp:50]   --->   Operation 94 'zext' 'p_cast' <Predicate = (!icmp_ln50 & !select_ln49_4)> <Delay = 0.00>
ST_6 : Operation 95 [1/1] (2.55ns)   --->   "%tmp = add i33 %zext_ln49_cast, i33 %p_cast" [HLS_Optimized/conv2d.cpp:50]   --->   Operation 95 'add' 'tmp' <Predicate = (!icmp_ln50 & !select_ln49_4)> <Delay = 2.55> <CoreInst = "Adder">   --->   Core 1 'Adder' <Latency = 0> <II = 1> <Delay = 2.55> <FuncUnit> <Opcode : 'add' 'sub'> <InPorts = 2> <OutPorts = 1>
ST_6 : Operation 96 [1/1] (0.00ns)   --->   "%tmp_cast = zext i33 %tmp" [HLS_Optimized/conv2d.cpp:50]   --->   Operation 96 'zext' 'tmp_cast' <Predicate = (!icmp_ln50 & !select_ln49_4)> <Delay = 0.00>
ST_6 : Operation 97 [1/1] (2.59ns)   --->   "%empty_70 = add i34 %tmp_cast, i34 %zext_ln50" [HLS_Optimized/conv2d.cpp:50]   --->   Operation 97 'add' 'empty_70' <Predicate = (!icmp_ln50 & !select_ln49_4)> <Delay = 2.59> <CoreInst = "Adder">   --->   Core 1 'Adder' <Latency = 0> <II = 1> <Delay = 2.59> <FuncUnit> <Opcode : 'add' 'sub'> <InPorts = 2> <OutPorts = 1>
ST_6 : Operation 98 [1/1] (0.00ns)   --->   "%specpipeline_ln0 = specpipeline void @_ssdm_op_SpecPipeline, i32 4294967295, i32 0, i32 1, i32 0, void @p_str"   --->   Operation 98 'specpipeline' 'specpipeline_ln0' <Predicate = true> <Delay = 0.00>
ST_6 : Operation 99 [1/1] (0.00ns)   --->   "%zext_ln49_1 = zext i32 %p_mid126" [HLS_Optimized/conv2d.cpp:49]   --->   Operation 99 'zext' 'zext_ln49_1' <Predicate = (!icmp_ln49 & icmp_ln50 & !select_ln49_4)> <Delay = 0.00>
ST_6 : Operation 100 [1/1] (0.00ns) (grouped into LUT with out node p_mid111)   --->   "%select_ln49_2 = select i1 %icmp_ln50, i32 %p_mid126, i32 %empty_68" [HLS_Optimized/conv2d.cpp:49]   --->   Operation 100 'select' 'select_ln49_2' <Predicate = (!icmp_ln49 & select_ln49_4)> <Delay = 0.00> <CoreInst = "Sel">   --->   Core 73 'Sel' <Latency = 0> <II = 1> <Delay = 0.69> <FuncUnit> <Opcode : 'select'> <InPorts = 3> <OutPorts = 1>
ST_6 : Operation 101 [1/1] (0.00ns) (grouped into LUT with out node p_mid111)   --->   "%zext_ln49_2 = zext i32 %select_ln49_2" [HLS_Optimized/conv2d.cpp:49]   --->   Operation 101 'zext' 'zext_ln49_2' <Predicate = (!icmp_ln49 & select_ln49_4)> <Delay = 0.00>
ST_6 : Operation 102 [1/1] (2.55ns)   --->   "%p_mid138 = add i33 %tmp_cast_mid136_cast, i33 %zext_ln49_1" [HLS_Optimized/conv2d.cpp:49]   --->   Operation 102 'add' 'p_mid138' <Predicate = (!icmp_ln49 & icmp_ln50 & !select_ln49_4)> <Delay = 2.55> <CoreInst = "Adder">   --->   Core 1 'Adder' <Latency = 0> <II = 1> <Delay = 2.55> <FuncUnit> <Opcode : 'add' 'sub'> <InPorts = 2> <OutPorts = 1>
ST_6 : Operation 103 [1/1] (0.00ns)   --->   "%p_cast_mid1 = zext i32 %p_mid1" [HLS_Optimized/conv2d.cpp:50]   --->   Operation 103 'zext' 'p_cast_mid1' <Predicate = (!icmp_ln49 & select_ln49_4)> <Delay = 0.00>
ST_6 : Operation 104 [1/1] (2.55ns)   --->   "%tmp_mid1 = add i33 %zext_ln49_cast, i33 %p_cast_mid1" [HLS_Optimized/conv2d.cpp:50]   --->   Operation 104 'add' 'tmp_mid1' <Predicate = (!icmp_ln49 & select_ln49_4)> <Delay = 2.55> <CoreInst = "Adder">   --->   Core 1 'Adder' <Latency = 0> <II = 1> <Delay = 2.55> <FuncUnit> <Opcode : 'add' 'sub'> <InPorts = 2> <OutPorts = 1>
ST_6 : Operation 105 [1/1] (0.00ns) (grouped into LUT with out node p_mid111)   --->   "%tmp_cast_mid1 = zext i33 %tmp_mid1" [HLS_Optimized/conv2d.cpp:50]   --->   Operation 105 'zext' 'tmp_cast_mid1' <Predicate = (!icmp_ln49 & select_ln49_4)> <Delay = 0.00>
ST_6 : Operation 106 [1/1] (2.59ns) (out node of the LUT)   --->   "%p_mid111 = add i34 %tmp_cast_mid1, i34 %zext_ln49_2" [HLS_Optimized/conv2d.cpp:50]   --->   Operation 106 'add' 'p_mid111' <Predicate = (!icmp_ln49 & select_ln49_4)> <Delay = 2.59> <CoreInst = "Adder">   --->   Core 1 'Adder' <Latency = 0> <II = 1> <Delay = 2.59> <FuncUnit> <Opcode : 'add' 'sub'> <InPorts = 2> <OutPorts = 1>

State 7 <SV = 6> <Delay = 3.52>
ST_7 : Operation 107 [1/1] (0.00ns) (grouped into LUT with out node add_ln50_1)   --->   "%p_mid138_cast = zext i33 %p_mid138" [HLS_Optimized/conv2d.cpp:49]   --->   Operation 107 'zext' 'p_mid138_cast' <Predicate = (icmp_ln50 & !select_ln49_4)> <Delay = 0.00>
ST_7 : Operation 108 [1/1] (0.00ns) (grouped into LUT with out node add_ln50_1)   --->   "%select_ln49_5 = select i1 %icmp_ln50, i34 %p_mid138_cast, i34 %empty_70" [HLS_Optimized/conv2d.cpp:49]   --->   Operation 108 'select' 'select_ln49_5' <Predicate = (!select_ln49_4)> <Delay = 0.00> <CoreInst = "Sel">   --->   Core 73 'Sel' <Latency = 0> <II = 1> <Delay = 0.91> <FuncUnit> <Opcode : 'select'> <InPorts = 3> <OutPorts = 1>
ST_7 : Operation 109 [1/1] (0.00ns) (grouped into LUT with out node add_ln50_1)   --->   "%select_ln50_2 = select i1 %select_ln49_4, i34 %p_mid111, i34 %select_ln49_5" [HLS_Optimized/conv2d.cpp:50]   --->   Operation 109 'select' 'select_ln50_2' <Predicate = true> <Delay = 0.00> <CoreInst = "Sel">   --->   Core 73 'Sel' <Latency = 0> <II = 1> <Delay = 0.91> <FuncUnit> <Opcode : 'select'> <InPorts = 3> <OutPorts = 1>
ST_7 : Operation 110 [1/1] (0.00ns) (grouped into LUT with out node add_ln50_1)   --->   "%sext_ln51_mid2_v_v_v_v_v = bitconcatenate i36 @_ssdm_op_BitConcatenate.i36.i34.i2, i34 %select_ln50_2, i2 0" [HLS_Optimized/conv2d.cpp:50]   --->   Operation 110 'bitconcatenate' 'sext_ln51_mid2_v_v_v_v_v' <Predicate = true> <Delay = 0.00>
ST_7 : Operation 111 [1/1] (0.00ns) (grouped into LUT with out node add_ln50_1)   --->   "%zext_ln50_1 = zext i36 %sext_ln51_mid2_v_v_v_v_v" [HLS_Optimized/conv2d.cpp:50]   --->   Operation 111 'zext' 'zext_ln50_1' <Predicate = true> <Delay = 0.00>
ST_7 : Operation 112 [1/1] (3.52ns) (out node of the LUT)   --->   "%add_ln50_1 = add i64 %zext_ln50_1, i64 %coeffs_read" [HLS_Optimized/conv2d.cpp:50]   --->   Operation 112 'add' 'add_ln50_1' <Predicate = true> <Delay = 3.52> <CoreInst = "Adder">   --->   Core 1 'Adder' <Latency = 0> <II = 1> <Delay = 3.52> <FuncUnit> <Opcode : 'add' 'sub'> <InPorts = 2> <OutPorts = 1>
ST_7 : Operation 113 [1/1] (0.00ns)   --->   "%sext_ln51_mid2_v = partselect i62 @_ssdm_op_PartSelect.i62.i64.i32.i32, i64 %add_ln50_1, i32 2, i32 63" [HLS_Optimized/conv2d.cpp:50]   --->   Operation 113 'partselect' 'sext_ln51_mid2_v' <Predicate = true> <Delay = 0.00>
ST_7 : Operation 114 [1/1] (0.00ns)   --->   "%trunc_ln53 = trunc i32 %select_ln50" [HLS_Optimized/conv2d.cpp:53]   --->   Operation 114 'trunc' 'trunc_ln53' <Predicate = true> <Delay = 0.00>
ST_7 : Operation 115 [1/1] (0.95ns)   --->   "%switch_ln53 = switch i2 %trunc_ln53, void %arrayidx3415.case.2, i2 0, void %arrayidx3415.case.0, i2 1, void %arrayidx3415.case.1" [HLS_Optimized/conv2d.cpp:53]   --->   Operation 115 'switch' 'switch_ln53' <Predicate = true> <Delay = 0.95>

State 8 <SV = 7> <Delay = 7.30>
ST_8 : Operation 116 [1/1] (0.00ns)   --->   "%sext_ln50 = sext i62 %sext_ln51_mid2_v" [HLS_Optimized/conv2d.cpp:50]   --->   Operation 116 'sext' 'sext_ln50' <Predicate = true> <Delay = 0.00>
ST_8 : Operation 117 [1/1] (0.00ns)   --->   "%gmem_addr = getelementptr i32 %gmem, i64 %sext_ln50" [HLS_Optimized/conv2d.cpp:51]   --->   Operation 117 'getelementptr' 'gmem_addr' <Predicate = (or_ln50)> <Delay = 0.00>
ST_8 : Operation 118 [7/7] (7.30ns)   --->   "%empty_71 = readreq i1 @_ssdm_op_ReadReq.m_axi.p1i32, i32 %gmem_addr, i32 %convWidth_read" [HLS_Optimized/conv2d.cpp:51]   --->   Operation 118 'readreq' 'empty_71' <Predicate = (or_ln50)> <Delay = 7.30> <CoreInst = "m_axi">   --->   Core 113 'm_axi' <Latency = 0> <II = 1> <Delay = 1.00> <Adapter> <Opcode : 'read' 'write' 'readreq' 'writereq' 'writeresp'>
ST_8 : Operation 119 [1/1] (0.00ns)   --->   "%gmem_addr_1 = getelementptr i32 %gmem, i64 %sext_ln50" [HLS_Optimized/conv2d.cpp:51]   --->   Operation 119 'getelementptr' 'gmem_addr_1' <Predicate = true> <Delay = 0.00>

State 9 <SV = 8> <Delay = 7.30>
ST_9 : Operation 120 [6/7] (7.30ns)   --->   "%empty_71 = readreq i1 @_ssdm_op_ReadReq.m_axi.p1i32, i32 %gmem_addr, i32 %convWidth_read" [HLS_Optimized/conv2d.cpp:51]   --->   Operation 120 'readreq' 'empty_71' <Predicate = (or_ln50)> <Delay = 7.30> <CoreInst = "m_axi">   --->   Core 113 'm_axi' <Latency = 0> <II = 1> <Delay = 1.00> <Adapter> <Opcode : 'read' 'write' 'readreq' 'writereq' 'writeresp'>

State 10 <SV = 9> <Delay = 7.30>
ST_10 : Operation 121 [5/7] (7.30ns)   --->   "%empty_71 = readreq i1 @_ssdm_op_ReadReq.m_axi.p1i32, i32 %gmem_addr, i32 %convWidth_read" [HLS_Optimized/conv2d.cpp:51]   --->   Operation 121 'readreq' 'empty_71' <Predicate = (or_ln50)> <Delay = 7.30> <CoreInst = "m_axi">   --->   Core 113 'm_axi' <Latency = 0> <II = 1> <Delay = 1.00> <Adapter> <Opcode : 'read' 'write' 'readreq' 'writereq' 'writeresp'>

State 11 <SV = 10> <Delay = 7.30>
ST_11 : Operation 122 [4/7] (7.30ns)   --->   "%empty_71 = readreq i1 @_ssdm_op_ReadReq.m_axi.p1i32, i32 %gmem_addr, i32 %convWidth_read" [HLS_Optimized/conv2d.cpp:51]   --->   Operation 122 'readreq' 'empty_71' <Predicate = (or_ln50)> <Delay = 7.30> <CoreInst = "m_axi">   --->   Core 113 'm_axi' <Latency = 0> <II = 1> <Delay = 1.00> <Adapter> <Opcode : 'read' 'write' 'readreq' 'writereq' 'writeresp'>

State 12 <SV = 11> <Delay = 7.30>
ST_12 : Operation 123 [3/7] (7.30ns)   --->   "%empty_71 = readreq i1 @_ssdm_op_ReadReq.m_axi.p1i32, i32 %gmem_addr, i32 %convWidth_read" [HLS_Optimized/conv2d.cpp:51]   --->   Operation 123 'readreq' 'empty_71' <Predicate = (or_ln50)> <Delay = 7.30> <CoreInst = "m_axi">   --->   Core 113 'm_axi' <Latency = 0> <II = 1> <Delay = 1.00> <Adapter> <Opcode : 'read' 'write' 'readreq' 'writereq' 'writeresp'>

State 13 <SV = 12> <Delay = 7.30>
ST_13 : Operation 124 [2/7] (7.30ns)   --->   "%empty_71 = readreq i1 @_ssdm_op_ReadReq.m_axi.p1i32, i32 %gmem_addr, i32 %convWidth_read" [HLS_Optimized/conv2d.cpp:51]   --->   Operation 124 'readreq' 'empty_71' <Predicate = (or_ln50)> <Delay = 7.30> <CoreInst = "m_axi">   --->   Core 113 'm_axi' <Latency = 0> <II = 1> <Delay = 1.00> <Adapter> <Opcode : 'read' 'write' 'readreq' 'writereq' 'writeresp'>

State 14 <SV = 13> <Delay = 7.30>
ST_14 : Operation 125 [1/7] (7.30ns)   --->   "%empty_71 = readreq i1 @_ssdm_op_ReadReq.m_axi.p1i32, i32 %gmem_addr, i32 %convWidth_read" [HLS_Optimized/conv2d.cpp:51]   --->   Operation 125 'readreq' 'empty_71' <Predicate = (or_ln50)> <Delay = 7.30> <CoreInst = "m_axi">   --->   Core 113 'm_axi' <Latency = 0> <II = 1> <Delay = 1.00> <Adapter> <Opcode : 'read' 'write' 'readreq' 'writereq' 'writeresp'>
ST_14 : Operation 126 [1/1] (0.00ns)   --->   "%br_ln51 = br void %for.inc.split" [HLS_Optimized/conv2d.cpp:51]   --->   Operation 126 'br' 'br_ln51' <Predicate = (or_ln50)> <Delay = 0.00>

State 15 <SV = 14> <Delay = 7.30>
ST_15 : Operation 127 [1/1] (0.00ns)   --->   "%specloopname_ln51 = specloopname void @_ssdm_op_SpecLoopName, void @empty_20" [HLS_Optimized/conv2d.cpp:51]   --->   Operation 127 'specloopname' 'specloopname_ln51' <Predicate = true> <Delay = 0.00>
ST_15 : Operation 128 [1/1] (7.30ns)   --->   "%gmem_addr_1_read = read i32 @_ssdm_op_Read.m_axi.p1i32, i32 %gmem_addr_1" [HLS_Optimized/conv2d.cpp:54]   --->   Operation 128 'read' 'gmem_addr_1_read' <Predicate = true> <Delay = 7.30> <CoreInst = "m_axi">   --->   Core 113 'm_axi' <Latency = 0> <II = 1> <Delay = 1.00> <Adapter> <Opcode : 'read' 'write' 'readreq' 'writereq' 'writeresp'>
ST_15 : Operation 143 [1/1] (0.00ns)   --->   "%ret_ln0 = ret"   --->   Operation 143 'ret' 'ret_ln0' <Predicate = (icmp_ln49)> <Delay = 0.00>

State 16 <SV = 15> <Delay = 3.25>
ST_16 : Operation 129 [1/1] (0.00ns)   --->   "%specloopname_ln0 = specloopname void @_ssdm_op_SpecLoopName, void @VITIS_LOOP_49_3_VITIS_LOOP_50_4_VITIS_LOOP_51_5_str"   --->   Operation 129 'specloopname' 'specloopname_ln0' <Predicate = true> <Delay = 0.00>
ST_16 : Operation 130 [1/1] (0.00ns)   --->   "%specpipeline_ln0 = specpipeline void @_ssdm_op_SpecPipeline, i32 4294967295, i32 0, i32 1, i32 0, void @p_str"   --->   Operation 130 'specpipeline' 'specpipeline_ln0' <Predicate = true> <Delay = 0.00>
ST_16 : Operation 131 [1/1] (0.00ns)   --->   "%specloopname_ln0 = specloopname void @_ssdm_op_SpecLoopName, void @VITIS_LOOP_50_4_VITIS_LOOP_51_5_str"   --->   Operation 131 'specloopname' 'specloopname_ln0' <Predicate = true> <Delay = 0.00>
ST_16 : Operation 132 [1/1] (0.00ns)   --->   "%p_cast7 = zext i12 %empty_76" [HLS_Optimized/conv2d.cpp:49]   --->   Operation 132 'zext' 'p_cast7' <Predicate = true> <Delay = 0.00>
ST_16 : Operation 133 [1/1] (0.00ns)   --->   "%coeff_cache_addr = getelementptr i32 %coeff_cache, i64 0, i64 %p_cast7" [HLS_Optimized/conv2d.cpp:49]   --->   Operation 133 'getelementptr' 'coeff_cache_addr' <Predicate = true> <Delay = 0.00>
ST_16 : Operation 134 [1/1] (0.00ns)   --->   "%coeff_cache_1_addr = getelementptr i32 %coeff_cache_1, i64 0, i64 %p_cast7" [HLS_Optimized/conv2d.cpp:49]   --->   Operation 134 'getelementptr' 'coeff_cache_1_addr' <Predicate = true> <Delay = 0.00>
ST_16 : Operation 135 [1/1] (0.00ns)   --->   "%coeff_cache_2_addr = getelementptr i32 %coeff_cache_2, i64 0, i64 %p_cast7" [HLS_Optimized/conv2d.cpp:49]   --->   Operation 135 'getelementptr' 'coeff_cache_2_addr' <Predicate = true> <Delay = 0.00>
ST_16 : Operation 136 [1/1] (0.00ns)   --->   "%specpipeline_ln0 = specpipeline void @_ssdm_op_SpecPipeline, i32 4294967295, i32 0, i32 1, i32 0, void @p_str"   --->   Operation 136 'specpipeline' 'specpipeline_ln0' <Predicate = true> <Delay = 0.00>
ST_16 : Operation 137 [1/1] (3.25ns)   --->   "%store_ln53 = store i32 %gmem_addr_1_read, i12 %coeff_cache_1_addr" [HLS_Optimized/conv2d.cpp:53]   --->   Operation 137 'store' 'store_ln53' <Predicate = (trunc_ln53 == 1)> <Delay = 3.25> <CoreInst = "RAM_1WnR">   --->   Core 83 'RAM_1WnR' <Latency = 1> <II = 1> <Delay = 3.25> <Storage> <Opcode : 'load' 'store'> <Ports = 17> <Width = 32> <Depth = 3072> <RAM>
ST_16 : Operation 138 [1/1] (0.00ns)   --->   "%br_ln53 = br void %arrayidx3415.exit" [HLS_Optimized/conv2d.cpp:53]   --->   Operation 138 'br' 'br_ln53' <Predicate = (trunc_ln53 == 1)> <Delay = 0.00>
ST_16 : Operation 139 [1/1] (3.25ns)   --->   "%store_ln53 = store i32 %gmem_addr_1_read, i12 %coeff_cache_addr" [HLS_Optimized/conv2d.cpp:53]   --->   Operation 139 'store' 'store_ln53' <Predicate = (trunc_ln53 == 0)> <Delay = 3.25> <CoreInst = "RAM_1WnR">   --->   Core 83 'RAM_1WnR' <Latency = 1> <II = 1> <Delay = 3.25> <Storage> <Opcode : 'load' 'store'> <Ports = 17> <Width = 32> <Depth = 3072> <RAM>
ST_16 : Operation 140 [1/1] (0.00ns)   --->   "%br_ln53 = br void %arrayidx3415.exit" [HLS_Optimized/conv2d.cpp:53]   --->   Operation 140 'br' 'br_ln53' <Predicate = (trunc_ln53 == 0)> <Delay = 0.00>
ST_16 : Operation 141 [1/1] (3.25ns)   --->   "%store_ln53 = store i32 %gmem_addr_1_read, i12 %coeff_cache_2_addr" [HLS_Optimized/conv2d.cpp:53]   --->   Operation 141 'store' 'store_ln53' <Predicate = (trunc_ln53 != 0 & trunc_ln53 != 1)> <Delay = 3.25> <CoreInst = "RAM_1WnR">   --->   Core 83 'RAM_1WnR' <Latency = 1> <II = 1> <Delay = 3.25> <Storage> <Opcode : 'load' 'store'> <Ports = 17> <Width = 32> <Depth = 3072> <RAM>
ST_16 : Operation 142 [1/1] (0.00ns)   --->   "%br_ln53 = br void %arrayidx3415.exit" [HLS_Optimized/conv2d.cpp:53]   --->   Operation 142 'br' 'br_ln53' <Predicate = (trunc_ln53 != 0 & trunc_ln53 != 1)> <Delay = 0.00>


============================================================
+ Verbose Summary: Timing violations
============================================================
Target clock period: 10ns, clock uncertainty: 2.7ns.

 <State 1>: 1.59ns
The critical path consists of the following:
	'alloca' operation ('indvar_flatten56') [18]  (0 ns)
	'store' operation ('store_ln0') of constant 0 on local variable 'indvar_flatten56' [32]  (1.59 ns)

 <State 2>: 6.59ns
The critical path consists of the following:
	'load' operation ('indvar_flatten_load', HLS_Optimized/conv2d.cpp:50) on local variable 'indvar_flatten' [41]  (0 ns)
	'add' operation ('add_ln50_2', HLS_Optimized/conv2d.cpp:50) [129]  (3.52 ns)
	'select' operation ('select_ln50_4', HLS_Optimized/conv2d.cpp:50) [130]  (1.48 ns)
	'store' operation ('store_ln51', HLS_Optimized/conv2d.cpp:51) of variable 'select_ln50_4', HLS_Optimized/conv2d.cpp:50 on local variable 'indvar_flatten' [133]  (1.59 ns)

 <State 3>: 6.91ns
The critical path consists of the following:
	'load' operation ('iChannel', HLS_Optimized/conv2d.cpp:49) on local variable 'iChannel' [42]  (0 ns)
	'mul' operation ('empty_68', HLS_Optimized/conv2d.cpp:49) [45]  (6.91 ns)

 <State 4>: 6.91ns
The critical path consists of the following:
	'mul' operation ('empty_68', HLS_Optimized/conv2d.cpp:49) [45]  (6.91 ns)

 <State 5>: 6.91ns
The critical path consists of the following:
	'mul' operation ('empty_69', HLS_Optimized/conv2d.cpp:50) [48]  (6.91 ns)

 <State 6>: 5.14ns
The critical path consists of the following:
	'add' operation ('tmp', HLS_Optimized/conv2d.cpp:50) [50]  (2.55 ns)
	'add' operation ('empty_70', HLS_Optimized/conv2d.cpp:50) [52]  (2.59 ns)

 <State 7>: 3.52ns
The critical path consists of the following:
	'select' operation ('select_ln49_5', HLS_Optimized/conv2d.cpp:49) [98]  (0 ns)
	'select' operation ('select_ln50_2', HLS_Optimized/conv2d.cpp:50) [99]  (0 ns)
	'add' operation ('add_ln50_1', HLS_Optimized/conv2d.cpp:50) [102]  (3.52 ns)

 <State 8>: 7.3ns
The critical path consists of the following:
	'getelementptr' operation ('gmem_addr', HLS_Optimized/conv2d.cpp:51) [109]  (0 ns)
	bus request operation ('empty_71', HLS_Optimized/conv2d.cpp:51) on port 'gmem' (HLS_Optimized/conv2d.cpp:51) [110]  (7.3 ns)

 <State 9>: 7.3ns
The critical path consists of the following:
	bus request operation ('empty_71', HLS_Optimized/conv2d.cpp:51) on port 'gmem' (HLS_Optimized/conv2d.cpp:51) [110]  (7.3 ns)

 <State 10>: 7.3ns
The critical path consists of the following:
	bus request operation ('empty_71', HLS_Optimized/conv2d.cpp:51) on port 'gmem' (HLS_Optimized/conv2d.cpp:51) [110]  (7.3 ns)

 <State 11>: 7.3ns
The critical path consists of the following:
	bus request operation ('empty_71', HLS_Optimized/conv2d.cpp:51) on port 'gmem' (HLS_Optimized/conv2d.cpp:51) [110]  (7.3 ns)

 <State 12>: 7.3ns
The critical path consists of the following:
	bus request operation ('empty_71', HLS_Optimized/conv2d.cpp:51) on port 'gmem' (HLS_Optimized/conv2d.cpp:51) [110]  (7.3 ns)

 <State 13>: 7.3ns
The critical path consists of the following:
	bus request operation ('empty_71', HLS_Optimized/conv2d.cpp:51) on port 'gmem' (HLS_Optimized/conv2d.cpp:51) [110]  (7.3 ns)

 <State 14>: 7.3ns
The critical path consists of the following:
	bus request operation ('empty_71', HLS_Optimized/conv2d.cpp:51) on port 'gmem' (HLS_Optimized/conv2d.cpp:51) [110]  (7.3 ns)

 <State 15>: 7.3ns
The critical path consists of the following:
	bus read operation ('gmem_addr_1_read', HLS_Optimized/conv2d.cpp:54) on port 'gmem' (HLS_Optimized/conv2d.cpp:54) [115]  (7.3 ns)

 <State 16>: 3.25ns
The critical path consists of the following:
	'getelementptr' operation ('coeff_cache_1_addr', HLS_Optimized/conv2d.cpp:49) [91]  (0 ns)
	'store' operation ('store_ln53', HLS_Optimized/conv2d.cpp:53) of variable 'gmem_addr_1_read', HLS_Optimized/conv2d.cpp:54 on array 'coeff_cache_1' [119]  (3.25 ns)


============================================================
+ Verbose Summary: Binding
============================================================
N/A
* FSMD analyzer results:
  - Output states:
 - Input state : 
  - Chain level:
	State 1
	State 2
	State 3
	State 4
	State 5
	State 6
	State 7
	State 8
	State 9
	State 10
	State 11
	State 12
	State 13
	State 14
	State 15
	State 16


============================================================
+ Verbose Summary: Datapath Resource usage 
============================================================
N/A
