

================================================================
== Vitis HLS Report for 'Conv2D_HW_Pipeline_VITIS_LOOP_80_10_VITIS_LOOP_83_11_VITIS_LOOP_86_12'
================================================================
* Date:           Tue Apr  1 19:50:30 2025

* Version:        2022.2 (Build 3670227 on Oct 13 2022)
* Project:        Vitis_Midterm
* Solution:       solution1 (Vivado IP Flow Target)
* Product family: zynq
* Target device:  xc7z020-clg400-1


================================================================
== Performance Estimates
================================================================
+ Timing: 
    * Summary: 
    +--------+----------+----------+------------+
    |  Clock |  Target  | Estimated| Uncertainty|
    +--------+----------+----------+------------+
    |ap_clk  |  10.00 ns|  6.996 ns|     2.70 ns|
    +--------+----------+----------+------------+

+ Latency: 
    * Summary: 
    +---------+---------+----------+----------+-----+-----+---------+
    |  Latency (cycles) |  Latency (absolute) |  Interval | Pipeline|
    |   min   |   max   |    min   |    max   | min | max |   Type  |
    +---------+---------+----------+----------+-----+-----+---------+
    |        ?|        ?|         ?|         ?|    ?|    ?|       no|
    +---------+---------+----------+----------+-----+-----+---------+

    + Detail: 
        * Instance: 
        N/A

        * Loop: 
        +------------------------------------------------------+---------+---------+----------+-----------+-----------+------+----------+
        |                                                      |  Latency (cycles) | Iteration|  Initiation Interval  | Trip |          |
        |                       Loop Name                      |   min   |   max   |  Latency |  achieved |   target  | Count| Pipelined|
        +------------------------------------------------------+---------+---------+----------+-----------+-----------+------+----------+
        |- VITIS_LOOP_80_10_VITIS_LOOP_83_11_VITIS_LOOP_86_12  |        ?|        ?|         9|          1|          1|     ?|       yes|
        +------------------------------------------------------+---------+---------+----------+-----------+-----------+------+----------+



================================================================
== Utilization Estimates
================================================================
* Summary: 
+-----------------+---------+-----+--------+-------+-----+
|       Name      | BRAM_18K| DSP |   FF   |  LUT  | URAM|
+-----------------+---------+-----+--------+-------+-----+
|DSP              |        -|    1|       -|      -|    -|
|Expression       |        -|    -|       0|    703|    -|
|FIFO             |        -|    -|       -|      -|    -|
|Instance         |        -|    3|     165|     78|    -|
|Memory           |        -|    -|       -|      -|    -|
|Multiplexer      |        -|    -|       -|     90|    -|
|Register         |        -|    -|     971|    224|    -|
+-----------------+---------+-----+--------+-------+-----+
|Total            |        0|    4|    1136|   1095|    0|
+-----------------+---------+-----+--------+-------+-----+
|Available        |      280|  220|  106400|  53200|    0|
+-----------------+---------+-----+--------+-------+-----+
|Utilization (%)  |        0|    1|       1|      2|    0|
+-----------------+---------+-----+--------+-------+-----+

+ Detail: 
    * Instance: 
    +------------------------+--------------------+---------+----+-----+----+-----+
    |        Instance        |       Module       | BRAM_18K| DSP|  FF | LUT| URAM|
    +------------------------+--------------------+---------+----+-----+----+-----+
    |mul_32s_32s_52_2_1_U40  |mul_32s_32s_52_2_1  |        0|   3|  165|  50|    0|
    |mux_32_32_1_1_U38       |mux_32_32_1_1       |        0|   0|    0|  14|    0|
    |mux_32_32_1_1_U39       |mux_32_32_1_1       |        0|   0|    0|  14|    0|
    +------------------------+--------------------+---------+----+-----+----+-----+
    |Total                   |                    |        0|   3|  165|  78|    0|
    +------------------------+--------------------+---------+----+-----+----+-----+

    * DSP: 
    +------------------------------------+--------------------------------+--------------+
    |              Instance              |             Module             |  Expression  |
    +------------------------------------+--------------------------------+--------------+
    |mac_muladd_12s_12s_12ns_12_4_1_U41  |mac_muladd_12s_12s_12ns_12_4_1  |  i0 * i1 + i2|
    +------------------------------------+--------------------------------+--------------+

    * Memory: 
    N/A

    * FIFO: 
    N/A

    * Expression: 
    +-------------------------+----------+----+---+-----+------------+------------+
    |      Variable Name      | Operation| DSP| FF| LUT | Bitwidth P0| Bitwidth P1|
    +-------------------------+----------+----+---+-----+------------+------------+
    |acc_1_fu_578_p2          |         +|   0|  0|   39|          32|          32|
    |add_ln80_1_fu_270_p2     |         +|   0|  0|  103|          96|           1|
    |add_ln80_fu_279_p2       |         +|   0|  0|   39|          32|           1|
    |add_ln83_1_fu_332_p2     |         +|   0|  0|   71|          64|           1|
    |add_ln83_fu_430_p2       |         +|   0|  0|   39|          32|           1|
    |add_ln86_fu_492_p2       |         +|   0|  0|   39|          32|           1|
    |add_ln91_fu_487_p2       |         +|   0|  0|   12|          12|          12|
    |empty_50_fu_380_p2       |         +|   0|  0|   10|          10|          10|
    |empty_57_fu_453_p2       |         +|   0|  0|   10|          10|          10|
    |empty_48_fu_371_p2       |         -|   0|  0|   10|          10|          10|
    |empty_52_fu_306_p2       |         -|   0|  0|   13|          10|          10|
    |empty_54_fu_403_p2       |         -|   0|  0|   10|          10|          10|
    |icmp_ln80_fu_265_p2      |      icmp|   0|  0|   39|          96|          96|
    |icmp_ln83_fu_289_p2      |      icmp|   0|  0|   29|          64|          64|
    |icmp_ln86_fu_419_p2      |      icmp|   0|  0|   18|          32|          32|
    |or_ln83_fu_436_p2        |        or|   0|  0|    2|           1|           1|
    |select_ln80_1_fu_312_p3  |    select|   0|  0|   32|           1|          32|
    |select_ln80_2_fu_503_p3  |    select|   0|  0|   10|           1|          10|
    |select_ln80_3_fu_412_p3  |    select|   0|  0|    2|           1|           1|
    |select_ln80_4_fu_424_p3  |    select|   0|  0|    2|           1|           1|
    |select_ln80_fu_389_p3    |    select|   0|  0|   32|           1|           1|
    |select_ln83_1_fu_508_p3  |    select|   0|  0|   10|           1|          10|
    |select_ln83_2_fu_463_p3  |    select|   0|  0|    2|           1|           2|
    |select_ln83_3_fu_471_p3  |    select|   0|  0|   32|           1|          32|
    |select_ln83_4_fu_338_p3  |    select|   0|  0|   64|           1|           1|
    |select_ln83_fu_441_p3    |    select|   0|  0|   32|           1|           1|
    |ap_enable_pp0            |       xor|   0|  0|    2|           1|           2|
    +-------------------------+----------+----+---+-----+------------+------------+
    |Total                    |          |   0|  0|  703|         554|         385|
    +-------------------------+----------+----+---+-----+------------+------------+

    * Multiplexer: 
    +--------------------------+----+-----------+-----+-----------+
    |           Name           | LUT| Input Size| Bits| Total Bits|
    +--------------------------+----+-----------+-----+-----------+
    |acc_fu_76                 |   9|          2|   32|         64|
    |ap_done_int               |   9|          2|    1|          2|
    |ap_enable_reg_pp0_iter1   |   9|          2|    1|          2|
    |ap_enable_reg_pp0_iter5   |   9|          2|    1|          2|
    |ap_sig_allocacmp_cx_load  |   9|          2|   32|         64|
    |cx_fu_80                  |   9|          2|   32|         64|
    |cy_fu_84                  |   9|          2|   32|         64|
    |iChannel_fu_92            |   9|          2|   32|         64|
    |indvar_flatten113_fu_88   |   9|          2|   64|        128|
    |indvar_flatten143_fu_96   |   9|          2|   96|        192|
    +--------------------------+----+-----------+-----+-----------+
    |Total                     |  90|         20|  323|        646|
    +--------------------------+----+-----------+-----+-----------+

    * Register: 
    +-------------------------------------+----+----+-----+-----------+
    |                 Name                | FF | LUT| Bits| Const Bits|
    +-------------------------------------+----+----+-----+-----------+
    |acc_fu_76                            |  32|   0|   32|          0|
    |add_ln86_reg_745                     |  32|   0|   32|          0|
    |add_ln91_reg_740                     |  12|   0|   12|          0|
    |ap_CS_fsm                            |   1|   0|    1|          0|
    |ap_done_reg                          |   1|   0|    1|          0|
    |ap_enable_reg_pp0_iter1              |   1|   0|    1|          0|
    |ap_enable_reg_pp0_iter2              |   1|   0|    1|          0|
    |ap_enable_reg_pp0_iter3              |   1|   0|    1|          0|
    |ap_enable_reg_pp0_iter4              |   1|   0|    1|          0|
    |ap_enable_reg_pp0_iter5              |   1|   0|    1|          0|
    |ap_enable_reg_pp0_iter6              |   1|   0|    1|          0|
    |ap_enable_reg_pp0_iter7              |   1|   0|    1|          0|
    |ap_enable_reg_pp0_iter8              |   1|   0|    1|          0|
    |ap_enable_reg_pp0_iter9              |   1|   0|    1|          0|
    |ap_loop_exit_ready_pp0_iter2_reg     |   1|   0|    1|          0|
    |ap_loop_exit_ready_pp0_iter3_reg     |   1|   0|    1|          0|
    |ap_loop_exit_ready_pp0_iter4_reg     |   1|   0|    1|          0|
    |ap_loop_exit_ready_pp0_iter5_reg     |   1|   0|    1|          0|
    |ap_loop_exit_ready_pp0_iter6_reg     |   1|   0|    1|          0|
    |ap_loop_exit_ready_pp0_iter7_reg     |   1|   0|    1|          0|
    |ap_loop_exit_ready_pp0_iter8_reg     |   1|   0|    1|          0|
    |cx_fu_80                             |  32|   0|   32|          0|
    |cy_fu_84                             |  32|   0|   32|          0|
    |empty_50_reg_715                     |  10|   0|   10|          0|
    |empty_52_reg_695                     |  10|   0|   10|          0|
    |empty_53_reg_705                     |  10|   0|   10|          0|
    |empty_57_reg_725                     |  10|   0|   10|          0|
    |empty_reg_677                        |  10|   0|   10|          0|
    |filterValue_reg_780                  |  32|   0|   32|          0|
    |iChannel_fu_92                       |  32|   0|   32|          0|
    |icmp_ln80_reg_682                    |   1|   0|    1|          0|
    |icmp_ln83_reg_686                    |   1|   0|    1|          0|
    |indvar_flatten113_fu_88              |  64|   0|   64|          0|
    |indvar_flatten143_fu_96              |  96|   0|   96|          0|
    |pixelValue_reg_785                   |  32|   0|   32|          0|
    |select_ln80_4_reg_720                |   1|   0|    1|          0|
    |select_ln83_2_reg_730                |   2|   0|    2|          0|
    |select_ln83_2_reg_730_pp0_iter5_reg  |   2|   0|    2|          0|
    |trunc_ln7_reg_800                    |  32|   0|   32|          0|
    |trunc_ln80_2_reg_700                 |   8|   0|    8|          0|
    |trunc_ln80_reg_672                   |   8|   0|    8|          0|
    |trunc_ln88_reg_735                   |   2|   0|    2|          0|
    |trunc_ln88_reg_735_pp0_iter5_reg     |   2|   0|    2|          0|
    |empty_52_reg_695                     |  64|  32|   10|          0|
    |empty_53_reg_705                     |  64|  32|   10|          0|
    |empty_reg_677                        |  64|  32|   10|          0|
    |icmp_ln80_reg_682                    |  64|  32|    1|          0|
    |icmp_ln83_reg_686                    |  64|  32|    1|          0|
    |trunc_ln80_2_reg_700                 |  64|  32|    8|          0|
    |trunc_ln80_reg_672                   |  64|  32|    8|          0|
    +-------------------------------------+----+----+-----+-----------+
    |Total                                | 971| 224|  571|          0|
    +-------------------------------------+----+----+-----+-----------+



================================================================
== Interface
================================================================
* Summary: 
+------------------------+-----+-----+------------+-----------------------------------------------------------------------+--------------+
|        RTL Ports       | Dir | Bits|  Protocol  |                             Source Object                             |    C Type    |
+------------------------+-----+-----+------------+-----------------------------------------------------------------------+--------------+
|ap_clk                  |   in|    1|  ap_ctrl_hs|  Conv2D_HW_Pipeline_VITIS_LOOP_80_10_VITIS_LOOP_83_11_VITIS_LOOP_86_12|  return value|
|ap_rst                  |   in|    1|  ap_ctrl_hs|  Conv2D_HW_Pipeline_VITIS_LOOP_80_10_VITIS_LOOP_83_11_VITIS_LOOP_86_12|  return value|
|ap_start                |   in|    1|  ap_ctrl_hs|  Conv2D_HW_Pipeline_VITIS_LOOP_80_10_VITIS_LOOP_83_11_VITIS_LOOP_86_12|  return value|
|ap_done                 |  out|    1|  ap_ctrl_hs|  Conv2D_HW_Pipeline_VITIS_LOOP_80_10_VITIS_LOOP_83_11_VITIS_LOOP_86_12|  return value|
|ap_idle                 |  out|    1|  ap_ctrl_hs|  Conv2D_HW_Pipeline_VITIS_LOOP_80_10_VITIS_LOOP_83_11_VITIS_LOOP_86_12|  return value|
|ap_ready                |  out|    1|  ap_ctrl_hs|  Conv2D_HW_Pipeline_VITIS_LOOP_80_10_VITIS_LOOP_83_11_VITIS_LOOP_86_12|  return value|
|mul_ln17_1              |   in|   96|     ap_none|                                                             mul_ln17_1|        scalar|
|mul_ln17                |   in|   64|     ap_none|                                                               mul_ln17|        scalar|
|trunc_ln                |   in|   12|     ap_none|                                                               trunc_ln|        scalar|
|convWidth               |   in|   32|     ap_none|                                                              convWidth|        scalar|
|icmp_ln45_1             |   in|    1|     ap_none|                                                            icmp_ln45_1|        scalar|
|coeff_cache_address0    |  out|   10|   ap_memory|                                                            coeff_cache|         array|
|coeff_cache_ce0         |  out|    1|   ap_memory|                                                            coeff_cache|         array|
|coeff_cache_q0          |   in|   32|   ap_memory|                                                            coeff_cache|         array|
|coeff_cache_1_address0  |  out|   10|   ap_memory|                                                          coeff_cache_1|         array|
|coeff_cache_1_ce0       |  out|    1|   ap_memory|                                                          coeff_cache_1|         array|
|coeff_cache_1_q0        |   in|   32|   ap_memory|                                                          coeff_cache_1|         array|
|coeff_cache_2_address0  |  out|   10|   ap_memory|                                                          coeff_cache_2|         array|
|coeff_cache_2_ce0       |  out|    1|   ap_memory|                                                          coeff_cache_2|         array|
|coeff_cache_2_q0        |   in|   32|   ap_memory|                                                          coeff_cache_2|         array|
|x_cast                  |   in|   12|     ap_none|                                                                 x_cast|        scalar|
|row_buffer_address0     |  out|   12|   ap_memory|                                                             row_buffer|         array|
|row_buffer_ce0          |  out|    1|   ap_memory|                                                             row_buffer|         array|
|row_buffer_q0           |   in|   32|   ap_memory|                                                             row_buffer|         array|
|row_buffer_1_address0   |  out|   12|   ap_memory|                                                           row_buffer_1|         array|
|row_buffer_1_ce0        |  out|    1|   ap_memory|                                                           row_buffer_1|         array|
|row_buffer_1_q0         |   in|   32|   ap_memory|                                                           row_buffer_1|         array|
|row_buffer_2_address0   |  out|   12|   ap_memory|                                                           row_buffer_2|         array|
|row_buffer_2_ce0        |  out|    1|   ap_memory|                                                           row_buffer_2|         array|
|row_buffer_2_q0         |   in|   32|   ap_memory|                                                           row_buffer_2|         array|
|acc_2_out               |  out|   32|      ap_vld|                                                              acc_2_out|       pointer|
|acc_2_out_ap_vld        |  out|    1|      ap_vld|                                                              acc_2_out|       pointer|
+------------------------+-----+-----+------------+-----------------------------------------------------------------------+--------------+

