INFO-FLOW: Workspace /home/rerecich/EE-390a/CNN/Conv2D_HW_InitVersion_Examples/Conv2D_HW_InitVersion_Students/CNN_Material/Vitis_CNN_HW/solution1 opened at Fri Mar 21 15:54:23 CET 2025
Execute     ap_set_clock -name default -period 10 -default=false 
INFO: [SYN 201-201] Setting up clock 'default' with a period of 10ns.
Execute     set_part xc7z020clg400-1 
Execute       create_platform xc7z020clg400-1 -board  
DBG:HLSDevice: Trying to load device library: /scrap/users/Xilinx2022.2/Vitis_HLS/2022.2/lib/lnx64.o/libxv_hlsvwrap.so
DBG:HLSDevice: first parts/arch.xml in RDI_DATADIR: /scrap/users/Xilinx2022.2/Vivado/2022.2/data/parts/arch.xml
DBG:HLSDevice: init success
INFO: [HLS 200-1611] Setting target device to 'xc7z020-clg400-1'
Command       create_platform done; 0.74 sec.
Execute       source /scrap/users/Xilinx2022.2/Vitis_HLS/2022.2/common/technology/xilinx/common/xilinx.gen 
Execute         source /scrap/users/Xilinx2022.2/Vitis_HLS/2022.2/common/technology/xilinx/interface/plb46.gen 
Execute         source /scrap/users/Xilinx2022.2/Vitis_HLS/2022.2/common/technology/xilinx/interface/axi4.gen 
Execute         source /scrap/users/Xilinx2022.2/Vitis_HLS/2022.2/common/technology/xilinx/interface/nativeAXI4.gen 
Execute           source /scrap/users/Xilinx2022.2/Vitis_HLS/2022.2/common/technology/xilinx/interface/saxilite.gen 
Execute         source /scrap/users/Xilinx2022.2/Vitis_HLS/2022.2/common/technology/xilinx/scripts/xilinxcoregen.gen 
Execute         source /scrap/users/Xilinx2022.2/Vitis_HLS/2022.2/common/technology/xilinx/interface/XilEDKCoreGen.gen 
Execute         source /scrap/users/Xilinx2022.2/Vitis_HLS/2022.2/common/technology/xilinx/ip/xfir.gen 
Execute         source /scrap/users/Xilinx2022.2/Vitis_HLS/2022.2/common/technology/xilinx/ip/dds_compiler.gen 
Execute         source /scrap/users/Xilinx2022.2/Vitis_HLS/2022.2/common/technology/xilinx/ip/util.gen 
Execute         source /scrap/users/Xilinx2022.2/Vitis_HLS/2022.2/common/technology/xilinx/ip/xfft.gen 
Execute         source /scrap/users/Xilinx2022.2/Vitis_HLS/2022.2/common/technology/xilinx/DSP48/dsp48.gen 
Command       ap_source done; 0.11 sec.
Execute       ap_part_info -name xc7z020-clg400-1 -data info 
Execute       config_compile -quiet -complex-mul-dsp=0 
Command     set_part done; 0.85 sec.
Execute     send_msg_by_id INFO @200-1505@%s%s  vivado 
INFO: [HLS 200-1505] Using flow_target 'vivado'
Command   open_solution done; 0.97 sec.
Execute   set_part xc7z020clg400-1 
INFO: [HLS 200-1510] Running: set_part xc7z020clg400-1 
Execute     create_platform xc7z020clg400-1 -board  
Execute     source /scrap/users/Xilinx2022.2/Vitis_HLS/2022.2/common/technology/xilinx/common/xilinx.gen 
Execute       source /scrap/users/Xilinx2022.2/Vitis_HLS/2022.2/common/technology/xilinx/interface/plb46.gen 
Execute       source /scrap/users/Xilinx2022.2/Vitis_HLS/2022.2/common/technology/xilinx/interface/axi4.gen 
Execute       source /scrap/users/Xilinx2022.2/Vitis_HLS/2022.2/common/technology/xilinx/interface/nativeAXI4.gen 
Execute         source /scrap/users/Xilinx2022.2/Vitis_HLS/2022.2/common/technology/xilinx/interface/saxilite.gen 
Execute       source /scrap/users/Xilinx2022.2/Vitis_HLS/2022.2/common/technology/xilinx/scripts/xilinxcoregen.gen 
Execute       source /scrap/users/Xilinx2022.2/Vitis_HLS/2022.2/common/technology/xilinx/interface/XilEDKCoreGen.gen 
Execute       source /scrap/users/Xilinx2022.2/Vitis_HLS/2022.2/common/technology/xilinx/ip/xfir.gen 
Execute       source /scrap/users/Xilinx2022.2/Vitis_HLS/2022.2/common/technology/xilinx/ip/dds_compiler.gen 
Execute       source /scrap/users/Xilinx2022.2/Vitis_HLS/2022.2/common/technology/xilinx/ip/util.gen 
Execute       source /scrap/users/Xilinx2022.2/Vitis_HLS/2022.2/common/technology/xilinx/ip/xfft.gen 
Execute       source /scrap/users/Xilinx2022.2/Vitis_HLS/2022.2/common/technology/xilinx/DSP48/dsp48.gen 
Execute     ap_part_info -name xc7z020-clg400-1 -data info 
Execute     config_compile -quiet -complex-mul-dsp=0 
Command   set_part done; 0.11 sec.
Execute   create_clock -period 10 -name default 
INFO: [HLS 200-1510] Running: create_clock -period 10 -name default 
Execute     ap_set_clock -name default -period 10 -default=false 
INFO: [SYN 201-201] Setting up clock 'default' with a period of 10ns.
Execute   csim_design -quiet 
INFO: [HLS 200-1510] Running: csim_design -quiet 
INFO: [SIM 211-2] *************** CSIM start ***************
INFO: [SIM 211-4] CSIM will launch GCC as the compiler.
Execute     ap_part_info -name xc7z020-clg400-1 -data info 
ERROR: [SIM 211-100] 'csim_design' failed: compilation error(s).
INFO: [SIM 211-3] *************** CSIM finish ***************
INFO-FLOW: Caught error in csim_design: 4
    while executing
"ap_internal_csim_design "
Command   csim_design done; error code: 2; 0.6 sec.
INFO: [HLS 200-111] Finished Command csim_design CPU user time: 0.32 seconds. CPU system time: 0.13 seconds. Elapsed time: 0.6 seconds; current allocated memory: 0.000 MB.
Command ap_source done; error code: 1; 11.71 sec.
Execute cleanup_all 
INFO-FLOW: Workspace /home/rerecich/EE-390a/CNN/Conv2D_HW_InitVersion_Examples/Conv2D_HW_InitVersion_Students/CNN_Material/Vitis_CNN_HW/solution1 opened at Sat Mar 22 18:34:55 CET 2025
Execute     ap_set_clock -name default -period 10 -default=false 
INFO: [SYN 201-201] Setting up clock 'default' with a period of 10ns.
Execute     set_part xc7z020-clg400-1 
Execute       create_platform xc7z020-clg400-1 -board  
DBG:HLSDevice: Trying to load device library: /scrap/users/Xilinx2022.2/Vitis_HLS/2022.2/lib/lnx64.o/libxv_hlsvwrap.so
DBG:HLSDevice: first parts/arch.xml in RDI_DATADIR: /scrap/users/Xilinx2022.2/Vivado/2022.2/data/parts/arch.xml
DBG:HLSDevice: init success
INFO: [HLS 200-1611] Setting target device to 'xc7z020-clg400-1'
Command       create_platform done; 0.85 sec.
Execute       source /scrap/users/Xilinx2022.2/Vitis_HLS/2022.2/common/technology/xilinx/common/xilinx.gen 
Execute         source /scrap/users/Xilinx2022.2/Vitis_HLS/2022.2/common/technology/xilinx/interface/plb46.gen 
Execute         source /scrap/users/Xilinx2022.2/Vitis_HLS/2022.2/common/technology/xilinx/interface/axi4.gen 
Execute         source /scrap/users/Xilinx2022.2/Vitis_HLS/2022.2/common/technology/xilinx/interface/nativeAXI4.gen 
Execute           source /scrap/users/Xilinx2022.2/Vitis_HLS/2022.2/common/technology/xilinx/interface/saxilite.gen 
Execute         source /scrap/users/Xilinx2022.2/Vitis_HLS/2022.2/common/technology/xilinx/scripts/xilinxcoregen.gen 
Execute         source /scrap/users/Xilinx2022.2/Vitis_HLS/2022.2/common/technology/xilinx/interface/XilEDKCoreGen.gen 
Execute         source /scrap/users/Xilinx2022.2/Vitis_HLS/2022.2/common/technology/xilinx/ip/xfir.gen 
Execute         source /scrap/users/Xilinx2022.2/Vitis_HLS/2022.2/common/technology/xilinx/ip/dds_compiler.gen 
Execute         source /scrap/users/Xilinx2022.2/Vitis_HLS/2022.2/common/technology/xilinx/ip/util.gen 
Execute         source /scrap/users/Xilinx2022.2/Vitis_HLS/2022.2/common/technology/xilinx/ip/xfft.gen 
Execute         source /scrap/users/Xilinx2022.2/Vitis_HLS/2022.2/common/technology/xilinx/DSP48/dsp48.gen 
Command       ap_source done; 0.14 sec.
Execute       ap_part_info -name xc7z020-clg400-1 -data info 
Execute       config_compile -quiet -complex-mul-dsp=0 
Command     set_part done; 1.01 sec.
Execute     send_msg_by_id INFO @200-1505@%s%s  vivado 
INFO: [HLS 200-1505] Using flow_target 'vivado'
Command   open_solution done; 1.2 sec.
Execute   set_part xc7z020clg400-1 
INFO: [HLS 200-1510] Running: set_part xc7z020clg400-1 
Execute     create_platform xc7z020clg400-1 -board  
Execute     source /scrap/users/Xilinx2022.2/Vitis_HLS/2022.2/common/technology/xilinx/common/xilinx.gen 
Execute       source /scrap/users/Xilinx2022.2/Vitis_HLS/2022.2/common/technology/xilinx/interface/plb46.gen 
Execute       source /scrap/users/Xilinx2022.2/Vitis_HLS/2022.2/common/technology/xilinx/interface/axi4.gen 
Execute       source /scrap/users/Xilinx2022.2/Vitis_HLS/2022.2/common/technology/xilinx/interface/nativeAXI4.gen 
Execute         source /scrap/users/Xilinx2022.2/Vitis_HLS/2022.2/common/technology/xilinx/interface/saxilite.gen 
Execute       source /scrap/users/Xilinx2022.2/Vitis_HLS/2022.2/common/technology/xilinx/scripts/xilinxcoregen.gen 
Execute       source /scrap/users/Xilinx2022.2/Vitis_HLS/2022.2/common/technology/xilinx/interface/XilEDKCoreGen.gen 
Execute       source /scrap/users/Xilinx2022.2/Vitis_HLS/2022.2/common/technology/xilinx/ip/xfir.gen 
Execute       source /scrap/users/Xilinx2022.2/Vitis_HLS/2022.2/common/technology/xilinx/ip/dds_compiler.gen 
Execute       source /scrap/users/Xilinx2022.2/Vitis_HLS/2022.2/common/technology/xilinx/ip/util.gen 
Execute       source /scrap/users/Xilinx2022.2/Vitis_HLS/2022.2/common/technology/xilinx/ip/xfft.gen 
Execute       source /scrap/users/Xilinx2022.2/Vitis_HLS/2022.2/common/technology/xilinx/DSP48/dsp48.gen 
Execute     ap_part_info -name xc7z020-clg400-1 -data info 
Execute     config_compile -quiet -complex-mul-dsp=0 
Command   set_part done; 0.12 sec.
Execute   create_clock -period 10 -name default 
INFO: [HLS 200-1510] Running: create_clock -period 10 -name default 
Execute   csim_design -quiet 
INFO: [HLS 200-1510] Running: csim_design -quiet 
INFO: [SIM 211-2] *************** CSIM start ***************
INFO: [SIM 211-4] CSIM will launch GCC as the compiler.
Execute     source csim/.lst_opt.tcl 
Execute     ap_part_info -name xc7z020-clg400-1 -data info 
ERROR: [SIM 211-100] 'csim_design' failed: compilation error(s).
INFO: [SIM 211-3] *************** CSIM finish ***************
INFO-FLOW: Caught error in csim_design: 4
    while executing
"ap_internal_csim_design "
Command   csim_design done; error code: 2; 0.89 sec.
INFO: [HLS 200-111] Finished Command csim_design CPU user time: 0.34 seconds. CPU system time: 0.14 seconds. Elapsed time: 0.89 seconds; current allocated memory: 0.000 MB.
Command ap_source done; error code: 1; 12.26 sec.
Execute cleanup_all 
INFO-FLOW: Workspace /home/rerecich/EE-390a/CNN/Conv2D_HW_InitVersion_Examples/Conv2D_HW_InitVersion_Students/CNN_Material/Vitis_CNN_HW/solution1 opened at Sat Mar 22 19:25:01 CET 2025
Execute     ap_set_clock -name default -period 10 -default=false 
INFO: [SYN 201-201] Setting up clock 'default' with a period of 10ns.
Execute     set_part xc7z020-clg400-1 
Execute       create_platform xc7z020-clg400-1 -board  
DBG:HLSDevice: Trying to load device library: /scrap/users/Xilinx2022.2/Vitis_HLS/2022.2/lib/lnx64.o/libxv_hlsvwrap.so
DBG:HLSDevice: first parts/arch.xml in RDI_DATADIR: /scrap/users/Xilinx2022.2/Vivado/2022.2/data/parts/arch.xml
DBG:HLSDevice: init success
INFO: [HLS 200-1611] Setting target device to 'xc7z020-clg400-1'
Command       create_platform done; 0.73 sec.
Execute       source /scrap/users/Xilinx2022.2/Vitis_HLS/2022.2/common/technology/xilinx/common/xilinx.gen 
Execute         source /scrap/users/Xilinx2022.2/Vitis_HLS/2022.2/common/technology/xilinx/interface/plb46.gen 
Execute         source /scrap/users/Xilinx2022.2/Vitis_HLS/2022.2/common/technology/xilinx/interface/axi4.gen 
Execute         source /scrap/users/Xilinx2022.2/Vitis_HLS/2022.2/common/technology/xilinx/interface/nativeAXI4.gen 
Execute           source /scrap/users/Xilinx2022.2/Vitis_HLS/2022.2/common/technology/xilinx/interface/saxilite.gen 
Execute         source /scrap/users/Xilinx2022.2/Vitis_HLS/2022.2/common/technology/xilinx/scripts/xilinxcoregen.gen 
Execute         source /scrap/users/Xilinx2022.2/Vitis_HLS/2022.2/common/technology/xilinx/interface/XilEDKCoreGen.gen 
Execute         source /scrap/users/Xilinx2022.2/Vitis_HLS/2022.2/common/technology/xilinx/ip/xfir.gen 
Execute         source /scrap/users/Xilinx2022.2/Vitis_HLS/2022.2/common/technology/xilinx/ip/dds_compiler.gen 
Execute         source /scrap/users/Xilinx2022.2/Vitis_HLS/2022.2/common/technology/xilinx/ip/util.gen 
Execute         source /scrap/users/Xilinx2022.2/Vitis_HLS/2022.2/common/technology/xilinx/ip/xfft.gen 
Execute         source /scrap/users/Xilinx2022.2/Vitis_HLS/2022.2/common/technology/xilinx/DSP48/dsp48.gen 
Command       ap_source done; 0.11 sec.
Execute       ap_part_info -name xc7z020-clg400-1 -data info 
Execute       config_compile -quiet -complex-mul-dsp=0 
Command     set_part done; 0.85 sec.
Execute     send_msg_by_id INFO @200-1505@%s%s  vivado 
INFO: [HLS 200-1505] Using flow_target 'vivado'
Command   open_solution done; 0.96 sec.
Execute   set_part xc7z020clg400-1 
INFO: [HLS 200-1510] Running: set_part xc7z020clg400-1 
Execute     create_platform xc7z020clg400-1 -board  
Execute     source /scrap/users/Xilinx2022.2/Vitis_HLS/2022.2/common/technology/xilinx/common/xilinx.gen 
Execute       source /scrap/users/Xilinx2022.2/Vitis_HLS/2022.2/common/technology/xilinx/interface/plb46.gen 
Execute       source /scrap/users/Xilinx2022.2/Vitis_HLS/2022.2/common/technology/xilinx/interface/axi4.gen 
Execute       source /scrap/users/Xilinx2022.2/Vitis_HLS/2022.2/common/technology/xilinx/interface/nativeAXI4.gen 
Execute         source /scrap/users/Xilinx2022.2/Vitis_HLS/2022.2/common/technology/xilinx/interface/saxilite.gen 
Execute       source /scrap/users/Xilinx2022.2/Vitis_HLS/2022.2/common/technology/xilinx/scripts/xilinxcoregen.gen 
Execute       source /scrap/users/Xilinx2022.2/Vitis_HLS/2022.2/common/technology/xilinx/interface/XilEDKCoreGen.gen 
Execute       source /scrap/users/Xilinx2022.2/Vitis_HLS/2022.2/common/technology/xilinx/ip/xfir.gen 
Execute       source /scrap/users/Xilinx2022.2/Vitis_HLS/2022.2/common/technology/xilinx/ip/dds_compiler.gen 
Execute       source /scrap/users/Xilinx2022.2/Vitis_HLS/2022.2/common/technology/xilinx/ip/util.gen 
Execute       source /scrap/users/Xilinx2022.2/Vitis_HLS/2022.2/common/technology/xilinx/ip/xfft.gen 
Execute       source /scrap/users/Xilinx2022.2/Vitis_HLS/2022.2/common/technology/xilinx/DSP48/dsp48.gen 
Execute     ap_part_info -name xc7z020-clg400-1 -data info 
Execute     config_compile -quiet -complex-mul-dsp=0 
Command   set_part done; 0.12 sec.
Execute   create_clock -period 10 -name default 
INFO: [HLS 200-1510] Running: create_clock -period 10 -name default 
Execute   csim_design -quiet 
INFO: [HLS 200-1510] Running: csim_design -quiet 
INFO: [SIM 211-2] *************** CSIM start ***************
INFO: [SIM 211-4] CSIM will launch GCC as the compiler.
Execute     source csim/.lst_opt.tcl 
Execute     ap_part_info -name xc7z020-clg400-1 -data info 
ERROR: [SIM 211-100] 'csim_design' failed: compilation error(s).
INFO: [SIM 211-3] *************** CSIM finish ***************
INFO-FLOW: Caught error in csim_design: 4
    while executing
"ap_internal_csim_design "
Command   csim_design done; error code: 2; 0.49 sec.
INFO: [HLS 200-111] Finished Command csim_design CPU user time: 0.31 seconds. CPU system time: 0.14 seconds. Elapsed time: 0.49 seconds; current allocated memory: 0.000 MB.
Command ap_source done; error code: 1; 11.61 sec.
Execute cleanup_all 
INFO-FLOW: Workspace /home/rerecich/EE-390a/CNN/Conv2D_HW_InitVersion_Examples/Conv2D_HW_InitVersion_Students/CNN_Material/Vitis_CNN_HW/solution1 opened at Sat Mar 22 20:21:26 CET 2025
Execute     ap_set_clock -name default -period 10 -default=false 
INFO: [SYN 201-201] Setting up clock 'default' with a period of 10ns.
Execute     set_part xc7z020-clg400-1 
Execute       create_platform xc7z020-clg400-1 -board  
DBG:HLSDevice: Trying to load device library: /scrap/users/Xilinx2022.2/Vitis_HLS/2022.2/lib/lnx64.o/libxv_hlsvwrap.so
DBG:HLSDevice: first parts/arch.xml in RDI_DATADIR: /scrap/users/Xilinx2022.2/Vivado/2022.2/data/parts/arch.xml
DBG:HLSDevice: init success
INFO: [HLS 200-1611] Setting target device to 'xc7z020-clg400-1'
Command       create_platform done; 0.82 sec.
Execute       source /scrap/users/Xilinx2022.2/Vitis_HLS/2022.2/common/technology/xilinx/common/xilinx.gen 
Execute         source /scrap/users/Xilinx2022.2/Vitis_HLS/2022.2/common/technology/xilinx/interface/plb46.gen 
Execute         source /scrap/users/Xilinx2022.2/Vitis_HLS/2022.2/common/technology/xilinx/interface/axi4.gen 
Execute         source /scrap/users/Xilinx2022.2/Vitis_HLS/2022.2/common/technology/xilinx/interface/nativeAXI4.gen 
Execute           source /scrap/users/Xilinx2022.2/Vitis_HLS/2022.2/common/technology/xilinx/interface/saxilite.gen 
Execute         source /scrap/users/Xilinx2022.2/Vitis_HLS/2022.2/common/technology/xilinx/scripts/xilinxcoregen.gen 
Execute         source /scrap/users/Xilinx2022.2/Vitis_HLS/2022.2/common/technology/xilinx/interface/XilEDKCoreGen.gen 
Execute         source /scrap/users/Xilinx2022.2/Vitis_HLS/2022.2/common/technology/xilinx/ip/xfir.gen 
Execute         source /scrap/users/Xilinx2022.2/Vitis_HLS/2022.2/common/technology/xilinx/ip/dds_compiler.gen 
Execute         source /scrap/users/Xilinx2022.2/Vitis_HLS/2022.2/common/technology/xilinx/ip/util.gen 
Execute         source /scrap/users/Xilinx2022.2/Vitis_HLS/2022.2/common/technology/xilinx/ip/xfft.gen 
Execute         source /scrap/users/Xilinx2022.2/Vitis_HLS/2022.2/common/technology/xilinx/DSP48/dsp48.gen 
Command       ap_source done; 0.12 sec.
Execute       ap_part_info -name xc7z020-clg400-1 -data info 
Execute       config_compile -quiet -complex-mul-dsp=0 
Command     set_part done; 0.94 sec.
Execute     send_msg_by_id INFO @200-1505@%s%s  vivado 
INFO: [HLS 200-1505] Using flow_target 'vivado'
Command   open_solution done; 1.05 sec.
Execute   set_part xc7z020clg400-1 
INFO: [HLS 200-1510] Running: set_part xc7z020clg400-1 
Execute     create_platform xc7z020clg400-1 -board  
Execute     source /scrap/users/Xilinx2022.2/Vitis_HLS/2022.2/common/technology/xilinx/common/xilinx.gen 
Execute       source /scrap/users/Xilinx2022.2/Vitis_HLS/2022.2/common/technology/xilinx/interface/plb46.gen 
Execute       source /scrap/users/Xilinx2022.2/Vitis_HLS/2022.2/common/technology/xilinx/interface/axi4.gen 
Execute       source /scrap/users/Xilinx2022.2/Vitis_HLS/2022.2/common/technology/xilinx/interface/nativeAXI4.gen 
Execute         source /scrap/users/Xilinx2022.2/Vitis_HLS/2022.2/common/technology/xilinx/interface/saxilite.gen 
Execute       source /scrap/users/Xilinx2022.2/Vitis_HLS/2022.2/common/technology/xilinx/scripts/xilinxcoregen.gen 
Execute       source /scrap/users/Xilinx2022.2/Vitis_HLS/2022.2/common/technology/xilinx/interface/XilEDKCoreGen.gen 
Execute       source /scrap/users/Xilinx2022.2/Vitis_HLS/2022.2/common/technology/xilinx/ip/xfir.gen 
Execute       source /scrap/users/Xilinx2022.2/Vitis_HLS/2022.2/common/technology/xilinx/ip/dds_compiler.gen 
Execute       source /scrap/users/Xilinx2022.2/Vitis_HLS/2022.2/common/technology/xilinx/ip/util.gen 
Execute       source /scrap/users/Xilinx2022.2/Vitis_HLS/2022.2/common/technology/xilinx/ip/xfft.gen 
Execute       source /scrap/users/Xilinx2022.2/Vitis_HLS/2022.2/common/technology/xilinx/DSP48/dsp48.gen 
Execute     ap_part_info -name xc7z020-clg400-1 -data info 
Execute     config_compile -quiet -complex-mul-dsp=0 
Command   set_part done; 0.11 sec.
Execute   create_clock -period 10 -name default 
INFO: [HLS 200-1510] Running: create_clock -period 10 -name default 
Execute   csim_design -quiet 
INFO: [HLS 200-1510] Running: csim_design -quiet 
INFO: [SIM 211-2] *************** CSIM start ***************
INFO: [SIM 211-4] CSIM will launch GCC as the compiler.
Execute     source csim/.lst_opt.tcl 
Execute     ap_part_info -name xc7z020-clg400-1 -data info 
ERROR: [SIM 211-100] 'csim_design' failed: compilation error(s).
INFO: [SIM 211-3] *************** CSIM finish ***************
INFO-FLOW: Caught error in csim_design: 4
    while executing
"ap_internal_csim_design "
Command   csim_design done; error code: 2; 0.44 sec.
INFO: [HLS 200-111] Finished Command csim_design CPU user time: 0.26 seconds. CPU system time: 0.14 seconds. Elapsed time: 0.44 seconds; current allocated memory: 0.000 MB.
Command ap_source done; error code: 1; 11.64 sec.
Execute cleanup_all 
INFO-FLOW: Workspace /home/rerecich/EE-390a/CNN/Conv2D_HW_InitVersion_Examples/Conv2D_HW_InitVersion_Students/CNN_Material/Vitis_CNN_HW/solution1 opened at Sat Mar 22 20:22:18 CET 2025
Execute     ap_set_clock -name default -period 10 -default=false 
INFO: [SYN 201-201] Setting up clock 'default' with a period of 10ns.
Execute     set_part xc7z020-clg400-1 
Execute       create_platform xc7z020-clg400-1 -board  
DBG:HLSDevice: Trying to load device library: /scrap/users/Xilinx2022.2/Vitis_HLS/2022.2/lib/lnx64.o/libxv_hlsvwrap.so
DBG:HLSDevice: first parts/arch.xml in RDI_DATADIR: /scrap/users/Xilinx2022.2/Vivado/2022.2/data/parts/arch.xml
DBG:HLSDevice: init success
INFO: [HLS 200-1611] Setting target device to 'xc7z020-clg400-1'
Command       create_platform done; 0.5 sec.
Execute       source /scrap/users/Xilinx2022.2/Vitis_HLS/2022.2/common/technology/xilinx/common/xilinx.gen 
Execute         source /scrap/users/Xilinx2022.2/Vitis_HLS/2022.2/common/technology/xilinx/interface/plb46.gen 
Execute         source /scrap/users/Xilinx2022.2/Vitis_HLS/2022.2/common/technology/xilinx/interface/axi4.gen 
Execute         source /scrap/users/Xilinx2022.2/Vitis_HLS/2022.2/common/technology/xilinx/interface/nativeAXI4.gen 
Execute           source /scrap/users/Xilinx2022.2/Vitis_HLS/2022.2/common/technology/xilinx/interface/saxilite.gen 
Execute         source /scrap/users/Xilinx2022.2/Vitis_HLS/2022.2/common/technology/xilinx/scripts/xilinxcoregen.gen 
Execute         source /scrap/users/Xilinx2022.2/Vitis_HLS/2022.2/common/technology/xilinx/interface/XilEDKCoreGen.gen 
Execute         source /scrap/users/Xilinx2022.2/Vitis_HLS/2022.2/common/technology/xilinx/ip/xfir.gen 
Execute         source /scrap/users/Xilinx2022.2/Vitis_HLS/2022.2/common/technology/xilinx/ip/dds_compiler.gen 
Execute         source /scrap/users/Xilinx2022.2/Vitis_HLS/2022.2/common/technology/xilinx/ip/util.gen 
Execute         source /scrap/users/Xilinx2022.2/Vitis_HLS/2022.2/common/technology/xilinx/ip/xfft.gen 
Execute         source /scrap/users/Xilinx2022.2/Vitis_HLS/2022.2/common/technology/xilinx/DSP48/dsp48.gen 
Command       ap_source done; 0.11 sec.
Execute       ap_part_info -name xc7z020-clg400-1 -data info 
Execute       config_compile -quiet -complex-mul-dsp=0 
Command     set_part done; 0.62 sec.
Execute     send_msg_by_id INFO @200-1505@%s%s  vivado 
INFO: [HLS 200-1505] Using flow_target 'vivado'
Command   open_solution done; 0.76 sec.
Execute   set_part xc7z020clg400-1 
INFO: [HLS 200-1510] Running: set_part xc7z020clg400-1 
Execute     create_platform xc7z020clg400-1 -board  
Execute     source /scrap/users/Xilinx2022.2/Vitis_HLS/2022.2/common/technology/xilinx/common/xilinx.gen 
Execute       source /scrap/users/Xilinx2022.2/Vitis_HLS/2022.2/common/technology/xilinx/interface/plb46.gen 
Execute       source /scrap/users/Xilinx2022.2/Vitis_HLS/2022.2/common/technology/xilinx/interface/axi4.gen 
Execute       source /scrap/users/Xilinx2022.2/Vitis_HLS/2022.2/common/technology/xilinx/interface/nativeAXI4.gen 
Execute         source /scrap/users/Xilinx2022.2/Vitis_HLS/2022.2/common/technology/xilinx/interface/saxilite.gen 
Execute       source /scrap/users/Xilinx2022.2/Vitis_HLS/2022.2/common/technology/xilinx/scripts/xilinxcoregen.gen 
Execute       source /scrap/users/Xilinx2022.2/Vitis_HLS/2022.2/common/technology/xilinx/interface/XilEDKCoreGen.gen 
Execute       source /scrap/users/Xilinx2022.2/Vitis_HLS/2022.2/common/technology/xilinx/ip/xfir.gen 
Execute       source /scrap/users/Xilinx2022.2/Vitis_HLS/2022.2/common/technology/xilinx/ip/dds_compiler.gen 
Execute       source /scrap/users/Xilinx2022.2/Vitis_HLS/2022.2/common/technology/xilinx/ip/util.gen 
Execute       source /scrap/users/Xilinx2022.2/Vitis_HLS/2022.2/common/technology/xilinx/ip/xfft.gen 
Execute       source /scrap/users/Xilinx2022.2/Vitis_HLS/2022.2/common/technology/xilinx/DSP48/dsp48.gen 
Execute     ap_part_info -name xc7z020-clg400-1 -data info 
Execute     config_compile -quiet -complex-mul-dsp=0 
Command   set_part done; 0.12 sec.
Execute   create_clock -period 10 -name default 
INFO: [HLS 200-1510] Running: create_clock -period 10 -name default 
Execute   csim_design -quiet 
INFO: [HLS 200-1510] Running: csim_design -quiet 
INFO: [SIM 211-2] *************** CSIM start ***************
INFO: [SIM 211-4] CSIM will launch GCC as the compiler.
Execute     source csim/.lst_opt.tcl 
Execute     ap_part_info -name xc7z020-clg400-1 -data info 
ERROR: [SIM 211-100] 'csim_design' failed: compilation error(s).
INFO: [SIM 211-3] *************** CSIM finish ***************
INFO-FLOW: Caught error in csim_design: 4
    while executing
"ap_internal_csim_design "
Command   csim_design done; error code: 2; 0.49 sec.
INFO: [HLS 200-111] Finished Command csim_design CPU user time: 0.32 seconds. CPU system time: 0.13 seconds. Elapsed time: 0.49 seconds; current allocated memory: 0.000 MB.
Command ap_source done; error code: 1; 11.54 sec.
Execute cleanup_all 
INFO-FLOW: Workspace /home/rerecich/EE-390a/CNN/Conv2D_HW_InitVersion_Examples/Conv2D_HW_InitVersion_Students/CNN_Material/Vitis_CNN_HW/solution1 opened at Sat Mar 22 21:11:37 CET 2025
Execute     ap_set_clock -name default -period 10 -default=false 
INFO: [SYN 201-201] Setting up clock 'default' with a period of 10ns.
Execute     set_part xc7z020-clg400-1 
Execute       create_platform xc7z020-clg400-1 -board  
DBG:HLSDevice: Trying to load device library: /scrap/users/Xilinx2022.2/Vitis_HLS/2022.2/lib/lnx64.o/libxv_hlsvwrap.so
DBG:HLSDevice: first parts/arch.xml in RDI_DATADIR: /scrap/users/Xilinx2022.2/Vivado/2022.2/data/parts/arch.xml
DBG:HLSDevice: init success
INFO: [HLS 200-1611] Setting target device to 'xc7z020-clg400-1'
Command       create_platform done; 0.74 sec.
Execute       source /scrap/users/Xilinx2022.2/Vitis_HLS/2022.2/common/technology/xilinx/common/xilinx.gen 
Execute         source /scrap/users/Xilinx2022.2/Vitis_HLS/2022.2/common/technology/xilinx/interface/plb46.gen 
Execute         source /scrap/users/Xilinx2022.2/Vitis_HLS/2022.2/common/technology/xilinx/interface/axi4.gen 
Execute         source /scrap/users/Xilinx2022.2/Vitis_HLS/2022.2/common/technology/xilinx/interface/nativeAXI4.gen 
Execute           source /scrap/users/Xilinx2022.2/Vitis_HLS/2022.2/common/technology/xilinx/interface/saxilite.gen 
Execute         source /scrap/users/Xilinx2022.2/Vitis_HLS/2022.2/common/technology/xilinx/scripts/xilinxcoregen.gen 
Execute         source /scrap/users/Xilinx2022.2/Vitis_HLS/2022.2/common/technology/xilinx/interface/XilEDKCoreGen.gen 
Execute         source /scrap/users/Xilinx2022.2/Vitis_HLS/2022.2/common/technology/xilinx/ip/xfir.gen 
Execute         source /scrap/users/Xilinx2022.2/Vitis_HLS/2022.2/common/technology/xilinx/ip/dds_compiler.gen 
Execute         source /scrap/users/Xilinx2022.2/Vitis_HLS/2022.2/common/technology/xilinx/ip/util.gen 
Execute         source /scrap/users/Xilinx2022.2/Vitis_HLS/2022.2/common/technology/xilinx/ip/xfft.gen 
Execute         source /scrap/users/Xilinx2022.2/Vitis_HLS/2022.2/common/technology/xilinx/DSP48/dsp48.gen 
Command       ap_source done; 0.12 sec.
Execute       ap_part_info -name xc7z020-clg400-1 -data info 
Execute       config_compile -quiet -complex-mul-dsp=0 
Command     set_part done; 0.86 sec.
Execute     send_msg_by_id INFO @200-1505@%s%s  vivado 
INFO: [HLS 200-1505] Using flow_target 'vivado'
Command   open_solution done; 1.01 sec.
Execute   set_part xc7z020clg400-1 
INFO: [HLS 200-1510] Running: set_part xc7z020clg400-1 
Execute     create_platform xc7z020clg400-1 -board  
Execute     source /scrap/users/Xilinx2022.2/Vitis_HLS/2022.2/common/technology/xilinx/common/xilinx.gen 
Execute       source /scrap/users/Xilinx2022.2/Vitis_HLS/2022.2/common/technology/xilinx/interface/plb46.gen 
Execute       source /scrap/users/Xilinx2022.2/Vitis_HLS/2022.2/common/technology/xilinx/interface/axi4.gen 
Execute       source /scrap/users/Xilinx2022.2/Vitis_HLS/2022.2/common/technology/xilinx/interface/nativeAXI4.gen 
Execute         source /scrap/users/Xilinx2022.2/Vitis_HLS/2022.2/common/technology/xilinx/interface/saxilite.gen 
Execute       source /scrap/users/Xilinx2022.2/Vitis_HLS/2022.2/common/technology/xilinx/scripts/xilinxcoregen.gen 
Execute       source /scrap/users/Xilinx2022.2/Vitis_HLS/2022.2/common/technology/xilinx/interface/XilEDKCoreGen.gen 
Execute       source /scrap/users/Xilinx2022.2/Vitis_HLS/2022.2/common/technology/xilinx/ip/xfir.gen 
Execute       source /scrap/users/Xilinx2022.2/Vitis_HLS/2022.2/common/technology/xilinx/ip/dds_compiler.gen 
Execute       source /scrap/users/Xilinx2022.2/Vitis_HLS/2022.2/common/technology/xilinx/ip/util.gen 
Execute       source /scrap/users/Xilinx2022.2/Vitis_HLS/2022.2/common/technology/xilinx/ip/xfft.gen 
Execute       source /scrap/users/Xilinx2022.2/Vitis_HLS/2022.2/common/technology/xilinx/DSP48/dsp48.gen 
Execute     ap_part_info -name xc7z020-clg400-1 -data info 
Execute     config_compile -quiet -complex-mul-dsp=0 
Command   set_part done; 0.12 sec.
Execute   create_clock -period 10 -name default 
INFO: [HLS 200-1510] Running: create_clock -period 10 -name default 
Execute   csim_design -quiet 
INFO: [HLS 200-1510] Running: csim_design -quiet 
INFO: [SIM 211-2] *************** CSIM start ***************
INFO: [SIM 211-4] CSIM will launch GCC as the compiler.
Execute     source csim/.lst_opt.tcl 
Execute     ap_part_info -name xc7z020-clg400-1 -data info 
ERROR: [SIM 211-100] 'csim_design' failed: compilation error(s).
INFO: [SIM 211-3] *************** CSIM finish ***************
INFO-FLOW: Caught error in csim_design: 4
    while executing
"ap_internal_csim_design "
Command   csim_design done; error code: 2; 0.49 sec.
INFO: [HLS 200-111] Finished Command csim_design CPU user time: 0.29 seconds. CPU system time: 0.15 seconds. Elapsed time: 0.49 seconds; current allocated memory: 0.000 MB.
Command ap_source done; error code: 1; 11.66 sec.
Execute cleanup_all 
INFO-FLOW: Workspace /home/rerecich/EE-390a/CNN/Conv2D_HW_InitVersion_Examples/Conv2D_HW_InitVersion_Students/CNN_Material/Vitis_CNN_HW/solution1 opened at Sat Mar 22 21:17:19 CET 2025
Execute     ap_set_clock -name default -period 10 -default=false 
INFO: [SYN 201-201] Setting up clock 'default' with a period of 10ns.
Execute     set_part xc7z020-clg400-1 
Execute       create_platform xc7z020-clg400-1 -board  
DBG:HLSDevice: Trying to load device library: /scrap/users/Xilinx2022.2/Vitis_HLS/2022.2/lib/lnx64.o/libxv_hlsvwrap.so
DBG:HLSDevice: first parts/arch.xml in RDI_DATADIR: /scrap/users/Xilinx2022.2/Vivado/2022.2/data/parts/arch.xml
DBG:HLSDevice: init success
INFO: [HLS 200-1611] Setting target device to 'xc7z020-clg400-1'
Command       create_platform done; 0.74 sec.
Execute       source /scrap/users/Xilinx2022.2/Vitis_HLS/2022.2/common/technology/xilinx/common/xilinx.gen 
Execute         source /scrap/users/Xilinx2022.2/Vitis_HLS/2022.2/common/technology/xilinx/interface/plb46.gen 
Execute         source /scrap/users/Xilinx2022.2/Vitis_HLS/2022.2/common/technology/xilinx/interface/axi4.gen 
Execute         source /scrap/users/Xilinx2022.2/Vitis_HLS/2022.2/common/technology/xilinx/interface/nativeAXI4.gen 
Execute           source /scrap/users/Xilinx2022.2/Vitis_HLS/2022.2/common/technology/xilinx/interface/saxilite.gen 
Execute         source /scrap/users/Xilinx2022.2/Vitis_HLS/2022.2/common/technology/xilinx/scripts/xilinxcoregen.gen 
Execute         source /scrap/users/Xilinx2022.2/Vitis_HLS/2022.2/common/technology/xilinx/interface/XilEDKCoreGen.gen 
Execute         source /scrap/users/Xilinx2022.2/Vitis_HLS/2022.2/common/technology/xilinx/ip/xfir.gen 
Execute         source /scrap/users/Xilinx2022.2/Vitis_HLS/2022.2/common/technology/xilinx/ip/dds_compiler.gen 
Execute         source /scrap/users/Xilinx2022.2/Vitis_HLS/2022.2/common/technology/xilinx/ip/util.gen 
Execute         source /scrap/users/Xilinx2022.2/Vitis_HLS/2022.2/common/technology/xilinx/ip/xfft.gen 
Command         ap_source done; 0.11 sec.
Execute         source /scrap/users/Xilinx2022.2/Vitis_HLS/2022.2/common/technology/xilinx/DSP48/dsp48.gen 
Command       ap_source done; 0.14 sec.
Execute       ap_part_info -name xc7z020-clg400-1 -data info 
Execute       config_compile -quiet -complex-mul-dsp=0 
Command     set_part done; 0.89 sec.
Execute     send_msg_by_id INFO @200-1505@%s%s  vivado 
INFO: [HLS 200-1505] Using flow_target 'vivado'
Command   open_solution done; 1 sec.
Execute   set_part xc7z020clg400-1 
INFO: [HLS 200-1510] Running: set_part xc7z020clg400-1 
Execute     create_platform xc7z020clg400-1 -board  
Execute     source /scrap/users/Xilinx2022.2/Vitis_HLS/2022.2/common/technology/xilinx/common/xilinx.gen 
Execute       source /scrap/users/Xilinx2022.2/Vitis_HLS/2022.2/common/technology/xilinx/interface/plb46.gen 
Execute       source /scrap/users/Xilinx2022.2/Vitis_HLS/2022.2/common/technology/xilinx/interface/axi4.gen 
Execute       source /scrap/users/Xilinx2022.2/Vitis_HLS/2022.2/common/technology/xilinx/interface/nativeAXI4.gen 
Execute         source /scrap/users/Xilinx2022.2/Vitis_HLS/2022.2/common/technology/xilinx/interface/saxilite.gen 
Execute       source /scrap/users/Xilinx2022.2/Vitis_HLS/2022.2/common/technology/xilinx/scripts/xilinxcoregen.gen 
Execute       source /scrap/users/Xilinx2022.2/Vitis_HLS/2022.2/common/technology/xilinx/interface/XilEDKCoreGen.gen 
Execute       source /scrap/users/Xilinx2022.2/Vitis_HLS/2022.2/common/technology/xilinx/ip/xfir.gen 
Execute       source /scrap/users/Xilinx2022.2/Vitis_HLS/2022.2/common/technology/xilinx/ip/dds_compiler.gen 
Execute       source /scrap/users/Xilinx2022.2/Vitis_HLS/2022.2/common/technology/xilinx/ip/util.gen 
Execute       source /scrap/users/Xilinx2022.2/Vitis_HLS/2022.2/common/technology/xilinx/ip/xfft.gen 
Execute       source /scrap/users/Xilinx2022.2/Vitis_HLS/2022.2/common/technology/xilinx/DSP48/dsp48.gen 
Execute     ap_part_info -name xc7z020-clg400-1 -data info 
Execute     config_compile -quiet -complex-mul-dsp=0 
Command   set_part done; 0.11 sec.
Execute   create_clock -period 10 -name default 
INFO: [HLS 200-1510] Running: create_clock -period 10 -name default 
Execute   csim_design -quiet 
INFO: [HLS 200-1510] Running: csim_design -quiet 
INFO: [SIM 211-2] *************** CSIM start ***************
INFO: [SIM 211-4] CSIM will launch GCC as the compiler.
Execute     source csim/.lst_opt.tcl 
Execute     ap_part_info -name xc7z020-clg400-1 -data info 
ERROR: [SIM 211-100] 'csim_design' failed: compilation error(s).
INFO: [SIM 211-3] *************** CSIM finish ***************
INFO-FLOW: Caught error in csim_design: 4
    while executing
"ap_internal_csim_design "
Command   csim_design done; error code: 2; 0.48 sec.
INFO: [HLS 200-111] Finished Command csim_design CPU user time: 0.28 seconds. CPU system time: 0.14 seconds. Elapsed time: 0.48 seconds; current allocated memory: 0.000 MB.
Command ap_source done; error code: 1; 11.63 sec.
Execute cleanup_all 
INFO-FLOW: Workspace /home/rerecich/EE-390a/CNN/Conv2D_HW_InitVersion_Examples/Conv2D_HW_InitVersion_Students/CNN_Material/Vitis_CNN_HW/solution1 opened at Sat Mar 22 21:24:48 CET 2025
Execute     ap_set_clock -name default -period 10 -default=false 
INFO: [SYN 201-201] Setting up clock 'default' with a period of 10ns.
Execute     set_part xc7z020-clg400-1 
Execute       create_platform xc7z020-clg400-1 -board  
DBG:HLSDevice: Trying to load device library: /scrap/users/Xilinx2022.2/Vitis_HLS/2022.2/lib/lnx64.o/libxv_hlsvwrap.so
DBG:HLSDevice: first parts/arch.xml in RDI_DATADIR: /scrap/users/Xilinx2022.2/Vivado/2022.2/data/parts/arch.xml
DBG:HLSDevice: init success
INFO: [HLS 200-1611] Setting target device to 'xc7z020-clg400-1'
Command       create_platform done; 0.82 sec.
Execute       source /scrap/users/Xilinx2022.2/Vitis_HLS/2022.2/common/technology/xilinx/common/xilinx.gen 
Execute         source /scrap/users/Xilinx2022.2/Vitis_HLS/2022.2/common/technology/xilinx/interface/plb46.gen 
Execute         source /scrap/users/Xilinx2022.2/Vitis_HLS/2022.2/common/technology/xilinx/interface/axi4.gen 
Execute         source /scrap/users/Xilinx2022.2/Vitis_HLS/2022.2/common/technology/xilinx/interface/nativeAXI4.gen 
Execute           source /scrap/users/Xilinx2022.2/Vitis_HLS/2022.2/common/technology/xilinx/interface/saxilite.gen 
Execute         source /scrap/users/Xilinx2022.2/Vitis_HLS/2022.2/common/technology/xilinx/scripts/xilinxcoregen.gen 
Execute         source /scrap/users/Xilinx2022.2/Vitis_HLS/2022.2/common/technology/xilinx/interface/XilEDKCoreGen.gen 
Execute         source /scrap/users/Xilinx2022.2/Vitis_HLS/2022.2/common/technology/xilinx/ip/xfir.gen 
Execute         source /scrap/users/Xilinx2022.2/Vitis_HLS/2022.2/common/technology/xilinx/ip/dds_compiler.gen 
Execute         source /scrap/users/Xilinx2022.2/Vitis_HLS/2022.2/common/technology/xilinx/ip/util.gen 
Execute         source /scrap/users/Xilinx2022.2/Vitis_HLS/2022.2/common/technology/xilinx/ip/xfft.gen 
Execute         source /scrap/users/Xilinx2022.2/Vitis_HLS/2022.2/common/technology/xilinx/DSP48/dsp48.gen 
Command       ap_source done; 0.12 sec.
Execute       ap_part_info -name xc7z020-clg400-1 -data info 
Execute       config_compile -quiet -complex-mul-dsp=0 
Command     set_part done; 0.94 sec.
Execute     send_msg_by_id INFO @200-1505@%s%s  vivado 
INFO: [HLS 200-1505] Using flow_target 'vivado'
Command   open_solution done; 1.06 sec.
Execute   set_part xc7z020clg400-1 
INFO: [HLS 200-1510] Running: set_part xc7z020clg400-1 
Execute     create_platform xc7z020clg400-1 -board  
Execute     source /scrap/users/Xilinx2022.2/Vitis_HLS/2022.2/common/technology/xilinx/common/xilinx.gen 
Execute       source /scrap/users/Xilinx2022.2/Vitis_HLS/2022.2/common/technology/xilinx/interface/plb46.gen 
Execute       source /scrap/users/Xilinx2022.2/Vitis_HLS/2022.2/common/technology/xilinx/interface/axi4.gen 
Execute       source /scrap/users/Xilinx2022.2/Vitis_HLS/2022.2/common/technology/xilinx/interface/nativeAXI4.gen 
Execute         source /scrap/users/Xilinx2022.2/Vitis_HLS/2022.2/common/technology/xilinx/interface/saxilite.gen 
Execute       source /scrap/users/Xilinx2022.2/Vitis_HLS/2022.2/common/technology/xilinx/scripts/xilinxcoregen.gen 
Execute       source /scrap/users/Xilinx2022.2/Vitis_HLS/2022.2/common/technology/xilinx/interface/XilEDKCoreGen.gen 
Execute       source /scrap/users/Xilinx2022.2/Vitis_HLS/2022.2/common/technology/xilinx/ip/xfir.gen 
Execute       source /scrap/users/Xilinx2022.2/Vitis_HLS/2022.2/common/technology/xilinx/ip/dds_compiler.gen 
Execute       source /scrap/users/Xilinx2022.2/Vitis_HLS/2022.2/common/technology/xilinx/ip/util.gen 
Execute       source /scrap/users/Xilinx2022.2/Vitis_HLS/2022.2/common/technology/xilinx/ip/xfft.gen 
Execute       source /scrap/users/Xilinx2022.2/Vitis_HLS/2022.2/common/technology/xilinx/DSP48/dsp48.gen 
Execute     ap_part_info -name xc7z020-clg400-1 -data info 
Execute     config_compile -quiet -complex-mul-dsp=0 
Command   set_part done; 0.11 sec.
Execute   create_clock -period 10 -name default 
INFO: [HLS 200-1510] Running: create_clock -period 10 -name default 
Execute   csim_design -quiet 
INFO: [HLS 200-1510] Running: csim_design -quiet 
INFO: [SIM 211-2] *************** CSIM start ***************
INFO: [SIM 211-4] CSIM will launch GCC as the compiler.
Execute     source csim/.lst_opt.tcl 
Execute     ap_part_info -name xc7z020-clg400-1 -data info 
ERROR: [SIM 211-100] 'csim_design' failed: compilation error(s).
INFO: [SIM 211-3] *************** CSIM finish ***************
INFO-FLOW: Caught error in csim_design: 4
    while executing
"ap_internal_csim_design "
Command   csim_design done; error code: 2; 0.47 sec.
INFO: [HLS 200-111] Finished Command csim_design CPU user time: 0.3 seconds. CPU system time: 0.13 seconds. Elapsed time: 0.47 seconds; current allocated memory: 0.000 MB.
Command ap_source done; error code: 1; 11.67 sec.
Execute cleanup_all 
INFO-FLOW: Workspace /home/rerecich/EE-390a/CNN/Conv2D_HW_InitVersion_Examples/Conv2D_HW_InitVersion_Students/CNN_Material/Vitis_CNN_HW/solution1 opened at Sat Mar 22 21:33:26 CET 2025
Execute     ap_set_clock -name default -period 10 -default=false 
INFO: [SYN 201-201] Setting up clock 'default' with a period of 10ns.
Execute     set_part xc7z020-clg400-1 
Execute       create_platform xc7z020-clg400-1 -board  
DBG:HLSDevice: Trying to load device library: /scrap/users/Xilinx2022.2/Vitis_HLS/2022.2/lib/lnx64.o/libxv_hlsvwrap.so
DBG:HLSDevice: first parts/arch.xml in RDI_DATADIR: /scrap/users/Xilinx2022.2/Vivado/2022.2/data/parts/arch.xml
DBG:HLSDevice: init success
INFO: [HLS 200-1611] Setting target device to 'xc7z020-clg400-1'
Command       create_platform done; 0.74 sec.
Execute       source /scrap/users/Xilinx2022.2/Vitis_HLS/2022.2/common/technology/xilinx/common/xilinx.gen 
Execute         source /scrap/users/Xilinx2022.2/Vitis_HLS/2022.2/common/technology/xilinx/interface/plb46.gen 
Execute         source /scrap/users/Xilinx2022.2/Vitis_HLS/2022.2/common/technology/xilinx/interface/axi4.gen 
Execute         source /scrap/users/Xilinx2022.2/Vitis_HLS/2022.2/common/technology/xilinx/interface/nativeAXI4.gen 
Execute           source /scrap/users/Xilinx2022.2/Vitis_HLS/2022.2/common/technology/xilinx/interface/saxilite.gen 
Execute         source /scrap/users/Xilinx2022.2/Vitis_HLS/2022.2/common/technology/xilinx/scripts/xilinxcoregen.gen 
Execute         source /scrap/users/Xilinx2022.2/Vitis_HLS/2022.2/common/technology/xilinx/interface/XilEDKCoreGen.gen 
Execute         source /scrap/users/Xilinx2022.2/Vitis_HLS/2022.2/common/technology/xilinx/ip/xfir.gen 
Execute         source /scrap/users/Xilinx2022.2/Vitis_HLS/2022.2/common/technology/xilinx/ip/dds_compiler.gen 
Execute         source /scrap/users/Xilinx2022.2/Vitis_HLS/2022.2/common/technology/xilinx/ip/util.gen 
Execute         source /scrap/users/Xilinx2022.2/Vitis_HLS/2022.2/common/technology/xilinx/ip/xfft.gen 
Execute         source /scrap/users/Xilinx2022.2/Vitis_HLS/2022.2/common/technology/xilinx/DSP48/dsp48.gen 
Command       ap_source done; 0.11 sec.
Execute       ap_part_info -name xc7z020-clg400-1 -data info 
Execute       config_compile -quiet -complex-mul-dsp=0 
Command     set_part done; 0.86 sec.
Execute     send_msg_by_id INFO @200-1505@%s%s  vivado 
INFO: [HLS 200-1505] Using flow_target 'vivado'
Command   open_solution done; 0.97 sec.
Execute   set_part xc7z020clg400-1 
INFO: [HLS 200-1510] Running: set_part xc7z020clg400-1 
Execute     create_platform xc7z020clg400-1 -board  
Execute     source /scrap/users/Xilinx2022.2/Vitis_HLS/2022.2/common/technology/xilinx/common/xilinx.gen 
Execute       source /scrap/users/Xilinx2022.2/Vitis_HLS/2022.2/common/technology/xilinx/interface/plb46.gen 
Execute       source /scrap/users/Xilinx2022.2/Vitis_HLS/2022.2/common/technology/xilinx/interface/axi4.gen 
Execute       source /scrap/users/Xilinx2022.2/Vitis_HLS/2022.2/common/technology/xilinx/interface/nativeAXI4.gen 
Execute         source /scrap/users/Xilinx2022.2/Vitis_HLS/2022.2/common/technology/xilinx/interface/saxilite.gen 
Execute       source /scrap/users/Xilinx2022.2/Vitis_HLS/2022.2/common/technology/xilinx/scripts/xilinxcoregen.gen 
Execute       source /scrap/users/Xilinx2022.2/Vitis_HLS/2022.2/common/technology/xilinx/interface/XilEDKCoreGen.gen 
Execute       source /scrap/users/Xilinx2022.2/Vitis_HLS/2022.2/common/technology/xilinx/ip/xfir.gen 
Execute       source /scrap/users/Xilinx2022.2/Vitis_HLS/2022.2/common/technology/xilinx/ip/dds_compiler.gen 
Execute       source /scrap/users/Xilinx2022.2/Vitis_HLS/2022.2/common/technology/xilinx/ip/util.gen 
Execute       source /scrap/users/Xilinx2022.2/Vitis_HLS/2022.2/common/technology/xilinx/ip/xfft.gen 
Execute       source /scrap/users/Xilinx2022.2/Vitis_HLS/2022.2/common/technology/xilinx/DSP48/dsp48.gen 
Execute     ap_part_info -name xc7z020-clg400-1 -data info 
Execute     config_compile -quiet -complex-mul-dsp=0 
Command   set_part done; 0.12 sec.
Execute   create_clock -period 10 -name default 
INFO: [HLS 200-1510] Running: create_clock -period 10 -name default 
Execute   csim_design -quiet 
INFO: [HLS 200-1510] Running: csim_design -quiet 
INFO: [SIM 211-2] *************** CSIM start ***************
INFO: [SIM 211-4] CSIM will launch GCC as the compiler.
Execute     source csim/.lst_opt.tcl 
Execute     ap_part_info -name xc7z020-clg400-1 -data info 
ERROR: [SIM 211-100] 'csim_design' failed: compilation error(s).
INFO: [SIM 211-3] *************** CSIM finish ***************
INFO-FLOW: Caught error in csim_design: 4
    while executing
"ap_internal_csim_design "
Command   csim_design done; error code: 2; 0.47 sec.
INFO: [HLS 200-111] Finished Command csim_design CPU user time: 0.28 seconds. CPU system time: 0.13 seconds. Elapsed time: 0.47 seconds; current allocated memory: 0.000 MB.
Command ap_source done; error code: 1; 11.58 sec.
Execute cleanup_all 
INFO-FLOW: Workspace /home/rerecich/EE-390a/CNN/Conv2D_HW_InitVersion_Examples/Conv2D_HW_InitVersion_Students/CNN_Material/Vitis_CNN_HW/solution1 opened at Sat Mar 22 21:42:51 CET 2025
Execute     ap_set_clock -name default -period 10 -default=false 
INFO: [SYN 201-201] Setting up clock 'default' with a period of 10ns.
Execute     set_part xc7z020-clg400-1 
Execute       create_platform xc7z020-clg400-1 -board  
DBG:HLSDevice: Trying to load device library: /scrap/users/Xilinx2022.2/Vitis_HLS/2022.2/lib/lnx64.o/libxv_hlsvwrap.so
DBG:HLSDevice: first parts/arch.xml in RDI_DATADIR: /scrap/users/Xilinx2022.2/Vivado/2022.2/data/parts/arch.xml
DBG:HLSDevice: init success
INFO: [HLS 200-1611] Setting target device to 'xc7z020-clg400-1'
Command       create_platform done; 0.77 sec.
Execute       source /scrap/users/Xilinx2022.2/Vitis_HLS/2022.2/common/technology/xilinx/common/xilinx.gen 
Execute         source /scrap/users/Xilinx2022.2/Vitis_HLS/2022.2/common/technology/xilinx/interface/plb46.gen 
Execute         source /scrap/users/Xilinx2022.2/Vitis_HLS/2022.2/common/technology/xilinx/interface/axi4.gen 
Execute         source /scrap/users/Xilinx2022.2/Vitis_HLS/2022.2/common/technology/xilinx/interface/nativeAXI4.gen 
Execute           source /scrap/users/Xilinx2022.2/Vitis_HLS/2022.2/common/technology/xilinx/interface/saxilite.gen 
Execute         source /scrap/users/Xilinx2022.2/Vitis_HLS/2022.2/common/technology/xilinx/scripts/xilinxcoregen.gen 
Execute         source /scrap/users/Xilinx2022.2/Vitis_HLS/2022.2/common/technology/xilinx/interface/XilEDKCoreGen.gen 
Execute         source /scrap/users/Xilinx2022.2/Vitis_HLS/2022.2/common/technology/xilinx/ip/xfir.gen 
Execute         source /scrap/users/Xilinx2022.2/Vitis_HLS/2022.2/common/technology/xilinx/ip/dds_compiler.gen 
Execute         source /scrap/users/Xilinx2022.2/Vitis_HLS/2022.2/common/technology/xilinx/ip/util.gen 
Execute         source /scrap/users/Xilinx2022.2/Vitis_HLS/2022.2/common/technology/xilinx/ip/xfft.gen 
Execute         source /scrap/users/Xilinx2022.2/Vitis_HLS/2022.2/common/technology/xilinx/DSP48/dsp48.gen 
Command       ap_source done; 0.11 sec.
Execute       ap_part_info -name xc7z020-clg400-1 -data info 
Execute       config_compile -quiet -complex-mul-dsp=0 
Command     set_part done; 0.89 sec.
Execute     send_msg_by_id INFO @200-1505@%s%s  vivado 
INFO: [HLS 200-1505] Using flow_target 'vivado'
Command   open_solution done; 1.01 sec.
Execute   set_part xc7z020clg400-1 
INFO: [HLS 200-1510] Running: set_part xc7z020clg400-1 
Execute     create_platform xc7z020clg400-1 -board  
Execute     source /scrap/users/Xilinx2022.2/Vitis_HLS/2022.2/common/technology/xilinx/common/xilinx.gen 
Execute       source /scrap/users/Xilinx2022.2/Vitis_HLS/2022.2/common/technology/xilinx/interface/plb46.gen 
Execute       source /scrap/users/Xilinx2022.2/Vitis_HLS/2022.2/common/technology/xilinx/interface/axi4.gen 
Execute       source /scrap/users/Xilinx2022.2/Vitis_HLS/2022.2/common/technology/xilinx/interface/nativeAXI4.gen 
Execute         source /scrap/users/Xilinx2022.2/Vitis_HLS/2022.2/common/technology/xilinx/interface/saxilite.gen 
Execute       source /scrap/users/Xilinx2022.2/Vitis_HLS/2022.2/common/technology/xilinx/scripts/xilinxcoregen.gen 
Execute       source /scrap/users/Xilinx2022.2/Vitis_HLS/2022.2/common/technology/xilinx/interface/XilEDKCoreGen.gen 
Execute       source /scrap/users/Xilinx2022.2/Vitis_HLS/2022.2/common/technology/xilinx/ip/xfir.gen 
Execute       source /scrap/users/Xilinx2022.2/Vitis_HLS/2022.2/common/technology/xilinx/ip/dds_compiler.gen 
Execute       source /scrap/users/Xilinx2022.2/Vitis_HLS/2022.2/common/technology/xilinx/ip/util.gen 
Execute       source /scrap/users/Xilinx2022.2/Vitis_HLS/2022.2/common/technology/xilinx/ip/xfft.gen 
Execute       source /scrap/users/Xilinx2022.2/Vitis_HLS/2022.2/common/technology/xilinx/DSP48/dsp48.gen 
Execute     ap_part_info -name xc7z020-clg400-1 -data info 
Execute     config_compile -quiet -complex-mul-dsp=0 
Command   set_part done; 0.12 sec.
Execute   create_clock -period 10 -name default 
INFO: [HLS 200-1510] Running: create_clock -period 10 -name default 
Execute   csim_design -quiet 
INFO: [HLS 200-1510] Running: csim_design -quiet 
INFO: [SIM 211-2] *************** CSIM start ***************
INFO: [SIM 211-4] CSIM will launch GCC as the compiler.
Execute     source csim/.lst_opt.tcl 
Execute     ap_part_info -name xc7z020-clg400-1 -data info 
ERROR: [SIM 211-100] 'csim_design' failed: compilation error(s).
INFO: [SIM 211-3] *************** CSIM finish ***************
INFO-FLOW: Caught error in csim_design: 4
    while executing
"ap_internal_csim_design "
Command   csim_design done; error code: 2; 0.5 sec.
INFO: [HLS 200-111] Finished Command csim_design CPU user time: 0.35 seconds. CPU system time: 0.1 seconds. Elapsed time: 0.5 seconds; current allocated memory: 0.000 MB.
Command ap_source done; error code: 1; 11.66 sec.
Execute cleanup_all 
INFO-FLOW: Workspace /home/rerecich/EE-390a/CNN/Conv2D_HW_InitVersion_Examples/Conv2D_HW_InitVersion_Students/CNN_Material/Vitis_CNN_HW/solution1 opened at Sat Mar 22 21:45:18 CET 2025
Execute     ap_set_clock -name default -period 10 -default=false 
INFO: [SYN 201-201] Setting up clock 'default' with a period of 10ns.
Execute     set_part xc7z020-clg400-1 
Execute       create_platform xc7z020-clg400-1 -board  
DBG:HLSDevice: Trying to load device library: /scrap/users/Xilinx2022.2/Vitis_HLS/2022.2/lib/lnx64.o/libxv_hlsvwrap.so
DBG:HLSDevice: first parts/arch.xml in RDI_DATADIR: /scrap/users/Xilinx2022.2/Vivado/2022.2/data/parts/arch.xml
DBG:HLSDevice: init success
INFO: [HLS 200-1611] Setting target device to 'xc7z020-clg400-1'
Command       create_platform done; 0.8 sec.
Execute       source /scrap/users/Xilinx2022.2/Vitis_HLS/2022.2/common/technology/xilinx/common/xilinx.gen 
Execute         source /scrap/users/Xilinx2022.2/Vitis_HLS/2022.2/common/technology/xilinx/interface/plb46.gen 
Execute         source /scrap/users/Xilinx2022.2/Vitis_HLS/2022.2/common/technology/xilinx/interface/axi4.gen 
Execute         source /scrap/users/Xilinx2022.2/Vitis_HLS/2022.2/common/technology/xilinx/interface/nativeAXI4.gen 
Execute           source /scrap/users/Xilinx2022.2/Vitis_HLS/2022.2/common/technology/xilinx/interface/saxilite.gen 
Execute         source /scrap/users/Xilinx2022.2/Vitis_HLS/2022.2/common/technology/xilinx/scripts/xilinxcoregen.gen 
Execute         source /scrap/users/Xilinx2022.2/Vitis_HLS/2022.2/common/technology/xilinx/interface/XilEDKCoreGen.gen 
Execute         source /scrap/users/Xilinx2022.2/Vitis_HLS/2022.2/common/technology/xilinx/ip/xfir.gen 
Execute         source /scrap/users/Xilinx2022.2/Vitis_HLS/2022.2/common/technology/xilinx/ip/dds_compiler.gen 
Execute         source /scrap/users/Xilinx2022.2/Vitis_HLS/2022.2/common/technology/xilinx/ip/util.gen 
Execute         source /scrap/users/Xilinx2022.2/Vitis_HLS/2022.2/common/technology/xilinx/ip/xfft.gen 
Execute         source /scrap/users/Xilinx2022.2/Vitis_HLS/2022.2/common/technology/xilinx/DSP48/dsp48.gen 
Command       ap_source done; 0.11 sec.
Execute       ap_part_info -name xc7z020-clg400-1 -data info 
Execute       config_compile -quiet -complex-mul-dsp=0 
Command     set_part done; 0.92 sec.
Execute     send_msg_by_id INFO @200-1505@%s%s  vivado 
INFO: [HLS 200-1505] Using flow_target 'vivado'
Command   open_solution done; 1.03 sec.
Execute   set_part xc7z020clg400-1 
INFO: [HLS 200-1510] Running: set_part xc7z020clg400-1 
Execute     create_platform xc7z020clg400-1 -board  
Execute     source /scrap/users/Xilinx2022.2/Vitis_HLS/2022.2/common/technology/xilinx/common/xilinx.gen 
Execute       source /scrap/users/Xilinx2022.2/Vitis_HLS/2022.2/common/technology/xilinx/interface/plb46.gen 
Execute       source /scrap/users/Xilinx2022.2/Vitis_HLS/2022.2/common/technology/xilinx/interface/axi4.gen 
Execute       source /scrap/users/Xilinx2022.2/Vitis_HLS/2022.2/common/technology/xilinx/interface/nativeAXI4.gen 
Execute         source /scrap/users/Xilinx2022.2/Vitis_HLS/2022.2/common/technology/xilinx/interface/saxilite.gen 
Execute       source /scrap/users/Xilinx2022.2/Vitis_HLS/2022.2/common/technology/xilinx/scripts/xilinxcoregen.gen 
Execute       source /scrap/users/Xilinx2022.2/Vitis_HLS/2022.2/common/technology/xilinx/interface/XilEDKCoreGen.gen 
Execute       source /scrap/users/Xilinx2022.2/Vitis_HLS/2022.2/common/technology/xilinx/ip/xfir.gen 
Execute       source /scrap/users/Xilinx2022.2/Vitis_HLS/2022.2/common/technology/xilinx/ip/dds_compiler.gen 
Execute       source /scrap/users/Xilinx2022.2/Vitis_HLS/2022.2/common/technology/xilinx/ip/util.gen 
Execute       source /scrap/users/Xilinx2022.2/Vitis_HLS/2022.2/common/technology/xilinx/ip/xfft.gen 
Execute       source /scrap/users/Xilinx2022.2/Vitis_HLS/2022.2/common/technology/xilinx/DSP48/dsp48.gen 
Execute     ap_part_info -name xc7z020-clg400-1 -data info 
Execute     config_compile -quiet -complex-mul-dsp=0 
Command   set_part done; 0.12 sec.
Execute   create_clock -period 10 -name default 
INFO: [HLS 200-1510] Running: create_clock -period 10 -name default 
Execute   csim_design -quiet 
INFO: [HLS 200-1510] Running: csim_design -quiet 
INFO: [SIM 211-2] *************** CSIM start ***************
INFO: [SIM 211-4] CSIM will launch GCC as the compiler.
Execute     source csim/.lst_opt.tcl 
Execute     ap_part_info -name xc7z020-clg400-1 -data info 
ERROR: [SIM 211-100] 'csim_design' failed: compilation error(s).
INFO: [SIM 211-3] *************** CSIM finish ***************
INFO-FLOW: Caught error in csim_design: 4
    while executing
"ap_internal_csim_design "
Command   csim_design done; error code: 2; 0.45 sec.
INFO: [HLS 200-111] Finished Command csim_design CPU user time: 0.31 seconds. CPU system time: 0.1 seconds. Elapsed time: 0.45 seconds; current allocated memory: 0.000 MB.
Command ap_source done; error code: 1; 11.75 sec.
Execute cleanup_all 
INFO-FLOW: Workspace /home/rerecich/EE-390a/CNN/Conv2D_HW_InitVersion_Examples/Conv2D_HW_InitVersion_Students/CNN_Material/Vitis_CNN_HW/solution1 opened at Sat Mar 22 21:46:10 CET 2025
Execute     ap_set_clock -name default -period 10 -default=false 
INFO: [SYN 201-201] Setting up clock 'default' with a period of 10ns.
Execute     set_part xc7z020-clg400-1 
Execute       create_platform xc7z020-clg400-1 -board  
DBG:HLSDevice: Trying to load device library: /scrap/users/Xilinx2022.2/Vitis_HLS/2022.2/lib/lnx64.o/libxv_hlsvwrap.so
DBG:HLSDevice: first parts/arch.xml in RDI_DATADIR: /scrap/users/Xilinx2022.2/Vivado/2022.2/data/parts/arch.xml
DBG:HLSDevice: init success
INFO: [HLS 200-1611] Setting target device to 'xc7z020-clg400-1'
Command       create_platform done; 0.51 sec.
Execute       source /scrap/users/Xilinx2022.2/Vitis_HLS/2022.2/common/technology/xilinx/common/xilinx.gen 
Execute         source /scrap/users/Xilinx2022.2/Vitis_HLS/2022.2/common/technology/xilinx/interface/plb46.gen 
Execute         source /scrap/users/Xilinx2022.2/Vitis_HLS/2022.2/common/technology/xilinx/interface/axi4.gen 
Execute         source /scrap/users/Xilinx2022.2/Vitis_HLS/2022.2/common/technology/xilinx/interface/nativeAXI4.gen 
Execute           source /scrap/users/Xilinx2022.2/Vitis_HLS/2022.2/common/technology/xilinx/interface/saxilite.gen 
Execute         source /scrap/users/Xilinx2022.2/Vitis_HLS/2022.2/common/technology/xilinx/scripts/xilinxcoregen.gen 
Execute         source /scrap/users/Xilinx2022.2/Vitis_HLS/2022.2/common/technology/xilinx/interface/XilEDKCoreGen.gen 
Execute         source /scrap/users/Xilinx2022.2/Vitis_HLS/2022.2/common/technology/xilinx/ip/xfir.gen 
Execute         source /scrap/users/Xilinx2022.2/Vitis_HLS/2022.2/common/technology/xilinx/ip/dds_compiler.gen 
Execute         source /scrap/users/Xilinx2022.2/Vitis_HLS/2022.2/common/technology/xilinx/ip/util.gen 
Execute         source /scrap/users/Xilinx2022.2/Vitis_HLS/2022.2/common/technology/xilinx/ip/xfft.gen 
Execute         source /scrap/users/Xilinx2022.2/Vitis_HLS/2022.2/common/technology/xilinx/DSP48/dsp48.gen 
Command       ap_source done; 0.11 sec.
Execute       ap_part_info -name xc7z020-clg400-1 -data info 
Execute       config_compile -quiet -complex-mul-dsp=0 
Command     set_part done; 0.63 sec.
Execute     send_msg_by_id INFO @200-1505@%s%s  vivado 
INFO: [HLS 200-1505] Using flow_target 'vivado'
Command   open_solution done; 0.74 sec.
Execute   set_part xc7z020clg400-1 
INFO: [HLS 200-1510] Running: set_part xc7z020clg400-1 
Execute     create_platform xc7z020clg400-1 -board  
Execute     source /scrap/users/Xilinx2022.2/Vitis_HLS/2022.2/common/technology/xilinx/common/xilinx.gen 
Execute       source /scrap/users/Xilinx2022.2/Vitis_HLS/2022.2/common/technology/xilinx/interface/plb46.gen 
Execute       source /scrap/users/Xilinx2022.2/Vitis_HLS/2022.2/common/technology/xilinx/interface/axi4.gen 
Execute       source /scrap/users/Xilinx2022.2/Vitis_HLS/2022.2/common/technology/xilinx/interface/nativeAXI4.gen 
Execute         source /scrap/users/Xilinx2022.2/Vitis_HLS/2022.2/common/technology/xilinx/interface/saxilite.gen 
Execute       source /scrap/users/Xilinx2022.2/Vitis_HLS/2022.2/common/technology/xilinx/scripts/xilinxcoregen.gen 
Execute       source /scrap/users/Xilinx2022.2/Vitis_HLS/2022.2/common/technology/xilinx/interface/XilEDKCoreGen.gen 
Execute       source /scrap/users/Xilinx2022.2/Vitis_HLS/2022.2/common/technology/xilinx/ip/xfir.gen 
Execute       source /scrap/users/Xilinx2022.2/Vitis_HLS/2022.2/common/technology/xilinx/ip/dds_compiler.gen 
Execute       source /scrap/users/Xilinx2022.2/Vitis_HLS/2022.2/common/technology/xilinx/ip/util.gen 
Execute       source /scrap/users/Xilinx2022.2/Vitis_HLS/2022.2/common/technology/xilinx/ip/xfft.gen 
Execute       source /scrap/users/Xilinx2022.2/Vitis_HLS/2022.2/common/technology/xilinx/DSP48/dsp48.gen 
Execute     ap_part_info -name xc7z020-clg400-1 -data info 
Execute     config_compile -quiet -complex-mul-dsp=0 
Command   set_part done; 0.11 sec.
Execute   create_clock -period 10 -name default 
INFO: [HLS 200-1510] Running: create_clock -period 10 -name default 
Execute   csim_design -quiet 
INFO: [HLS 200-1510] Running: csim_design -quiet 
INFO: [SIM 211-2] *************** CSIM start ***************
INFO: [SIM 211-4] CSIM will launch GCC as the compiler.
Execute     source csim/.lst_opt.tcl 
Execute     ap_part_info -name xc7z020-clg400-1 -data info 
ERROR: [SIM 211-100] 'csim_design' failed: compilation error(s).
INFO: [SIM 211-3] *************** CSIM finish ***************
INFO-FLOW: Caught error in csim_design: 4
    while executing
"ap_internal_csim_design "
Command   csim_design done; error code: 2; 0.47 sec.
INFO: [HLS 200-111] Finished Command csim_design CPU user time: 0.31 seconds. CPU system time: 0.11 seconds. Elapsed time: 0.47 seconds; current allocated memory: 0.000 MB.
Command ap_source done; error code: 1; 11.36 sec.
Execute cleanup_all 
