/home/rerecich/EE-390a/CNN/Midterm/Vitis_Legacy/solution1/.autopilot/db/conv2d.pp.0.cpp:1320:7: warning: Added loop label VITIS_LOOP_1211_1:   [xilinx-label-all-loops]
      for (i = 0; i < __N - 1; ++i) {
      ^~~
      VITIS_LOOP_1211_1: 
/home/rerecich/EE-390a/CNN/Midterm/Vitis_Legacy/solution1/.autopilot/db/conv2d.pp.0.cpp:1320:7: note: FIX-IT applied suggested code changes
/home/rerecich/EE-390a/CNN/Midterm/Vitis_Legacy/solution1/.autopilot/db/conv2d.pp.0.cpp:2294:5: warning: Added loop label VITIS_LOOP_676_1:   [xilinx-label-all-loops]
    for (unsigned i = low; i != high; ++i) {
    ^~~
    VITIS_LOOP_676_1: 
/home/rerecich/EE-390a/CNN/Midterm/Vitis_Legacy/solution1/.autopilot/db/conv2d.pp.0.cpp:2294:5: note: FIX-IT applied suggested code changes
/home/rerecich/EE-390a/CNN/Midterm/Vitis_Legacy/solution1/.autopilot/db/conv2d.pp.0.cpp:2308:5: warning: Added loop label VITIS_LOOP_690_1:   [xilinx-label-all-loops]
    for (unsigned i = low; i != high; ++i) {
    ^~~
    VITIS_LOOP_690_1: 
/home/rerecich/EE-390a/CNN/Midterm/Vitis_Legacy/solution1/.autopilot/db/conv2d.pp.0.cpp:2308:5: note: FIX-IT applied suggested code changes
/home/rerecich/EE-390a/CNN/Midterm/Vitis_Legacy/solution1/.autopilot/db/conv2d.pp.0.cpp:2322:5: warning: Added loop label VITIS_LOOP_704_1:   [xilinx-label-all-loops]
    for (unsigned i = low; i != high; ++i) {
    ^~~
    VITIS_LOOP_704_1: 
/home/rerecich/EE-390a/CNN/Midterm/Vitis_Legacy/solution1/.autopilot/db/conv2d.pp.0.cpp:2322:5: note: FIX-IT applied suggested code changes
/home/rerecich/EE-390a/CNN/Midterm/Vitis_Legacy/solution1/.autopilot/db/conv2d.pp.0.cpp:3933:7: warning: Added loop label VITIS_LOOP_1245_1:   [xilinx-label-all-loops]
      for (i = 0; i < __N - 1; ++i) {
      ^~~
      VITIS_LOOP_1245_1: 
/home/rerecich/EE-390a/CNN/Midterm/Vitis_Legacy/solution1/.autopilot/db/conv2d.pp.0.cpp:3933:7: note: FIX-IT applied suggested code changes
/home/rerecich/EE-390a/CNN/Midterm/Vitis_Legacy/solution1/.autopilot/db/conv2d.pp.0.cpp:6725:2: warning: Added loop label VITIS_LOOP_32_1:   [xilinx-label-all-loops]
 for (ap_uint<32> iFilter = 0; iFilter < numFilters; ++ iFilter) {
 ^~~
 VITIS_LOOP_32_1: 
/home/rerecich/EE-390a/CNN/Midterm/Vitis_Legacy/solution1/.autopilot/db/conv2d.pp.0.cpp:6725:2: note: FIX-IT applied suggested code changes
/home/rerecich/EE-390a/CNN/Midterm/Vitis_Legacy/solution1/.autopilot/db/conv2d.pp.0.cpp:6726:6: warning: Added loop label VITIS_LOOP_33_2:   [xilinx-label-all-loops]
     for (ap_uint<32> y = 0; y < (inputHeight-2); ++y) {
     ^~~
     VITIS_LOOP_33_2: 
/home/rerecich/EE-390a/CNN/Midterm/Vitis_Legacy/solution1/.autopilot/db/conv2d.pp.0.cpp:6726:6: note: FIX-IT applied suggested code changes
/home/rerecich/EE-390a/CNN/Midterm/Vitis_Legacy/solution1/.autopilot/db/conv2d.pp.0.cpp:6727:8: warning: Added loop label VITIS_LOOP_34_3:   [xilinx-label-all-loops]
       for (ap_uint<32> x = 0; x < (inputWidth-2); ++ x) {
       ^~~
       VITIS_LOOP_34_3: 
/home/rerecich/EE-390a/CNN/Midterm/Vitis_Legacy/solution1/.autopilot/db/conv2d.pp.0.cpp:6727:8: note: FIX-IT applied suggested code changes
/home/rerecich/EE-390a/CNN/Midterm/Vitis_Legacy/solution1/.autopilot/db/conv2d.pp.0.cpp:6730:10: warning: Added loop label VITIS_LOOP_37_4:   [xilinx-label-all-loops]
         for (ap_uint<32> iChannel = 0; iChannel < numChannels; ++ iChannel) {
         ^~~
         VITIS_LOOP_37_4: 
/home/rerecich/EE-390a/CNN/Midterm/Vitis_Legacy/solution1/.autopilot/db/conv2d.pp.0.cpp:6730:10: note: FIX-IT applied suggested code changes
/home/rerecich/EE-390a/CNN/Midterm/Vitis_Legacy/solution1/.autopilot/db/conv2d.pp.0.cpp:6731:12: warning: Added loop label VITIS_LOOP_38_5:   [xilinx-label-all-loops]
           for (ap_uint<32> cy = 0; cy < convHeight; ++ cy) {
           ^~~
           VITIS_LOOP_38_5: 
/home/rerecich/EE-390a/CNN/Midterm/Vitis_Legacy/solution1/.autopilot/db/conv2d.pp.0.cpp:6731:12: note: FIX-IT applied suggested code changes
/home/rerecich/EE-390a/CNN/Midterm/Vitis_Legacy/solution1/.autopilot/db/conv2d.pp.0.cpp:6732:14: warning: Added loop label VITIS_LOOP_39_6:   [xilinx-label-all-loops]
             for (ap_uint<32> cx = 0; cx < convWidth; ++cx) {
             ^~~
             VITIS_LOOP_39_6: 
/home/rerecich/EE-390a/CNN/Midterm/Vitis_Legacy/solution1/.autopilot/db/conv2d.pp.0.cpp:6732:14: note: FIX-IT applied suggested code changes
