

================================================================
== Vitis HLS Report for 'Conv2D_HW_Pipeline_VITIS_LOOP_109_15'
================================================================
* Date:           Tue Apr  1 22:29:21 2025

* Version:        2022.2 (Build 3670227 on Oct 13 2022)
* Project:        Vitis_Midterm
* Solution:       solution1 (Vivado IP Flow Target)
* Product family: zynq
* Target device:  xc7z020-clg400-1


================================================================
== Performance Estimates
================================================================
+ Timing: 
    * Summary: 
    +--------+----------+----------+------------+
    |  Clock |  Target  | Estimated| Uncertainty|
    +--------+----------+----------+------------+
    |ap_clk  |  10.00 ns|  7.300 ns|     2.70 ns|
    +--------+----------+----------+------------+

+ Latency: 
    * Summary: 
    +---------+---------+----------+----------+-----+-----+---------+
    |  Latency (cycles) |  Latency (absolute) |  Interval | Pipeline|
    |   min   |   max   |    min   |    max   | min | max |   Type  |
    +---------+---------+----------+----------+-----+-----+---------+
    |       20|       20|  0.200 us|  0.200 us|   20|   20|       no|
    +---------+---------+----------+----------+-----+-----+---------+

    + Detail: 
        * Instance: 
        N/A

        * Loop: 
        +---------------------+---------+---------+----------+-----------+-----------+------+----------+
        |                     |  Latency (cycles) | Iteration|  Initiation Interval  | Trip |          |
        |      Loop Name      |   min   |   max   |  Latency |  achieved |   target  | Count| Pipelined|
        +---------------------+---------+---------+----------+-----------+-----------+------+----------+
        |- VITIS_LOOP_109_15  |       18|       18|        16|          1|          1|     4|       yes|
        +---------------------+---------+---------+----------+-----------+-----------+------+----------+



================================================================
== Utilization Estimates
================================================================
* Summary: 
+-----------------+---------+-----+--------+-------+-----+
|       Name      | BRAM_18K| DSP |   FF   |  LUT  | URAM|
+-----------------+---------+-----+--------+-------+-----+
|DSP              |        -|    -|       -|      -|    -|
|Expression       |        -|    -|       0|    506|    -|
|FIFO             |        -|    -|       -|      -|    -|
|Instance         |        -|    -|       0|     20|    -|
|Memory           |        -|    -|       -|      -|    -|
|Multiplexer      |        -|    -|       -|    173|    -|
|Register         |        -|    -|     711|     96|    -|
+-----------------+---------+-----+--------+-------+-----+
|Total            |        0|    0|     711|    795|    0|
+-----------------+---------+-----+--------+-------+-----+
|Available        |      280|  220|  106400|  53200|    0|
+-----------------+---------+-----+--------+-------+-----+
|Utilization (%)  |        0|    0|      ~0|      1|    0|
+-----------------+---------+-----+--------+-------+-----+

+ Detail: 
    * Instance: 
    +-------------------+---------------+---------+----+---+----+-----+
    |      Instance     |     Module    | BRAM_18K| DSP| FF| LUT| URAM|
    +-------------------+---------------+---------+----+---+----+-----+
    |mux_42_32_1_1_U85  |mux_42_32_1_1  |        0|   0|  0|  20|    0|
    +-------------------+---------------+---------+----+---+----+-----+
    |Total              |               |        0|   0|  0|  20|    0|
    +-------------------+---------------+---------+----+---+----+-----+

    * DSP: 
    N/A

    * Memory: 
    N/A

    * FIFO: 
    N/A

    * Expression: 
    +------------------------------------+----------+----+---+----+------------+------------+
    |            Variable Name           | Operation| DSP| FF| LUT| Bitwidth P0| Bitwidth P1|
    +------------------------------------+----------+----+---+----+------------+------------+
    |add_ln109_fu_276_p2                 |         +|   0|  0|  11|           3|           1|
    |add_ln113_1_fu_447_p2               |         +|   0|  0|  39|          32|          32|
    |add_ln113_fu_324_p2                 |         +|   0|  0|  71|          64|          64|
    |add_ln119_1_fu_377_p2               |         +|   0|  0|  41|          34|          34|
    |add_ln119_2_fu_393_p2               |         +|   0|  0|  71|          64|          64|
    |add_ln119_fu_368_p2                 |         +|   0|  0|  40|          33|          33|
    |and_ln115_fu_460_p2                 |       and|   0|  0|   2|           1|           1|
    |ap_block_state10_io                 |       and|   0|  0|   2|           1|           1|
    |ap_block_state11_io                 |       and|   0|  0|   2|           1|           1|
    |ap_block_state16_pp0_stage0_iter15  |       and|   0|  0|   2|           1|           1|
    |ap_block_state2_io                  |       and|   0|  0|   2|           1|           1|
    |ap_block_state9_pp0_stage0_iter8    |       and|   0|  0|   2|           1|           1|
    |icmp_ln109_fu_270_p2                |      icmp|   0|  0|   9|           3|           4|
    |icmp_ln111_fu_304_p2                |      icmp|   0|  0|  18|          32|          32|
    |sel_tmp6_fu_478_p2                  |      icmp|   0|  0|   8|           2|           1|
    |sel_tmp7_fu_483_p2                  |      icmp|   0|  0|   8|           2|           3|
    |sel_tmp_fu_473_p2                   |      icmp|   0|  0|   8|           2|           1|
    |ap_block_pp0_stage0_01001           |        or|   0|  0|   2|           1|           1|
    |ap_block_pp0_stage0_11001           |        or|   0|  0|   2|           1|           1|
    |sel_tmp9_fu_494_p2                  |        or|   0|  0|   2|           1|           1|
    |tmp19_fu_488_p2                     |        or|   0|  0|   2|           1|           1|
    |acc_3_4_fu_508_p3                   |    select|   0|  0|  32|           1|          32|
    |acc_3_5_fu_516_p3                   |    select|   0|  0|  32|           1|          32|
    |acc_3_6_fu_524_p3                   |    select|   0|  0|  32|           1|          32|
    |acc_3_7_fu_465_p3                   |    select|   0|  0|  32|           1|           1|
    |acc_3_fu_500_p3                     |    select|   0|  0|  32|           1|          32|
    |ap_enable_pp0                       |       xor|   0|  0|   2|           1|           2|
    +------------------------------------+----------+----+---+----+------------+------------+
    |Total                               |          |   0|  0| 506|         287|         410|
    +------------------------------------+----------+----+---+----+------------+------------+

    * Multiplexer: 
    +-----------------------------------+----+-----------+-----+-----------+
    |                Name               | LUT| Input Size| Bits| Total Bits|
    +-----------------------------------+----+-----------+-----+-----------+
    |acc_0_8_out_o                      |  14|          3|   32|         96|
    |acc_1_9_out_o                      |  14|          3|   32|         96|
    |acc_2_9_out_o                      |  14|          3|   32|         96|
    |acc_3_9_out_o                      |  14|          3|   32|         96|
    |ap_done_int                        |   9|          2|    1|          2|
    |ap_enable_reg_pp0_iter1            |   9|          2|    1|          2|
    |ap_sig_allocacmp_acc_0_8_out_load  |   9|          2|   32|         64|
    |ap_sig_allocacmp_acc_1_9_out_load  |   9|          2|   32|         64|
    |ap_sig_allocacmp_acc_2_9_out_load  |   9|          2|   32|         64|
    |ap_sig_allocacmp_acc_3_9_out_load  |   9|          2|   32|         64|
    |ap_sig_allocacmp_pf_1              |   9|          2|    3|          6|
    |gmem_blk_n_AR                      |   9|          2|    1|          2|
    |gmem_blk_n_AW                      |   9|          2|    1|          2|
    |gmem_blk_n_B                       |   9|          2|    1|          2|
    |gmem_blk_n_R                       |   9|          2|    1|          2|
    |gmem_blk_n_W                       |   9|          2|    1|          2|
    |pf_fu_120                          |   9|          2|    3|          6|
    +-----------------------------------+----+-----------+-----+-----------+
    |Total                              | 173|         38|  269|        666|
    +-----------------------------------+----+-----------+-----+-----------+

    * Register: 
    +-----------------------------------+----+----+-----+-----------+
    |                Name               | FF | LUT| Bits| Const Bits|
    +-----------------------------------+----+----+-----+-----------+
    |acc_3_4_reg_652                    |  32|   0|   32|          0|
    |acc_3_5_reg_657                    |  32|   0|   32|          0|
    |acc_3_6_reg_662                    |  32|   0|   32|          0|
    |acc_3_7_reg_642                    |  32|   0|   32|          0|
    |acc_3_reg_647                      |  32|   0|   32|          0|
    |add_ln119_1_reg_626                |  34|   0|   34|          0|
    |ap_CS_fsm                          |   1|   0|    1|          0|
    |ap_done_reg                        |   1|   0|    1|          0|
    |ap_enable_reg_pp0_iter1            |   1|   0|    1|          0|
    |ap_enable_reg_pp0_iter10           |   1|   0|    1|          0|
    |ap_enable_reg_pp0_iter11           |   1|   0|    1|          0|
    |ap_enable_reg_pp0_iter12           |   1|   0|    1|          0|
    |ap_enable_reg_pp0_iter13           |   1|   0|    1|          0|
    |ap_enable_reg_pp0_iter14           |   1|   0|    1|          0|
    |ap_enable_reg_pp0_iter15           |   1|   0|    1|          0|
    |ap_enable_reg_pp0_iter2            |   1|   0|    1|          0|
    |ap_enable_reg_pp0_iter3            |   1|   0|    1|          0|
    |ap_enable_reg_pp0_iter4            |   1|   0|    1|          0|
    |ap_enable_reg_pp0_iter5            |   1|   0|    1|          0|
    |ap_enable_reg_pp0_iter6            |   1|   0|    1|          0|
    |ap_enable_reg_pp0_iter7            |   1|   0|    1|          0|
    |ap_enable_reg_pp0_iter8            |   1|   0|    1|          0|
    |ap_enable_reg_pp0_iter9            |   1|   0|    1|          0|
    |ap_loop_exit_ready_pp0_iter10_reg  |   1|   0|    1|          0|
    |ap_loop_exit_ready_pp0_iter11_reg  |   1|   0|    1|          0|
    |ap_loop_exit_ready_pp0_iter12_reg  |   1|   0|    1|          0|
    |ap_loop_exit_ready_pp0_iter13_reg  |   1|   0|    1|          0|
    |ap_loop_exit_ready_pp0_iter14_reg  |   1|   0|    1|          0|
    |ap_loop_exit_ready_pp0_iter1_reg   |   1|   0|    1|          0|
    |ap_loop_exit_ready_pp0_iter2_reg   |   1|   0|    1|          0|
    |ap_loop_exit_ready_pp0_iter3_reg   |   1|   0|    1|          0|
    |ap_loop_exit_ready_pp0_iter4_reg   |   1|   0|    1|          0|
    |ap_loop_exit_ready_pp0_iter5_reg   |   1|   0|    1|          0|
    |ap_loop_exit_ready_pp0_iter6_reg   |   1|   0|    1|          0|
    |ap_loop_exit_ready_pp0_iter7_reg   |   1|   0|    1|          0|
    |ap_loop_exit_ready_pp0_iter8_reg   |   1|   0|    1|          0|
    |ap_loop_exit_ready_pp0_iter9_reg   |   1|   0|    1|          0|
    |gmem_addr_2_reg_631                |  64|   0|   64|          0|
    |gmem_addr_read_reg_637             |  32|   0|   32|          0|
    |gmem_addr_reg_610                  |  64|   0|   64|          0|
    |icmp_ln111_reg_606                 |   1|   0|    1|          0|
    |mul_ln119_1_reg_621                |  32|   0|   32|          0|
    |mul_ln119_reg_616                  |  32|   0|   32|          0|
    |pf_fu_120                          |   3|   0|    3|          0|
    |trunc_ln110_reg_593                |   2|   0|    2|          0|
    |trunc_ln119_cast_cast_reg_579      |  32|   0|   34|          2|
    |zext_ln83_cast_reg_584             |  32|   0|   33|          1|
    |gmem_addr_2_reg_631                |  64|  32|   64|          0|
    |icmp_ln111_reg_606                 |  64|  32|    1|          0|
    |trunc_ln110_reg_593                |  64|  32|    2|          0|
    +-----------------------------------+----+----+-----+-----------+
    |Total                              | 711|  96|  589|          3|
    +-----------------------------------+----+----+-----+-----------+



================================================================
== Interface
================================================================
* Summary: 
+----------------------+-----+-----+------------+--------------------------------------+--------------+
|       RTL Ports      | Dir | Bits|  Protocol  |             Source Object            |    C Type    |
+----------------------+-----+-----+------------+--------------------------------------+--------------+
|ap_clk                |   in|    1|  ap_ctrl_hs|  Conv2D_HW_Pipeline_VITIS_LOOP_109_15|  return value|
|ap_rst                |   in|    1|  ap_ctrl_hs|  Conv2D_HW_Pipeline_VITIS_LOOP_109_15|  return value|
|ap_start              |   in|    1|  ap_ctrl_hs|  Conv2D_HW_Pipeline_VITIS_LOOP_109_15|  return value|
|ap_done               |  out|    1|  ap_ctrl_hs|  Conv2D_HW_Pipeline_VITIS_LOOP_109_15|  return value|
|ap_idle               |  out|    1|  ap_ctrl_hs|  Conv2D_HW_Pipeline_VITIS_LOOP_109_15|  return value|
|ap_ready              |  out|    1|  ap_ctrl_hs|  Conv2D_HW_Pipeline_VITIS_LOOP_109_15|  return value|
|grp_fu_484_p_din0     |  out|   32|  ap_ctrl_hs|  Conv2D_HW_Pipeline_VITIS_LOOP_109_15|  return value|
|grp_fu_484_p_din1     |  out|   32|  ap_ctrl_hs|  Conv2D_HW_Pipeline_VITIS_LOOP_109_15|  return value|
|grp_fu_484_p_dout0    |   in|   32|  ap_ctrl_hs|  Conv2D_HW_Pipeline_VITIS_LOOP_109_15|  return value|
|grp_fu_484_p_ce       |  out|    1|  ap_ctrl_hs|  Conv2D_HW_Pipeline_VITIS_LOOP_109_15|  return value|
|grp_fu_512_p_din0     |  out|   32|  ap_ctrl_hs|  Conv2D_HW_Pipeline_VITIS_LOOP_109_15|  return value|
|grp_fu_512_p_din1     |  out|   32|  ap_ctrl_hs|  Conv2D_HW_Pipeline_VITIS_LOOP_109_15|  return value|
|grp_fu_512_p_dout0    |   in|   32|  ap_ctrl_hs|  Conv2D_HW_Pipeline_VITIS_LOOP_109_15|  return value|
|grp_fu_512_p_ce       |  out|    1|  ap_ctrl_hs|  Conv2D_HW_Pipeline_VITIS_LOOP_109_15|  return value|
|m_axi_gmem_AWVALID    |  out|    1|       m_axi|                                  gmem|       pointer|
|m_axi_gmem_AWREADY    |   in|    1|       m_axi|                                  gmem|       pointer|
|m_axi_gmem_AWADDR     |  out|   64|       m_axi|                                  gmem|       pointer|
|m_axi_gmem_AWID       |  out|    1|       m_axi|                                  gmem|       pointer|
|m_axi_gmem_AWLEN      |  out|   32|       m_axi|                                  gmem|       pointer|
|m_axi_gmem_AWSIZE     |  out|    3|       m_axi|                                  gmem|       pointer|
|m_axi_gmem_AWBURST    |  out|    2|       m_axi|                                  gmem|       pointer|
|m_axi_gmem_AWLOCK     |  out|    2|       m_axi|                                  gmem|       pointer|
|m_axi_gmem_AWCACHE    |  out|    4|       m_axi|                                  gmem|       pointer|
|m_axi_gmem_AWPROT     |  out|    3|       m_axi|                                  gmem|       pointer|
|m_axi_gmem_AWQOS      |  out|    4|       m_axi|                                  gmem|       pointer|
|m_axi_gmem_AWREGION   |  out|    4|       m_axi|                                  gmem|       pointer|
|m_axi_gmem_AWUSER     |  out|    1|       m_axi|                                  gmem|       pointer|
|m_axi_gmem_WVALID     |  out|    1|       m_axi|                                  gmem|       pointer|
|m_axi_gmem_WREADY     |   in|    1|       m_axi|                                  gmem|       pointer|
|m_axi_gmem_WDATA      |  out|   32|       m_axi|                                  gmem|       pointer|
|m_axi_gmem_WSTRB      |  out|    4|       m_axi|                                  gmem|       pointer|
|m_axi_gmem_WLAST      |  out|    1|       m_axi|                                  gmem|       pointer|
|m_axi_gmem_WID        |  out|    1|       m_axi|                                  gmem|       pointer|
|m_axi_gmem_WUSER      |  out|    1|       m_axi|                                  gmem|       pointer|
|m_axi_gmem_ARVALID    |  out|    1|       m_axi|                                  gmem|       pointer|
|m_axi_gmem_ARREADY    |   in|    1|       m_axi|                                  gmem|       pointer|
|m_axi_gmem_ARADDR     |  out|   64|       m_axi|                                  gmem|       pointer|
|m_axi_gmem_ARID       |  out|    1|       m_axi|                                  gmem|       pointer|
|m_axi_gmem_ARLEN      |  out|   32|       m_axi|                                  gmem|       pointer|
|m_axi_gmem_ARSIZE     |  out|    3|       m_axi|                                  gmem|       pointer|
|m_axi_gmem_ARBURST    |  out|    2|       m_axi|                                  gmem|       pointer|
|m_axi_gmem_ARLOCK     |  out|    2|       m_axi|                                  gmem|       pointer|
|m_axi_gmem_ARCACHE    |  out|    4|       m_axi|                                  gmem|       pointer|
|m_axi_gmem_ARPROT     |  out|    3|       m_axi|                                  gmem|       pointer|
|m_axi_gmem_ARQOS      |  out|    4|       m_axi|                                  gmem|       pointer|
|m_axi_gmem_ARREGION   |  out|    4|       m_axi|                                  gmem|       pointer|
|m_axi_gmem_ARUSER     |  out|    1|       m_axi|                                  gmem|       pointer|
|m_axi_gmem_RVALID     |   in|    1|       m_axi|                                  gmem|       pointer|
|m_axi_gmem_RREADY     |  out|    1|       m_axi|                                  gmem|       pointer|
|m_axi_gmem_RDATA      |   in|   32|       m_axi|                                  gmem|       pointer|
|m_axi_gmem_RLAST      |   in|    1|       m_axi|                                  gmem|       pointer|
|m_axi_gmem_RID        |   in|    1|       m_axi|                                  gmem|       pointer|
|m_axi_gmem_RFIFONUM   |   in|    9|       m_axi|                                  gmem|       pointer|
|m_axi_gmem_RUSER      |   in|    1|       m_axi|                                  gmem|       pointer|
|m_axi_gmem_RRESP      |   in|    2|       m_axi|                                  gmem|       pointer|
|m_axi_gmem_BVALID     |   in|    1|       m_axi|                                  gmem|       pointer|
|m_axi_gmem_BREADY     |  out|    1|       m_axi|                                  gmem|       pointer|
|m_axi_gmem_BRESP      |   in|    2|       m_axi|                                  gmem|       pointer|
|m_axi_gmem_BID        |   in|    1|       m_axi|                                  gmem|       pointer|
|m_axi_gmem_BUSER      |   in|    1|       m_axi|                                  gmem|       pointer|
|acc_3_7_reload        |   in|   32|     ap_none|                        acc_3_7_reload|        scalar|
|acc_2_7_reload        |   in|   32|     ap_none|                        acc_2_7_reload|        scalar|
|acc_1_7_reload        |   in|   32|     ap_none|                        acc_1_7_reload|        scalar|
|acc_0_7_reload        |   in|   32|     ap_none|                        acc_0_7_reload|        scalar|
|iFilterBase           |   in|   32|     ap_none|                           iFilterBase|        scalar|
|numFilters            |   in|   32|     ap_none|                            numFilters|        scalar|
|biases                |   in|   64|     ap_none|                                biases|        scalar|
|tobool                |   in|    1|     ap_none|                                tobool|        scalar|
|sub93                 |   in|   32|     ap_none|                                 sub93|        scalar|
|sub                   |   in|   32|     ap_none|                                   sub|        scalar|
|zext_ln83             |   in|   32|     ap_none|                             zext_ln83|        scalar|
|trunc_ln119_cast      |   in|   32|     ap_none|                      trunc_ln119_cast|        scalar|
|output_r              |   in|   64|     ap_none|                              output_r|        scalar|
|acc_3_9_out_i         |   in|   32|     ap_ovld|                           acc_3_9_out|       pointer|
|acc_3_9_out_o         |  out|   32|     ap_ovld|                           acc_3_9_out|       pointer|
|acc_3_9_out_o_ap_vld  |  out|    1|     ap_ovld|                           acc_3_9_out|       pointer|
|acc_2_9_out_i         |   in|   32|     ap_ovld|                           acc_2_9_out|       pointer|
|acc_2_9_out_o         |  out|   32|     ap_ovld|                           acc_2_9_out|       pointer|
|acc_2_9_out_o_ap_vld  |  out|    1|     ap_ovld|                           acc_2_9_out|       pointer|
|acc_1_9_out_i         |   in|   32|     ap_ovld|                           acc_1_9_out|       pointer|
|acc_1_9_out_o         |  out|   32|     ap_ovld|                           acc_1_9_out|       pointer|
|acc_1_9_out_o_ap_vld  |  out|    1|     ap_ovld|                           acc_1_9_out|       pointer|
|acc_0_8_out_i         |   in|   32|     ap_ovld|                           acc_0_8_out|       pointer|
|acc_0_8_out_o         |  out|   32|     ap_ovld|                           acc_0_8_out|       pointer|
|acc_0_8_out_o_ap_vld  |  out|    1|     ap_ovld|                           acc_0_8_out|       pointer|
+----------------------+-----+-----+------------+--------------------------------------+--------------+

