

================================================================
== Synthesis Summary Report of 'Conv2D_HW'
================================================================
+ General Information: 
    * Date:           Mon Mar 31 13:44:35 2025
    * Version:        2022.2 (Build 3670227 on Oct 13 2022)
    * Project:        Vitis_Midterm
    * Solution:       solution1 (Vivado IP Flow Target)
    * Product family: zynq
    * Target device:  xc7z020-clg400-1
    

+ Performance & Resource Estimates: 
    
    PS: '+' for module; 'o' for loop; '*' for dataflow
    +--------------------------------------------------------+------+------+---------+--------+----------+---------+------+----------+--------+----------+-----------+------------+-----+
    |                         Modules                        | Issue|      | Latency | Latency| Iteration|         | Trip |          |        |          |           |            |     |
    |                         & Loops                        | Type | Slack| (cycles)|  (ns)  |  Latency | Interval| Count| Pipelined|  BRAM  |    DSP   |     FF    |     LUT    | URAM|
    +--------------------------------------------------------+------+------+---------+--------+----------+---------+------+----------+--------+----------+-----------+------------+-----+
    |+ Conv2D_HW                                             |     -|  0.00|        -|       -|         -|        -|     -|        no|  8 (2%)|  39 (17%)|  8340 (7%)|  7764 (14%)|    -|
    | o VITIS_LOOP_38_1                                      |     -|  7.30|        -|       -|         -|        -|     -|        no|       -|         -|          -|           -|    -|
    |  + Conv2D_HW_Pipeline_VITIS_LOOP_45_4                  |     -|  0.00|        -|       -|         -|        -|     -|        no|       -|    5 (2%)|  1282 (1%)|   1325 (2%)|    -|
    |   o VITIS_LOOP_43_2_VITIS_LOOP_44_3_VITIS_LOOP_45_4    |     -|  7.30|        -|       -|        16|        1|     -|       yes|       -|         -|          -|           -|    -|
    |  o VITIS_LOOP_56_5                                     |     -|  7.30|        -|       -|         -|        -|     -|        no|       -|         -|          -|           -|    -|
    |   o VITIS_LOOP_58_6                                    |     -|  7.30|        -|       -|         -|        -|     -|        no|       -|         -|          -|           -|    -|
    |    + Conv2D_HW_Pipeline_VITIS_LOOP_65_9                |     -|  0.00|        -|       -|         -|        -|     -|        no|       -|    8 (3%)|  2099 (1%)|   1919 (3%)|    -|
    |     o VITIS_LOOP_61_7_VITIS_LOOP_63_8_VITIS_LOOP_65_9  |     -|  7.30|        -|       -|        21|        1|     -|       yes|       -|         -|          -|           -|    -|
    +--------------------------------------------------------+------+------+---------+--------+----------+---------+------+----------+--------+----------+-----------+------------+-----+


================================================================
== HW Interfaces
================================================================
* M_AXI
+------------+------------+---------------+---------+--------+----------+-----------+--------------+--------------+-------------+-------------+
| Interface  | Data Width | Address Width | Latency | Offset | Register | Max Widen | Max Read     | Max Write    | Num Read    | Num Write   |
|            | (SW->HW)   |               |         |        |          | Bitwidth  | Burst Length | Burst Length | Outstanding | Outstanding |
+------------+------------+---------------+---------+--------+----------+-----------+--------------+--------------+-------------+-------------+
| m_axi_gmem | 32 -> 32   | 64            | 0       | slave  | 0        | 0         | 16           | 16           | 16          | 16          |
+------------+------------+---------------+---------+--------+----------+-----------+--------------+--------------+-------------+-------------+

* S_AXILITE Interfaces
+---------------+------------+---------------+--------+----------+
| Interface     | Data Width | Address Width | Offset | Register |
+---------------+------------+---------------+--------+----------+
| s_axi_control | 32         | 7             | 16     | 0        |
+---------------+------------+---------------+--------+----------+

* S_AXILITE Registers
+---------------+-------------+--------+-------+--------+----------------------------------+----------------------------------------------------------------------+
| Interface     | Register    | Offset | Width | Access | Description                      | Bit Fields                                                           |
+---------------+-------------+--------+-------+--------+----------------------------------+----------------------------------------------------------------------+
| s_axi_control | CTRL        | 0x00   | 32    | RW     | Control signals                  | 0=AP_START 1=AP_DONE 2=AP_IDLE 3=AP_READY 7=AUTO_RESTART 9=INTERRUPT |
| s_axi_control | GIER        | 0x04   | 32    | RW     | Global Interrupt Enable Register | 0=Enable                                                             |
| s_axi_control | IP_IER      | 0x08   | 32    | RW     | IP Interrupt Enable Register     | 0=CHAN0_INT_EN 1=CHAN1_INT_EN                                        |
| s_axi_control | IP_ISR      | 0x0c   | 32    | RW     | IP Interrupt Status Register     | 0=CHAN0_INT_ST 1=CHAN1_INT_ST                                        |
| s_axi_control | input_r_1   | 0x10   | 32    | W      | Data signal of input_r           |                                                                      |
| s_axi_control | input_r_2   | 0x14   | 32    | W      | Data signal of input_r           |                                                                      |
| s_axi_control | output_r_1  | 0x1c   | 32    | W      | Data signal of output_r          |                                                                      |
| s_axi_control | output_r_2  | 0x20   | 32    | W      | Data signal of output_r          |                                                                      |
| s_axi_control | coeffs_1    | 0x28   | 32    | W      | Data signal of coeffs            |                                                                      |
| s_axi_control | coeffs_2    | 0x2c   | 32    | W      | Data signal of coeffs            |                                                                      |
| s_axi_control | biases_1    | 0x34   | 32    | W      | Data signal of biases            |                                                                      |
| s_axi_control | biases_2    | 0x38   | 32    | W      | Data signal of biases            |                                                                      |
| s_axi_control | numChannels | 0x40   | 32    | W      | Data signal of numChannels       |                                                                      |
| s_axi_control | numFilters  | 0x48   | 32    | W      | Data signal of numFilters        |                                                                      |
| s_axi_control | inputWidth  | 0x50   | 32    | W      | Data signal of inputWidth        |                                                                      |
| s_axi_control | inputHeight | 0x58   | 32    | W      | Data signal of inputHeight       |                                                                      |
| s_axi_control | convWidth   | 0x60   | 32    | W      | Data signal of convWidth         |                                                                      |
| s_axi_control | convHeight  | 0x68   | 32    | W      | Data signal of convHeight        |                                                                      |
| s_axi_control | apply_relu  | 0x70   | 32    | W      | Data signal of apply_relu        |                                                                      |
+---------------+-------------+--------+-------+--------+----------------------------------+----------------------------------------------------------------------+

* TOP LEVEL CONTROL
+-----------+------------+-----------+
| Interface | Type       | Ports     |
+-----------+------------+-----------+
| ap_clk    | clock      | ap_clk    |
| ap_rst_n  | reset      | ap_rst_n  |
| interrupt | interrupt  | interrupt |
| ap_ctrl   | ap_ctrl_hs |           |
+-----------+------------+-----------+


================================================================
== SW I/O Information
================================================================
* Top Function Arguments
+-------------+-----------+-------------+
| Argument    | Direction | Datatype    |
+-------------+-----------+-------------+
| input       | inout     | int*        |
| output      | inout     | int*        |
| coeffs      | inout     | int*        |
| biases      | inout     | int*        |
| numChannels | in        | ap_uint<32> |
| numFilters  | in        | ap_uint<32> |
| inputWidth  | in        | ap_uint<32> |
| inputHeight | in        | ap_uint<32> |
| convWidth   | in        | ap_uint<32> |
| convHeight  | in        | ap_uint<32> |
| apply_relu  | in        | ap_uint<1>  |
+-------------+-----------+-------------+

* SW-to-HW Mapping
+-------------+---------------+-----------+----------+---------------------------------------+
| Argument    | HW Interface  | HW Type   | HW Usage | HW Info                               |
+-------------+---------------+-----------+----------+---------------------------------------+
| input       | m_axi_gmem    | interface |          |                                       |
| input       | s_axi_control | interface | offset   |                                       |
| output      | m_axi_gmem    | interface |          |                                       |
| output      | s_axi_control | interface | offset   |                                       |
| coeffs      | m_axi_gmem    | interface |          |                                       |
| coeffs      | s_axi_control | register  | offset   | name=coeffs_1 offset=0x28 range=32    |
| coeffs      | s_axi_control | register  | offset   | name=coeffs_2 offset=0x2c range=32    |
| biases      | m_axi_gmem    | interface |          |                                       |
| biases      | s_axi_control | register  | offset   | name=biases_1 offset=0x34 range=32    |
| biases      | s_axi_control | register  | offset   | name=biases_2 offset=0x38 range=32    |
| numChannels | s_axi_control | register  |          | name=numChannels offset=0x40 range=32 |
| numFilters  | s_axi_control | register  |          | name=numFilters offset=0x48 range=32  |
| inputWidth  | s_axi_control | register  |          | name=inputWidth offset=0x50 range=32  |
| inputHeight | s_axi_control | register  |          | name=inputHeight offset=0x58 range=32 |
| convWidth   | s_axi_control | register  |          | name=convWidth offset=0x60 range=32   |
| convHeight  | s_axi_control | register  |          | name=convHeight offset=0x68 range=32  |
| apply_relu  | s_axi_control | register  |          | name=apply_relu offset=0x70 range=32  |
+-------------+---------------+-----------+----------+---------------------------------------+


================================================================
== M_AXI Burst Information
================================================================
 Note: All burst requests might be further partitioned into multiple requests during RTL generation based on max_read_burst_length or max_write_burst_length settings.

* Inferred Burst Summary
+--------------+-----------------+-----------+----------+-------+--------------------------------+
| HW Interface | Loop            | Direction | Length   | Width | Location                       |
+--------------+-----------------+-----------+----------+-------+--------------------------------+
| m_axi_gmem   |                 | read      | variable | 32    | HLS_Optimized/conv2d.cpp:44:24 |
| m_axi_gmem   | VITIS_LOOP_58_6 | write     | variable | 32    | HLS_Optimized/conv2d.cpp:58:25 |
| m_axi_gmem   | VITIS_LOOP_65_9 | read      | variable | 32    | HLS_Optimized/conv2d.cpp:65:31 |
+--------------+-----------------+-----------+----------+-------+--------------------------------+

* Inferred Bursts and Widening Missed
+--------------+----------+-----------------+-------------------------------------------------------------------------------------------------------+------------+--------------------------------+
| HW Interface | Variable | Loop            | Problem                                                                                               | Resolution | Location                       |
+--------------+----------+-----------------+-------------------------------------------------------------------------------------------------------+------------+--------------------------------+
| m_axi_gmem   | coeffs   | VITIS_LOOP_43_2 | Stride is incompatible                                                                                | 214-230    | HLS_Optimized/conv2d.cpp:43:20 |
| m_axi_gmem   | input    | VITIS_LOOP_63_8 | Stride is incompatible                                                                                | 214-230    | HLS_Optimized/conv2d.cpp:63:29 |
| m_axi_gmem   | biases   | VITIS_LOOP_56_5 | Stride is incompatible                                                                                | 214-230    | HLS_Optimized/conv2d.cpp:56:23 |
| m_axi_gmem   | output   | VITIS_LOOP_56_5 | Stride is incompatible                                                                                | 214-230    | HLS_Optimized/conv2d.cpp:56:23 |
| m_axi_gmem   | output   | VITIS_LOOP_58_6 | Could not widen since type i32 size is greater than or equal to the max_widen_bitwidth threshold of 0 | 214-353    | HLS_Optimized/conv2d.cpp:58:25 |
| m_axi_gmem   | input    | VITIS_LOOP_65_9 | Could not widen since type i32 size is greater than or equal to the max_widen_bitwidth threshold of 0 | 214-353    | HLS_Optimized/conv2d.cpp:65:31 |
| m_axi_gmem   | coeffs   | VITIS_LOOP_45_4 | Could not widen since type i32 size is greater than or equal to the max_widen_bitwidth threshold of 0 | 214-353    | HLS_Optimized/conv2d.cpp:45:27 |
+--------------+----------+-----------------+-------------------------------------------------------------------------------------------------------+------------+--------------------------------+

    * Resolution URL: www.xilinx.com/cgi-bin/docs/rdoc?v=2022.2;t=hls+guidance;d=XXX-YYY.html (replace XXX-YYY with column value)

================================================================
== Bind Op Report
================================================================
+---------------------------------------+-----+--------+--------------+-----+--------+---------+
| Name                                  | DSP | Pragma | Variable     | Op  | Impl   | Latency |
+---------------------------------------+-----+--------+--------------+-----+--------+---------+
| + Conv2D_HW                           | 39  |        |              |     |        |         |
|   sub_i_i341_fu_379_p2                | -   |        | sub_i_i341   | add | fabric | 0       |
|   sub_i_i311_fu_388_p2                | -   |        | sub_i_i311   | add | fabric | 0       |
|   mul_32ns_32ns_62_2_1_U34            | 3   |        | mul_ln38     | mul | auto   | 1       |
|   tmp2_fu_438_p2                      | -   |        | tmp2         | add | fabric | 0       |
|   add_ln58_fu_448_p2                  | -   |        | add_ln58     | add | fabric | 0       |
|   mul_32ns_32ns_62_2_1_U35            | 3   |        | mul_ln39     | mul | auto   | 1       |
|   mul_32ns_32ns_64_2_1_U32            | 3   |        | mul_ln17     | mul | auto   | 1       |
|   mul_32ns_64ns_96_5_1_U33            | 6   |        | mul_ln17_1   | mul | auto   | 4       |
|   add_ln1027_fu_475_p2                | -   |        | add_ln1027   | add | fabric | 0       |
|   add_ln1027_4_fu_480_p2              | -   |        | add_ln1027_4 | add | fabric | 0       |
|   add_ln840_fu_490_p2                 | -   |        | add_ln840    | add | fabric | 0       |
|   mul_62s_62s_62_5_1_U36              | 6   |        | mul_ln39_1   | mul | auto   | 4       |
|   empty_48_fu_513_p2                  | -   |        | empty_48     | add | fabric | 0       |
|   y_V_1_fu_547_p2                     | -   |        | y_V_1        | add | fabric | 0       |
|   tmp_fu_557_p2                       | -   |        | tmp          | add | fabric | 0       |
|   mul_64s_35s_64_5_1_U37              | 5   |        | empty_49     | mul | auto   | 4       |
|   empty_50_fu_578_p2                  | -   |        | empty_50     | add | fabric | 0       |
|   x_V_1_fu_611_p2                     | -   |        | x_V_1        | add | fabric | 0       |
|   acc_fu_620_p2                       | -   |        | acc          | add | fabric | 0       |
|  + Conv2D_HW_Pipeline_VITIS_LOOP_45_4 | 5   |        |              |     |        |         |
|    add_ln1027_3_fu_261_p2             | -   |        | add_ln1027_3 | add | fabric | 0       |
|    add_ln840_1_fu_270_p2              | -   |        | add_ln840_1  | add | fabric | 0       |
|    sub_ln47_fu_352_p2                 | -   |        | sub_ln47     | sub | fabric | 0       |
|    mul_32ns_62s_62_5_1_U1             | 5   |        | mul_ln1027   | mul | auto   | 4       |
|    add_ln1027_fu_470_p2               | -   |        | add_ln1027   | add | fabric | 0       |
|    add_ln1027_1_fu_482_p2             | -   |        | add_ln1027_1 | add | fabric | 0       |
|    add_ln840_2_fu_375_p2              | -   |        | add_ln840_2  | add | fabric | 0       |
|    add_ln47_fu_411_p2                 | -   |        | add_ln47     | add | fabric | 0       |
|    add_ln840_fu_437_p2                | -   |        | add_ln840    | add | fabric | 0       |
|    add_ln1027_2_fu_289_p2             | -   |        | add_ln1027_2 | add | fabric | 0       |
|  + Conv2D_HW_Pipeline_VITIS_LOOP_65_9 | 8   |        |              |     |        |         |
|    tmp4_fu_374_p2                     | -   |        | tmp4         | add | fabric | 0       |
|    empty_44_fu_507_p2                 | -   |        | empty_44     | add | fabric | 0       |
|    add_ln1027_fu_297_p2               | -   |        | add_ln1027   | add | fabric | 0       |
|    add_ln840_fu_303_p2                | -   |        | add_ln840    | add | fabric | 0       |
|    sub_ln68_fu_408_p2                 | -   |        | sub_ln68     | sub | fabric | 0       |
|    p_mid177_fu_517_p2                 | -   |        | p_mid177     | add | fabric | 0       |
|    add_ln840_1_fu_429_p2              | -   |        | add_ln840_1  | add | fabric | 0       |
|    add_ln68_fu_466_p2                 | -   |        | add_ln68     | add | fabric | 0       |
|    tmp4_mid1_fu_484_p2                | -   |        | tmp4_mid1    | add | fabric | 0       |
|    p_mid143_fu_543_p2                 | -   |        | p_mid143     | add | fabric | 0       |
|    mul_62s_32ns_62_5_1_U15            | 5   |        | mul_ln1027   | mul | auto   | 4       |
|    add_ln1027_1_fu_569_p2             | -   |        | add_ln1027_1 | add | fabric | 0       |
|    add_ln1027_2_fu_581_p2             | -   |        | add_ln1027_2 | add | fabric | 0       |
|    mul_32s_32s_52_2_1_U16             | 3   |        | res          | mul | auto   | 1       |
|    acc_1_fu_641_p2                    | -   |        | acc_1        | add | fabric | 0       |
|    add_ln840_2_fu_493_p2              | -   |        | add_ln840_2  | add | fabric | 0       |
|    add_ln1027_3_fu_322_p2             | -   |        | add_ln1027_3 | add | fabric | 0       |
+---------------------------------------+-----+--------+--------------+-----+--------+---------+


================================================================
== Bind Storage Report
================================================================
+-----------------+------+------+--------+-------------+---------+------+---------+
| Name            | BRAM | URAM | Pragma | Variable    | Storage | Impl | Latency |
+-----------------+------+------+--------+-------------+---------+------+---------+
| + Conv2D_HW     | 8    | 0    |        |             |         |      |         |
|   coeff_cache_U | 8    | -    |        | coeff_cache | ram_1p  | auto | 1       |
+-----------------+------+------+--------+-------------+---------+------+---------+


================================================================
== Pragma Report
================================================================
* Valid Pragma Syntax
+-----------+---------------------------------------------+-------------------------------------------------------+
| Type      | Options                                     | Location                                              |
+-----------+---------------------------------------------+-------------------------------------------------------+
| interface | s_axilite port=return                       | HLS_Optimized/conv2d.cpp:23 in conv2d_hw, return      |
| interface | s_axilite port=numChannels                  | HLS_Optimized/conv2d.cpp:24 in conv2d_hw, numChannels |
| interface | s_axilite port=numFilters                   | HLS_Optimized/conv2d.cpp:25 in conv2d_hw, numFilters  |
| interface | s_axilite port=inputWidth                   | HLS_Optimized/conv2d.cpp:26 in conv2d_hw, inputWidth  |
| interface | s_axilite port=inputHeight                  | HLS_Optimized/conv2d.cpp:27 in conv2d_hw, inputHeight |
| interface | s_axilite port=convWidth                    | HLS_Optimized/conv2d.cpp:28 in conv2d_hw, convWidth   |
| interface | s_axilite port=convHeight                   | HLS_Optimized/conv2d.cpp:29 in conv2d_hw, convHeight  |
| interface | m_axi depth=200000 port=input offset=slave  | HLS_Optimized/conv2d.cpp:30 in conv2d_hw, input       |
| interface | m_axi depth=200000 port=output offset=slave | HLS_Optimized/conv2d.cpp:31 in conv2d_hw, output      |
| interface | m_axi depth=200000 port=coeffs offset=slave | HLS_Optimized/conv2d.cpp:32 in conv2d_hw, coeffs      |
| interface | m_axi depth=200000 port=biases offset=slave | HLS_Optimized/conv2d.cpp:33 in conv2d_hw, biases      |
| interface | s_axilite port=apply_relu                   | HLS_Optimized/conv2d.cpp:35 in conv2d_hw, apply_relu  |
+-----------+---------------------------------------------+-------------------------------------------------------+


