Sun Mar 23 15:50:31 2025: Running xcd server. This server was built by gradle.
Sun Mar 23 15:50:31 2025: Server was asked to start on port: '40603'
Sun Mar 23 15:50:31 2025: Server is using token UUID: 'd3e35dfd-dc21-47f9-8923-3340339c438e'
Sun Mar 23 15:50:31 2025: SESSION_MGR: creating session with session uuid: '6d04a3e9-ade5-4ab9-8d63-1f78fcd2ec76' and name 'default'
Sun Mar 23 15:50:31 2025: Attempting to start server on port '40603'
Sun Mar 23 15:50:31 2025: XCD main fifo: created main fifo '/tmp/xcdmaind3e35dfd-dc21-47f9-8923-3340339c438e', fd read = 13
Sun Mar 23 15:50:31 2025: Running Dispatch Server
Sun Mar 23 15:50:31 2025: Version 2.2.0
Sun Mar 23 15:50:39 2025: Dispatch Server: Accepted socket connection from client
Sun Mar 23 15:50:39 2025: Starting Socket connection
Sun Mar 23 15:50:39 2025: EXCHANGE_TOKEN received, server token: d3e35dfd-dc21-47f9-8923-3340339c438e, passed token: d3e35dfd-dc21-47f9-8923-3340339c438e
Sun Mar 23 15:50:39 2025: SESSION_MGR: creating session with session uuid: '7775c0ae-a5a4-4a06-b1d6-6708a9a4514c' and name 'vitis_hls'
Sun Mar 23 15:50:39 2025: KERNEL_SVC: creating session with uuid: '7775c0ae-a5a4-4a06-b1d6-6708a9a4514c' and name 'vitis_hls'
Sun Mar 23 15:50:39 2025: GUIDANCE_SMGR: creating guidance session with uuid: '7775c0ae-a5a4-4a06-b1d6-6708a9a4514c' and name 'vitis_hls'
Sun Mar 23 15:50:57 2025: STOP_SERVER received, server token: d3e35dfd-dc21-47f9-8923-3340339c438e, passed token: d3e35dfd-dc21-47f9-8923-3340339c438e
Sun Mar 23 15:50:57 2025: Socket received request to stop server.
Sun Mar 23 15:50:57 2025: Dispatch Server: do_await_stop
Sun Mar 23 15:50:57 2025: Dispatch Server: stopping mainFifo_
Sun Mar 23 15:50:57 2025: XCD main fifo: Stopping
Sun Mar 23 15:50:57 2025: XCD main fifo: do_read error code: Operation canceled
Sun Mar 23 15:50:57 2025: XCD main fifo: bytes_transferred: 0
Sun Mar 23 15:50:57 2025: SERVER: destructor for server bound to port 40603
Sun Mar 23 15:50:57 2025: XCD main fifo: Good unlink of /tmp/xcdmaind3e35dfd-dc21-47f9-8923-3340339c438e
Sun Mar 23 15:50:57 2025: Server exiting with status 0.
Sun Mar 23 15:50:57 2025: Closing log file.
Sun Mar 23 15:52:30 2025: Running xcd server. This server was built by gradle.
Sun Mar 23 15:52:30 2025: Server was asked to start on port: '44591'
Sun Mar 23 15:52:30 2025: Server is using token UUID: '0d0a3ac8-b182-4eb2-81a9-47d824a5d431'
Sun Mar 23 15:52:30 2025: SESSION_MGR: creating session with session uuid: '6d04a3e9-ade5-4ab9-8d63-1f78fcd2ec76' and name 'default'
Sun Mar 23 15:52:30 2025: Attempting to start server on port '44591'
Sun Mar 23 15:52:30 2025: XCD main fifo: created main fifo '/tmp/xcdmain0d0a3ac8-b182-4eb2-81a9-47d824a5d431', fd read = 13
Sun Mar 23 15:52:30 2025: Running Dispatch Server
Sun Mar 23 15:52:30 2025: Version 2.2.0
Sun Mar 23 15:52:38 2025: Dispatch Server: Accepted socket connection from client
Sun Mar 23 15:52:38 2025: Starting Socket connection
Sun Mar 23 15:52:38 2025: EXCHANGE_TOKEN received, server token: 0d0a3ac8-b182-4eb2-81a9-47d824a5d431, passed token: 0d0a3ac8-b182-4eb2-81a9-47d824a5d431
Sun Mar 23 15:52:38 2025: SESSION_MGR: creating session with session uuid: 'f46cf302-928b-4e13-9473-84a8de495e35' and name 'vitis_hls'
Sun Mar 23 15:52:38 2025: KERNEL_SVC: creating session with uuid: 'f46cf302-928b-4e13-9473-84a8de495e35' and name 'vitis_hls'
Sun Mar 23 15:52:38 2025: GUIDANCE_SMGR: creating guidance session with uuid: 'f46cf302-928b-4e13-9473-84a8de495e35' and name 'vitis_hls'
Sun Mar 23 15:53:05 2025: STOP_SERVER received, server token: 0d0a3ac8-b182-4eb2-81a9-47d824a5d431, passed token: 0d0a3ac8-b182-4eb2-81a9-47d824a5d431
Sun Mar 23 15:53:05 2025: Socket received request to stop server.
Sun Mar 23 15:53:05 2025: Dispatch Server: do_await_stop
Sun Mar 23 15:53:05 2025: Dispatch Server: stopping mainFifo_
Sun Mar 23 15:53:05 2025: XCD main fifo: Stopping
Sun Mar 23 15:53:05 2025: XCD main fifo: do_read error code: Operation canceled
Sun Mar 23 15:53:05 2025: XCD main fifo: bytes_transferred: 0
Sun Mar 23 15:53:05 2025: SERVER: destructor for server bound to port 44591
Sun Mar 23 15:53:05 2025: XCD main fifo: Good unlink of /tmp/xcdmain0d0a3ac8-b182-4eb2-81a9-47d824a5d431
Sun Mar 23 15:53:05 2025: Server exiting with status 0.
Sun Mar 23 15:53:05 2025: Closing log file.
Tue Mar 25 17:07:58 2025: Running xcd server. This server was built by gradle.
Tue Mar 25 17:07:58 2025: Server was asked to start on port: '42153'
Tue Mar 25 17:07:58 2025: Server is using token UUID: '49c89f1f-e405-416e-a809-b99e57a3bf5b'
Tue Mar 25 17:07:58 2025: SESSION_MGR: creating session with session uuid: '6d04a3e9-ade5-4ab9-8d63-1f78fcd2ec76' and name 'default'
Tue Mar 25 17:07:58 2025: Attempting to start server on port '42153'
Tue Mar 25 17:07:58 2025: XCD main fifo: created main fifo '/tmp/xcdmain49c89f1f-e405-416e-a809-b99e57a3bf5b', fd read = 13
Tue Mar 25 17:07:58 2025: Running Dispatch Server
Tue Mar 25 17:07:58 2025: Version 2.2.0
Tue Mar 25 17:08:06 2025: Dispatch Server: Accepted socket connection from client
Tue Mar 25 17:08:06 2025: Starting Socket connection
Tue Mar 25 17:08:06 2025: EXCHANGE_TOKEN received, server token: 49c89f1f-e405-416e-a809-b99e57a3bf5b, passed token: 49c89f1f-e405-416e-a809-b99e57a3bf5b
Tue Mar 25 17:08:06 2025: SESSION_MGR: creating session with session uuid: '756a42ea-5d42-411b-b885-15e490a3f371' and name 'vitis_hls'
Tue Mar 25 17:08:06 2025: KERNEL_SVC: creating session with uuid: '756a42ea-5d42-411b-b885-15e490a3f371' and name 'vitis_hls'
Tue Mar 25 17:08:06 2025: GUIDANCE_SMGR: creating guidance session with uuid: '756a42ea-5d42-411b-b885-15e490a3f371' and name 'vitis_hls'
Tue Mar 25 17:08:47 2025: Running xcd server. This server was built by gradle.
Tue Mar 25 17:08:47 2025: Server was asked to start on port: '45937'
Tue Mar 25 17:08:47 2025: Server is using token UUID: 'f4b11920-9f6e-4e51-8b8e-a54ab24af257'
Tue Mar 25 17:08:47 2025: SESSION_MGR: creating session with session uuid: '6d04a3e9-ade5-4ab9-8d63-1f78fcd2ec76' and name 'default'
Tue Mar 25 17:08:47 2025: Attempting to start server on port '45937'
Tue Mar 25 17:08:47 2025: XCD main fifo: created main fifo '/tmp/xcdmainf4b11920-9f6e-4e51-8b8e-a54ab24af257', fd read = 13
Tue Mar 25 17:08:47 2025: Running Dispatch Server
Tue Mar 25 17:08:47 2025: Version 2.2.0
Tue Mar 25 17:08:55 2025: Dispatch Server: Accepted socket connection from client
Tue Mar 25 17:08:55 2025: Starting Socket connection
Tue Mar 25 17:08:55 2025: EXCHANGE_TOKEN received, server token: f4b11920-9f6e-4e51-8b8e-a54ab24af257, passed token: f4b11920-9f6e-4e51-8b8e-a54ab24af257
Tue Mar 25 17:08:55 2025: SESSION_MGR: creating session with session uuid: '1a4d7ed9-7d72-4ab4-943a-ffdc2db98f5b' and name 'vitis_hls'
Tue Mar 25 17:08:55 2025: KERNEL_SVC: creating session with uuid: '1a4d7ed9-7d72-4ab4-943a-ffdc2db98f5b' and name 'vitis_hls'
Tue Mar 25 17:08:55 2025: GUIDANCE_SMGR: creating guidance session with uuid: '1a4d7ed9-7d72-4ab4-943a-ffdc2db98f5b' and name 'vitis_hls'
Tue Mar 25 17:10:53 2025: STOP_SERVER received, server token: f4b11920-9f6e-4e51-8b8e-a54ab24af257, passed token: f4b11920-9f6e-4e51-8b8e-a54ab24af257
Tue Mar 25 17:10:53 2025: Socket received request to stop server.
Tue Mar 25 17:10:53 2025: Dispatch Server: do_await_stop
Tue Mar 25 17:10:53 2025: Dispatch Server: stopping mainFifo_
Tue Mar 25 17:10:53 2025: XCD main fifo: Stopping
Tue Mar 25 17:10:53 2025: XCD main fifo: do_read error code: Operation canceled
Tue Mar 25 17:10:53 2025: XCD main fifo: bytes_transferred: 0
Tue Mar 25 17:10:53 2025: SERVER: destructor for server bound to port 45937
Tue Mar 25 17:10:53 2025: XCD main fifo: Good unlink of /tmp/xcdmainf4b11920-9f6e-4e51-8b8e-a54ab24af257
Tue Mar 25 17:10:53 2025: Server exiting with status 0.
Tue Mar 25 17:10:53 2025: Closing log file.
Tue Mar 25 17:12:34 2025: Running xcd server. This server was built by gradle.
Tue Mar 25 17:12:34 2025: Server was asked to start on port: '44811'
Tue Mar 25 17:12:34 2025: Server is using token UUID: '7a2685c5-3772-4977-9101-9986fb080469'
Tue Mar 25 17:12:34 2025: SESSION_MGR: creating session with session uuid: '6d04a3e9-ade5-4ab9-8d63-1f78fcd2ec76' and name 'default'
Tue Mar 25 17:12:34 2025: Attempting to start server on port '44811'
Tue Mar 25 17:12:34 2025: XCD main fifo: created main fifo '/tmp/xcdmain7a2685c5-3772-4977-9101-9986fb080469', fd read = 13
Tue Mar 25 17:12:34 2025: Running Dispatch Server
Tue Mar 25 17:12:34 2025: Version 2.2.0
Tue Mar 25 17:12:42 2025: Dispatch Server: Accepted socket connection from client
Tue Mar 25 17:12:42 2025: Starting Socket connection
Tue Mar 25 17:12:42 2025: EXCHANGE_TOKEN received, server token: 7a2685c5-3772-4977-9101-9986fb080469, passed token: 7a2685c5-3772-4977-9101-9986fb080469
Tue Mar 25 17:12:42 2025: SESSION_MGR: creating session with session uuid: '6547af2c-30e2-4c49-9a34-07150b7a6372' and name 'vitis_hls'
Tue Mar 25 17:12:42 2025: KERNEL_SVC: creating session with uuid: '6547af2c-30e2-4c49-9a34-07150b7a6372' and name 'vitis_hls'
Tue Mar 25 17:12:42 2025: GUIDANCE_SMGR: creating guidance session with uuid: '6547af2c-30e2-4c49-9a34-07150b7a6372' and name 'vitis_hls'
Tue Mar 25 17:19:13 2025: STOP_SERVER received, server token: 7a2685c5-3772-4977-9101-9986fb080469, passed token: 7a2685c5-3772-4977-9101-9986fb080469
Tue Mar 25 17:19:13 2025: Socket received request to stop server.
Tue Mar 25 17:19:13 2025: Dispatch Server: do_await_stop
Tue Mar 25 17:19:13 2025: Dispatch Server: stopping mainFifo_
Tue Mar 25 17:19:13 2025: XCD main fifo: Stopping
Tue Mar 25 17:19:13 2025: XCD main fifo: do_read error code: Operation canceled
Tue Mar 25 17:19:13 2025: XCD main fifo: bytes_transferred: 0
Tue Mar 25 17:19:13 2025: SERVER: destructor for server bound to port 44811
Tue Mar 25 17:19:13 2025: XCD main fifo: Good unlink of /tmp/xcdmain7a2685c5-3772-4977-9101-9986fb080469
Tue Mar 25 17:19:13 2025: Server exiting with status 0.
Tue Mar 25 17:19:13 2025: Closing log file.
Tue Mar 25 18:52:51 2025: Running xcd server. This server was built by gradle.
Tue Mar 25 18:52:51 2025: Server was asked to start on port: '40477'
Tue Mar 25 18:52:51 2025: Server is using token UUID: 'c86566f5-8731-4872-b041-72dedbb28f2b'
Tue Mar 25 18:52:51 2025: SESSION_MGR: creating session with session uuid: '6d04a3e9-ade5-4ab9-8d63-1f78fcd2ec76' and name 'default'
Tue Mar 25 18:52:51 2025: Attempting to start server on port '40477'
Tue Mar 25 18:52:51 2025: XCD main fifo: created main fifo '/tmp/xcdmainc86566f5-8731-4872-b041-72dedbb28f2b', fd read = 13
Tue Mar 25 18:52:51 2025: Running Dispatch Server
Tue Mar 25 18:52:51 2025: Version 2.2.0
Tue Mar 25 18:52:59 2025: Dispatch Server: Accepted socket connection from client
Tue Mar 25 18:52:59 2025: Starting Socket connection
Tue Mar 25 18:52:59 2025: EXCHANGE_TOKEN received, server token: c86566f5-8731-4872-b041-72dedbb28f2b, passed token: c86566f5-8731-4872-b041-72dedbb28f2b
Tue Mar 25 18:52:59 2025: SESSION_MGR: creating session with session uuid: 'dbddad67-aa2d-4395-8d41-016c5ae7f2b1' and name 'vitis_hls'
Tue Mar 25 18:52:59 2025: KERNEL_SVC: creating session with uuid: 'dbddad67-aa2d-4395-8d41-016c5ae7f2b1' and name 'vitis_hls'
Tue Mar 25 18:52:59 2025: GUIDANCE_SMGR: creating guidance session with uuid: 'dbddad67-aa2d-4395-8d41-016c5ae7f2b1' and name 'vitis_hls'
Tue Mar 25 18:53:02 2025: STOP_SERVER received, server token: c86566f5-8731-4872-b041-72dedbb28f2b, passed token: c86566f5-8731-4872-b041-72dedbb28f2b
Tue Mar 25 18:53:02 2025: Socket received request to stop server.
Tue Mar 25 18:53:02 2025: Dispatch Server: do_await_stop
Tue Mar 25 18:53:02 2025: Dispatch Server: stopping mainFifo_
Tue Mar 25 18:53:02 2025: XCD main fifo: Stopping
Tue Mar 25 18:53:02 2025: XCD main fifo: do_read error code: Operation canceled
Tue Mar 25 18:53:02 2025: XCD main fifo: bytes_transferred: 0
Tue Mar 25 18:53:02 2025: SERVER: destructor for server bound to port 40477
Tue Mar 25 18:53:02 2025: XCD main fifo: Good unlink of /tmp/xcdmainc86566f5-8731-4872-b041-72dedbb28f2b
Tue Mar 25 18:53:02 2025: Server exiting with status 0.
Tue Mar 25 18:53:02 2025: Closing log file.
Tue Mar 25 18:54:49 2025: Running xcd server. This server was built by gradle.
Tue Mar 25 18:54:49 2025: Server was asked to start on port: '33303'
Tue Mar 25 18:54:49 2025: Server is using token UUID: '0cd62312-563f-4ce0-b4b9-cbf1a8f03360'
Tue Mar 25 18:54:49 2025: SESSION_MGR: creating session with session uuid: '6d04a3e9-ade5-4ab9-8d63-1f78fcd2ec76' and name 'default'
Tue Mar 25 18:54:49 2025: Attempting to start server on port '33303'
Tue Mar 25 18:54:49 2025: XCD main fifo: created main fifo '/tmp/xcdmain0cd62312-563f-4ce0-b4b9-cbf1a8f03360', fd read = 13
Tue Mar 25 18:54:49 2025: Running Dispatch Server
Tue Mar 25 18:54:49 2025: Version 2.2.0
Tue Mar 25 18:54:58 2025: Dispatch Server: Accepted socket connection from client
Tue Mar 25 18:54:58 2025: Starting Socket connection
Tue Mar 25 18:54:58 2025: EXCHANGE_TOKEN received, server token: 0cd62312-563f-4ce0-b4b9-cbf1a8f03360, passed token: 0cd62312-563f-4ce0-b4b9-cbf1a8f03360
Tue Mar 25 18:54:58 2025: SESSION_MGR: creating session with session uuid: '603f29d2-f615-4836-8c9e-8002223d8a10' and name 'vitis_hls'
Tue Mar 25 18:54:58 2025: KERNEL_SVC: creating session with uuid: '603f29d2-f615-4836-8c9e-8002223d8a10' and name 'vitis_hls'
Tue Mar 25 18:54:58 2025: GUIDANCE_SMGR: creating guidance session with uuid: '603f29d2-f615-4836-8c9e-8002223d8a10' and name 'vitis_hls'
Tue Mar 25 18:55:00 2025: STOP_SERVER received, server token: 0cd62312-563f-4ce0-b4b9-cbf1a8f03360, passed token: 0cd62312-563f-4ce0-b4b9-cbf1a8f03360
Tue Mar 25 18:55:00 2025: Socket received request to stop server.
Tue Mar 25 18:55:00 2025: Dispatch Server: do_await_stop
Tue Mar 25 18:55:00 2025: Dispatch Server: stopping mainFifo_
Tue Mar 25 18:55:00 2025: XCD main fifo: Stopping
Tue Mar 25 18:55:00 2025: XCD main fifo: do_read error code: Operation canceled
Tue Mar 25 18:55:00 2025: XCD main fifo: bytes_transferred: 0
Tue Mar 25 18:55:00 2025: SERVER: destructor for server bound to port 33303
Tue Mar 25 18:55:00 2025: XCD main fifo: Good unlink of /tmp/xcdmain0cd62312-563f-4ce0-b4b9-cbf1a8f03360
Tue Mar 25 18:55:00 2025: Server exiting with status 0.
Tue Mar 25 18:55:00 2025: Closing log file.
Tue Mar 25 18:56:40 2025: Running xcd server. This server was built by gradle.
Tue Mar 25 18:56:40 2025: Server was asked to start on port: '45141'
Tue Mar 25 18:56:40 2025: Server is using token UUID: 'bb7a5fff-e195-4df0-acb3-8c6065e7b44e'
Tue Mar 25 18:56:40 2025: SESSION_MGR: creating session with session uuid: '6d04a3e9-ade5-4ab9-8d63-1f78fcd2ec76' and name 'default'
Tue Mar 25 18:56:40 2025: Attempting to start server on port '45141'
Tue Mar 25 18:56:40 2025: XCD main fifo: created main fifo '/tmp/xcdmainbb7a5fff-e195-4df0-acb3-8c6065e7b44e', fd read = 13
Tue Mar 25 18:56:40 2025: Running Dispatch Server
Tue Mar 25 18:56:40 2025: Version 2.2.0
Tue Mar 25 18:56:48 2025: Dispatch Server: Accepted socket connection from client
Tue Mar 25 18:56:48 2025: Starting Socket connection
Tue Mar 25 18:56:48 2025: EXCHANGE_TOKEN received, server token: bb7a5fff-e195-4df0-acb3-8c6065e7b44e, passed token: bb7a5fff-e195-4df0-acb3-8c6065e7b44e
Tue Mar 25 18:56:48 2025: SESSION_MGR: creating session with session uuid: '13109fcf-b25e-4bd0-a688-e7aea90b3cea' and name 'vitis_hls'
Tue Mar 25 18:56:48 2025: KERNEL_SVC: creating session with uuid: '13109fcf-b25e-4bd0-a688-e7aea90b3cea' and name 'vitis_hls'
Tue Mar 25 18:56:48 2025: GUIDANCE_SMGR: creating guidance session with uuid: '13109fcf-b25e-4bd0-a688-e7aea90b3cea' and name 'vitis_hls'
Tue Mar 25 19:03:15 2025: STOP_SERVER received, server token: bb7a5fff-e195-4df0-acb3-8c6065e7b44e, passed token: bb7a5fff-e195-4df0-acb3-8c6065e7b44e
Tue Mar 25 19:03:15 2025: Socket received request to stop server.
Tue Mar 25 19:03:15 2025: Dispatch Server: do_await_stop
Tue Mar 25 19:03:15 2025: Dispatch Server: stopping mainFifo_
Tue Mar 25 19:03:15 2025: XCD main fifo: Stopping
Tue Mar 25 19:03:15 2025: XCD main fifo: do_read error code: Operation canceled
Tue Mar 25 19:03:15 2025: XCD main fifo: bytes_transferred: 0
Tue Mar 25 19:03:15 2025: SERVER: destructor for server bound to port 45141
Tue Mar 25 19:03:15 2025: XCD main fifo: Good unlink of /tmp/xcdmainbb7a5fff-e195-4df0-acb3-8c6065e7b44e
Tue Mar 25 19:03:15 2025: Server exiting with status 0.
Tue Mar 25 19:03:15 2025: Closing log file.
