Fri Mar 21 15:54:26 2025: Running xcd server. This server was built by gradle.
Fri Mar 21 15:54:26 2025: Server was asked to start on port: '37863'
Fri Mar 21 15:54:26 2025: Server is using token UUID: '09036804-acdb-4ba7-a01a-5587d5e1b006'
Fri Mar 21 15:54:26 2025: SESSION_MGR: creating session with session uuid: '6d04a3e9-ade5-4ab9-8d63-1f78fcd2ec76' and name 'default'
Fri Mar 21 15:54:26 2025: Attempting to start server on port '37863'
Fri Mar 21 15:54:26 2025: XCD main fifo: created main fifo '/tmp/xcdmain09036804-acdb-4ba7-a01a-5587d5e1b006', fd read = 13
Fri Mar 21 15:54:26 2025: Running Dispatch Server
Fri Mar 21 15:54:26 2025: Version 2.2.0
Fri Mar 21 15:54:34 2025: Dispatch Server: Accepted socket connection from client
Fri Mar 21 15:54:34 2025: Starting Socket connection
Fri Mar 21 15:54:34 2025: EXCHANGE_TOKEN received, server token: 09036804-acdb-4ba7-a01a-5587d5e1b006, passed token: 09036804-acdb-4ba7-a01a-5587d5e1b006
Fri Mar 21 15:54:34 2025: SESSION_MGR: creating session with session uuid: 'bb87c304-5157-46e8-bd59-8ca7618b5ed2' and name 'vitis_hls'
Fri Mar 21 15:54:34 2025: KERNEL_SVC: creating session with uuid: 'bb87c304-5157-46e8-bd59-8ca7618b5ed2' and name 'vitis_hls'
Fri Mar 21 15:54:34 2025: GUIDANCE_SMGR: creating guidance session with uuid: 'bb87c304-5157-46e8-bd59-8ca7618b5ed2' and name 'vitis_hls'
Fri Mar 21 15:54:35 2025: STOP_SERVER received, server token: 09036804-acdb-4ba7-a01a-5587d5e1b006, passed token: 09036804-acdb-4ba7-a01a-5587d5e1b006
Fri Mar 21 15:54:35 2025: Socket received request to stop server.
Fri Mar 21 15:54:35 2025: Dispatch Server: do_await_stop
Fri Mar 21 15:54:35 2025: Dispatch Server: stopping mainFifo_
Fri Mar 21 15:54:35 2025: XCD main fifo: Stopping
Fri Mar 21 15:54:35 2025: XCD main fifo: do_read error code: Operation canceled
Fri Mar 21 15:54:35 2025: XCD main fifo: bytes_transferred: 0
Fri Mar 21 15:54:35 2025: SERVER: destructor for server bound to port 37863
Fri Mar 21 15:54:35 2025: XCD main fifo: Good unlink of /tmp/xcdmain09036804-acdb-4ba7-a01a-5587d5e1b006
Fri Mar 21 15:54:35 2025: Server exiting with status 0.
Fri Mar 21 15:54:35 2025: Closing log file.
Sat Mar 22 18:34:58 2025: Running xcd server. This server was built by gradle.
Sat Mar 22 18:34:58 2025: Server was asked to start on port: '35115'
Sat Mar 22 18:34:58 2025: Server is using token UUID: 'c20a1ada-cfbc-4085-967e-1fea4b371afb'
Sat Mar 22 18:34:58 2025: SESSION_MGR: creating session with session uuid: '6d04a3e9-ade5-4ab9-8d63-1f78fcd2ec76' and name 'default'
Sat Mar 22 18:34:58 2025: Attempting to start server on port '35115'
Sat Mar 22 18:34:58 2025: XCD main fifo: created main fifo '/tmp/xcdmainc20a1ada-cfbc-4085-967e-1fea4b371afb', fd read = 13
Sat Mar 22 18:34:58 2025: Running Dispatch Server
Sat Mar 22 18:34:58 2025: Version 2.2.0
Sat Mar 22 18:35:06 2025: Dispatch Server: Accepted socket connection from client
Sat Mar 22 18:35:06 2025: Starting Socket connection
Sat Mar 22 18:35:06 2025: EXCHANGE_TOKEN received, server token: c20a1ada-cfbc-4085-967e-1fea4b371afb, passed token: c20a1ada-cfbc-4085-967e-1fea4b371afb
Sat Mar 22 18:35:06 2025: SESSION_MGR: creating session with session uuid: '4f3ae4b6-772e-4b60-86ef-994e64af8ca7' and name 'vitis_hls'
Sat Mar 22 18:35:06 2025: KERNEL_SVC: creating session with uuid: '4f3ae4b6-772e-4b60-86ef-994e64af8ca7' and name 'vitis_hls'
Sat Mar 22 18:35:06 2025: GUIDANCE_SMGR: creating guidance session with uuid: '4f3ae4b6-772e-4b60-86ef-994e64af8ca7' and name 'vitis_hls'
Sat Mar 22 18:35:07 2025: STOP_SERVER received, server token: c20a1ada-cfbc-4085-967e-1fea4b371afb, passed token: c20a1ada-cfbc-4085-967e-1fea4b371afb
Sat Mar 22 18:35:07 2025: Socket received request to stop server.
Sat Mar 22 18:35:07 2025: Dispatch Server: do_await_stop
Sat Mar 22 18:35:07 2025: Dispatch Server: stopping mainFifo_
Sat Mar 22 18:35:07 2025: XCD main fifo: Stopping
Sat Mar 22 18:35:07 2025: XCD main fifo: do_read error code: Operation canceled
Sat Mar 22 18:35:07 2025: XCD main fifo: bytes_transferred: 0
Sat Mar 22 18:35:07 2025: SERVER: destructor for server bound to port 35115
Sat Mar 22 18:35:07 2025: XCD main fifo: Good unlink of /tmp/xcdmainc20a1ada-cfbc-4085-967e-1fea4b371afb
Sat Mar 22 18:35:07 2025: Server exiting with status 0.
Sat Mar 22 18:35:07 2025: Closing log file.
Sat Mar 22 19:25:04 2025: Running xcd server. This server was built by gradle.
Sat Mar 22 19:25:04 2025: Server was asked to start on port: '41997'
Sat Mar 22 19:25:04 2025: Server is using token UUID: 'cdeed6d1-be86-4798-ba59-cd5dcfc75886'
Sat Mar 22 19:25:04 2025: SESSION_MGR: creating session with session uuid: '6d04a3e9-ade5-4ab9-8d63-1f78fcd2ec76' and name 'default'
Sat Mar 22 19:25:04 2025: Attempting to start server on port '41997'
Sat Mar 22 19:25:04 2025: XCD main fifo: created main fifo '/tmp/xcdmaincdeed6d1-be86-4798-ba59-cd5dcfc75886', fd read = 13
Sat Mar 22 19:25:04 2025: Running Dispatch Server
Sat Mar 22 19:25:04 2025: Version 2.2.0
Sat Mar 22 19:25:12 2025: Dispatch Server: Accepted socket connection from client
Sat Mar 22 19:25:12 2025: Starting Socket connection
Sat Mar 22 19:25:12 2025: EXCHANGE_TOKEN received, server token: cdeed6d1-be86-4798-ba59-cd5dcfc75886, passed token: cdeed6d1-be86-4798-ba59-cd5dcfc75886
Sat Mar 22 19:25:12 2025: SESSION_MGR: creating session with session uuid: '47b62817-0aac-4122-8640-eb9aad66c839' and name 'vitis_hls'
Sat Mar 22 19:25:12 2025: KERNEL_SVC: creating session with uuid: '47b62817-0aac-4122-8640-eb9aad66c839' and name 'vitis_hls'
Sat Mar 22 19:25:12 2025: GUIDANCE_SMGR: creating guidance session with uuid: '47b62817-0aac-4122-8640-eb9aad66c839' and name 'vitis_hls'
Sat Mar 22 19:25:13 2025: STOP_SERVER received, server token: cdeed6d1-be86-4798-ba59-cd5dcfc75886, passed token: cdeed6d1-be86-4798-ba59-cd5dcfc75886
Sat Mar 22 19:25:13 2025: Socket received request to stop server.
Sat Mar 22 19:25:13 2025: Dispatch Server: do_await_stop
Sat Mar 22 19:25:13 2025: Dispatch Server: stopping mainFifo_
Sat Mar 22 19:25:13 2025: XCD main fifo: Stopping
Sat Mar 22 19:25:13 2025: XCD main fifo: do_read error code: Operation canceled
Sat Mar 22 19:25:13 2025: XCD main fifo: bytes_transferred: 0
Sat Mar 22 19:25:13 2025: SERVER: destructor for server bound to port 41997
Sat Mar 22 19:25:13 2025: XCD main fifo: Good unlink of /tmp/xcdmaincdeed6d1-be86-4798-ba59-cd5dcfc75886
Sat Mar 22 19:25:13 2025: Server exiting with status 0.
Sat Mar 22 19:25:13 2025: Closing log file.
Sat Mar 22 20:21:29 2025: Running xcd server. This server was built by gradle.
Sat Mar 22 20:21:29 2025: Server was asked to start on port: '41997'
Sat Mar 22 20:21:29 2025: Server is using token UUID: 'fe4a2332-7bbe-44b0-a8d4-5ed88f5eaae7'
Sat Mar 22 20:21:29 2025: SESSION_MGR: creating session with session uuid: '6d04a3e9-ade5-4ab9-8d63-1f78fcd2ec76' and name 'default'
Sat Mar 22 20:21:29 2025: Attempting to start server on port '41997'
Sat Mar 22 20:21:29 2025: XCD main fifo: created main fifo '/tmp/xcdmainfe4a2332-7bbe-44b0-a8d4-5ed88f5eaae7', fd read = 13
Sat Mar 22 20:21:29 2025: Running Dispatch Server
Sat Mar 22 20:21:29 2025: Version 2.2.0
Sat Mar 22 20:21:37 2025: Dispatch Server: Accepted socket connection from client
Sat Mar 22 20:21:37 2025: Starting Socket connection
Sat Mar 22 20:21:37 2025: EXCHANGE_TOKEN received, server token: fe4a2332-7bbe-44b0-a8d4-5ed88f5eaae7, passed token: fe4a2332-7bbe-44b0-a8d4-5ed88f5eaae7
Sat Mar 22 20:21:37 2025: SESSION_MGR: creating session with session uuid: 'ba48133b-b9b0-434c-b12e-dd4a16f78093' and name 'vitis_hls'
Sat Mar 22 20:21:37 2025: KERNEL_SVC: creating session with uuid: 'ba48133b-b9b0-434c-b12e-dd4a16f78093' and name 'vitis_hls'
Sat Mar 22 20:21:37 2025: GUIDANCE_SMGR: creating guidance session with uuid: 'ba48133b-b9b0-434c-b12e-dd4a16f78093' and name 'vitis_hls'
Sat Mar 22 20:21:37 2025: STOP_SERVER received, server token: fe4a2332-7bbe-44b0-a8d4-5ed88f5eaae7, passed token: fe4a2332-7bbe-44b0-a8d4-5ed88f5eaae7
Sat Mar 22 20:21:37 2025: Socket received request to stop server.
Sat Mar 22 20:21:37 2025: Dispatch Server: do_await_stop
Sat Mar 22 20:21:37 2025: Dispatch Server: stopping mainFifo_
Sat Mar 22 20:21:37 2025: XCD main fifo: Stopping
Sat Mar 22 20:21:37 2025: XCD main fifo: do_read error code: Operation canceled
Sat Mar 22 20:21:37 2025: XCD main fifo: bytes_transferred: 0
Sat Mar 22 20:21:37 2025: SERVER: destructor for server bound to port 41997
Sat Mar 22 20:21:37 2025: XCD main fifo: Good unlink of /tmp/xcdmainfe4a2332-7bbe-44b0-a8d4-5ed88f5eaae7
Sat Mar 22 20:21:37 2025: Server exiting with status 0.
Sat Mar 22 20:21:37 2025: Closing log file.
Sat Mar 22 20:22:20 2025: Running xcd server. This server was built by gradle.
Sat Mar 22 20:22:20 2025: Server was asked to start on port: '46487'
Sat Mar 22 20:22:20 2025: Server is using token UUID: 'e1ba6cb6-fd29-44d0-8b0e-035bbf14f459'
Sat Mar 22 20:22:20 2025: SESSION_MGR: creating session with session uuid: '6d04a3e9-ade5-4ab9-8d63-1f78fcd2ec76' and name 'default'
Sat Mar 22 20:22:20 2025: Attempting to start server on port '46487'
Sat Mar 22 20:22:20 2025: XCD main fifo: created main fifo '/tmp/xcdmaine1ba6cb6-fd29-44d0-8b0e-035bbf14f459', fd read = 13
Sat Mar 22 20:22:20 2025: Running Dispatch Server
Sat Mar 22 20:22:20 2025: Version 2.2.0
Sat Mar 22 20:22:29 2025: Dispatch Server: Accepted socket connection from client
Sat Mar 22 20:22:29 2025: Starting Socket connection
Sat Mar 22 20:22:29 2025: EXCHANGE_TOKEN received, server token: e1ba6cb6-fd29-44d0-8b0e-035bbf14f459, passed token: e1ba6cb6-fd29-44d0-8b0e-035bbf14f459
Sat Mar 22 20:22:29 2025: SESSION_MGR: creating session with session uuid: '687a8b0e-649c-4490-9cf6-3bb07fa8879d' and name 'vitis_hls'
Sat Mar 22 20:22:29 2025: KERNEL_SVC: creating session with uuid: '687a8b0e-649c-4490-9cf6-3bb07fa8879d' and name 'vitis_hls'
Sat Mar 22 20:22:29 2025: GUIDANCE_SMGR: creating guidance session with uuid: '687a8b0e-649c-4490-9cf6-3bb07fa8879d' and name 'vitis_hls'
Sat Mar 22 20:22:29 2025: STOP_SERVER received, server token: e1ba6cb6-fd29-44d0-8b0e-035bbf14f459, passed token: e1ba6cb6-fd29-44d0-8b0e-035bbf14f459
Sat Mar 22 20:22:29 2025: Socket received request to stop server.
Sat Mar 22 20:22:29 2025: Dispatch Server: do_await_stop
Sat Mar 22 20:22:29 2025: Dispatch Server: stopping mainFifo_
Sat Mar 22 20:22:29 2025: XCD main fifo: Stopping
Sat Mar 22 20:22:29 2025: XCD main fifo: do_read error code: Operation canceled
Sat Mar 22 20:22:29 2025: XCD main fifo: bytes_transferred: 0
Sat Mar 22 20:22:29 2025: SERVER: destructor for server bound to port 46487
Sat Mar 22 20:22:29 2025: XCD main fifo: Good unlink of /tmp/xcdmaine1ba6cb6-fd29-44d0-8b0e-035bbf14f459
Sat Mar 22 20:22:29 2025: Server exiting with status 0.
Sat Mar 22 20:22:29 2025: Closing log file.
Sat Mar 22 21:11:40 2025: Running xcd server. This server was built by gradle.
Sat Mar 22 21:11:40 2025: Server was asked to start on port: '42173'
Sat Mar 22 21:11:40 2025: Server is using token UUID: '9df80671-1693-47ee-a306-fbb64014cb97'
Sat Mar 22 21:11:40 2025: SESSION_MGR: creating session with session uuid: '6d04a3e9-ade5-4ab9-8d63-1f78fcd2ec76' and name 'default'
Sat Mar 22 21:11:40 2025: Attempting to start server on port '42173'
Sat Mar 22 21:11:40 2025: XCD main fifo: created main fifo '/tmp/xcdmain9df80671-1693-47ee-a306-fbb64014cb97', fd read = 13
Sat Mar 22 21:11:40 2025: Running Dispatch Server
Sat Mar 22 21:11:40 2025: Version 2.2.0
Sat Mar 22 21:11:49 2025: Dispatch Server: Accepted socket connection from client
Sat Mar 22 21:11:49 2025: Starting Socket connection
Sat Mar 22 21:11:49 2025: EXCHANGE_TOKEN received, server token: 9df80671-1693-47ee-a306-fbb64014cb97, passed token: 9df80671-1693-47ee-a306-fbb64014cb97
Sat Mar 22 21:11:49 2025: SESSION_MGR: creating session with session uuid: '8aa8225c-0a48-40ea-836d-a69d6f821ed4' and name 'vitis_hls'
Sat Mar 22 21:11:49 2025: KERNEL_SVC: creating session with uuid: '8aa8225c-0a48-40ea-836d-a69d6f821ed4' and name 'vitis_hls'
Sat Mar 22 21:11:49 2025: GUIDANCE_SMGR: creating guidance session with uuid: '8aa8225c-0a48-40ea-836d-a69d6f821ed4' and name 'vitis_hls'
Sat Mar 22 21:11:49 2025: STOP_SERVER received, server token: 9df80671-1693-47ee-a306-fbb64014cb97, passed token: 9df80671-1693-47ee-a306-fbb64014cb97
Sat Mar 22 21:11:49 2025: Socket received request to stop server.
Sat Mar 22 21:11:49 2025: Dispatch Server: do_await_stop
Sat Mar 22 21:11:49 2025: Dispatch Server: stopping mainFifo_
Sat Mar 22 21:11:49 2025: XCD main fifo: Stopping
Sat Mar 22 21:11:49 2025: XCD main fifo: do_read error code: Operation canceled
Sat Mar 22 21:11:49 2025: XCD main fifo: bytes_transferred: 0
Sat Mar 22 21:11:49 2025: SERVER: destructor for server bound to port 42173
Sat Mar 22 21:11:49 2025: XCD main fifo: Good unlink of /tmp/xcdmain9df80671-1693-47ee-a306-fbb64014cb97
Sat Mar 22 21:11:49 2025: Server exiting with status 0.
Sat Mar 22 21:11:49 2025: Closing log file.
Sat Mar 22 21:17:21 2025: Running xcd server. This server was built by gradle.
Sat Mar 22 21:17:21 2025: Server was asked to start on port: '41401'
Sat Mar 22 21:17:21 2025: Server is using token UUID: 'ab012e63-32fe-4404-b7bf-ba24ce5d6524'
Sat Mar 22 21:17:21 2025: SESSION_MGR: creating session with session uuid: '6d04a3e9-ade5-4ab9-8d63-1f78fcd2ec76' and name 'default'
Sat Mar 22 21:17:21 2025: Attempting to start server on port '41401'
Sat Mar 22 21:17:21 2025: XCD main fifo: created main fifo '/tmp/xcdmainab012e63-32fe-4404-b7bf-ba24ce5d6524', fd read = 13
Sat Mar 22 21:17:21 2025: Running Dispatch Server
Sat Mar 22 21:17:21 2025: Version 2.2.0
Sat Mar 22 21:17:30 2025: Dispatch Server: Accepted socket connection from client
Sat Mar 22 21:17:30 2025: Starting Socket connection
Sat Mar 22 21:17:30 2025: EXCHANGE_TOKEN received, server token: ab012e63-32fe-4404-b7bf-ba24ce5d6524, passed token: ab012e63-32fe-4404-b7bf-ba24ce5d6524
Sat Mar 22 21:17:30 2025: SESSION_MGR: creating session with session uuid: '78773043-a4a5-4e91-87b1-86a2768ec682' and name 'vitis_hls'
Sat Mar 22 21:17:30 2025: KERNEL_SVC: creating session with uuid: '78773043-a4a5-4e91-87b1-86a2768ec682' and name 'vitis_hls'
Sat Mar 22 21:17:30 2025: GUIDANCE_SMGR: creating guidance session with uuid: '78773043-a4a5-4e91-87b1-86a2768ec682' and name 'vitis_hls'
Sat Mar 22 21:17:30 2025: STOP_SERVER received, server token: ab012e63-32fe-4404-b7bf-ba24ce5d6524, passed token: ab012e63-32fe-4404-b7bf-ba24ce5d6524
Sat Mar 22 21:17:30 2025: Socket received request to stop server.
Sat Mar 22 21:17:30 2025: Dispatch Server: do_await_stop
Sat Mar 22 21:17:30 2025: Dispatch Server: stopping mainFifo_
Sat Mar 22 21:17:30 2025: XCD main fifo: Stopping
Sat Mar 22 21:17:30 2025: XCD main fifo: do_read error code: Operation canceled
Sat Mar 22 21:17:30 2025: XCD main fifo: bytes_transferred: 0
Sat Mar 22 21:17:30 2025: SERVER: destructor for server bound to port 41401
Sat Mar 22 21:17:30 2025: XCD main fifo: Good unlink of /tmp/xcdmainab012e63-32fe-4404-b7bf-ba24ce5d6524
Sat Mar 22 21:17:30 2025: Server exiting with status 0.
Sat Mar 22 21:17:30 2025: Closing log file.
Sat Mar 22 21:24:51 2025: Running xcd server. This server was built by gradle.
Sat Mar 22 21:24:51 2025: Server was asked to start on port: '42681'
Sat Mar 22 21:24:51 2025: Server is using token UUID: 'df85c337-33de-4d45-a5d9-25b73e756d47'
Sat Mar 22 21:24:51 2025: SESSION_MGR: creating session with session uuid: '6d04a3e9-ade5-4ab9-8d63-1f78fcd2ec76' and name 'default'
Sat Mar 22 21:24:51 2025: Attempting to start server on port '42681'
Sat Mar 22 21:24:51 2025: XCD main fifo: created main fifo '/tmp/xcdmaindf85c337-33de-4d45-a5d9-25b73e756d47', fd read = 13
Sat Mar 22 21:24:51 2025: Running Dispatch Server
Sat Mar 22 21:24:51 2025: Version 2.2.0
Sat Mar 22 21:24:59 2025: Dispatch Server: Accepted socket connection from client
Sat Mar 22 21:24:59 2025: Starting Socket connection
Sat Mar 22 21:24:59 2025: EXCHANGE_TOKEN received, server token: df85c337-33de-4d45-a5d9-25b73e756d47, passed token: df85c337-33de-4d45-a5d9-25b73e756d47
Sat Mar 22 21:24:59 2025: SESSION_MGR: creating session with session uuid: 'd338ae7f-3998-49fb-9986-91fb4d600236' and name 'vitis_hls'
Sat Mar 22 21:24:59 2025: KERNEL_SVC: creating session with uuid: 'd338ae7f-3998-49fb-9986-91fb4d600236' and name 'vitis_hls'
Sat Mar 22 21:24:59 2025: GUIDANCE_SMGR: creating guidance session with uuid: 'd338ae7f-3998-49fb-9986-91fb4d600236' and name 'vitis_hls'
Sat Mar 22 21:25:00 2025: STOP_SERVER received, server token: df85c337-33de-4d45-a5d9-25b73e756d47, passed token: df85c337-33de-4d45-a5d9-25b73e756d47
Sat Mar 22 21:25:00 2025: Socket received request to stop server.
Sat Mar 22 21:25:00 2025: Dispatch Server: do_await_stop
Sat Mar 22 21:25:00 2025: Dispatch Server: stopping mainFifo_
Sat Mar 22 21:25:00 2025: XCD main fifo: Stopping
Sat Mar 22 21:25:00 2025: XCD main fifo: do_read error code: Operation canceled
Sat Mar 22 21:25:00 2025: XCD main fifo: bytes_transferred: 0
Sat Mar 22 21:25:00 2025: SERVER: destructor for server bound to port 42681
Sat Mar 22 21:25:00 2025: XCD main fifo: Good unlink of /tmp/xcdmaindf85c337-33de-4d45-a5d9-25b73e756d47
Sat Mar 22 21:25:00 2025: Server exiting with status 0.
Sat Mar 22 21:25:00 2025: Closing log file.
Sat Mar 22 21:33:29 2025: Running xcd server. This server was built by gradle.
Sat Mar 22 21:33:29 2025: Server was asked to start on port: '34579'
Sat Mar 22 21:33:29 2025: Server is using token UUID: '8829739c-e3e9-45c8-a4ee-26dcb3232b97'
Sat Mar 22 21:33:29 2025: SESSION_MGR: creating session with session uuid: '6d04a3e9-ade5-4ab9-8d63-1f78fcd2ec76' and name 'default'
Sat Mar 22 21:33:29 2025: Attempting to start server on port '34579'
Sat Mar 22 21:33:29 2025: XCD main fifo: created main fifo '/tmp/xcdmain8829739c-e3e9-45c8-a4ee-26dcb3232b97', fd read = 13
Sat Mar 22 21:33:29 2025: Running Dispatch Server
Sat Mar 22 21:33:29 2025: Version 2.2.0
Sat Mar 22 21:33:37 2025: Dispatch Server: Accepted socket connection from client
Sat Mar 22 21:33:37 2025: Starting Socket connection
Sat Mar 22 21:33:37 2025: EXCHANGE_TOKEN received, server token: 8829739c-e3e9-45c8-a4ee-26dcb3232b97, passed token: 8829739c-e3e9-45c8-a4ee-26dcb3232b97
Sat Mar 22 21:33:37 2025: SESSION_MGR: creating session with session uuid: 'fe34fe71-dc79-4ccf-86e9-e69dc8914a1c' and name 'vitis_hls'
Sat Mar 22 21:33:37 2025: KERNEL_SVC: creating session with uuid: 'fe34fe71-dc79-4ccf-86e9-e69dc8914a1c' and name 'vitis_hls'
Sat Mar 22 21:33:37 2025: GUIDANCE_SMGR: creating guidance session with uuid: 'fe34fe71-dc79-4ccf-86e9-e69dc8914a1c' and name 'vitis_hls'
Sat Mar 22 21:33:38 2025: STOP_SERVER received, server token: 8829739c-e3e9-45c8-a4ee-26dcb3232b97, passed token: 8829739c-e3e9-45c8-a4ee-26dcb3232b97
Sat Mar 22 21:33:38 2025: Socket received request to stop server.
Sat Mar 22 21:33:38 2025: Dispatch Server: do_await_stop
Sat Mar 22 21:33:38 2025: Dispatch Server: stopping mainFifo_
Sat Mar 22 21:33:38 2025: XCD main fifo: Stopping
Sat Mar 22 21:33:38 2025: XCD main fifo: do_read error code: Operation canceled
Sat Mar 22 21:33:38 2025: XCD main fifo: bytes_transferred: 0
Sat Mar 22 21:33:38 2025: SERVER: destructor for server bound to port 34579
Sat Mar 22 21:33:38 2025: XCD main fifo: Good unlink of /tmp/xcdmain8829739c-e3e9-45c8-a4ee-26dcb3232b97
Sat Mar 22 21:33:38 2025: Server exiting with status 0.
Sat Mar 22 21:33:38 2025: Closing log file.
Sat Mar 22 21:42:54 2025: Running xcd server. This server was built by gradle.
Sat Mar 22 21:42:54 2025: Server was asked to start on port: '45937'
Sat Mar 22 21:42:54 2025: Server is using token UUID: 'a413b135-b47d-4b05-8ab6-728ecc5d2364'
Sat Mar 22 21:42:54 2025: SESSION_MGR: creating session with session uuid: '6d04a3e9-ade5-4ab9-8d63-1f78fcd2ec76' and name 'default'
Sat Mar 22 21:42:54 2025: Attempting to start server on port '45937'
Sat Mar 22 21:42:54 2025: XCD main fifo: created main fifo '/tmp/xcdmaina413b135-b47d-4b05-8ab6-728ecc5d2364', fd read = 13
Sat Mar 22 21:42:54 2025: Running Dispatch Server
Sat Mar 22 21:42:54 2025: Version 2.2.0
Sat Mar 22 21:43:03 2025: Dispatch Server: Accepted socket connection from client
Sat Mar 22 21:43:03 2025: Starting Socket connection
Sat Mar 22 21:43:03 2025: EXCHANGE_TOKEN received, server token: a413b135-b47d-4b05-8ab6-728ecc5d2364, passed token: a413b135-b47d-4b05-8ab6-728ecc5d2364
Sat Mar 22 21:43:03 2025: SESSION_MGR: creating session with session uuid: 'cb295dd5-f695-4159-be5c-b9d6aa63a12a' and name 'vitis_hls'
Sat Mar 22 21:43:03 2025: KERNEL_SVC: creating session with uuid: 'cb295dd5-f695-4159-be5c-b9d6aa63a12a' and name 'vitis_hls'
Sat Mar 22 21:43:03 2025: GUIDANCE_SMGR: creating guidance session with uuid: 'cb295dd5-f695-4159-be5c-b9d6aa63a12a' and name 'vitis_hls'
Sat Mar 22 21:43:03 2025: STOP_SERVER received, server token: a413b135-b47d-4b05-8ab6-728ecc5d2364, passed token: a413b135-b47d-4b05-8ab6-728ecc5d2364
Sat Mar 22 21:43:03 2025: Socket received request to stop server.
Sat Mar 22 21:43:03 2025: Dispatch Server: do_await_stop
Sat Mar 22 21:43:03 2025: Dispatch Server: stopping mainFifo_
Sat Mar 22 21:43:03 2025: XCD main fifo: Stopping
Sat Mar 22 21:43:03 2025: XCD main fifo: do_read error code: Operation canceled
Sat Mar 22 21:43:03 2025: XCD main fifo: bytes_transferred: 0
Sat Mar 22 21:43:03 2025: SERVER: destructor for server bound to port 45937
Sat Mar 22 21:43:03 2025: XCD main fifo: Good unlink of /tmp/xcdmaina413b135-b47d-4b05-8ab6-728ecc5d2364
Sat Mar 22 21:43:03 2025: Server exiting with status 0.
Sat Mar 22 21:43:03 2025: Closing log file.
Sat Mar 22 21:45:20 2025: Running xcd server. This server was built by gradle.
Sat Mar 22 21:45:20 2025: Server was asked to start on port: '38529'
Sat Mar 22 21:45:20 2025: Server is using token UUID: '9988df7b-72c8-4720-9fbe-72b60a8e24fe'
Sat Mar 22 21:45:20 2025: SESSION_MGR: creating session with session uuid: '6d04a3e9-ade5-4ab9-8d63-1f78fcd2ec76' and name 'default'
Sat Mar 22 21:45:20 2025: Attempting to start server on port '38529'
Sat Mar 22 21:45:20 2025: XCD main fifo: created main fifo '/tmp/xcdmain9988df7b-72c8-4720-9fbe-72b60a8e24fe', fd read = 13
Sat Mar 22 21:45:20 2025: Running Dispatch Server
Sat Mar 22 21:45:20 2025: Version 2.2.0
Sat Mar 22 21:45:29 2025: Dispatch Server: Accepted socket connection from client
Sat Mar 22 21:45:29 2025: Starting Socket connection
Sat Mar 22 21:45:29 2025: EXCHANGE_TOKEN received, server token: 9988df7b-72c8-4720-9fbe-72b60a8e24fe, passed token: 9988df7b-72c8-4720-9fbe-72b60a8e24fe
Sat Mar 22 21:45:29 2025: SESSION_MGR: creating session with session uuid: 'ae84ba2c-40b4-4218-8894-6037f2048bc4' and name 'vitis_hls'
Sat Mar 22 21:45:29 2025: KERNEL_SVC: creating session with uuid: 'ae84ba2c-40b4-4218-8894-6037f2048bc4' and name 'vitis_hls'
Sat Mar 22 21:45:29 2025: GUIDANCE_SMGR: creating guidance session with uuid: 'ae84ba2c-40b4-4218-8894-6037f2048bc4' and name 'vitis_hls'
Sat Mar 22 21:45:29 2025: STOP_SERVER received, server token: 9988df7b-72c8-4720-9fbe-72b60a8e24fe, passed token: 9988df7b-72c8-4720-9fbe-72b60a8e24fe
Sat Mar 22 21:45:29 2025: Socket received request to stop server.
Sat Mar 22 21:45:29 2025: Dispatch Server: do_await_stop
Sat Mar 22 21:45:29 2025: Dispatch Server: stopping mainFifo_
Sat Mar 22 21:45:29 2025: XCD main fifo: Stopping
Sat Mar 22 21:45:29 2025: XCD main fifo: do_read error code: Operation canceled
Sat Mar 22 21:45:29 2025: XCD main fifo: bytes_transferred: 0
Sat Mar 22 21:45:29 2025: SERVER: destructor for server bound to port 38529
Sat Mar 22 21:45:29 2025: XCD main fifo: Good unlink of /tmp/xcdmain9988df7b-72c8-4720-9fbe-72b60a8e24fe
Sat Mar 22 21:45:29 2025: Server exiting with status 0.
Sat Mar 22 21:45:29 2025: Closing log file.
Sat Mar 22 21:46:12 2025: Running xcd server. This server was built by gradle.
Sat Mar 22 21:46:12 2025: Server was asked to start on port: '44903'
Sat Mar 22 21:46:12 2025: Server is using token UUID: 'fb930eb7-0c0a-48cb-b641-d11f69a9cfa1'
Sat Mar 22 21:46:12 2025: SESSION_MGR: creating session with session uuid: '6d04a3e9-ade5-4ab9-8d63-1f78fcd2ec76' and name 'default'
Sat Mar 22 21:46:12 2025: Attempting to start server on port '44903'
Sat Mar 22 21:46:12 2025: XCD main fifo: created main fifo '/tmp/xcdmainfb930eb7-0c0a-48cb-b641-d11f69a9cfa1', fd read = 13
Sat Mar 22 21:46:12 2025: Running Dispatch Server
Sat Mar 22 21:46:12 2025: Version 2.2.0
Sat Mar 22 21:46:21 2025: Dispatch Server: Accepted socket connection from client
Sat Mar 22 21:46:21 2025: Starting Socket connection
Sat Mar 22 21:46:21 2025: EXCHANGE_TOKEN received, server token: fb930eb7-0c0a-48cb-b641-d11f69a9cfa1, passed token: fb930eb7-0c0a-48cb-b641-d11f69a9cfa1
Sat Mar 22 21:46:21 2025: SESSION_MGR: creating session with session uuid: '69f3e5fc-8287-46ca-a7cf-934c07628199' and name 'vitis_hls'
Sat Mar 22 21:46:21 2025: KERNEL_SVC: creating session with uuid: '69f3e5fc-8287-46ca-a7cf-934c07628199' and name 'vitis_hls'
Sat Mar 22 21:46:21 2025: GUIDANCE_SMGR: creating guidance session with uuid: '69f3e5fc-8287-46ca-a7cf-934c07628199' and name 'vitis_hls'
Sat Mar 22 21:46:21 2025: STOP_SERVER received, server token: fb930eb7-0c0a-48cb-b641-d11f69a9cfa1, passed token: fb930eb7-0c0a-48cb-b641-d11f69a9cfa1
Sat Mar 22 21:46:21 2025: Socket received request to stop server.
Sat Mar 22 21:46:21 2025: Dispatch Server: do_await_stop
Sat Mar 22 21:46:21 2025: Dispatch Server: stopping mainFifo_
Sat Mar 22 21:46:21 2025: XCD main fifo: Stopping
Sat Mar 22 21:46:21 2025: XCD main fifo: do_read error code: Operation canceled
Sat Mar 22 21:46:21 2025: XCD main fifo: bytes_transferred: 0
Sat Mar 22 21:46:21 2025: SERVER: destructor for server bound to port 44903
Sat Mar 22 21:46:21 2025: XCD main fifo: Good unlink of /tmp/xcdmainfb930eb7-0c0a-48cb-b641-d11f69a9cfa1
Sat Mar 22 21:46:21 2025: Server exiting with status 0.
Sat Mar 22 21:46:21 2025: Closing log file.
