

================================================================
== Vitis HLS Report for 'Conv2D_HW_Pipeline_VITIS_LOOP_37_4_VITIS_LOOP_38_5_VITIS_LOOP_39_6'
================================================================
* Date:           Sat Mar 22 17:30:51 2025

* Version:        2022.2 (Build 3670227 on Oct 13 2022)
* Project:        Vitis_CNN_HLS
* Solution:       solution1 (Vivado IP Flow Target)
* Product family: zynq
* Target device:  xc7z020-clg400-1


================================================================
== Performance Estimates
================================================================
+ Timing: 
    * Summary: 
    +--------+----------+----------+------------+
    |  Clock |  Target  | Estimated| Uncertainty|
    +--------+----------+----------+------------+
    |ap_clk  |  10.00 ns|  7.300 ns|     2.70 ns|
    +--------+----------+----------+------------+

+ Latency: 
    * Summary: 
    +---------+---------+----------+----------+-----+-----+---------+
    |  Latency (cycles) |  Latency (absolute) |  Interval | Pipeline|
    |   min   |   max   |    min   |    max   | min | max |   Type  |
    +---------+---------+----------+----------+-----+-----+---------+
    |        ?|        ?|         ?|         ?|    ?|    ?|       no|
    +---------+---------+----------+----------+-----+-----+---------+

    + Detail: 
        * Instance: 
        N/A

        * Loop: 
        +---------------------------------------------------+---------+---------+----------+-----------+-----------+------+----------+
        |                                                   |  Latency (cycles) | Iteration|  Initiation Interval  | Trip |          |
        |                     Loop Name                     |   min   |   max   |  Latency |  achieved |   target  | Count| Pipelined|
        +---------------------------------------------------+---------+---------+----------+-----------+-----------+------+----------+
        |- VITIS_LOOP_37_4_VITIS_LOOP_38_5_VITIS_LOOP_39_6  |        ?|        ?|        23|          2|          1|     ?|       yes|
        +---------------------------------------------------+---------+---------+----------+-----------+-----------+------+----------+



================================================================
== Utilization Estimates
================================================================
* Summary: 
+-----------------+---------+-----+--------+-------+-----+
|       Name      | BRAM_18K| DSP |   FF   |  LUT  | URAM|
+-----------------+---------+-----+--------+-------+-----+
|DSP              |        -|    -|       -|      -|    -|
|Expression       |        -|    -|       0|   1707|    -|
|FIFO             |        -|    -|       -|      -|    -|
|Instance         |        -|   20|    1353|    638|    -|
|Memory           |        -|    -|       -|      -|    -|
|Multiplexer      |        -|    -|       -|    127|    -|
|Register         |        -|    -|    2026|     96|    -|
+-----------------+---------+-----+--------+-------+-----+
|Total            |        0|   20|    3379|   2568|    0|
+-----------------+---------+-----+--------+-------+-----+
|Available        |      280|  220|  106400|  53200|    0|
+-----------------+---------+-----+--------+-------+-----+
|Utilization (%)  |        0|    9|       3|      4|    0|
+-----------------+---------+-----+--------+-------+-----+

+ Detail: 
    * Instance: 
    +-------------------------+----------------------+---------+----+-----+-----+-----+
    |         Instance        |        Module        | BRAM_18K| DSP|  FF | LUT | URAM|
    +-------------------------+----------------------+---------+----+-----+-----+-----+
    |mul_32ns_32ns_62_2_1_U4  |mul_32ns_32ns_62_2_1  |        0|   3|  165|   50|    0|
    |mul_32ns_32ns_62_2_1_U5  |mul_32ns_32ns_62_2_1  |        0|   3|  165|   50|    0|
    |mul_32s_32s_52_2_1_U7    |mul_32s_32s_52_2_1    |        0|   3|  165|   50|    0|
    |mul_62s_32ns_62_5_1_U6   |mul_62s_32ns_62_5_1   |        0|   5|  429|  244|    0|
    |mul_62s_62s_62_5_1_U3    |mul_62s_62s_62_5_1    |        0|   6|  429|  244|    0|
    +-------------------------+----------------------+---------+----+-----+-----+-----+
    |Total                    |                      |        0|  20| 1353|  638|    0|
    +-------------------------+----------------------+---------+----+-----+-----+-----+

    * DSP: 
    N/A

    * Memory: 
    N/A

    * FIFO: 
    N/A

    * Expression: 
    +----------------------------+----------+----+---+-----+------------+------------+
    |        Variable Name       | Operation| DSP| FF| LUT | Bitwidth P0| Bitwidth P1|
    +----------------------------+----------+----+---+-----+------------+------------+
    |acc_1_fu_673_p2             |         +|   0|  0|   39|          32|          32|
    |add_ln1027_1_fu_370_p2      |         +|   0|  0|   69|          62|          62|
    |add_ln1027_2_fu_565_p2      |         +|   0|  0|   71|          64|          64|
    |add_ln1027_3_fu_599_p2      |         +|   0|  0|   69|          62|          62|
    |add_ln1027_4_fu_611_p2      |         +|   0|  0|   71|          64|          64|
    |add_ln1027_5_fu_445_p2      |         +|   0|  0|   71|          64|           1|
    |add_ln1027_fu_398_p2        |         +|   0|  0|  103|          96|           1|
    |add_ln42_fu_587_p2          |         +|   0|  0|   71|          64|          64|
    |add_ln43_fu_632_p2          |         +|   0|  0|   70|          63|          63|
    |add_ln840_1_fu_387_p2       |         +|   0|  0|   39|          32|           1|
    |add_ln840_2_fu_439_p2       |         +|   0|  0|   39|          32|           1|
    |add_ln840_fu_352_p2         |         +|   0|  0|   39|          32|           1|
    |empty_35_fu_496_p2          |         +|   0|  0|   69|          62|          62|
    |p_mid146_fu_506_p2          |         +|   0|  0|   69|          62|          62|
    |p_mid1_fu_526_p2            |         +|   0|  0|   69|          62|          62|
    |tmp10_fu_548_p2             |         +|   0|  0|   69|          62|          62|
    |tmp3_fu_480_p2              |         +|   0|  0|   40|          33|          33|
    |tmp3_mid1_fu_488_p2         |         +|   0|  0|   40|          33|          33|
    |ap_block_pp0_stage1_01001   |       and|   0|  0|    2|           1|           1|
    |icmp_ln1027_1_fu_328_p2     |      icmp|   0|  0|   39|          96|          96|
    |icmp_ln1027_2_fu_339_p2     |      icmp|   0|  0|   29|          64|          64|
    |icmp_ln1027_3_fu_375_p2     |      icmp|   0|  0|   18|          32|          32|
    |ap_block_pp0_stage0_11001   |        or|   0|  0|    2|           1|           1|
    |ap_block_pp0_stage1_11001   |        or|   0|  0|    2|           1|           1|
    |or_ln1027_fu_415_p2         |        or|   0|  0|    2|           1|           1|
    |select_ln1027_10_fu_450_p3  |    select|   0|  0|   64|           1|           1|
    |select_ln1027_1_fu_358_p3   |    select|   0|  0|   32|           1|          32|
    |select_ln1027_2_fu_501_p3   |    select|   0|  0|   62|           1|          62|
    |select_ln1027_3_fu_510_p3   |    select|   0|  0|   62|           1|           1|
    |select_ln1027_4_fu_516_p3   |    select|   0|  0|   62|           1|          62|
    |select_ln1027_5_fu_380_p3   |    select|   0|  0|    2|           1|           1|
    |select_ln1027_6_fu_419_p3   |    select|   0|  0|   32|           1|           1|
    |select_ln1027_7_fu_532_p3   |    select|   0|  0|   62|           1|          62|
    |select_ln1027_8_fu_538_p3   |    select|   0|  0|   62|           1|          62|
    |select_ln1027_9_fu_434_p3   |    select|   0|  0|   32|           1|          32|
    |select_ln1027_fu_344_p3     |    select|   0|  0|   32|           1|           1|
    |ap_enable_pp0               |       xor|   0|  0|    2|           1|           2|
    +----------------------------+----------+----+---+-----+------------+------------+
    |Total                       |          |   0|  0| 1707|        1189|        1245|
    +----------------------------+----------+----+---+-----+------------+------------+

    * Multiplexer: 
    +-------------------------+----+-----------+-----+-----------+
    |           Name          | LUT| Input Size| Bits| Total Bits|
    +-------------------------+----+-----------+-----+-----------+
    |acc_fu_108               |   9|          2|   32|         64|
    |ap_NS_fsm                |  14|          3|    1|          3|
    |ap_done_int              |   9|          2|    1|          2|
    |ap_enable_reg_pp0_iter0  |   9|          2|    1|          2|
    |ap_enable_reg_pp0_iter2  |   9|          2|    1|          2|
    |cy_V_fu_116              |   9|          2|   32|         64|
    |gmem_blk_n_AR            |   9|          2|    1|          2|
    |gmem_blk_n_R             |   9|          2|    1|          2|
    |iChannel_V_fu_124        |   9|          2|   32|         64|
    |indvar_flatten68_fu_128  |   9|          2|   96|        192|
    |indvar_flatten_fu_120    |   9|          2|   64|        128|
    |m_axi_gmem_ARADDR        |  14|          3|   64|        192|
    |op2_fu_112               |   9|          2|   32|         64|
    +-------------------------+----+-----------+-----+-----------+
    |Total                    | 127|         28|  358|        781|
    +-------------------------+----+-----------+-----+-----------+

    * Register: 
    +---------------------------------------+----+----+-----+-----------+
    |                  Name                 | FF | LUT| Bits| Const Bits|
    +---------------------------------------+----+----+-----+-----------+
    |acc_fu_108                             |  32|   0|   32|          0|
    |add_ln1027_1_reg_856                   |  62|   0|   62|          0|
    |add_ln840_1_reg_869                    |  32|   0|   32|          0|
    |add_ln840_reg_851                      |  32|   0|   32|          0|
    |ap_CS_fsm                              |   2|   0|    2|          0|
    |ap_done_reg                            |   1|   0|    1|          0|
    |ap_enable_reg_pp0_iter0_reg            |   1|   0|    1|          0|
    |ap_enable_reg_pp0_iter1                |   1|   0|    1|          0|
    |ap_enable_reg_pp0_iter10               |   1|   0|    1|          0|
    |ap_enable_reg_pp0_iter11               |   1|   0|    1|          0|
    |ap_enable_reg_pp0_iter2                |   1|   0|    1|          0|
    |ap_enable_reg_pp0_iter3                |   1|   0|    1|          0|
    |ap_enable_reg_pp0_iter4                |   1|   0|    1|          0|
    |ap_enable_reg_pp0_iter5                |   1|   0|    1|          0|
    |ap_enable_reg_pp0_iter6                |   1|   0|    1|          0|
    |ap_enable_reg_pp0_iter7                |   1|   0|    1|          0|
    |ap_enable_reg_pp0_iter8                |   1|   0|    1|          0|
    |ap_enable_reg_pp0_iter9                |   1|   0|    1|          0|
    |ap_loop_exit_ready_pp0_iter10_reg      |   1|   0|    1|          0|
    |ap_loop_exit_ready_pp0_iter1_reg       |   1|   0|    1|          0|
    |ap_loop_exit_ready_pp0_iter2_reg       |   1|   0|    1|          0|
    |ap_loop_exit_ready_pp0_iter3_reg       |   1|   0|    1|          0|
    |ap_loop_exit_ready_pp0_iter4_reg       |   1|   0|    1|          0|
    |ap_loop_exit_ready_pp0_iter5_reg       |   1|   0|    1|          0|
    |ap_loop_exit_ready_pp0_iter6_reg       |   1|   0|    1|          0|
    |ap_loop_exit_ready_pp0_iter7_reg       |   1|   0|    1|          0|
    |ap_loop_exit_ready_pp0_iter8_reg       |   1|   0|    1|          0|
    |ap_loop_exit_ready_pp0_iter9_reg       |   1|   0|    1|          0|
    |convWidth_cast_cast_reg_785            |  32|   0|   62|         30|
    |cy_V_1_reg_803                         |  32|   0|   32|          0|
    |cy_V_fu_116                            |  32|   0|   32|          0|
    |empty_36_reg_882                       |  62|   0|   62|          0|
    |empty_reg_876                          |  62|   0|   62|          0|
    |filterValue_reg_961                    |  32|   0|   32|          0|
    |gmem_addr_1_reg_955                    |  64|   0|   64|          0|
    |gmem_addr_reg_939                      |  64|   0|   64|          0|
    |iChannel_V_fu_124                      |  32|   0|   32|          0|
    |icmp_ln1027_1_reg_823                  |   1|   0|    1|          0|
    |icmp_ln1027_2_reg_837                  |   1|   0|    1|          0|
    |icmp_ln1027_2_reg_837_pp0_iter1_reg    |   1|   0|    1|          0|
    |indvar_flatten68_fu_128                |  96|   0|   96|          0|
    |indvar_flatten68_load_reg_808          |  96|   0|   96|          0|
    |indvar_flatten_fu_120                  |  64|   0|   64|          0|
    |indvar_flatten_load_reg_832            |  64|   0|   64|          0|
    |inputHeight_cast9_cast_reg_797         |  32|   0|   62|         30|
    |inputWidth_cast10_cast_reg_775         |  32|   0|   62|         30|
    |mul_ln1027_2_reg_945                   |  62|   0|   62|          0|
    |mul_ln1027_reg_934                     |  62|   0|   62|          0|
    |op2_fu_112                             |  32|   0|   32|          0|
    |op2_load_reg_827                       |  32|   0|   32|          0|
    |p_mid115_reg_919                       |  62|   0|   62|          0|
    |p_mid136_reg_908                       |  62|   0|   62|          0|
    |pixelValue_reg_966                     |  32|   0|   32|          0|
    |select_ln1027_5_reg_861                |   1|   0|    1|          0|
    |select_ln1027_5_reg_861_pp0_iter1_reg  |   1|   0|    1|          0|
    |select_ln1027_6_reg_892                |  32|   0|   32|          0|
    |select_ln1027_8_reg_924                |  62|   0|   62|          0|
    |select_ln1027_reg_846                  |  32|   0|   32|          0|
    |sext_ln39_mid2_v_reg_950               |  62|   0|   62|          0|
    |tmp10_reg_929                          |  62|   0|   62|          0|
    |tmp10_reg_929_pp0_iter3_reg            |  62|   0|   62|          0|
    |tmp3_cast_mid144_cast_reg_780          |  32|   0|   62|         30|
    |tmp3_mid1_reg_914                      |  33|   0|   33|          0|
    |tmp3_reg_903                           |  33|   0|   33|          0|
    |trunc_ln1_reg_981                      |  32|   0|   32|          0|
    |x_V_cast13_cast_reg_770                |  32|   0|   62|         30|
    |zext_ln34_cast_reg_791                 |  32|   0|   33|          1|
    |filterValue_reg_961                    |  64|  32|   32|          0|
    |icmp_ln1027_1_reg_823                  |  64|  32|    1|          0|
    |select_ln1027_6_reg_892                |  64|  32|   32|          0|
    +---------------------------------------+----+----+-----+-----------+
    |Total                                  |2026|  96| 2050|        151|
    +---------------------------------------+----+----+-----+-----------+



================================================================
== Interface
================================================================
* Summary: 
+---------------------+-----+-----+------------+--------------------------------------------------------------------+--------------+
|      RTL Ports      | Dir | Bits|  Protocol  |                            Source Object                           |    C Type    |
+---------------------+-----+-----+------------+--------------------------------------------------------------------+--------------+
|ap_clk               |   in|    1|  ap_ctrl_hs|  Conv2D_HW_Pipeline_VITIS_LOOP_37_4_VITIS_LOOP_38_5_VITIS_LOOP_39_6|  return value|
|ap_rst               |   in|    1|  ap_ctrl_hs|  Conv2D_HW_Pipeline_VITIS_LOOP_37_4_VITIS_LOOP_38_5_VITIS_LOOP_39_6|  return value|
|ap_start             |   in|    1|  ap_ctrl_hs|  Conv2D_HW_Pipeline_VITIS_LOOP_37_4_VITIS_LOOP_38_5_VITIS_LOOP_39_6|  return value|
|ap_done              |  out|    1|  ap_ctrl_hs|  Conv2D_HW_Pipeline_VITIS_LOOP_37_4_VITIS_LOOP_38_5_VITIS_LOOP_39_6|  return value|
|ap_idle              |  out|    1|  ap_ctrl_hs|  Conv2D_HW_Pipeline_VITIS_LOOP_37_4_VITIS_LOOP_38_5_VITIS_LOOP_39_6|  return value|
|ap_ready             |  out|    1|  ap_ctrl_hs|  Conv2D_HW_Pipeline_VITIS_LOOP_37_4_VITIS_LOOP_38_5_VITIS_LOOP_39_6|  return value|
|grp_fu_291_p_din0    |  out|   32|  ap_ctrl_hs|  Conv2D_HW_Pipeline_VITIS_LOOP_37_4_VITIS_LOOP_38_5_VITIS_LOOP_39_6|  return value|
|grp_fu_291_p_din1    |  out|   32|  ap_ctrl_hs|  Conv2D_HW_Pipeline_VITIS_LOOP_37_4_VITIS_LOOP_38_5_VITIS_LOOP_39_6|  return value|
|grp_fu_291_p_dout0   |   in|   62|  ap_ctrl_hs|  Conv2D_HW_Pipeline_VITIS_LOOP_37_4_VITIS_LOOP_38_5_VITIS_LOOP_39_6|  return value|
|grp_fu_291_p_ce      |  out|    1|  ap_ctrl_hs|  Conv2D_HW_Pipeline_VITIS_LOOP_37_4_VITIS_LOOP_38_5_VITIS_LOOP_39_6|  return value|
|grp_fu_443_p_din0    |  out|   32|  ap_ctrl_hs|  Conv2D_HW_Pipeline_VITIS_LOOP_37_4_VITIS_LOOP_38_5_VITIS_LOOP_39_6|  return value|
|grp_fu_443_p_din1    |  out|   32|  ap_ctrl_hs|  Conv2D_HW_Pipeline_VITIS_LOOP_37_4_VITIS_LOOP_38_5_VITIS_LOOP_39_6|  return value|
|grp_fu_443_p_dout0   |   in|   62|  ap_ctrl_hs|  Conv2D_HW_Pipeline_VITIS_LOOP_37_4_VITIS_LOOP_38_5_VITIS_LOOP_39_6|  return value|
|grp_fu_443_p_ce      |  out|    1|  ap_ctrl_hs|  Conv2D_HW_Pipeline_VITIS_LOOP_37_4_VITIS_LOOP_38_5_VITIS_LOOP_39_6|  return value|
|m_axi_gmem_AWVALID   |  out|    1|       m_axi|                                                                gmem|       pointer|
|m_axi_gmem_AWREADY   |   in|    1|       m_axi|                                                                gmem|       pointer|
|m_axi_gmem_AWADDR    |  out|   64|       m_axi|                                                                gmem|       pointer|
|m_axi_gmem_AWID      |  out|    1|       m_axi|                                                                gmem|       pointer|
|m_axi_gmem_AWLEN     |  out|   32|       m_axi|                                                                gmem|       pointer|
|m_axi_gmem_AWSIZE    |  out|    3|       m_axi|                                                                gmem|       pointer|
|m_axi_gmem_AWBURST   |  out|    2|       m_axi|                                                                gmem|       pointer|
|m_axi_gmem_AWLOCK    |  out|    2|       m_axi|                                                                gmem|       pointer|
|m_axi_gmem_AWCACHE   |  out|    4|       m_axi|                                                                gmem|       pointer|
|m_axi_gmem_AWPROT    |  out|    3|       m_axi|                                                                gmem|       pointer|
|m_axi_gmem_AWQOS     |  out|    4|       m_axi|                                                                gmem|       pointer|
|m_axi_gmem_AWREGION  |  out|    4|       m_axi|                                                                gmem|       pointer|
|m_axi_gmem_AWUSER    |  out|    1|       m_axi|                                                                gmem|       pointer|
|m_axi_gmem_WVALID    |  out|    1|       m_axi|                                                                gmem|       pointer|
|m_axi_gmem_WREADY    |   in|    1|       m_axi|                                                                gmem|       pointer|
|m_axi_gmem_WDATA     |  out|   32|       m_axi|                                                                gmem|       pointer|
|m_axi_gmem_WSTRB     |  out|    4|       m_axi|                                                                gmem|       pointer|
|m_axi_gmem_WLAST     |  out|    1|       m_axi|                                                                gmem|       pointer|
|m_axi_gmem_WID       |  out|    1|       m_axi|                                                                gmem|       pointer|
|m_axi_gmem_WUSER     |  out|    1|       m_axi|                                                                gmem|       pointer|
|m_axi_gmem_ARVALID   |  out|    1|       m_axi|                                                                gmem|       pointer|
|m_axi_gmem_ARREADY   |   in|    1|       m_axi|                                                                gmem|       pointer|
|m_axi_gmem_ARADDR    |  out|   64|       m_axi|                                                                gmem|       pointer|
|m_axi_gmem_ARID      |  out|    1|       m_axi|                                                                gmem|       pointer|
|m_axi_gmem_ARLEN     |  out|   32|       m_axi|                                                                gmem|       pointer|
|m_axi_gmem_ARSIZE    |  out|    3|       m_axi|                                                                gmem|       pointer|
|m_axi_gmem_ARBURST   |  out|    2|       m_axi|                                                                gmem|       pointer|
|m_axi_gmem_ARLOCK    |  out|    2|       m_axi|                                                                gmem|       pointer|
|m_axi_gmem_ARCACHE   |  out|    4|       m_axi|                                                                gmem|       pointer|
|m_axi_gmem_ARPROT    |  out|    3|       m_axi|                                                                gmem|       pointer|
|m_axi_gmem_ARQOS     |  out|    4|       m_axi|                                                                gmem|       pointer|
|m_axi_gmem_ARREGION  |  out|    4|       m_axi|                                                                gmem|       pointer|
|m_axi_gmem_ARUSER    |  out|    1|       m_axi|                                                                gmem|       pointer|
|m_axi_gmem_RVALID    |   in|    1|       m_axi|                                                                gmem|       pointer|
|m_axi_gmem_RREADY    |  out|    1|       m_axi|                                                                gmem|       pointer|
|m_axi_gmem_RDATA     |   in|   32|       m_axi|                                                                gmem|       pointer|
|m_axi_gmem_RLAST     |   in|    1|       m_axi|                                                                gmem|       pointer|
|m_axi_gmem_RID       |   in|    1|       m_axi|                                                                gmem|       pointer|
|m_axi_gmem_RFIFONUM  |   in|    9|       m_axi|                                                                gmem|       pointer|
|m_axi_gmem_RUSER     |   in|    1|       m_axi|                                                                gmem|       pointer|
|m_axi_gmem_RRESP     |   in|    2|       m_axi|                                                                gmem|       pointer|
|m_axi_gmem_BVALID    |   in|    1|       m_axi|                                                                gmem|       pointer|
|m_axi_gmem_BREADY    |  out|    1|       m_axi|                                                                gmem|       pointer|
|m_axi_gmem_BRESP     |   in|    2|       m_axi|                                                                gmem|       pointer|
|m_axi_gmem_BID       |   in|    1|       m_axi|                                                                gmem|       pointer|
|m_axi_gmem_BUSER     |   in|    1|       m_axi|                                                                gmem|       pointer|
|inputHeight_cast9    |   in|   32|     ap_none|                                                   inputHeight_cast9|        scalar|
|zext_ln34            |   in|   32|     ap_none|                                                           zext_ln34|        scalar|
|convWidth_cast       |   in|   32|     ap_none|                                                      convWidth_cast|        scalar|
|mul_ln15_1           |   in|   96|     ap_none|                                                          mul_ln15_1|        scalar|
|mul_ln15             |   in|   64|     ap_none|                                                            mul_ln15|        scalar|
|mul_ln1027_1         |   in|   62|     ap_none|                                                        mul_ln1027_1|        scalar|
|tmp1                 |   in|   62|     ap_none|                                                                tmp1|        scalar|
|filters              |   in|   64|     ap_none|                                                             filters|        scalar|
|tmp3_cast_mid144     |   in|   32|     ap_none|                                                    tmp3_cast_mid144|        scalar|
|convWidth            |   in|   32|     ap_none|                                                           convWidth|        scalar|
|icmp_ln1027          |   in|    1|     ap_none|                                                         icmp_ln1027|        scalar|
|inputWidth_cast10    |   in|   32|     ap_none|                                                   inputWidth_cast10|        scalar|
|x_V_cast13           |   in|   32|     ap_none|                                                          x_V_cast13|        scalar|
|input_r              |   in|   64|     ap_none|                                                             input_r|        scalar|
|acc_out              |  out|   32|      ap_vld|                                                             acc_out|       pointer|
|acc_out_ap_vld       |  out|    1|      ap_vld|                                                             acc_out|       pointer|
+---------------------+-----+-----+------------+--------------------------------------------------------------------+--------------+

